This is pdfTeX, Version 3.1415926-2.5-1.40.14 (TeX Live 2013/Debian) (format=pdflatex 2016.1.17)  11 FEB 2017 20:30
entering extended mode
 restricted \write18 enabled.
 %&-line parsing enabled.
**Bioinspired_Bipedal_Locomotion.tex
(./Bioinspired_Bipedal_Locomotion.tex
LaTeX2e <2011/06/27>
Babel <3.9h> and hyphenation patterns for 78 languages loaded.
(/usr/share/texlive/texmf-dist/tex/latex/base/article.cls
Document Class: article 2007/10/19 v1.4h Standard LaTeX document class
(/usr/share/texlive/texmf-dist/tex/latex/base/size12.clo
File: size12.clo 2007/10/19 v1.4h Standard LaTeX file (size option)
)
\c@part=\count79
\c@section=\count80
\c@subsection=\count81
\c@subsubsection=\count82
\c@paragraph=\count83
\c@subparagraph=\count84
\c@figure=\count85
\c@table=\count86
\abovecaptionskip=\skip41
\belowcaptionskip=\skip42
\bibindent=\dimen102
)
(/usr/share/texlive/texmf-dist/tex/generic/babel/babel.sty
Package: babel 2013/12/03 3.9h The Babel package

(/usr/share/texlive/texmf-dist/tex/generic/babel-english/english.ldf
Language: english 2012/08/20 v3.3p English support from the babel system

(/usr/share/texlive/texmf-dist/tex/generic/babel/babel.def
File: babel.def 2013/12/03 3.9h Babel common definitions
\babel@savecnt=\count87
\U@D=\dimen103
)
\l@canadian = a dialect from \language\l@american 
\l@australian = a dialect from \language\l@british 
\l@newzealand = a dialect from \language\l@british 
))
(/usr/share/texlive/texmf-dist/tex/latex/acronym/acronym.sty
Package: acronym 2012/10/29 v1.38 Support for acronyms (Tobias Oetiker)

(/usr/share/texlive/texmf-dist/tex/latex/bigfoot/suffix.sty
Package: suffix 2006/07/15 1.5 Variant command support
)
(/usr/share/texlive/texmf-dist/tex/generic/xstring/xstring.sty
(/usr/share/texlive/texmf-dist/tex/generic/xstring/xstring.tex
\@xs@message=\write3
\integerpart=\count88
\decimalpart=\count89
)
Package: xstring 2013/10/13  v1.7c  String manipulations (C Tellechea)
)
\AC@clearlist=\toks14
)
(/usr/share/texlive/texmf-dist/tex/latex/algorithms/algorithmic.sty
Package: algorithmic 2009/08/24 v0.1 Document Style `algorithmic'

(/usr/share/texlive/texmf-dist/tex/latex/base/ifthen.sty
Package: ifthen 2001/05/26 v1.1c Standard LaTeX ifthen package (DPC)
)
(/usr/share/texlive/texmf-dist/tex/latex/graphics/keyval.sty
Package: keyval 1999/03/16 v1.13 key=value parser (DPC)
\KV@toks@=\toks15
)
\c@ALC@unique=\count90
\c@ALC@line=\count91
\c@ALC@rem=\count92
\c@ALC@depth=\count93
\ALC@tlm=\skip43
\algorithmicindent=\skip44
)
(/usr/share/texlive/texmf-dist/tex/latex/algorithms/algorithm.sty
Package: algorithm 2009/08/24 v0.1 Document Style `algorithm' - floating enviro
nment

(/usr/share/texlive/texmf-dist/tex/latex/float/float.sty
Package: float 2001/11/08 v1.3d Float enhancements (AL)
\c@float@type=\count94
\float@exts=\toks16
\float@box=\box26
\@float@everytoks=\toks17
\@floatcapt=\box27
)
\@float@every@algorithm=\toks18
\c@algorithm=\count95
)
(/usr/share/texlive/texmf-dist/tex/latex/amsfonts/amsfonts.sty
Package: amsfonts 2013/01/14 v3.01 Basic AMSFonts support
\@emptytoks=\toks19
\symAMSa=\mathgroup4
\symAMSb=\mathgroup5
LaTeX Font Info:    Overwriting math alphabet `\mathfrak' in version `bold'
(Font)                  U/euf/m/n --> U/euf/b/n on input line 106.
)
(/usr/share/texlive/texmf-dist/tex/latex/amsmath/amsmath.sty
Package: amsmath 2013/01/14 v2.14 AMS math features
\@mathmargin=\skip45

For additional information on amsmath, use the `?' option.
(/usr/share/texlive/texmf-dist/tex/latex/amsmath/amstext.sty
Package: amstext 2000/06/29 v2.01

(/usr/share/texlive/texmf-dist/tex/latex/amsmath/amsgen.sty
File: amsgen.sty 1999/11/30 v2.0
\@emptytoks=\toks20
\ex@=\dimen104
))
(/usr/share/texlive/texmf-dist/tex/latex/amsmath/amsbsy.sty
Package: amsbsy 1999/11/29 v1.2d
\pmbraise@=\dimen105
)
(/usr/share/texlive/texmf-dist/tex/latex/amsmath/amsopn.sty
Package: amsopn 1999/12/14 v2.01 operator names
)
\inf@bad=\count96
LaTeX Info: Redefining \frac on input line 210.
\uproot@=\count97
\leftroot@=\count98
LaTeX Info: Redefining \overline on input line 306.
\classnum@=\count99
\DOTSCASE@=\count100
LaTeX Info: Redefining \ldots on input line 378.
LaTeX Info: Redefining \dots on input line 381.
LaTeX Info: Redefining \cdots on input line 466.
\Mathstrutbox@=\box28
\strutbox@=\box29
\big@size=\dimen106
LaTeX Font Info:    Redeclaring font encoding OML on input line 566.
LaTeX Font Info:    Redeclaring font encoding OMS on input line 567.
\macc@depth=\count101
\c@MaxMatrixCols=\count102
\dotsspace@=\muskip10
\c@parentequation=\count103
\dspbrk@lvl=\count104
\tag@help=\toks21
\row@=\count105
\column@=\count106
\maxfields@=\count107
\andhelp@=\toks22
\eqnshift@=\dimen107
\alignsep@=\dimen108
\tagshift@=\dimen109
\tagwidth@=\dimen110
\totwidth@=\dimen111
\lineht@=\dimen112
\@envbody=\toks23
\multlinegap=\skip46
\multlinetaggap=\skip47
\mathdisplay@stack=\toks24
LaTeX Info: Redefining \[ on input line 2665.
LaTeX Info: Redefining \] on input line 2666.
)
(/usr/share/texlive/texmf-dist/tex/latex/amsfonts/amssymb.sty
Package: amssymb 2013/01/14 v3.01 AMS font symbols
)
(/usr/share/texlive/texmf-dist/tex/latex/amscls/amsthm.sty
Package: amsthm 2004/08/06 v2.20
\thm@style=\toks25
\thm@bodyfont=\toks26
\thm@headfont=\toks27
\thm@notefont=\toks28
\thm@headpunct=\toks29
\thm@preskip=\skip48
\thm@postskip=\skip49
\thm@headsep=\skip50
\dth@everypar=\toks30
)
(/usr/share/texlive/texmf-dist/tex/latex/booktabs/booktabs.sty
Package: booktabs 2005/04/14 v1.61803 publication quality tables
\heavyrulewidth=\dimen113
\lightrulewidth=\dimen114
\cmidrulewidth=\dimen115
\belowrulesep=\dimen116
\belowbottomsep=\dimen117
\aboverulesep=\dimen118
\abovetopsep=\dimen119
\cmidrulesep=\dimen120
\cmidrulekern=\dimen121
\defaultaddspace=\dimen122
\@cmidla=\count108
\@cmidlb=\count109
\@aboverulesep=\dimen123
\@belowrulesep=\dimen124
\@thisruleclass=\count110
\@lastruleclass=\count111
\@thisrulewidth=\dimen125
)
(/usr/share/texlive/texmf-dist/tex/latex/graphics/color.sty
Package: color 2005/11/14 v1.0j Standard LaTeX Color (DPC)

(/usr/share/texlive/texmf-dist/tex/latex/latexconfig/color.cfg
File: color.cfg 2007/01/18 v1.5 color configuration of teTeX/TeXLive
)
Package color Info: Driver file: pdftex.def on input line 130.

(/usr/share/texlive/texmf-dist/tex/latex/pdftex-def/pdftex.def
File: pdftex.def 2011/05/27 v0.06d Graphics/color for pdfTeX

(/usr/share/texlive/texmf-dist/tex/generic/oberdiek/infwarerr.sty
Package: infwarerr 2010/04/08 v1.3 Providing info/warning/error messages (HO)
)
(/usr/share/texlive/texmf-dist/tex/generic/oberdiek/ltxcmds.sty
Package: ltxcmds 2011/11/09 v1.22 LaTeX kernel commands for general use (HO)
)
\Gread@gobject=\count112
))
(/usr/share/texlive/texmf-dist/tex/latex/fancybox/fancybox.sty
Package: fancybox 2010/05/15 1.4

Style option: `fancybox' v1.4 <2010/05/15> (tvz)
\@fancybox=\box30
\shadowsize=\dimen126
\@Sbox=\box31
\do@VerbBox=\toks31
\the@fancyput=\toks32
\this@fancyput=\toks33
\EndVerbatimTokens=\toks34
\Verbatim@Outfile=\write4
\Verbatim@Infile=\read1
) (/usr/share/texlive/texmf-dist/tex/latex/fancyhdr/fancyhdr.sty
\fancy@headwidth=\skip51
\f@ncyO@elh=\skip52
\f@ncyO@erh=\skip53
\f@ncyO@olh=\skip54
\f@ncyO@orh=\skip55
\f@ncyO@elf=\skip56
\f@ncyO@erf=\skip57
\f@ncyO@olf=\skip58
\f@ncyO@orf=\skip59
)
(/usr/share/texlive/texmf-dist/tex/latex/geometry/geometry.sty
Package: geometry 2010/09/12 v5.6 Page Geometry

(/usr/share/texlive/texmf-dist/tex/generic/oberdiek/ifpdf.sty
Package: ifpdf 2011/01/30 v2.3 Provides the ifpdf switch (HO)
Package ifpdf Info: pdfTeX in PDF mode is detected.
)
(/usr/share/texlive/texmf-dist/tex/generic/oberdiek/ifvtex.sty
Package: ifvtex 2010/03/01 v1.5 Detect VTeX and its facilities (HO)
Package ifvtex Info: VTeX not detected.
)
(/usr/share/texlive/texmf-dist/tex/generic/ifxetex/ifxetex.sty
Package: ifxetex 2010/09/12 v0.6 Provides ifxetex conditional
)
\Gm@cnth=\count113
\Gm@cntv=\count114
\c@Gm@tempcnt=\count115
\Gm@bindingoffset=\dimen127
\Gm@wd@mp=\dimen128
\Gm@odd@mp=\dimen129
\Gm@even@mp=\dimen130
\Gm@layoutwidth=\dimen131
\Gm@layoutheight=\dimen132
\Gm@layouthoffset=\dimen133
\Gm@layoutvoffset=\dimen134
\Gm@dimlist=\toks35
)
(/usr/share/texlive/texmf-dist/tex/latex/graphics/graphicx.sty
Package: graphicx 1999/02/16 v1.0f Enhanced LaTeX Graphics (DPC,SPQR)

(/usr/share/texlive/texmf-dist/tex/latex/graphics/graphics.sty
Package: graphics 2009/02/05 v1.0o Standard LaTeX Graphics (DPC,SPQR)

(/usr/share/texlive/texmf-dist/tex/latex/graphics/trig.sty
Package: trig 1999/03/16 v1.09 sin cos tan (DPC)
)
(/usr/share/texlive/texmf-dist/tex/latex/latexconfig/graphics.cfg
File: graphics.cfg 2010/04/23 v1.9 graphics configuration of TeX Live
)
Package graphics Info: Driver file: pdftex.def on input line 91.
)
\Gin@req@height=\dimen135
\Gin@req@width=\dimen136
)
(/usr/share/texlive/texmf-dist/tex/latex/tools/longtable.sty
Package: longtable 2004/02/01 v4.11 Multi-page Table package (DPC)
\LTleft=\skip60
\LTright=\skip61
\LTpre=\skip62
\LTpost=\skip63
\LTchunksize=\count116
\LTcapwidth=\dimen137
\LT@head=\box32
\LT@firsthead=\box33
\LT@foot=\box34
\LT@lastfoot=\box35
\LT@cols=\count117
\LT@rows=\count118
\c@LT@tables=\count119
\c@LT@chunks=\count120
\LT@p@ftn=\toks36
)
(/usr/share/texlive/texmf-dist/tex/latex/listings/listings.sty
\lst@mode=\count121
\lst@gtempboxa=\box36
\lst@token=\toks37
\lst@length=\count122
\lst@currlwidth=\dimen138
\lst@column=\count123
\lst@pos=\count124
\lst@lostspace=\dimen139
\lst@width=\dimen140
\lst@newlines=\count125
\lst@lineno=\count126
\lst@maxwidth=\dimen141

(/usr/share/texlive/texmf-dist/tex/latex/listings/lstmisc.sty
File: lstmisc.sty 2013/08/26 1.5b (Carsten Heinz)
\c@lstnumber=\count127
\lst@skipnumbers=\count128
\lst@framebox=\box37
)
(/usr/share/texlive/texmf-dist/tex/latex/listings/listings.cfg
File: listings.cfg 2013/08/26 1.5b listings configuration
))
Package: listings 2013/08/26 1.5b (Carsten Heinz)

(/usr/share/texlive/texmf-dist/tex/latex/tools/multicol.sty
Package: multicol 2011/06/27 v1.7a multicolumn formatting (FMi)
\c@tracingmulticols=\count129
\mult@box=\box38
\multicol@leftmargin=\dimen142
\c@unbalance=\count130
\c@collectmore=\count131
\doublecol@number=\count132
\multicoltolerance=\count133
\multicolpretolerance=\count134
\full@width=\dimen143
\page@free=\dimen144
\premulticols=\dimen145
\postmulticols=\dimen146
\multicolsep=\skip64
\multicolbaselineskip=\skip65
\partial@page=\box39
\last@line=\box40
\mult@rightbox=\box41
\mult@grightbox=\box42
\mult@gfirstbox=\box43
\mult@firstbox=\box44
\@tempa=\box45
\@tempa=\box46
\@tempa=\box47
\@tempa=\box48
\@tempa=\box49
\@tempa=\box50
\@tempa=\box51
\@tempa=\box52
\@tempa=\box53
\@tempa=\box54
\@tempa=\box55
\@tempa=\box56
\@tempa=\box57
\@tempa=\box58
\@tempa=\box59
\@tempa=\box60
\@tempa=\box61
\c@columnbadness=\count135
\c@finalcolumnbadness=\count136
\last@try=\dimen147
\multicolovershoot=\dimen148
\multicolundershoot=\dimen149
\mult@nat@firstbox=\box62
\colbreak@box=\box63
\multicol@sort@counter=\count137
)
(/usr/share/texlive/texmf-dist/tex/latex/multirow/multirow.sty
\bigstrutjot=\dimen150
)
(/usr/share/texlive/texmf-dist/tex/latex/rotating/rotating.sty
Package: rotating 2009/03/28 v2.16a rotated objects in LaTeX
\c@r@tfl@t=\count138
\rotFPtop=\skip66
\rotFPbot=\skip67
\rot@float@box=\box64
\rot@mess@toks=\toks38
)
(/usr/share/texlive/texmf-dist/tex/latex/subfigure/subfigure.sty
Package: subfigure 2002/03/15 v2.1.5 subfigure package
\subfigtopskip=\skip68
\subfigcapskip=\skip69
\subfigcaptopadj=\dimen151
\subfigbottomskip=\skip70
\subfigcapmargin=\dimen152
\subfiglabelskip=\skip71
\c@subfigure=\count139
\c@lofdepth=\count140
\c@subtable=\count141
\c@lotdepth=\count142

****************************************
* Local config file subfigure.cfg used *
****************************************
(/usr/share/texlive/texmf-dist/tex/latex/subfigure/subfigure.cfg)
\subfig@top=\skip72
\subfig@bottom=\skip73
)
(/usr/share/texlive/texmf-dist/tex/latex/tools/tabularx.sty
Package: tabularx 1999/01/07 v2.07 `tabularx' package (DPC)

(/usr/share/texlive/texmf-dist/tex/latex/tools/array.sty
Package: array 2008/09/09 v2.4c Tabular extension package (FMi)
\col@sep=\dimen153
\extrarowheight=\dimen154
\NC@list=\toks39
\extratabsurround=\skip74
\backup@length=\skip75
)
\TX@col@width=\dimen155
\TX@old@table=\dimen156
\TX@old@col=\dimen157
\TX@target=\dimen158
\TX@delta=\dimen159
\TX@cols=\count143
\TX@ftn=\toks40
)
(/usr/share/texlive/texmf-dist/tex/latex/url/url.sty
\Urlmuskip=\muskip11
Package: url 2013/09/16  ver 3.4  Verb mode for urls, etc.
)
(/usr/share/texlive/texmf-dist/tex/latex/tools/xspace.sty
Package: xspace 2009/10/20 v1.13 Space after command names (DPC,MH)
)
(/usr/share/texlive/texmf-dist/tex/latex/boxedminipage/boxedminipage.sty)
(/usr/share/texlive/texmf-dist/tex/latex/tabulary/tabulary.sty
Package: tabulary 2008/12/01 v0.9 tabulary package (DPC)
\TY@count=\count144
\TY@linewidth=\dimen160
\tymin=\dimen161
\tymax=\dimen162
\TY@tablewidth=\dimen163
)
\c@theorem=\count145
\c@axiom=\count146
\c@definition=\count147

(./Bioinspired_Bipedal_Locomotion.aux)
\openout1 = `Bioinspired_Bipedal_Locomotion.aux'.

LaTeX Font Info:    Checking defaults for OML/cmm/m/it on input line 131.
LaTeX Font Info:    ... okay on input line 131.
LaTeX Font Info:    Checking defaults for T1/cmr/m/n on input line 131.
LaTeX Font Info:    ... okay on input line 131.
LaTeX Font Info:    Checking defaults for OT1/cmr/m/n on input line 131.
LaTeX Font Info:    ... okay on input line 131.
LaTeX Font Info:    Checking defaults for OMS/cmsy/m/n on input line 131.
LaTeX Font Info:    ... okay on input line 131.
LaTeX Font Info:    Checking defaults for OMX/cmex/m/n on input line 131.
LaTeX Font Info:    ... okay on input line 131.
LaTeX Font Info:    Checking defaults for U/cmr/m/n on input line 131.
LaTeX Font Info:    ... okay on input line 131.

(/usr/share/texlive/texmf-dist/tex/context/base/supp-pdf.mkii
[Loading MPS to PDF converter (version 2006.09.02).]
\scratchcounter=\count148
\scratchdimen=\dimen164
\scratchbox=\box65
\nofMPsegments=\count149
\nofMParguments=\count150
\everyMPshowfont=\toks41
\MPscratchCnt=\count151
\MPscratchDim=\dimen165
\MPnumerator=\count152
\makeMPintoPDFobject=\count153
\everyMPtoPDFconversion=\toks42
)
*geometry* driver: auto-detecting
*geometry* detected driver: pdftex
*geometry* verbose mode - [ preamble ] result:
* driver: pdftex
* paper: a4paper
* layout: <same size as paper>
* layoutoffset:(h,v)=(0.0pt,0.0pt)
* modes: twoside 
* h-part:(L,W,R)=(88.71565pt, 419.16621pt, 89.626pt)
* v-part:(T,H,B)=(77.84674pt, 650.43pt, 116.77011pt)
* \paperwidth=597.50787pt
* \paperheight=845.04684pt
* \textwidth=419.16621pt
* \textheight=650.43pt
* \oddsidemargin=16.44566pt
* \evensidemargin=17.35602pt
* \topmargin=-31.42325pt
* \headheight=12.0pt
* \headsep=25.0pt
* \topskip=12.0pt
* \footskip=30.0pt
* \marginparwidth=95.0pt
* \marginparsep=10.0pt
* \columnsep=10.0pt
* \skip\footins=10.8pt plus 4.0pt minus 2.0pt
* \hoffset=0.0pt
* \voffset=0.0pt
* \mag=1000
* \@twocolumnfalse
* \@twosidetrue
* \@mparswitchtrue
* \@reversemarginfalse
* (1in=72.27pt=25.4mm, 1cm=28.453pt)

(/usr/share/texlive/texmf-dist/tex/generic/oberdiek/pdftexcmds.sty
Package: pdftexcmds 2011/11/29 v0.20 Utility functions of pdfTeX for LuaTeX (HO
)

(/usr/share/texlive/texmf-dist/tex/generic/oberdiek/ifluatex.sty
Package: ifluatex 2010/03/01 v1.3 Provides the ifluatex switch (HO)
Package ifluatex Info: LuaTeX not detected.
)
Package pdftexcmds Info: LuaTeX not detected.
Package pdftexcmds Info: \pdf@primitive is available.
Package pdftexcmds Info: \pdf@ifprimitive is available.
Package pdftexcmds Info: \pdfdraftmode found.
)
(/usr/share/texlive/texmf-dist/tex/latex/oberdiek/epstopdf-base.sty
Package: epstopdf-base 2010/02/09 v2.5 Base part for package epstopdf

(/usr/share/texlive/texmf-dist/tex/latex/oberdiek/grfext.sty
Package: grfext 2010/08/19 v1.1 Manage graphics extensions (HO)

(/usr/share/texlive/texmf-dist/tex/generic/oberdiek/kvdefinekeys.sty
Package: kvdefinekeys 2011/04/07 v1.3 Define keys (HO)
))
(/usr/share/texlive/texmf-dist/tex/latex/oberdiek/kvoptions.sty
Package: kvoptions 2011/06/30 v3.11 Key value format for package options (HO)

(/usr/share/texlive/texmf-dist/tex/generic/oberdiek/kvsetkeys.sty
Package: kvsetkeys 2012/04/25 v1.16 Key value parser (HO)

(/usr/share/texlive/texmf-dist/tex/generic/oberdiek/etexcmds.sty
Package: etexcmds 2011/02/16 v1.5 Avoid name clashes with e-TeX commands (HO)
Package etexcmds Info: Could not find \expanded.
(etexcmds)             That can mean that you are not using pdfTeX 1.50 or
(etexcmds)             that some package has redefined \expanded.
(etexcmds)             In the latter case, load this package earlier.
)))
Package grfext Info: Graphics extension search list:
(grfext)             [.pdf,.svg,.jpg,.png,.eps]
(grfext)             \AppendGraphicsExtensions on input line 452.

(/usr/share/texlive/texmf-dist/tex/latex/latexconfig/epstopdf-sys.cfg
File: epstopdf-sys.cfg 2010/07/13 v1.3 Configuration of (r)epstopdf for TeX Liv
e
))
\c@lstlisting=\count154

[1

{/var/lib/texmf/fonts/map/pdftex/updmap/pdftex.map}] [2]
(./Bioinspired_Bipedal_Locomotion.toc)
\tf@toc=\write5
\openout5 = `Bioinspired_Bipedal_Locomotion.toc'.

 [1] [2

] [3]
Package epstopdf Info: Source file: <figures/neural_comp.eps>
(epstopdf)                    date: 2016-12-27 00:39:55
(epstopdf)                    size: 183487 bytes
(epstopdf)             Output file: <figures/neural_comp-eps-converted-to.pdf>
(epstopdf)                    date: 2016-12-27 00:40:14
(epstopdf)                    size: 99797 bytes
(epstopdf)             Command: <repstopdf --outfile=figures/neural_comp-eps-co
nverted-to.pdf figures/neural_comp.eps>
(epstopdf)             \includegraphics on input line 221.
Package epstopdf Info: Output file is already uptodate.

<figures/neural_comp-eps-converted-to.pdf, id=22, 796.9775pt x 597.23125pt>
File: figures/neural_comp-eps-converted-to.pdf Graphic file (type pdf)

<use figures/neural_comp-eps-converted-to.pdf>
Package pdftex.def Info: figures/neural_comp-eps-converted-to.pdf used on input
 line 221.
(pdftex.def)             Requested size: 207.20926pt x 155.27646pt.
Package epstopdf Info: Source file: <figures/half_center_model.eps>
(epstopdf)                    date: 2016-12-27 00:52:49
(epstopdf)                    size: 6250 bytes
(epstopdf)             Output file: <figures/half_center_model-eps-converted-to
.pdf>
(epstopdf)                    date: 2016-12-27 00:53:13
(epstopdf)                    size: 4278 bytes
(epstopdf)             Command: <repstopdf --outfile=figures/half_center_model-
eps-converted-to.pdf figures/half_center_model.eps>
(epstopdf)             \includegraphics on input line 222.
Package epstopdf Info: Output file is already uptodate.

<figures/half_center_model-eps-converted-to.pdf, id=23, 796.9775pt x 597.23125p
t>
File: figures/half_center_model-eps-converted-to.pdf Graphic file (type pdf)
 <use figures/half_center_model-eps-converted-to.pdf>
Package pdftex.def Info: figures/half_center_model-eps-converted-to.pdf used on
 input line 222.
(pdftex.def)             Requested size: 159.39267pt x 119.44412pt.
 [4]
Underfull \vbox (badness 10000) has occurred while \output is active []

 [5 <./figures/neural_comp-eps-converted-to.pdf> <./figures/half_center_model-e
ps-converted-to.pdf>]
LaTeX Font Info:    Try loading font information for U+msa on input line 239.
 (/usr/share/texlive/texmf-dist/tex/latex/amsfonts/umsa.fd
File: umsa.fd 2013/01/14 v3.01 AMS symbols A
)
LaTeX Font Info:    Try loading font information for U+msb on input line 239.

(/usr/share/texlive/texmf-dist/tex/latex/amsfonts/umsb.fd
File: umsb.fd 2013/01/14 v3.01 AMS symbols B
)
LaTeX Font Info:    Try loading font information for OMS+cmr on input line 247.


(/usr/share/texlive/texmf-dist/tex/latex/base/omscmr.fd
File: omscmr.fd 1999/05/25 v2.5h Standard LaTeX font definitions
)
LaTeX Font Info:    Font shape `OMS/cmr/bx/n' in size <12> not available
(Font)              Font shape `OMS/cmsy/b/n' tried instead on input line 247.
 [6]
<figures/matsuoka_diagram.png, id=43, 835.12pt x 576.1525pt>
File: figures/matsuoka_diagram.png Graphic file (type png)

<use figures/matsuoka_diagram.png>
Package pdftex.def Info: figures/matsuoka_diagram.png used on input line 277.
(pdftex.def)             Requested size: 188.6235pt x 130.12982pt.

Underfull \hbox (badness 1178) in paragraph at lines 281--281
\OT1/cmr/m/n/12 Pro-pri-o-cep-tive feed-back is de-
 []


Underfull \hbox (badness 10000) in paragraph at lines 285--286

 []

[7]
Package epstopdf Info: Source file: <figures/1-2-torque-for-change-average-posi
tion.eps>
(epstopdf)                    date: 2016-12-23 00:53:56
(epstopdf)                    size: 67825 bytes
(epstopdf)             Output file: <figures/1-2-torque-for-change-average-posi
tion-eps-converted-to.pdf>
(epstopdf)                    date: 2016-12-23 00:54:40
(epstopdf)                    size: 25062 bytes
(epstopdf)             Command: <repstopdf --outfile=figures/1-2-torque-for-cha
nge-average-position-eps-converted-to.pdf figures/1-2-torque-for-change-average
-position.eps>
(epstopdf)             \includegraphics on input line 291.
Package epstopdf Info: Output file is already uptodate.

<figures/1-2-torque-for-change-average-position-eps-converted-to.pdf, id=49, 98
5.6825pt x 520.94624pt>
File: figures/1-2-torque-for-change-average-position-eps-converted-to.pdf Graph
ic file (type pdf)

<use figures/1-2-torque-for-change-average-position-eps-converted-to.pdf>
Package pdftex.def Info: figures/1-2-torque-for-change-average-position-eps-con
verted-to.pdf used on input line 291.
(pdftex.def)             Requested size: 206.99942pt x 109.40193pt.
Package epstopdf Info: Source file: <figures/1-1-change-average-position.eps>
(epstopdf)                    date: 2016-12-23 00:54:09
(epstopdf)                    size: 109637 bytes
(epstopdf)             Output file: <figures/1-1-change-average-position-eps-co
nverted-to.pdf>
(epstopdf)                    date: 2016-12-23 00:54:41
(epstopdf)                    size: 27951 bytes
(epstopdf)             Command: <repstopdf --outfile=figures/1-1-change-average
-position-eps-converted-to.pdf figures/1-1-change-average-position.eps>
(epstopdf)             \includegraphics on input line 292.
Package epstopdf Info: Output file is already uptodate.

<figures/1-1-change-average-position-eps-converted-to.pdf, id=50, 985.6825pt x 
520.94624pt>
File: figures/1-1-change-average-position-eps-converted-to.pdf Graphic file (ty
pe pdf)
 <use figures/1-1-change-average-position-eps-converted-to.pdf>
Package pdftex.def Info: figures/1-1-change-average-position-eps-converted-to.p
df used on input line 292.
(pdftex.def)             Requested size: 206.99942pt x 109.40193pt.

[8 <./figures/matsuoka_diagram.png (PNG copy)> <./figures/1-2-torque-for-change
-average-position-eps-converted-to.pdf> <./figures/1-1-change-average-position-
eps-converted-to.pdf>]
Package epstopdf Info: Source file: <figures/2-1-change-in-torque.eps>
(epstopdf)                    date: 2016-12-23 01:12:42
(epstopdf)                    size: 67694 bytes
(epstopdf)             Output file: <figures/2-1-change-in-torque-eps-converted
-to.pdf>
(epstopdf)                    date: 2016-12-23 01:13:38
(epstopdf)                    size: 25500 bytes
(epstopdf)             Command: <repstopdf --outfile=figures/2-1-change-in-torq
ue-eps-converted-to.pdf figures/2-1-change-in-torque.eps>
(epstopdf)             \includegraphics on input line 302.
Package epstopdf Info: Output file is already uptodate.

<figures/2-1-change-in-torque-eps-converted-to.pdf, id=64, 985.6825pt x 520.946
24pt>
File: figures/2-1-change-in-torque-eps-converted-to.pdf Graphic file (type pdf)

 <use figures/2-1-change-in-torque-eps-converted-to.pdf>
Package pdftex.def Info: figures/2-1-change-in-torque-eps-converted-to.pdf used
 on input line 302.
(pdftex.def)             Requested size: 206.99942pt x 109.40193pt.
Package epstopdf Info: Source file: <figures/2-2-change-in-angle.eps>
(epstopdf)                    date: 2016-12-23 01:16:22
(epstopdf)                    size: 108767 bytes
(epstopdf)             Output file: <figures/2-2-change-in-angle-eps-converted-
to.pdf>
(epstopdf)                    date: 2016-12-23 01:16:42
(epstopdf)                    size: 28471 bytes
(epstopdf)             Command: <repstopdf --outfile=figures/2-2-change-in-angl
e-eps-converted-to.pdf figures/2-2-change-in-angle.eps>
(epstopdf)             \includegraphics on input line 303.
Package epstopdf Info: Output file is already uptodate.

<figures/2-2-change-in-angle-eps-converted-to.pdf, id=65, 985.6825pt x 520.9462
4pt>
File: figures/2-2-change-in-angle-eps-converted-to.pdf Graphic file (type pdf)
 <use figures/2-2-change-in-angle-eps-converted-to.pdf>
Package pdftex.def Info: figures/2-2-change-in-angle-eps-converted-to.pdf used 
on input line 303.
(pdftex.def)             Requested size: 206.99942pt x 109.40193pt.
Package epstopdf Info: Source file: <figures/3-1-changing-freq-torque.eps>
(epstopdf)                    date: 2016-12-23 01:30:03
(epstopdf)                    size: 119689 bytes
(epstopdf)             Output file: <figures/3-1-changing-freq-torque-eps-conve
rted-to.pdf>
(epstopdf)                    date: 2016-12-23 01:30:46
(epstopdf)                    size: 37557 bytes
(epstopdf)             Command: <repstopdf --outfile=figures/3-1-changing-freq-
torque-eps-converted-to.pdf figures/3-1-changing-freq-torque.eps>
(epstopdf)             \includegraphics on input line 312.
Package epstopdf Info: Output file is already uptodate.

<figures/3-1-changing-freq-torque-eps-converted-to.pdf, id=66, 985.6825pt x 520
.94624pt>
File: figures/3-1-changing-freq-torque-eps-converted-to.pdf Graphic file (type 
pdf)
 <use figures/3-1-changing-freq-torque-eps-converted-to.pdf>
Package pdftex.def Info: figures/3-1-changing-freq-torque-eps-converted-to.pdf 
used on input line 312.
(pdftex.def)             Requested size: 206.99942pt x 109.40193pt.
Package epstopdf Info: Source file: <figures/3-2-changing-freq-pos.eps>
(epstopdf)                    date: 2016-12-23 01:30:12
(epstopdf)                    size: 206370 bytes
(epstopdf)             Output file: <figures/3-2-changing-freq-pos-eps-converte
d-to.pdf>
(epstopdf)                    date: 2016-12-23 01:30:47
(epstopdf)                    size: 48311 bytes
(epstopdf)             Command: <repstopdf --outfile=figures/3-2-changing-freq-
pos-eps-converted-to.pdf figures/3-2-changing-freq-pos.eps>
(epstopdf)             \includegraphics on input line 313.
Package epstopdf Info: Output file is already uptodate.

<figures/3-2-changing-freq-pos-eps-converted-to.pdf, id=67, 985.6825pt x 520.94
624pt>
File: figures/3-2-changing-freq-pos-eps-converted-to.pdf Graphic file (type pdf
)
 <use figures/3-2-changing-freq-pos-eps-converted-to.pdf>
Package pdftex.def Info: figures/3-2-changing-freq-pos-eps-converted-to.pdf use
d on input line 313.
(pdftex.def)             Requested size: 206.99942pt x 109.40193pt.
 [9 <./figures/2-1-change-in-torque-eps-converted-to.pdf> <./figures/2-2-change
-in-angle-eps-converted-to.pdf> <./figures/3-1-changing-freq-torque-eps-convert
ed-to.pdf> <./figures/3-2-changing-freq-pos-eps-converted-to.pdf>]
Underfull \hbox (badness 10000) in paragraph at lines 324--325

 []

[10]
Package epstopdf Info: Source file: <figures/4-1-anti-phase.eps>
(epstopdf)                    date: 2016-12-24 19:26:17
(epstopdf)                    size: 118874 bytes
(epstopdf)             Output file: <figures/4-1-anti-phase-eps-converted-to.pd
f>
(epstopdf)                    date: 2016-12-24 19:26:39
(epstopdf)                    size: 47870 bytes
(epstopdf)             Command: <repstopdf --outfile=figures/4-1-anti-phase-eps
-converted-to.pdf figures/4-1-anti-phase.eps>
(epstopdf)             \includegraphics on input line 359.
Package epstopdf Info: Output file is already uptodate.

<figures/4-1-anti-phase-eps-converted-to.pdf, id=94, 724.7075pt x 486.81876pt>
File: figures/4-1-anti-phase-eps-converted-to.pdf Graphic file (type pdf)

<use figures/4-1-anti-phase-eps-converted-to.pdf>
Package pdftex.def Info: figures/4-1-anti-phase-eps-converted-to.pdf used on in
put line 359.
(pdftex.def)             Requested size: 202.91672pt x 136.30832pt.
Package epstopdf Info: Source file: <figures/4-2-in-phase.eps>
(epstopdf)                    date: 2016-12-24 19:28:07
(epstopdf)                    size: 117062 bytes
(epstopdf)             Output file: <figures/4-2-in-phase-eps-converted-to.pdf>

(epstopdf)                    date: 2016-12-24 19:30:03
(epstopdf)                    size: 46256 bytes
(epstopdf)             Command: <repstopdf --outfile=figures/4-2-in-phase-eps-c
onverted-to.pdf figures/4-2-in-phase.eps>
(epstopdf)             \includegraphics on input line 360.
Package epstopdf Info: Output file is already uptodate.

<figures/4-2-in-phase-eps-converted-to.pdf, id=95, 718.685pt x 457.71pt>
File: figures/4-2-in-phase-eps-converted-to.pdf Graphic file (type pdf)

<use figures/4-2-in-phase-eps-converted-to.pdf>
Package pdftex.def Info: figures/4-2-in-phase-eps-converted-to.pdf used on inpu
t line 360.
(pdftex.def)             Requested size: 201.23042pt x 128.15793pt.
Package epstopdf Info: Source file: <figures/5-1-stable-attractors.eps>
(epstopdf)                    date: 2016-11-14 00:21:05
(epstopdf)                    size: 164429 bytes
(epstopdf)             Output file: <figures/5-1-stable-attractors-eps-converte
d-to.pdf>
(epstopdf)                    date: 2016-11-14 00:21:12
(epstopdf)                    size: 78449 bytes
(epstopdf)             Command: <repstopdf --outfile=figures/5-1-stable-attract
ors-eps-converted-to.pdf figures/5-1-stable-attractors.eps>
(epstopdf)             \includegraphics on input line 370.
Package epstopdf Info: Output file is already uptodate.

<figures/5-1-stable-attractors-eps-converted-to.pdf, id=96, 817.0525pt x 486.81
876pt>
File: figures/5-1-stable-attractors-eps-converted-to.pdf Graphic file (type pdf
)
 <use figures/5-1-stable-attractors-eps-converted-to.pdf>
Package pdftex.def Info: figures/5-1-stable-attractors-eps-converted-to.pdf use
d on input line 370.
(pdftex.def)             Requested size: 245.11765pt x 146.04675pt.
 [11 <./figures/4-1-anti-phase-eps-converted-to.pdf> <./figures/4-2-in-phase-ep
s-converted-to.pdf>] <figures/robot_joint_control.png, id=111, 1017.8025pt x 74
8.7975pt>
File: figures/robot_joint_control.png Graphic file (type png)

<use figures/robot_joint_control.png>
Package pdftex.def Info: figures/robot_joint_control.png used on input line 382
.
(pdftex.def)             Requested size: 458.0069pt x 336.95576pt.

Overfull \hbox (38.84068pt too wide) in paragraph at lines 382--383
 [][] 
 []


Underfull \hbox (badness 10000) in paragraph at lines 389--390

 []

[12 <./figures/5-1-stable-attractors-eps-converted-to.pdf>]
Underfull \vbox (badness 1990) has occurred while \output is active []

 [13 <./figures/robot_joint_control.png (PNG copy)>]
<figures/nao_joint_motion.png, id=121, 1569.865pt x 491.8375pt>
File: figures/nao_joint_motion.png Graphic file (type png)

<use figures/nao_joint_motion.png>
Package pdftex.def Info: figures/nao_joint_motion.png used on input line 396.
(pdftex.def)             Requested size: 188.37567pt x 59.01794pt.
Package epstopdf Info: Source file: <figures/double-joint-in-phase-diff-freq.ep
s>
(epstopdf)                    date: 2016-11-17 19:32:12
(epstopdf)                    size: 120596 bytes
(epstopdf)             Output file: <figures/double-joint-in-phase-diff-freq-ep
s-converted-to.pdf>
(epstopdf)                    date: 2016-12-26 02:28:42
(epstopdf)                    size: 49457 bytes
(epstopdf)             Command: <repstopdf --outfile=figures/double-joint-in-ph
ase-diff-freq-eps-converted-to.pdf figures/double-joint-in-phase-diff-freq.eps>

(epstopdf)             \includegraphics on input line 397.
Package epstopdf Info: Output file is already uptodate.

<figures/double-joint-in-phase-diff-freq-eps-converted-to.pdf, id=122, 985.6825
pt x 520.94624pt>
File: figures/double-joint-in-phase-diff-freq-eps-converted-to.pdf Graphic file
 (type pdf)

<use figures/double-joint-in-phase-diff-freq-eps-converted-to.pdf>
Package pdftex.def Info: figures/double-joint-in-phase-diff-freq-eps-converted-
to.pdf used on input line 397.
(pdftex.def)             Requested size: 236.56863pt x 125.02965pt.
 [14 <./figures/nao_joint_motion.png> <./figures/double-joint-in-phase-diff-fre
q-eps-converted-to.pdf>]
Package epstopdf Info: Source file: <figures/future_work_oscillator_network.eps
>
(epstopdf)                    date: 2017-02-09 17:06:39
(epstopdf)                    size: 102772 bytes
(epstopdf)             Output file: <figures/future_work_oscillator_network-eps
-converted-to.pdf>
(epstopdf)                    date: 2017-02-09 17:06:44
(epstopdf)                    size: 53663 bytes
(epstopdf)             Command: <repstopdf --outfile=figures/future_work_oscill
ator_network-eps-converted-to.pdf figures/future_work_oscillator_network.eps>
(epstopdf)             \includegraphics on input line 410.
Package epstopdf Info: Output file is already uptodate.

<figures/future_work_oscillator_network-eps-converted-to.pdf, id=131, 569.12625
pt x 426.59375pt>
File: figures/future_work_oscillator_network-eps-converted-to.pdf Graphic file 
(type pdf)

<use figures/future_work_oscillator_network-eps-converted-to.pdf>
Package pdftex.def Info: figures/future_work_oscillator_network-eps-converted-t
o.pdf used on input line 410.
(pdftex.def)             Requested size: 284.56242pt x 213.29634pt.
 [15 <./figures/future_work_oscillator_network-eps-converted-to.pdf>]
(./Bioinspired_Bipedal_Locomotion.bbl
Underfull \hbox (badness 3646) in paragraph at lines 4--9
[]\OT1/cmr/m/n/12 Sayantan Au-ddy.  Driv-ing the joints of a nao robot us-ing c
ou-
 []


Underfull \hbox (badness 1270) in paragraph at lines 4--9
\OT1/cmr/m/n/12 pled mat-suoka os-cil-la-tors.  $\OT1/cmtt/m/n/12 https : / / w
ww . youtube . com / playlist ? list =
 []

[16] [17]
LaTeX Font Info:    Font shape `OMS/cmr/m/n' in size <12> not available
(Font)              Font shape `OMS/cmsy/m/n' tried instead on input line 168.
LaTeX Font Info:    Font shape `OMS/cmr/m/it' in size <12> not available
(Font)              Font shape `OMS/cmsy/m/n' tried instead on input line 170.

Underfull \hbox (badness 2951) in paragraph at lines 167--173
[]\OT1/cmr/m/n/12 L Righetti and A J Ijspeert.  Pro-grammable \OMS/cmsy/m/n/12 
f\OT1/cmr/m/n/12 C\OMS/cmsy/m/n/12 g\OT1/cmr/m/n/12 entral \OMS/cmsy/m/n/12 f\O
T1/cmr/m/n/12 P\OMS/cmsy/m/n/12 g\OT1/cmr/m/n/12 attern
 []


Underfull \hbox (badness 1460) in paragraph at lines 167--173
\OMS/cmsy/m/n/12 f\OT1/cmr/m/n/12 G\OMS/cmsy/m/n/12 g\OT1/cmr/m/n/12 enerators:
 an ap-pli-ca-tion to biped lo-co-mo-tion con-trol.  \OT1/cmr/m/it/12 Pro-ceed-

 []

[18]
Missing character: There is no â in font cmr12!
Missing character: There is no € in font cmr12!
Missing character: There is no ” in font cmr12!
) [19] (./Bioinspired_Bipedal_Locomotion.aux) ) 
Here is how much of TeX's memory you used:
 6577 strings out of 493304
 92862 string characters out of 6139871
 177973 words of memory out of 5000000
 9854 multiletter control sequences out of 15000+600000
 11754 words of font info for 44 fonts, out of 8000000 for 9000
 958 hyphenation exceptions out of 8191
 38i,16n,43p,1729b,316s stack positions out of 5000i,500n,10000p,200000b,80000s
</usr/share/texlive/texmf-dist/f
onts/type1/public/amsfonts/cm/cmbsy10.pfb></usr/share/texlive/texmf-dist/fonts/
type1/public/amsfonts/cm/cmbx12.pfb></usr/share/texlive/texmf-dist/fonts/type1/
public/amsfonts/cm/cmmi12.pfb></usr/share/texlive/texmf-dist/fonts/type1/public
/amsfonts/cm/cmmi8.pfb></usr/share/texlive/texmf-dist/fonts/type1/public/amsfon
ts/cm/cmr10.pfb></usr/share/texlive/texmf-dist/fonts/type1/public/amsfonts/cm/c
mr12.pfb></usr/share/texlive/texmf-dist/fonts/type1/public/amsfonts/cm/cmr17.pf
b></usr/share/texlive/texmf-dist/fonts/type1/public/amsfonts/cm/cmr8.pfb></usr/
share/texlive/texmf-dist/fonts/type1/public/amsfonts/cm/cmsl12.pfb></usr/share/
texlive/texmf-dist/fonts/type1/public/amsfonts/cm/cmsy10.pfb></usr/share/texliv
e/texmf-dist/fonts/type1/public/amsfonts/cm/cmsy8.pfb></usr/share/texlive/texmf
-dist/fonts/type1/public/amsfonts/cm/cmti12.pfb></usr/share/texlive/texmf-dist/
fonts/type1/public/amsfonts/cm/cmtt12.pfb>
Output written on Bioinspired_Bipedal_Locomotion.pdf (21 pages, 1821592 bytes).

PDF statistics:
 195 PDF objects out of 1000 (max. 8388607)
 131 compressed objects within 2 object streams
 0 named destinations out of 1000 (max. 500000)
 81 words of extra memory for PDF output out of 10000 (max. 10000000)

