Created log file at 20160906135938

Constants and Parameters: 
###########################################
WEIGHT_BOUNDS = [0.5, 20.0]
Tr1_BOUNDS = [0.25, 1.5]
Tr2_BOUNDS = [0.25, 0.75]
Ta1_BOUNDS = [0.25, 1.5]
Ta2_BOUNDS = [0.25, 0.75]
b_BOUNDS = [1.0, 8.0]
s_BOUNDS = [1.0, 3.0]
TRIAL_DURATION = 30
STEP_DURATION = 0.2
POPULATION_SIZE = 50
MAX_ITERS = 100
VEL_BOUND_PCT = 0.2
C1 = 2.0
C2 = 2.0
INERTIAL_WEIGHT_BOUNDS = [0.4, 0.9]
###########################################

[20160906135938] ===========================
[20160906135938] ---------------------------
[20160906135938] Executing iteration number: 0 Individual number: 0
[20160906135945] Robot fall detected
[20160906135945] Individual: [11.127039910175291, 6.821686114294293, 10.718649158371804, 5.7913834223534115, 17.009492866592172, 11.650336531900987, 11.410110088768421, 5.749236470715277, 4.544338087896428, 0.4746190208736025, 0.42257945519349294, 0.5438036303714187, 0.6371624803500878, 6.768961046927071, 2.0331097177906647, 1.217971057343641, 3.653244891478648, 1.2214433921238363, 3.957344683389322, 0.8737924202312931, 1.1880571037721623, 3.555928681544283, 1.299594598290591, 1.826088076925792, 0.2294384427556746, 0.08635528572191914, 0.13233833682608032, 0.07025582385499714, 0.282318347459368, 0.2429768930407687, 11.127039910175291, 6.821686114294293, 10.718649158371804, 5.7913834223534115, 17.009492866592172, 11.650336531900987, 11.410110088768421, 5.749236470715277, 4.544338087896428, 0.4746190208736025, 0.42257945519349294, 0.5438036303714187, 0.6371624803500878, 6.768961046927071, 2.0331097177906647, -1000.0]
[20160906135945] Location: x = -0.247273923134 y = 0.0362660067657 z = 0.188546378142
[20160906135945] Current fitness = -1.0
[20160906135945] Pbest = -1.0
[20160906135945] Gbest = -1.0
[20160906135945] ---------------------------
[20160906135945] Executing iteration number: 0 Individual number: 1
[20160906135954] Robot fall detected
[20160906135954] Individual: [12.326765455318455, 15.947259476380012, 12.175689159923905, 14.206272374165811, 5.375196797114168, 2.572302841351868, 19.15800920185149, 13.877379899359024, 17.498070894914914, 0.5255454977593591, 0.4907523377880423, 1.375311758548791, 0.30916826953118565, 7.138797760305974, 1.59655219821023, 3.305930947013664, 1.3899411600252196, 1.1034091709517813, 3.046277211130949, 2.327983468387207, 2.026334119034291, 3.0248635840155784, 1.4201548946863085, 1.5725243482602806, 0.13544757065469806, 0.12440656923350436, 0.13659311233306246, 0.08265715222042505, 1.247884696984669, 0.5889657850903733, 12.326765455318455, 15.947259476380012, 12.175689159923905, 14.206272374165811, 5.375196797114168, 2.572302841351868, 19.15800920185149, 13.877379899359024, 17.498070894914914, 0.5255454977593591, 0.4907523377880423, 1.375311758548791, 0.30916826953118565, 7.138797760305974, 1.59655219821023, -1000.0]
[20160906135954] Location: x = 0.371049883896 y = 0.107017315894 z = 0.196936721576
[20160906135954] Current fitness = -1.0
[20160906135954] Pbest = -1.0
[20160906135954] Gbest = -1.0
[20160906135954] ---------------------------
[20160906135954] Executing iteration number: 0 Individual number: 2
[20160906140002] Robot fall detected
[20160906140002] Individual: [3.3505816731355775, 7.8375209550316045, 6.889720206128096, 19.204482886866614, 3.5642895416490115, 19.81060958795018, 7.1421734383848765, 8.223073215177042, 11.65806193847291, 0.7322687003933495, 0.425262416594724, 0.5863148209985101, 0.5723559140041317, 7.245861557403827, 1.455900926195312, 1.0714444920012152, 2.6857920139400413, 0.444091424453845, 0.18105369687755682, 3.972130841438645, 3.7310279670383575, 3.6024034556445943, 0.8254127377066935, 3.296045610499983, 0.15028421933611463, 0.06485017667747839, 0.21961603470442054, 0.11714101347497559, 1.3660513856454262, 0.47675283021351383, 3.3505816731355775, 7.8375209550316045, 6.889720206128096, 19.204482886866614, 3.5642895416490115, 19.81060958795018, 7.1421734383848765, 8.223073215177042, 11.65806193847291, 0.7322687003933495, 0.425262416594724, 0.5863148209985101, 0.5723559140041317, 7.245861557403827, 1.455900926195312, -1000.0]
[20160906140002] Location: x = -0.335157544488 y = -0.0720441733753 z = 0.199842174561
[20160906140002] Current fitness = -1.0
[20160906140002] Pbest = -1.0
[20160906140002] Gbest = -1.0
[20160906140002] ---------------------------
[20160906140002] Executing iteration number: 0 Individual number: 3
[20160906140010] Robot fall detected
[20160906140010] Individual: [16.15250411624993, 1.645622853109063, 10.313595181267898, 13.139013730458977, 19.939190087789747, 6.420959034734428, 19.250857305879585, 17.800879501849423, 6.397312095762337, 0.6050182580375347, 0.6085466152980454, 1.4847655257636012, 0.3105193733503224, 5.8042885258264345, 1.2351573314042783, 3.6156539497531934, 0.9608282208998824, 3.7920909620618004, 0.45022984867083604, 3.1691135045888954, 0.593576035640302, 2.265727146723372, 3.923154569866526, 2.968120821365982, 0.24174215924623904, 0.07853620617773, 0.1329157227642147, 0.11682275697807998, 1.4975265548707568, 0.4660479516383732, 16.15250411624993, 1.645622853109063, 10.313595181267898, 13.139013730458977, 19.939190087789747, 6.420959034734428, 19.250857305879585, 17.800879501849423, 6.397312095762337, 0.6050182580375347, 0.6085466152980454, 1.4847655257636012, 0.3105193733503224, 5.8042885258264345, 1.2351573314042783, -1000.0]
[20160906140010] Location: x = 0.268779810639 y = 0.134262837797 z = 0.181213497128
[20160906140010] Current fitness = -1.0
[20160906140010] Pbest = -1.0
[20160906140010] Gbest = -1.0
[20160906140010] ---------------------------
[20160906140010] Executing iteration number: 0 Individual number: 4
[20160906140019] Robot fall detected
[20160906140019] Individual: [16.113281988564765, 15.936452722638288, 5.9858185058781705, 17.75824971971406, 13.482540037132324, 3.963298631243502, 6.6511998288512055, 13.621399275773104, 8.45310174495539, 1.122688346462191, 0.6011717469351826, 1.2083745756525501, 0.48141326270591533, 7.467519853610407, 1.8545909937235538, 0.14743743319529817, 2.73754859177023, 3.9405272122585573, 2.7306191012840872, 1.7257057113325716, 2.0494996682252986, 3.0339376889002616, 2.9459964263434504, 3.9989582304856732, 0.20085512723546106, 0.1264154392906291, 0.07018495926446809, 0.08784898447659094, 1.4486338382803579, 0.574933956686351, 16.113281988564765, 15.936452722638288, 5.9858185058781705, 17.75824971971406, 13.482540037132324, 3.963298631243502, 6.6511998288512055, 13.621399275773104, 8.45310174495539, 1.122688346462191, 0.6011717469351826, 1.2083745756525501, 0.48141326270591533, 7.467519853610407, 1.8545909937235538, -1000.0]
[20160906140019] Location: x = 0.325727838759 y = 0.108097364093 z = 0.182572075243
[20160906140019] Current fitness = -1.0
[20160906140019] Pbest = -1.0
[20160906140019] Gbest = -1.0
[20160906140019] ---------------------------
[20160906140019] Executing iteration number: 0 Individual number: 5
[20160906140026] Robot fall detected
[20160906140026] Individual: [7.984482760274012, 6.2376879460193635, 12.010129521791924, 5.811469043046202, 8.420544135419675, 7.444490924508726, 7.433274447058222, 7.153487017629008, 1.1303457620258457, 0.6494675613390484, 0.7113404136034225, 0.4704999876163689, 0.2601232667766712, 2.6228101986817425, 2.9974634380507785, 1.6055977845234861, 1.597031424863032, 3.113308161958239, 0.5984157005924328, 2.8815896034454713, 2.5620518888189063, 2.304938454923244, 2.80617683319901, 2.103032608812214, 0.19915136243752324, 0.12339096492889622, 0.1344181043088593, 0.08347516783571163, 0.5803046425406324, 0.4147158716470263, 7.984482760274012, 6.2376879460193635, 12.010129521791924, 5.811469043046202, 8.420544135419675, 7.444490924508726, 7.433274447058222, 7.153487017629008, 1.1303457620258457, 0.6494675613390484, 0.7113404136034225, 0.4704999876163689, 0.2601232667766712, 2.6228101986817425, 2.9974634380507785, -1000.0]
[20160906140026] Location: x = -0.227871865399 y = -0.15767084529 z = 0.192068269767
[20160906140026] Current fitness = -1.0
[20160906140026] Pbest = -1.0
[20160906140026] Gbest = -1.0
[20160906140026] ---------------------------
[20160906140026] Executing iteration number: 0 Individual number: 6
[20160906140035] Robot fall detected
[20160906140035] Individual: [17.808953252303702, 14.58150077791501, 12.624020958398896, 18.048014423445604, 6.715591563229733, 7.3337862616597915, 9.33059122884381, 14.779227478631586, 19.00807366969409, 1.346386714354706, 0.5368511521347282, 0.3599869988220282, 0.3927746738154376, 3.537086595485795, 1.1005117365051922, 3.931914876640447, 3.9240042613991397, 0.9113389311581477, 1.3325160071535198, 1.3602213817962232, 0.6570473001526065, 1.8293012857337423, 3.879546693741189, 3.465455201966754, 0.25848154196696527, 0.06685872071826915, 0.17423472297109055, 0.07771556609299549, 0.6446656855691424, 0.4610727172417912, 17.808953252303702, 14.58150077791501, 12.624020958398896, 18.048014423445604, 6.715591563229733, 7.3337862616597915, 9.33059122884381, 14.779227478631586, 19.00807366969409, 1.346386714354706, 0.5368511521347282, 0.3599869988220282, 0.3927746738154376, 3.537086595485795, 1.1005117365051922, -1000.0]
[20160906140035] Location: x = 0.0738701449927 y = 0.435696379703 z = 0.182746747981
[20160906140035] Current fitness = -1.0
[20160906140035] Pbest = -1.0
[20160906140035] Gbest = -1.0
[20160906140035] ---------------------------
[20160906140035] Executing iteration number: 0 Individual number: 7
[20160906140043] Robot fall detected
[20160906140043] Individual: [12.934482900276729, 2.288479320284759, 7.848497158836073, 4.400175365960232, 15.745547638253576, 1.3403632212389298, 0.949490027176042, 3.544619839078848, 8.331667632649786, 1.482097101027985, 0.40684454851643753, 1.0195757502879284, 0.4578644129323415, 1.2355770199695848, 1.8696004474374932, 3.160378252989225, 3.5772787761269544, 2.9601535024440526, 3.6482373705823754, 3.0687046511337868, 2.956768738494076, 0.2875313652285015, 3.801597082292382, 2.4519456264801165, 0.24999133873725832, 0.078840914508464, 0.28337988227690314, 0.07399951800140987, 1.0747049140380247, 0.44526334490832364, 12.934482900276729, 2.288479320284759, 7.848497158836073, 4.400175365960232, 15.745547638253576, 1.3403632212389298, 0.949490027176042, 3.544619839078848, 8.331667632649786, 1.482097101027985, 0.40684454851643753, 1.0195757502879284, 0.4578644129323415, 1.2355770199695848, 1.8696004474374932, -1000.0]
[20160906140043] Location: x = -0.342930670862 y = -0.126571002572 z = 0.188159014935
[20160906140043] Current fitness = -1.0
[20160906140043] Pbest = -1.0
[20160906140043] Gbest = -1.0
[20160906140043] ---------------------------
[20160906140043] Executing iteration number: 0 Individual number: 8
[20160906140046] Robot fall detected
[20160906140046] Individual: [18.452001866695326, 11.223290049502241, 14.437375050350889, 9.418404429168879, 2.65449344003826, 6.661947452122444, 9.811986192091744, 7.897081605904111, 6.549465323709561, 0.46201241803193505, 0.7338744436883577, 0.6101388714542262, 0.3042600175293506, 4.1370957146271765, 1.942684093222479, 3.810239003864153, 0.5294519502977806, 1.2339106336804473, 1.5878416025831819, 3.499989062010564, 1.1427575350943426, 1.1710896332446723, 3.0707321223935464, 0.2141130754448191, 0.17830030277051567, 0.05647419048301808, 0.17994120803312957, 0.09713101863953236, 1.595364523290756, 0.24716961761307182, 18.452001866695326, 11.223290049502241, 14.437375050350889, 9.418404429168879, 2.65449344003826, 6.661947452122444, 9.811986192091744, 7.897081605904111, 6.549465323709561, 0.46201241803193505, 0.7338744436883577, 0.6101388714542262, 0.3042600175293506, 4.1370957146271765, 1.942684093222479, -1000.0]
[20160906140046] Location: x = -0.268977697371 y = -0.174906329159 z = 0.113281549241
[20160906140046] Current fitness = -1.0
[20160906140046] Pbest = -1.0
[20160906140046] Gbest = -1.0
[20160906140046] ---------------------------
[20160906140046] Executing iteration number: 0 Individual number: 9
[20160906140053] Robot fall detected
[20160906140053] Individual: [1.3218576962121809, 8.634970551666378, 3.1715604651962614, 17.514402786095243, 7.582486941443564, 13.577842507485142, 5.408498502836518, 10.85770137508139, 19.063989684431572, 0.8238211599841603, 0.5313971661317363, 0.28941136690077995, 0.49644277671900855, 2.805547850239238, 2.5619640156767955, 3.9522836353927913, 2.970934653149864, 1.9547649146180088, 0.11050640785823171, 0.14253093296318656, 3.2390543576023263, 2.8958267458544547, 3.2826306983313516, 0.8752726603971485, 0.22862187549086443, 0.14755767090676014, 0.09049795505857658, 0.14147970468431303, 0.5143482300869628, 0.5649019560529284, 1.3218576962121809, 8.634970551666378, 3.1715604651962614, 17.514402786095243, 7.582486941443564, 13.577842507485142, 5.408498502836518, 10.85770137508139, 19.063989684431572, 0.8238211599841603, 0.5313971661317363, 0.28941136690077995, 0.49644277671900855, 2.805547850239238, 2.5619640156767955, -1000.0]
[20160906140053] Location: x = -0.231058831942 y = 0.000776028757595 z = 0.187800954931
[20160906140053] Current fitness = -1.0
[20160906140053] Pbest = -1.0
[20160906140053] Gbest = -1.0
[20160906140053] ---------------------------
[20160906140053] Executing iteration number: 0 Individual number: 10
[20160906140058] Robot fall detected
[20160906140058] Individual: [1.6835939111812657, 15.480673217827698, 11.805091762881213, 16.017290718684514, 17.25606182390741, 9.36474010421688, 6.031158002645821, 16.07536318040867, 12.83368869654743, 0.9578592969771906, 0.42989372662885944, 0.6567440131182766, 0.32555634463486843, 3.4201578509263895, 2.5261141105342597, 0.13802748564758582, 0.18366079702198274, 1.3835000012447471, 1.5716135117364471, 0.8754497592275133, 0.8076065311509567, 3.8077011223371136, 0.20488563882535454, 3.8205468441671413, 0.18559496419864047, 0.060994251560180776, 0.16118388744545598, 0.08859461663492288, 0.5932990919252479, 0.24946841984233153, 1.6835939111812657, 15.480673217827698, 11.805091762881213, 16.017290718684514, 17.25606182390741, 9.36474010421688, 6.031158002645821, 16.07536318040867, 12.83368869654743, 0.9578592969771906, 0.42989372662885944, 0.6567440131182766, 0.32555634463486843, 3.4201578509263895, 2.5261141105342597, -1000.0]
[20160906140058] Location: x = -0.288220379568 y = -0.144996799571 z = 0.19546920653
[20160906140058] Current fitness = -1.0
[20160906140058] Pbest = -1.0
[20160906140058] Gbest = -1.0
[20160906140058] ---------------------------
[20160906140058] Executing iteration number: 0 Individual number: 11
[20160906140106] Robot fall detected
[20160906140106] Individual: [17.578114463827404, 7.209520770204106, 18.803034251645773, 0.6970655391806425, 7.059838632941784, 13.878505498970483, 17.09271035965637, 1.9029424277159563, 14.104473807188604, 0.47949740707086247, 0.6481015335540029, 0.3348012283391596, 0.5637214410973888, 6.74008263613283, 1.8440703644176695, 1.0885553940003712, 1.3412053279639116, 3.952281405955151, 1.1658073671598332, 3.8610234693349255, 2.6703988637717213, 0.41974224465625265, 0.3824287810018244, 1.6160396110617776, 0.260360317139247, 0.1431690274893479, 0.08608934227939247, 0.1381125505589899, 0.703643396093413, 0.358932032094812, 17.578114463827404, 7.209520770204106, 18.803034251645773, 0.6970655391806425, 7.059838632941784, 13.878505498970483, 17.09271035965637, 1.9029424277159563, 14.104473807188604, 0.47949740707086247, 0.6481015335540029, 0.3348012283391596, 0.5637214410973888, 6.74008263613283, 1.8440703644176695, -1000.0]
[20160906140106] Location: x = -0.255970384506 y = -0.0828993218811 z = 0.1990641527
[20160906140106] Current fitness = -1.0
[20160906140106] Pbest = -1.0
[20160906140106] Gbest = -1.0
[20160906140106] ---------------------------
[20160906140106] Executing iteration number: 0 Individual number: 12
[20160906140115] Robot fall detected
[20160906140115] Individual: [2.730322169124862, 17.22141004719989, 6.511575399628792, 16.80813590033943, 17.553529150420857, 8.01966769564706, 5.195646849886068, 3.226806353299864, 16.76891468242465, 0.40413730608239445, 0.5559385364482061, 0.47032736546335596, 0.6063683677972278, 7.060976170654762, 1.3700375537875924, 1.7170925439850844, 0.6896486044131254, 2.5044269354583806, 3.1956982626189356, 3.663935012271541, 2.247660028085027, 2.8439441320281595, 3.389791846448363, 2.1208213385089203, 0.12150452521653082, 0.08621254480946053, 0.28694204522820793, 0.07004157926005555, 0.37825720505898197, 0.4485534179337761, 2.730322169124862, 17.22141004719989, 6.511575399628792, 16.80813590033943, 17.553529150420857, 8.01966769564706, 5.195646849886068, 3.226806353299864, 16.76891468242465, 0.40413730608239445, 0.5559385364482061, 0.47032736546335596, 0.6063683677972278, 7.060976170654762, 1.3700375537875924, -1000.0]
[20160906140115] Location: x = -0.242849176328 y = 0.1023078597 z = 0.19227841819
[20160906140115] Current fitness = -1.0
[20160906140115] Pbest = -1.0
[20160906140115] Gbest = -1.0
[20160906140115] ---------------------------
[20160906140115] Executing iteration number: 0 Individual number: 13
[20160906140124] Robot fall detected
[20160906140124] Individual: [9.045487488529885, 14.183272508132736, 3.55595545073162, 1.0283807409337307, 6.581001641850926, 19.462859598333388, 17.959113217902164, 6.084478553584039, 16.02545677130582, 1.2549172183576416, 0.322163164472992, 1.2011527324297002, 0.4795697340867691, 7.509685754047878, 1.6560360653251383, 3.0888183839255627, 2.625911162834006, 1.8817380891658997, 0.41585359732506244, 0.5694853952312862, 0.8046343824625934, 3.914889244994536, 2.460449213880126, 0.7513706464011123, 0.2873687280839866, 0.11012715284686869, 0.053318981610275026, 0.08550887246962657, 1.1677434951183239, 0.4544101796444911, 9.045487488529885, 14.183272508132736, 3.55595545073162, 1.0283807409337307, 6.581001641850926, 19.462859598333388, 17.959113217902164, 6.084478553584039, 16.02545677130582, 1.2549172183576416, 0.322163164472992, 1.2011527324297002, 0.4795697340867691, 7.509685754047878, 1.6560360653251383, -1000.0]
[20160906140124] Location: x = 0.261321658463 y = 0.159947303011 z = 0.198293124582
[20160906140124] Current fitness = -1.0
[20160906140124] Pbest = -1.0
[20160906140124] Gbest = -1.0
[20160906140124] ---------------------------
[20160906140124] Executing iteration number: 0 Individual number: 14
[20160906140131] Robot fall detected
[20160906140131] Individual: [10.242423409478267, 19.357351803032223, 6.924761007803427, 12.666275873517614, 12.674490510213806, 5.046285855882876, 15.61750389513934, 4.3322767194698555, 13.716046570960133, 1.1207408889795034, 0.2589403134318926, 1.3799495525376988, 0.4249530147498356, 1.0092416541240476, 1.2894340029120415, 2.713879245989759, 2.5325049596316744, 1.0485627577092709, 2.393470932141822, 0.9583942552045317, 3.379400630284643, 0.3239733542417608, 1.0116313700925637, 2.9179703854194, 0.26209005394540885, 0.056565259333101074, 0.23309370986830336, 0.1023276215163979, 0.2598676565911174, 0.4624453096777583, 10.242423409478267, 19.357351803032223, 6.924761007803427, 12.666275873517614, 12.674490510213806, 5.046285855882876, 15.61750389513934, 4.3322767194698555, 13.716046570960133, 1.1207408889795034, 0.2589403134318926, 1.3799495525376988, 0.4249530147498356, 1.0092416541240476, 1.2894340029120415, -1000.0]
[20160906140131] Location: x = -0.31966276719 y = -0.206188666433 z = 0.193953360726
[20160906140131] Current fitness = -1.0
[20160906140131] Pbest = -1.0
[20160906140131] Gbest = -1.0
[20160906140131] ---------------------------
[20160906140131] Executing iteration number: 0 Individual number: 15
[20160906140135] Robot fall detected
[20160906140135] Individual: [5.804915898692026, 16.92646839805494, 19.261392691559656, 11.244740203460294, 16.06854746455894, 18.967219209357214, 17.51854028802252, 19.94695100817914, 4.171599328843367, 0.7395717404469567, 0.7414495716725769, 0.5079249178260918, 0.5546860869368957, 3.102201318907792, 1.6268195607231313, 1.2049090841425523, 2.6059125943227928, 1.1457736975809694, 1.2105472491116376, 1.3983767483077119, 2.514064925602054, 3.864180727622332, 3.723513412173306, 2.176537299087836, 0.2136136448054466, 0.06308256882210436, 0.2832897043201093, 0.10448290157504916, 1.0945552014241822, 0.23339607413859265, 5.804915898692026, 16.92646839805494, 19.261392691559656, 11.244740203460294, 16.06854746455894, 18.967219209357214, 17.51854028802252, 19.94695100817914, 4.171599328843367, 0.7395717404469567, 0.7414495716725769, 0.5079249178260918, 0.5546860869368957, 3.102201318907792, 1.6268195607231313, -1000.0]
[20160906140135] Location: x = -0.201643102434 y = -0.191826404444 z = 0.18962883771
[20160906140135] Current fitness = -1.0
[20160906140135] Pbest = -1.0
[20160906140135] Gbest = -1.0
[20160906140135] ---------------------------
[20160906140135] Executing iteration number: 0 Individual number: 16
[20160906140143] Robot fall detected
[20160906140143] Individual: [2.877192993784637, 15.034141504319807, 11.588689086860256, 6.660417949930422, 2.176723673583195, 15.509254166204366, 0.6096354827500424, 5.7760615384720895, 9.045502929942096, 0.6798036032899215, 0.6635868149702775, 0.7517383664195567, 0.6879615913223647, 6.235780711179723, 2.393173506332899, 1.2034054619981291, 0.2031140115662613, 2.6503776944789443, 3.198325794604102, 2.0926149144260013, 1.7801840020713837, 1.3348923631838459, 2.8997169943047347, 1.1764572907697783, 0.15808894027557963, 0.1252612437416752, 0.11530853694705603, 0.10748116639355274, 1.2568638883915195, 0.4791308585205518, 2.877192993784637, 15.034141504319807, 11.588689086860256, 6.660417949930422, 2.176723673583195, 15.509254166204366, 0.6096354827500424, 5.7760615384720895, 9.045502929942096, 0.6798036032899215, 0.6635868149702775, 0.7517383664195567, 0.6879615913223647, 6.235780711179723, 2.393173506332899, -1000.0]
[20160906140143] Location: x = -0.233471103686 y = -0.0880180070405 z = 0.176852014003
[20160906140143] Current fitness = -1.0
[20160906140143] Pbest = -1.0
[20160906140143] Gbest = -1.0
[20160906140143] ---------------------------
[20160906140143] Executing iteration number: 0 Individual number: 17
[20160906140151] Robot fall detected
[20160906140151] Individual: [7.168879760026636, 6.956251436622744, 17.177832530097, 18.674636346412157, 10.88787563724121, 6.822132463260074, 12.470066394357577, 2.9932038554423643, 0.6038013780278394, 0.7912216694853873, 0.47765998369546786, 1.2575680305630532, 0.674043723987853, 4.384498959624702, 2.680899986221408, 3.750469191220031, 3.2817062983759318, 2.3368030005918166, 3.442168128026184, 1.0427952583168572, 3.6719670619946285, 1.4772372792770099, 2.0727186894277585, 0.19153704559392304, 0.2612936180847638, 0.06420875910285768, 0.23340165281984337, 0.107531709580311, 1.2345419411125724, 0.3652542927662652, 7.168879760026636, 6.956251436622744, 17.177832530097, 18.674636346412157, 10.88787563724121, 6.822132463260074, 12.470066394357577, 2.9932038554423643, 0.6038013780278394, 0.7912216694853873, 0.47765998369546786, 1.2575680305630532, 0.674043723987853, 4.384498959624702, 2.680899986221408, -1000.0]
[20160906140151] Location: x = 0.114253613172 y = 0.27272636597 z = 0.191715345328
[20160906140151] Current fitness = -1.0
[20160906140151] Pbest = -1.0
[20160906140151] Gbest = -1.0
[20160906140151] ---------------------------
[20160906140151] Executing iteration number: 0 Individual number: 18
[20160906140157] Robot fall detected
[20160906140157] Individual: [18.392548849107342, 15.028419598163389, 11.551513578138469, 8.8020444825044, 2.099682934468338, 3.0898292665768228, 9.150283793191631, 3.4348081652370204, 15.234920002957391, 0.6798379621147166, 0.5489234678254202, 0.8189612772077866, 0.66689075076072, 2.2393170592616456, 2.4088677192745758, 2.9605004250072557, 3.4517021228053193, 0.7825563111624819, 2.665567657643079, 0.4352899902601678, 0.4905688759634669, 0.19231581173108575, 0.14678673828395059, 3.9369973528466393, 0.26534655620051956, 0.0649869654753727, 0.21505703565614676, 0.05956701498037809, 0.7565515920342265, 0.4561570735613248, 18.392548849107342, 15.028419598163389, 11.551513578138469, 8.8020444825044, 2.099682934468338, 3.0898292665768228, 9.150283793191631, 3.4348081652370204, 15.234920002957391, 0.6798379621147166, 0.5489234678254202, 0.8189612772077866, 0.66689075076072, 2.2393170592616456, 2.4088677192745758, -1000.0]
[20160906140157] Location: x = -0.189390402774 y = -0.177677126966 z = 0.197509101428
[20160906140157] Current fitness = -1.0
[20160906140157] Pbest = -1.0
[20160906140157] Gbest = -1.0
[20160906140157] ---------------------------
[20160906140157] Executing iteration number: 0 Individual number: 19
[20160906140201] Robot fall detected
[20160906140201] Individual: [1.9515600618897329, 18.87296522118182, 6.199827814454995, 12.490384455790338, 9.003833845810641, 10.470438269705618, 4.626536557180339, 14.018814830482869, 10.84461133359822, 0.7599482636235764, 0.5521012350294123, 0.3837624319245592, 0.45601497043988454, 1.3384536802165892, 2.8670757187894482, 3.7604272903820113, 0.2407765064875397, 1.8342052588151845, 2.295796724250966, 3.081962766088653, 0.34925822806722795, 2.897230517346803, 1.184317585274489, 0.17352442515778624, 0.27889642844307105, 0.056603625386823724, 0.25728184477644256, 0.11741339995379857, 0.9617465744501761, 0.21093811870660542, 1.9515600618897329, 18.87296522118182, 6.199827814454995, 12.490384455790338, 9.003833845810641, 10.470438269705618, 4.626536557180339, 14.018814830482869, 10.84461133359822, 0.7599482636235764, 0.5521012350294123, 0.3837624319245592, 0.45601497043988454, 1.3384536802165892, 2.8670757187894482, -1000.0]
[20160906140201] Location: x = 0.0804709210114 y = -0.136008297467 z = 0.190014046358
[20160906140201] Current fitness = -1.0
[20160906140201] Pbest = -1.0
[20160906140201] Gbest = -1.0
[20160906140201] ---------------------------
[20160906140201] Executing iteration number: 0 Individual number: 20
[20160906140206] Robot fall detected
[20160906140206] Individual: [7.737948755086574, 17.786211812819367, 7.500090152734232, 12.96511998254259, 13.491698681783284, 19.624202800269828, 15.217991054098238, 0.5847998361734853, 16.654256739392913, 1.4695928195284071, 0.4891544608584986, 0.3896777293773389, 0.5174973003230897, 4.369066306018384, 1.0215246112232363, 1.2437673110734229, 1.3458797075233706, 1.5055429872598924, 0.722394975289585, 2.4021590539965, 0.433131034064436, 3.5890837024624593, 0.6737955890618443, 1.1126072804709493, 0.051266226210135005, 0.09580791355344362, 0.08094459598827983, 0.09366648581297257, 1.2176004643933789, 0.20297927785233905, 7.737948755086574, 17.786211812819367, 7.500090152734232, 12.96511998254259, 13.491698681783284, 19.624202800269828, 15.217991054098238, 0.5847998361734853, 16.654256739392913, 1.4695928195284071, 0.4891544608584986, 0.3896777293773389, 0.5174973003230897, 4.369066306018384, 1.0215246112232363, -1000.0]
[20160906140206] Location: x = -0.177844850527 y = -0.166625556785 z = 0.187483411222
[20160906140206] Current fitness = -1.0
[20160906140206] Pbest = -1.0
[20160906140206] Gbest = -1.0
[20160906140206] ---------------------------
[20160906140206] Executing iteration number: 0 Individual number: 21
[20160906140218] Robot fall detected
[20160906140218] Individual: [10.606300847111665, 0.7024581494400831, 3.6280265565218945, 2.9593705818973555, 12.918995910157305, 13.75407561214906, 14.619184406268303, 11.629400961381041, 9.046662548519858, 0.786524951000865, 0.3051975051890728, 0.9545244265338864, 0.6876168320815987, 5.389189500820786, 1.469451699932868, 2.665769288625721, 0.9456117034106462, 0.9309395243486555, 2.697687137563618, 1.3131313628391645, 2.4728178559714804, 2.5624972702402222, 0.9553751548052423, 0.5442057776961465, 0.2381464394450914, 0.13836400158180362, 0.2821345216985802, 0.09195853408739432, 0.8102126732152146, 0.5813891969643378, 10.606300847111665, 0.7024581494400831, 3.6280265565218945, 2.9593705818973555, 12.918995910157305, 13.75407561214906, 14.619184406268303, 11.629400961381041, 9.046662548519858, 0.786524951000865, 0.3051975051890728, 0.9545244265338864, 0.6876168320815987, 5.389189500820786, 1.469451699932868, -1000.0]
[20160906140218] Location: x = -0.222015892392 y = -0.0174927018732 z = 0.194041060976
[20160906140218] Current fitness = -1.0
[20160906140218] Pbest = -1.0
[20160906140218] Gbest = -1.0
[20160906140218] ---------------------------
[20160906140218] Executing iteration number: 0 Individual number: 22
[20160906140227] Robot fall detected
[20160906140227] Individual: [8.206648066042433, 5.775696070400339, 16.627922624479464, 1.239342160692365, 6.891389548028737, 0.728593377425748, 19.275224664991125, 19.7993222461163, 0.8564138319052855, 0.4744544242186929, 0.6530282170412169, 1.0296675516039429, 0.7187092148283832, 7.857717644325801, 2.824205595020898, 1.0078691812845249, 1.9829326350552556, 3.4052838551566595, 3.9073133701348923, 2.780483734698892, 1.2543028004411427, 2.3572593554374146, 0.5450200514547505, 1.9813248619926287, 0.2658164696470111, 0.12585538762919585, 0.22043721688432594, 0.14327528082694926, 0.633307482285538, 0.40023048465180766, 8.206648066042433, 5.775696070400339, 16.627922624479464, 1.239342160692365, 6.891389548028737, 0.728593377425748, 19.275224664991125, 19.7993222461163, 0.8564138319052855, 0.4744544242186929, 0.6530282170412169, 1.0296675516039429, 0.7187092148283832, 7.857717644325801, 2.824205595020898, -1000.0]
[20160906140227] Location: x = 0.271155944951 y = 0.241025864902 z = 0.171921154569
[20160906140227] Current fitness = -1.0
[20160906140227] Pbest = -1.0
[20160906140227] Gbest = -1.0
[20160906140227] ---------------------------
[20160906140227] Executing iteration number: 0 Individual number: 23
[20160906140235] Robot fall detected
[20160906140235] Individual: [18.63455913112387, 4.638972900373311, 3.1878516179884633, 7.643198675937027, 19.49254225455118, 5.170693405935994, 10.356100489220704, 9.708356537644221, 6.614232846625114, 0.8779716842684001, 0.675892793871326, 1.4124963144613698, 0.6306881887169409, 5.96379559789228, 2.5038629676620276, 2.0597180001401734, 2.3671309764708566, 2.4256997378748224, 0.7530297462171077, 0.18015055908319594, 3.8494619357420583, 2.155029431132573, 1.0091565733751144, 0.8363473335672958, 0.1401707482991293, 0.0582169476569535, 0.09538933641153938, 0.1210232710748964, 0.26408406612655877, 0.5582526766367644, 18.63455913112387, 4.638972900373311, 3.1878516179884633, 7.643198675937027, 19.49254225455118, 5.170693405935994, 10.356100489220704, 9.708356537644221, 6.614232846625114, 0.8779716842684001, 0.675892793871326, 1.4124963144613698, 0.6306881887169409, 5.96379559789228, 2.5038629676620276, -1000.0]
[20160906140235] Location: x = 0.13622071664 y = 0.344730398409 z = 0.182041053024
[20160906140235] Current fitness = -1.0
[20160906140235] Pbest = -1.0
[20160906140235] Gbest = -1.0
[20160906140235] ---------------------------
[20160906140235] Executing iteration number: 0 Individual number: 24
[20160906140243] Robot fall detected
[20160906140243] Individual: [0.7943378503833367, 12.307360249451492, 8.510311849208751, 9.816472580134167, 18.671333982430852, 7.416141839181297, 2.218983546175105, 4.083727667927764, 15.531348025345535, 0.621095651100528, 0.5668417776422369, 0.8120643885501935, 0.32287166080454566, 5.317946183342183, 1.3319920340598668, 1.442622192197145, 3.593618457775919, 0.19981158121959083, 0.42038496547319115, 0.8195109500142188, 0.6083511056293199, 1.320543423704501, 1.9755280634131012, 0.5821740320159494, 0.13469852000662488, 0.12728436508141538, 0.2505721146636879, 0.13511591433343173, 0.6454010692003708, 0.2660076434336005, 0.7943378503833367, 12.307360249451492, 8.510311849208751, 9.816472580134167, 18.671333982430852, 7.416141839181297, 2.218983546175105, 4.083727667927764, 15.531348025345535, 0.621095651100528, 0.5668417776422369, 0.8120643885501935, 0.32287166080454566, 5.317946183342183, 1.3319920340598668, -1000.0]
[20160906140243] Location: x = -0.30544694345 y = 0.0576841915801 z = 0.193761087938
[20160906140243] Current fitness = -1.0
[20160906140243] Pbest = -1.0
[20160906140243] Gbest = -1.0
[20160906140243] ---------------------------
[20160906140243] Executing iteration number: 0 Individual number: 25
[20160906140249] Robot fall detected
[20160906140249] Individual: [4.151496548456148, 12.507059849797216, 18.459562137908673, 13.51343664320188, 14.821572909524514, 14.158423041801662, 12.332109434904487, 0.9186492689326735, 12.451506157877654, 0.7256320886235859, 0.5235211691150354, 1.306705977129729, 0.32673797799176774, 1.489291304030063, 2.9715265274153064, 3.0095416626619906, 0.8696345921768734, 2.0511649519780493, 0.9075339326171395, 3.8602865868469705, 2.6286508713335492, 0.21413765931448628, 2.952162239132688, 0.11146024540390104, 0.29497276483838, 0.10930892505483887, 0.2916836647695167, 0.14975335436174894, 1.1844124474212332, 0.5296779005356105, 4.151496548456148, 12.507059849797216, 18.459562137908673, 13.51343664320188, 14.821572909524514, 14.158423041801662, 12.332109434904487, 0.9186492689326735, 12.451506157877654, 0.7256320886235859, 0.5235211691150354, 1.306705977129729, 0.32673797799176774, 1.489291304030063, 2.9715265274153064, -1000.0]
[20160906140249] Location: x = -0.130987511015 y = -0.171281867726 z = 0.198524409266
[20160906140249] Current fitness = -1.0
[20160906140249] Pbest = -1.0
[20160906140249] Gbest = -1.0
[20160906140249] ---------------------------
[20160906140249] Executing iteration number: 0 Individual number: 26
[20160906140253] Robot fall detected
[20160906140253] Individual: [2.3922466514554293, 11.9433461022478, 16.752961225917012, 19.51215162012534, 4.550812746941166, 15.74842061287598, 7.7372135730542615, 7.552550704124422, 4.390645857025776, 0.33565276491630813, 0.7062070219373493, 0.4283826955902169, 0.5694349821289519, 6.725532737044919, 2.7460533113832453, 3.3485932445603783, 2.5619298082473145, 0.5357109905809242, 0.9266130407321975, 2.8270878321901267, 2.6032453352163807, 3.968462836680894, 1.6856047860971433, 3.1623598385948197, 0.17132628469265582, 0.13913170566485483, 0.1528560031704868, 0.10420961942491233, 1.1299948729014273, 0.29752705523730905, 2.3922466514554293, 11.9433461022478, 16.752961225917012, 19.51215162012534, 4.550812746941166, 15.74842061287598, 7.7372135730542615, 7.552550704124422, 4.390645857025776, 0.33565276491630813, 0.7062070219373493, 0.4283826955902169, 0.5694349821289519, 6.725532737044919, 2.7460533113832453, -1000.0]
[20160906140253] Location: x = -0.214704514711 y = -0.167450351102 z = 0.145484475636
[20160906140253] Current fitness = -1.0
[20160906140253] Pbest = -1.0
[20160906140253] Gbest = -1.0
[20160906140253] ---------------------------
[20160906140253] Executing iteration number: 0 Individual number: 27
[20160906140303] Robot fall detected
[20160906140303] Individual: [6.890036416366028, 5.0515476606393115, 18.316835852068614, 16.744214892506648, 18.384451821998372, 14.978708165215988, 13.768146783126902, 6.961732449568926, 2.6867200645511775, 0.28109082747066605, 0.7059409444595459, 0.786521513235791, 0.350415924090954, 5.934191464407504, 1.6599546987764668, 0.1157373397553134, 1.9998390168723181, 0.6779803017587462, 0.7363346261920236, 3.2918323982053006, 3.040484044621234, 0.8255446039132709, 3.941835716873525, 2.7749594233522923, 0.08901966528162189, 0.11030143208679234, 0.18582607137847967, 0.07900101081983538, 0.6860281708206013, 0.4859471550093164, 6.890036416366028, 5.0515476606393115, 18.316835852068614, 16.744214892506648, 18.384451821998372, 14.978708165215988, 13.768146783126902, 6.961732449568926, 2.6867200645511775, 0.28109082747066605, 0.7059409444595459, 0.786521513235791, 0.350415924090954, 5.934191464407504, 1.6599546987764668, -1000.0]
[20160906140303] Location: x = -0.230529124399 y = -0.054788308848 z = 0.19874480097
[20160906140303] Current fitness = -1.0
[20160906140303] Pbest = -1.0
[20160906140303] Gbest = -1.0
[20160906140303] ---------------------------
[20160906140303] Executing iteration number: 0 Individual number: 28
[20160906140312] Robot fall detected
[20160906140312] Individual: [3.8922194749135466, 1.1380088491375648, 3.3237797516747456, 10.15057520382121, 5.745238349188627, 16.57047793842456, 19.303163530144907, 2.0723471112453233, 14.174209689005613, 1.374182912714586, 0.32974164722288823, 1.136643356907141, 0.3744385436813264, 3.439592142909898, 1.423472111248323, 1.728544511649703, 0.5160901894109426, 3.6488541628783677, 2.6583058548888694, 3.5496704044934897, 1.0240348808546855, 2.0207757614164836, 3.6536542781980015, 2.1726941447074277, 0.27041661991326493, 0.11194572167754702, 0.1675131696132947, 0.09141150694392251, 1.3716966477699934, 0.4426711427932789, 3.8922194749135466, 1.1380088491375648, 3.3237797516747456, 10.15057520382121, 5.745238349188627, 16.57047793842456, 19.303163530144907, 2.0723471112453233, 14.174209689005613, 1.374182912714586, 0.32974164722288823, 1.136643356907141, 0.3744385436813264, 3.439592142909898, 1.423472111248323, -1000.0]
[20160906140312] Location: x = -0.122658412364 y = -0.326820314178 z = 0.166510052662
[20160906140312] Current fitness = -1.0
[20160906140312] Pbest = -1.0
[20160906140312] Gbest = -1.0
[20160906140312] ---------------------------
[20160906140312] Executing iteration number: 0 Individual number: 29
[20160906140318] Robot fall detected
[20160906140318] Individual: [9.36968822094717, 1.498836495929873, 3.054628975360128, 19.554152794289077, 4.367369725792122, 8.82460567812245, 5.256233841806275, 9.12646627952439, 6.808500413008269, 0.25645123105309453, 0.4820609271367826, 1.1815215038997218, 0.5034162797749406, 1.0420184634574965, 2.164601367888313, 2.451673003382186, 3.634356063849537, 2.018857792934444, 2.8674774648815085, 1.7228110033143396, 2.960315978120348, 0.7707886772187206, 1.3268922685050777, 2.500347591133963, 0.1184249239145144, 0.1478658330913936, 0.14937444361067576, 0.08941986063304856, 1.3132861762313306, 0.23283371309976414, 9.36968822094717, 1.498836495929873, 3.054628975360128, 19.554152794289077, 4.367369725792122, 8.82460567812245, 5.256233841806275, 9.12646627952439, 6.808500413008269, 0.25645123105309453, 0.4820609271367826, 1.1815215038997218, 0.5034162797749406, 1.0420184634574965, 2.164601367888313, -1000.0]
[20160906140318] Location: x = -0.113449882573 y = -0.116292962037 z = 0.195523410126
[20160906140318] Current fitness = -1.0
[20160906140318] Pbest = -1.0
[20160906140318] Gbest = -1.0
[20160906140318] ---------------------------
[20160906140318] Executing iteration number: 0 Individual number: 30
[20160906140327] Robot fall detected
[20160906140327] Individual: [13.189304143766082, 5.914743498613159, 4.841969256162503, 2.4700974760786396, 15.30913225677115, 9.865100374513322, 11.711128492224857, 8.02021648549217, 1.597383056976278, 1.2074570834259633, 0.2803483525501453, 0.971622476839429, 0.5658279946634139, 1.2543725828385754, 2.417106349263082, 2.2114208911526765, 2.079662303198674, 3.4789284880604225, 1.7866773849460527, 1.5403753041214212, 0.8525616217717675, 2.764379636718358, 1.9220685497097052, 1.7049982456519575, 0.050327676092339665, 0.13243815002288234, 0.10897086815930401, 0.08599391579676019, 0.24589314015183478, 0.3172881469805259, 13.189304143766082, 5.914743498613159, 4.841969256162503, 2.4700974760786396, 15.30913225677115, 9.865100374513322, 11.711128492224857, 8.02021648549217, 1.597383056976278, 1.2074570834259633, 0.2803483525501453, 0.971622476839429, 0.5658279946634139, 1.2543725828385754, 2.417106349263082, -1000.0]
[20160906140327] Location: x = -0.187664631274 y = -0.174845010399 z = 0.19660940153
[20160906140327] Current fitness = -1.0
[20160906140327] Pbest = -1.0
[20160906140327] Gbest = -1.0
[20160906140327] ---------------------------
[20160906140327] Executing iteration number: 0 Individual number: 31
[20160906140330] Robot fall detected
[20160906140330] Individual: [0.7042813824356663, 11.473444751743575, 15.856905710639605, 11.657035369086339, 4.100810055459291, 13.870687808055877, 10.577344476390778, 14.767556867447036, 16.048360223566874, 1.4007388550034614, 0.39821187134880054, 0.4122134078085773, 0.5293715354902111, 6.006908152547345, 2.4308607212908955, 3.038737976636511, 3.0531226893138608, 0.9259114402908376, 2.6418879395093797, 0.828595272851399, 3.6565287503302084, 0.9141058714501368, 3.886137136312969, 3.8687875288142095, 0.16667942801948155, 0.05244457960765108, 0.2084288132769933, 0.13550432358017428, 0.9853015640461578, 0.28956135865889593, 0.7042813824356663, 11.473444751743575, 15.856905710639605, 11.657035369086339, 4.100810055459291, 13.870687808055877, 10.577344476390778, 14.767556867447036, 16.048360223566874, 1.4007388550034614, 0.39821187134880054, 0.4122134078085773, 0.5293715354902111, 6.006908152547345, 2.4308607212908955, -1000.0]
[20160906140330] Location: x = -0.149926348528 y = -0.248589213079 z = 0.102268421133
[20160906140330] Current fitness = -1.0
[20160906140330] Pbest = -1.0
[20160906140330] Gbest = -1.0
[20160906140330] ---------------------------
[20160906140330] Executing iteration number: 0 Individual number: 32
[20160906140338] Robot fall detected
[20160906140338] Individual: [5.339219774563754, 10.696171184919326, 11.918084689377118, 19.489680394511588, 15.20408709849714, 0.5171873038097752, 9.527984124835442, 9.865408995207028, 9.717174336772212, 0.9577002631385889, 0.3368208273900717, 1.0307908200207239, 0.4802270971827317, 3.5793318307567423, 1.5693748611104128, 0.14908804508950643, 1.8267875544084147, 2.6349029835857847, 3.5488179616037785, 2.855991703703179, 0.7747984094727369, 1.1128631254689432, 3.503845626564457, 3.7438809985042076, 0.180242504102959, 0.11852551235777903, 0.13713400374276408, 0.09525749139969798, 0.4796624183503411, 0.37310929286944317, 5.339219774563754, 10.696171184919326, 11.918084689377118, 19.489680394511588, 15.20408709849714, 0.5171873038097752, 9.527984124835442, 9.865408995207028, 9.717174336772212, 0.9577002631385889, 0.3368208273900717, 1.0307908200207239, 0.4802270971827317, 3.5793318307567423, 1.5693748611104128, -1000.0]
[20160906140338] Location: x = 0.19841654746 y = 0.290847363139 z = 0.195651344818
[20160906140338] Current fitness = -1.0
[20160906140338] Pbest = -1.0
[20160906140338] Gbest = -1.0
[20160906140338] ---------------------------
[20160906140338] Executing iteration number: 0 Individual number: 33
[20160906140346] Robot fall detected
[20160906140346] Individual: [2.9204352073155917, 14.195573217890319, 6.180779385393427, 9.646393204219361, 7.716000269615963, 9.892055650686883, 12.730453064384323, 2.6013000808333704, 5.632986198764017, 0.3614704687273846, 0.36392055176646043, 0.41978769013339623, 0.6028160087517647, 6.338274813718359, 2.0302116539524397, 2.3706321091339166, 0.5745611422461339, 0.9656247123987272, 2.3746865287178256, 1.8332125598690143, 1.082282075037833, 0.9862159754452399, 3.057093832045505, 2.287381978732654, 0.12279241087526485, 0.0723563165502247, 0.25913023656990863, 0.12730090342634512, 0.9589009243552555, 0.445368120758281, 2.9204352073155917, 14.195573217890319, 6.180779385393427, 9.646393204219361, 7.716000269615963, 9.892055650686883, 12.730453064384323, 2.6013000808333704, 5.632986198764017, 0.3614704687273846, 0.36392055176646043, 0.41978769013339623, 0.6028160087517647, 6.338274813718359, 2.0302116539524397, -1000.0]
[20160906140346] Location: x = -0.301120375794 y = 0.122151253055 z = 0.181407037607
[20160906140346] Current fitness = -1.0
[20160906140346] Pbest = -1.0
[20160906140346] Gbest = -1.0
[20160906140346] ---------------------------
[20160906140346] Executing iteration number: 0 Individual number: 34
[20160906140354] Robot fall detected
[20160906140354] Individual: [1.5247437955760184, 17.676806716206602, 1.2238214071223532, 2.1296162471060764, 3.7531088377417277, 9.04580924895453, 4.9783198811795035, 0.7247227646369081, 11.858620937860273, 1.3532283495389315, 0.5309562689318115, 1.2067102626867585, 0.4242717250148902, 6.199220171923299, 1.2401615985946417, 3.8301303046522266, 3.8874724396665257, 3.8772089244391847, 0.25863834781887357, 0.1354228992179064, 2.7428193294500587, 2.3001469643326025, 3.693957681047664, 2.7946186608976835, 0.15470168929092987, 0.09415113456238697, 0.22022177396902554, 0.08459798788603677, 0.9042307077471134, 0.23536801470238655, 1.5247437955760184, 17.676806716206602, 1.2238214071223532, 2.1296162471060764, 3.7531088377417277, 9.04580924895453, 4.9783198811795035, 0.7247227646369081, 11.858620937860273, 1.3532283495389315, 0.5309562689318115, 1.2067102626867585, 0.4242717250148902, 6.199220171923299, 1.2401615985946417, -1000.0]
[20160906140354] Location: x = -0.279746402132 y = 0.146237469246 z = 0.178888754664
[20160906140354] Current fitness = -1.0
[20160906140354] Pbest = -1.0
[20160906140354] Gbest = -1.0
[20160906140354] ---------------------------
[20160906140354] Executing iteration number: 0 Individual number: 35
[20160906140403] Robot fall detected
[20160906140403] Individual: [18.58055384816835, 19.731133668707667, 9.88048306506961, 0.9407239583384029, 13.270301134578691, 9.669346223591692, 15.790407281427399, 19.79273984704612, 15.22073113431811, 1.0950040929012275, 0.2664706302342363, 1.123160835654467, 0.2958614152558515, 5.816229634936049, 1.6319924536384802, 1.1968131721870687, 0.43325172279690727, 3.2194199017466687, 2.586067239603338, 0.7544557990263602, 2.2742146231093465, 2.668952729696615, 0.1306080917435472, 3.971622860135739, 0.15052355349867097, 0.10571691703924285, 0.21230309350918092, 0.1394570558705545, 0.8134036511056708, 0.3403468932889052, 18.58055384816835, 19.731133668707667, 9.88048306506961, 0.9407239583384029, 13.270301134578691, 9.669346223591692, 15.790407281427399, 19.79273984704612, 15.22073113431811, 1.0950040929012275, 0.2664706302342363, 1.123160835654467, 0.2958614152558515, 5.816229634936049, 1.6319924536384802, -1000.0]
[20160906140403] Location: x = -0.127728839431 y = 0.329241006558 z = 0.184428357798
[20160906140403] Current fitness = -1.0
[20160906140403] Pbest = -1.0
[20160906140403] Gbest = -1.0
[20160906140403] ---------------------------
[20160906140403] Executing iteration number: 0 Individual number: 36
[20160906140413] Robot fall detected
[20160906140413] Individual: [10.012734635691752, 19.25183672252341, 14.204429253969462, 8.967286640135573, 17.372731907383447, 18.85978042451616, 8.58669571336185, 10.447727718292626, 15.885607093876427, 0.37443828585112393, 0.6136252574237556, 1.4623416741625421, 0.6997998289554488, 6.6591919734477525, 2.256301475442572, 2.4053571843962605, 0.196394560866434, 2.328689375543254, 2.7474778138831386, 2.7630600896191737, 2.310407468486093, 3.584682027824268, 1.22791999145089, 1.591516063377552, 0.1338355507076866, 0.07350298607492227, 0.1507734570705898, 0.07767174512927513, 1.2945624931596282, 0.40836369412712054, 10.012734635691752, 19.25183672252341, 14.204429253969462, 8.967286640135573, 17.372731907383447, 18.85978042451616, 8.58669571336185, 10.447727718292626, 15.885607093876427, 0.37443828585112393, 0.6136252574237556, 1.4623416741625421, 0.6997998289554488, 6.6591919734477525, 2.256301475442572, -1000.0]
[20160906140413] Location: x = -0.272513485635 y = 0.0108061885767 z = 0.185663206484
[20160906140413] Current fitness = -1.0
[20160906140413] Pbest = -1.0
[20160906140413] Gbest = -1.0
[20160906140413] ---------------------------
[20160906140413] Executing iteration number: 0 Individual number: 37
[20160906140420] Robot fall detected
[20160906140420] Individual: [15.769613134183475, 11.436127749015604, 6.01797491305542, 3.3276473181321022, 2.1446354367985907, 8.122968019686569, 15.480559640350188, 10.384257142992094, 18.242493535088936, 1.1119617754725004, 0.7357334580153476, 1.1535278891044614, 0.7006231167670837, 2.545914010672229, 1.6210368683609144, 3.0590030416953162, 2.9220763189431698, 3.143429998782986, 3.86453078526577, 1.1008179385285994, 2.310961441583407, 2.1887195911628723, 2.4129126023348135, 0.6643737306910726, 0.15808980234260073, 0.10903320099446462, 0.13548678324650484, 0.09012133465182787, 0.4920176166827051, 0.49318060950547876, 15.769613134183475, 11.436127749015604, 6.01797491305542, 3.3276473181321022, 2.1446354367985907, 8.122968019686569, 15.480559640350188, 10.384257142992094, 18.242493535088936, 1.1119617754725004, 0.7357334580153476, 1.1535278891044614, 0.7006231167670837, 2.545914010672229, 1.6210368683609144, -1000.0]
[20160906140420] Location: x = -0.210108826774 y = -0.0890392977607 z = 0.195063949195
[20160906140420] Current fitness = -1.0
[20160906140420] Pbest = -1.0
[20160906140420] Gbest = -1.0
[20160906140420] ---------------------------
[20160906140420] Executing iteration number: 0 Individual number: 38
[20160906140425] Robot fall detected
[20160906140425] Individual: [19.13760490003809, 8.512759148277084, 5.915272541821536, 13.251830628642765, 13.286876710714198, 7.439250342908322, 19.1475895359649, 17.035626419455863, 8.847403201381322, 0.29290616857671514, 0.26475789019274604, 0.715249123056274, 0.6969189752314928, 2.6024622454114703, 2.943681589331093, 1.7098889294332102, 2.560397260714127, 1.6911294663157908, 3.1584018217864793, 0.851781911734686, 2.834062511401571, 2.5855414453512666, 1.1178378046456208, 1.2904201474618364, 0.1298418502914081, 0.060590467946065756, 0.22654689414419393, 0.1293004595925152, 1.4233656286796996, 0.368083978931195, 19.13760490003809, 8.512759148277084, 5.915272541821536, 13.251830628642765, 13.286876710714198, 7.439250342908322, 19.1475895359649, 17.035626419455863, 8.847403201381322, 0.29290616857671514, 0.26475789019274604, 0.715249123056274, 0.6969189752314928, 2.6024622454114703, 2.943681589331093, -1000.0]
[20160906140425] Location: x = -0.231731338819 y = -0.139016179914 z = 0.187191283678
[20160906140425] Current fitness = -1.0
[20160906140425] Pbest = -1.0
[20160906140425] Gbest = -1.0
[20160906140425] ---------------------------
[20160906140425] Executing iteration number: 0 Individual number: 39
[20160906140431] Robot fall detected
[20160906140431] Individual: [7.286701965048874, 3.831428146390548, 6.418740414577183, 13.659529690323007, 3.580945491318449, 15.315219690961369, 17.544920098752517, 12.770953444273484, 6.703031501581613, 0.6272515858933005, 0.4769943473731908, 1.2545517115953808, 0.46091724755536245, 2.9267260586818677, 2.341058992077044, 0.1920734492825359, 0.43292003575537796, 1.8081418654558348, 0.7338820114642793, 2.711730963099254, 2.6865597103903394, 2.1656663325581627, 2.2834902742820464, 1.752572340361899, 0.09119082602745415, 0.1408311872541346, 0.2925328104473423, 0.11593566662061665, 0.9225054236758921, 0.43409596007430223, 7.286701965048874, 3.831428146390548, 6.418740414577183, 13.659529690323007, 3.580945491318449, 15.315219690961369, 17.544920098752517, 12.770953444273484, 6.703031501581613, 0.6272515858933005, 0.4769943473731908, 1.2545517115953808, 0.46091724755536245, 2.9267260586818677, 2.341058992077044, -1000.0]
[20160906140431] Location: x = -0.105091266595 y = -0.098539007827 z = 0.184328999204
[20160906140431] Current fitness = -1.0
[20160906140431] Pbest = -1.0
[20160906140431] Gbest = -1.0
[20160906140431] ---------------------------
[20160906140431] Executing iteration number: 0 Individual number: 40
[20160906140436] Robot fall detected
[20160906140436] Individual: [6.7837318457855265, 14.258296959933428, 17.29334642945071, 15.19899383282742, 3.6316437432343127, 6.801822074304454, 4.05783555420148, 13.485768062123624, 16.140505693242282, 1.350901258680593, 0.6073420433695941, 0.5146727297626738, 0.2901882090198062, 1.0321841917448193, 1.683726636280129, 2.8121147700183053, 2.5597086772376314, 3.5870641243346717, 1.5561676594758476, 2.9043020461592857, 2.7474355837339974, 2.485984242600021, 0.5570975219065869, 0.26413665413378756, 0.28909097324396604, 0.11494786189379241, 0.26335118344303415, 0.11537528636330681, 1.229593597168434, 0.25727579802321127, 6.7837318457855265, 14.258296959933428, 17.29334642945071, 15.19899383282742, 3.6316437432343127, 6.801822074304454, 4.05783555420148, 13.485768062123624, 16.140505693242282, 1.350901258680593, 0.6073420433695941, 0.5146727297626738, 0.2901882090198062, 1.0321841917448193, 1.683726636280129, -1000.0]
[20160906140436] Location: x = -0.0741095754761 y = -0.147501846762 z = 0.192314906904
[20160906140436] Current fitness = -1.0
[20160906140436] Pbest = -1.0
[20160906140436] Gbest = -1.0
[20160906140436] ---------------------------
[20160906140436] Executing iteration number: 0 Individual number: 41
[20160906140442] Robot fall detected
[20160906140442] Individual: [3.0771078124567484, 5.1864983703894625, 19.56277723860297, 15.613121549157249, 16.42040544722989, 2.1357260190425222, 13.972216671672177, 3.6731969806289326, 6.990721709112449, 1.062081395329543, 0.49160915782974934, 0.3574456298808375, 0.5908142944613619, 1.3893415570116552, 2.0009029693001326, 1.8196564034917782, 2.684903716203871, 1.6336490201245237, 3.620228843195233, 2.077877081074195, 3.478812780940073, 1.9970077113721114, 0.742204446589023, 0.9412240541517143, 0.06344893899800473, 0.1425159078084242, 0.19962036465115335, 0.11877452459559108, 0.5614535792280786, 0.5803805058478304, 3.0771078124567484, 5.1864983703894625, 19.56277723860297, 15.613121549157249, 16.42040544722989, 2.1357260190425222, 13.972216671672177, 3.6731969806289326, 6.990721709112449, 1.062081395329543, 0.49160915782974934, 0.3574456298808375, 0.5908142944613619, 1.3893415570116552, 2.0009029693001326, -1000.0]
[20160906140442] Location: x = -0.181825209582 y = 0.0680445018973 z = 0.181774205573
[20160906140442] Current fitness = -1.0
[20160906140442] Pbest = -1.0
[20160906140442] Gbest = -1.0
[20160906140442] ---------------------------
[20160906140442] Executing iteration number: 0 Individual number: 42
[20160906140446] Robot fall detected
[20160906140446] Individual: [14.3134403022902, 4.072909169230432, 7.420863531845402, 17.215539353652698, 1.4274402025838127, 16.120585291942902, 15.659642753986162, 0.8407590005774714, 7.642253936910673, 1.1254303446136271, 0.30888054399132947, 1.470325216541159, 0.2782556332865914, 3.2483003211191925, 2.563493674541234, 3.410544516359336, 2.3892238255340477, 0.26475727925841946, 3.536508864740069, 3.3830548910436207, 2.2464642211104193, 0.7368817437143385, 3.9553418244035163, 1.5441614853469314, 0.15158630852635918, 0.1461992578797055, 0.25348602255409974, 0.14248694563801134, 0.4420486932448188, 0.3634195015516087, 14.3134403022902, 4.072909169230432, 7.420863531845402, 17.215539353652698, 1.4274402025838127, 16.120585291942902, 15.659642753986162, 0.8407590005774714, 7.642253936910673, 1.1254303446136271, 0.30888054399132947, 1.470325216541159, 0.2782556332865914, 3.2483003211191925, 2.563493674541234, -1000.0]
[20160906140446] Location: x = -0.251623728105 y = -0.153905948573 z = 0.14064511639
[20160906140446] Current fitness = -1.0
[20160906140446] Pbest = -1.0
[20160906140446] Gbest = -1.0
[20160906140446] ---------------------------
[20160906140446] Executing iteration number: 0 Individual number: 43
[20160906140450] Robot fall detected
[20160906140450] Individual: [12.0084280878437, 10.852518632280367, 16.869869390093204, 19.04760083509217, 18.467280987544818, 12.257927535632017, 8.133093817553988, 16.505127726291654, 17.3606406433884, 0.4467604040343156, 0.39342019398691536, 1.4689449185573227, 0.4916482857645738, 5.300312051026094, 2.6050453152253725, 3.4609629373965904, 3.2347522250965803, 1.8911395505533393, 2.4951886506647956, 3.2909579412723082, 0.32782481754358594, 3.9855421993112676, 2.309270296303081, 0.1348796621472648, 0.2126218251909422, 0.07089180017474296, 0.11025178238528746, 0.10899338964785528, 1.4506100277067921, 0.23980210217579778, 12.0084280878437, 10.852518632280367, 16.869869390093204, 19.04760083509217, 18.467280987544818, 12.257927535632017, 8.133093817553988, 16.505127726291654, 17.3606406433884, 0.4467604040343156, 0.39342019398691536, 1.4689449185573227, 0.4916482857645738, 5.300312051026094, 2.6050453152253725, -1000.0]
[20160906140450] Location: x = -0.211688685042 y = -0.25253507962 z = 0.168569054505
[20160906140450] Current fitness = -1.0
[20160906140450] Pbest = -1.0
[20160906140450] Gbest = -1.0
[20160906140450] ---------------------------
[20160906140450] Executing iteration number: 0 Individual number: 44
[20160906140456] Robot fall detected
[20160906140456] Individual: [9.68859779199022, 7.881351751793671, 17.109656284342957, 7.4998161254227105, 19.452086393804247, 2.618218619179677, 13.788972668123947, 13.368211981313006, 7.369244284094718, 1.356321557320725, 0.7234624477579927, 1.0660908651187726, 0.35104973700185904, 7.9063587260136785, 2.7635996811188672, 1.0775008804192592, 0.7505454638524206, 2.7011081852178402, 3.843955375925674, 3.7128820895972043, 1.3820303267356393, 0.6114639145252013, 2.5194437494118285, 1.1121071407289822, 0.2081095600116153, 0.07119240869986164, 0.1398592660106917, 0.06351519185299806, 0.20310255582616424, 0.4266974335378244, 9.68859779199022, 7.881351751793671, 17.109656284342957, 7.4998161254227105, 19.452086393804247, 2.618218619179677, 13.788972668123947, 13.368211981313006, 7.369244284094718, 1.356321557320725, 0.7234624477579927, 1.0660908651187726, 0.35104973700185904, 7.9063587260136785, 2.7635996811188672, -1000.0]
[20160906140456] Location: x = -0.259186147686 y = -0.0605386006545 z = 0.195251236668
[20160906140456] Current fitness = -1.0
[20160906140456] Pbest = -1.0
[20160906140456] Gbest = -1.0
[20160906140456] ---------------------------
[20160906140456] Executing iteration number: 0 Individual number: 45
[20160906140504] Robot fall detected
[20160906140504] Individual: [16.104729046506755, 14.17632533859618, 17.759968381499757, 15.360801480841364, 2.462907215472975, 3.9257140161488806, 12.026297994775522, 7.243412603042066, 14.195956912389935, 0.2715488580735025, 0.6606499518122515, 0.48132725254040587, 0.454543882245646, 4.921315059886234, 1.292585026682663, 3.5712859865371818, 0.5687067126632257, 3.4986934191809964, 3.910370730668774, 3.7340441743565336, 2.709956510018873, 2.8131832704474085, 3.913120006824929, 3.6053870494194387, 0.13673293143089138, 0.08899863253863802, 0.15977036825741592, 0.07650033738892875, 0.23993827611083804, 0.3620683756688324, 16.104729046506755, 14.17632533859618, 17.759968381499757, 15.360801480841364, 2.462907215472975, 3.9257140161488806, 12.026297994775522, 7.243412603042066, 14.195956912389935, 0.2715488580735025, 0.6606499518122515, 0.48132725254040587, 0.454543882245646, 4.921315059886234, 1.292585026682663, -1000.0]
[20160906140504] Location: x = 0.380803706051 y = -0.182615668483 z = 0.167155631589
[20160906140504] Current fitness = -1.0
[20160906140504] Pbest = -1.0
[20160906140504] Gbest = -1.0
[20160906140504] ---------------------------
[20160906140504] Executing iteration number: 0 Individual number: 46
[20160906140512] Robot fall detected
[20160906140512] Individual: [13.875265012315548, 3.3820467039508078, 18.83887520890691, 9.2142755038643, 19.862863995360524, 5.335366326638195, 6.627269106182766, 18.321474974075805, 3.161533303588379, 0.2753633841297765, 0.40097829592384615, 1.1755419104971216, 0.5773253795159297, 7.3747292772519595, 1.4482832529469456, 3.375120338472582, 3.1361316609469734, 2.254476108279314, 0.5568077404745556, 3.873485847172131, 2.0866456787716037, 2.736216999907742, 0.32925225232124034, 1.8590329862389592, 0.2950103248133305, 0.14400175468655235, 0.20849543160932926, 0.06684494131301627, 0.7030940453397054, 0.4706195928310362, 13.875265012315548, 3.3820467039508078, 18.83887520890691, 9.2142755038643, 19.862863995360524, 5.335366326638195, 6.627269106182766, 18.321474974075805, 3.161533303588379, 0.2753633841297765, 0.40097829592384615, 1.1755419104971216, 0.5773253795159297, 7.3747292772519595, 1.4482832529469456, -1000.0]
[20160906140512] Location: x = -0.333532766572 y = 0.158582809109 z = 0.189104762578
[20160906140512] Current fitness = -1.0
[20160906140512] Pbest = -1.0
[20160906140512] Gbest = -1.0
[20160906140512] ---------------------------
[20160906140512] Executing iteration number: 0 Individual number: 47
[20160906140520] Robot fall detected
[20160906140520] Individual: [17.30771227691554, 9.492104307519604, 5.80503322021269, 8.41394303302262, 1.1003004962783018, 15.369232791928527, 5.412693944110148, 6.17696436243981, 4.419039677752912, 1.0882313624744204, 0.4819419894194426, 1.4416739282053568, 0.5502311227567509, 5.615903041839603, 2.8051032024585485, 1.376328117378804, 3.1701773891418528, 3.598505023005265, 0.35340554887913833, 0.9220515982782624, 0.8241336188376288, 0.11853186247913061, 2.8848584383528086, 3.543904607659206, 0.22309535000141517, 0.07182358352269569, 0.14761686768018623, 0.08155654050702013, 1.5034332307845304, 0.42086647721730486, 17.30771227691554, 9.492104307519604, 5.80503322021269, 8.41394303302262, 1.1003004962783018, 15.369232791928527, 5.412693944110148, 6.17696436243981, 4.419039677752912, 1.0882313624744204, 0.4819419894194426, 1.4416739282053568, 0.5502311227567509, 5.615903041839603, 2.8051032024585485, -1000.0]
[20160906140520] Location: x = 0.0374444048205 y = 0.281728152947 z = 0.199997093529
[20160906140520] Current fitness = -1.0
[20160906140520] Pbest = -1.0
[20160906140520] Gbest = -1.0
[20160906140520] ---------------------------
[20160906140520] Executing iteration number: 0 Individual number: 48
[20160906140528] Robot fall detected
[20160906140528] Individual: [10.217984592061761, 9.327191627305847, 10.577062757630834, 15.101693572842018, 2.1467051153907217, 18.289556005092518, 5.724968550734919, 9.257288236876823, 10.239503823618826, 0.9523027445846814, 0.3119181950459153, 1.3762344170023382, 0.5039090689039056, 3.0571754720067985, 2.041346601281197, 2.5275986805011947, 0.715997365991315, 2.301523794709783, 3.0528959607935615, 3.3097497189699983, 3.5297059708164245, 2.87307306142822, 0.9735734381058931, 0.748784286935849, 0.17532318759774934, 0.1162480865661242, 0.08569204529894511, 0.10950601644958219, 1.2712434493549942, 0.5402679166542488, 10.217984592061761, 9.327191627305847, 10.577062757630834, 15.101693572842018, 2.1467051153907217, 18.289556005092518, 5.724968550734919, 9.257288236876823, 10.239503823618826, 0.9523027445846814, 0.3119181950459153, 1.3762344170023382, 0.5039090689039056, 3.0571754720067985, 2.041346601281197, -1000.0]
[20160906140528] Location: x = -0.246263286441 y = -0.303157022503 z = 0.198872247327
[20160906140528] Current fitness = -1.0
[20160906140528] Pbest = -1.0
[20160906140528] Gbest = -1.0
[20160906140528] ---------------------------
[20160906140528] Executing iteration number: 0 Individual number: 49
[20160906140536] Robot fall detected
[20160906140536] Individual: [6.969617151479956, 15.497426591635769, 17.546450044412563, 14.049398447375186, 10.495776436902348, 13.975811835146805, 2.6621220441012485, 10.906085715052127, 15.451901802817599, 1.0943313497622214, 0.7370012205004777, 0.4482843302604982, 0.3728191053996037, 5.365941547527823, 2.559692318464591, 0.22547780618792373, 0.6324336249749472, 0.5358416735260146, 0.34940891856273626, 2.119786743739615, 3.270486827376449, 3.2199007049201014, 3.007720897468068, 1.6327143284306507, 0.0713274472199134, 0.1430965748843897, 0.2547860877810325, 0.08902046053851095, 1.4574548301446282, 0.33666323068982695, 6.969617151479956, 15.497426591635769, 17.546450044412563, 14.049398447375186, 10.495776436902348, 13.975811835146805, 2.6621220441012485, 10.906085715052127, 15.451901802817599, 1.0943313497622214, 0.7370012205004777, 0.4482843302604982, 0.3728191053996037, 5.365941547527823, 2.559692318464591, -1000.0]
[20160906140536] Location: x = -0.315434217041 y = 0.0420318851361 z = 0.190973129486
[20160906140536] Current fitness = -1.0
[20160906140536] Pbest = -1.0
[20160906140536] Gbest = -1.0

Results of this iteration: GBest Fitness: -1.0 GBest position: [11.127039910175291, 6.821686114294293, 10.718649158371804, 5.7913834223534115, 17.009492866592172, 11.650336531900987, 11.410110088768421, 5.749236470715277, 4.544338087896428, 0.4746190208736025, 0.42257945519349294, 0.5438036303714187, 0.6371624803500878, 6.768961046927071, 2.0331097177906647]

[20160906140536] ===========================
[20160906140536] ---------------------------
[20160906140536] Executing iteration number: 1 Individual number: 0
[20160906140544] Robot fall detected
[20160906140544] Individual: [12.223213861784568, 10.109606516625076, 11.817948211283257, 9.352993637403802, 17.795906044800336, 12.719587925295933, 14.610445902158276, 6.91887160917681, 6.18781735712964, 0.6811136193537097, 0.5002992123432202, 0.662908133514891, 0.7003927218195852, 7.023047559640502, 2.2517889215273565, 1.096173951609277, 3.2879204023307835, 1.0992990529114528, 3.56161021505039, 0.7864131782081638, 1.0692513933949461, 3.200335813389855, 1.169635138461532, 1.6434792692332127, 0.20649459848010715, 0.07771975714972723, 0.11910450314347229, 0.06323024146949742, 0.25408651271343125, 0.21867920373669184, 11.127039910175291, 6.821686114294293, 10.718649158371804, 5.7913834223534115, 17.009492866592172, 11.650336531900987, 11.410110088768421, 5.749236470715277, 4.544338087896428, 0.4746190208736025, 0.42257945519349294, 0.5438036303714187, 0.6371624803500878, 6.768961046927071, 2.0331097177906647, -1.0]
[20160906140544] Location: x = 0.349068564323 y = -0.283468037603 z = 0.162991259491
[20160906140544] Current fitness = -1.0
[20160906140544] Pbest = -1.0
[20160906140544] Gbest = -1.0
[20160906140544] ---------------------------
[20160906140544] Executing iteration number: 1 Individual number: 1
[20160906140554] Robot fall detected
[20160906140554] Individual: [15.198992259324728, 16.413904277637748, 13.04353133804006, 16.22469977000326, 8.470297665128982, 5.176219968962664, 20.0, 14.456941706473481, 17.800027371651982, 0.643071408281481, 0.5968590955450365, 1.4267811525444052, 0.4117493429449608, 8.0, 2.1641415723599287, 2.872226804006272, 0.46664480125773633, 0.8678421781161535, 2.018427395837448, 3.0951008680148138, 2.6039171276107957, 2.0564799268914307, 0.5795618071144572, 0.30195647673706794, 0.11752591052212193, 0.10610675775699423, 0.05146939399561415, 0.10258107341377518, 1.0913104147952268, 0.5675893741496988, 12.326765455318455, 15.947259476380012, 12.175689159923905, 14.206272374165811, 5.375196797114168, 2.572302841351868, 19.15800920185149, 13.877379899359024, 17.498070894914914, 0.5255454977593591, 0.4907523377880423, 1.375311758548791, 0.30916826953118565, 7.138797760305974, 1.59655219821023, -1.0]
[20160906140554] Location: x = 0.185428914911 y = 0.239092599837 z = 0.174536023022
[20160906140554] Current fitness = -1.0
[20160906140554] Pbest = -1.0
[20160906140554] Gbest = -1.0
[20160906140554] ---------------------------
[20160906140554] Executing iteration number: 1 Individual number: 2
[20160906140603] Robot fall detected
[20160906140603] Individual: [7.3505816731355775, 9.843464546215515, 8.839576360591266, 19.304482886866616, 7.5642895416490115, 19.91060958795018, 11.142173438384877, 8.323073215177041, 11.75806193847291, 0.7822687003933495, 0.4825413562682207, 0.7667582415767693, 0.7040203058984084, 8.0, 2.055900926195312, 4.0, 2.005943591183911, 1.9498561544631698, 0.1, 4.0, 0.1, 4.0, 0.1, 0.1, 0.05, 0.057278939673496655, 0.18044342057825918, 0.1316643918942767, 1.0363690914788786, 0.6000000000000001, 3.3505816731355775, 7.8375209550316045, 6.889720206128096, 19.204482886866614, 3.5642895416490115, 19.81060958795018, 7.1421734383848765, 8.223073215177042, 11.65806193847291, 0.7322687003933495, 0.425262416594724, 0.5863148209985101, 0.5723559140041317, 7.245861557403827, 1.455900926195312, -1.0]
[20160906140603] Location: x = 0.136432416718 y = 0.275091578226 z = 0.188235081131
[20160906140603] Current fitness = -1.0
[20160906140603] Pbest = -1.0
[20160906140603] Gbest = -1.0
[20160906140603] ---------------------------
[20160906140603] Executing iteration number: 1 Individual number: 3
[20160906140607] Robot fall detected
[20160906140607] Individual: [16.25250411624993, 5.645622853109063, 14.180305740281886, 13.239013730458977, 20.0, 10.420959034734427, 19.350857305879586, 17.900879501849424, 6.99252031510844, 0.6764848945306658, 0.6585466152980455, 1.5, 0.46051937335032245, 7.404288525826434, 1.8351573314042784, 0.1, 4.0, 3.8667105590139887, 0.1, 0.1, 4.0, 0.1, 0.1, 0.5952082193461026, 0.07146663649313115, 0.05, 0.05, 0.15000000000000002, 1.6, 0.6000000000000001, 16.15250411624993, 1.645622853109063, 10.313595181267898, 13.139013730458977, 19.939190087789747, 6.420959034734428, 19.250857305879585, 17.800879501849423, 6.397312095762337, 0.6050182580375347, 0.6085466152980454, 1.4847655257636012, 0.3105193733503224, 5.8042885258264345, 1.2351573314042783, -1.0]
[20160906140607] Location: x = -0.00920065866397 y = -0.0382397135557 z = 0.343327966582
[20160906140607] Current fitness = -1.0
[20160906140607] Pbest = -1.0
[20160906140607] Gbest = -1.0
[20160906140607] ---------------------------
[20160906140607] Executing iteration number: 1 Individual number: 4
[20160906140616] Robot fall detected
[20160906140616] Individual: [16.213281988564766, 16.424045026178785, 9.985818505878171, 17.85824971971406, 15.800364995653425, 7.474499376739395, 10.413538161213449, 14.566007498286421, 11.204692718747896, 1.1726883464621911, 0.6762244816435911, 1.2583745756525502, 0.5942458301132394, 8.0, 2.4107367649537985, 0.1, 0.4875923035404972, 4.0, 0.1, 2.3178249585211006, 3.511200745495893, 3.762338332362244, 0.9446082225133168, 2.7515909737925055, 0.05, 0.07505273470840845, 0.05, 0.11283256740732404, 1.1523137061488373, 0.5561457712302446, 16.113281988564765, 15.936452722638288, 5.9858185058781705, 17.75824971971406, 13.482540037132324, 3.963298631243502, 6.6511998288512055, 13.621399275773104, 8.45310174495539, 1.122688346462191, 0.6011717469351826, 1.2083745756525501, 0.48141326270591533, 7.467519853610407, 1.8545909937235538, -1.0]
[20160906140616] Location: x = 0.154247205639 y = 0.207972132476 z = 0.190666184664
[20160906140616] Current fitness = -1.0
[20160906140616] Pbest = -1.0
[20160906140616] Gbest = -1.0
[20160906140616] ---------------------------
[20160906140616] Executing iteration number: 1 Individual number: 5
[20160906140622] Robot fall detected
[20160906140622] Individual: [11.984482760274012, 8.302111882985553, 13.425318744090385, 6.328475288369431, 12.420544135419675, 11.444490924508726, 11.433274447058222, 8.171165725818247, 5.130345762025845, 0.6994675613390484, 0.75, 0.670189534950352, 0.4101232667766712, 4.222810198681742, 3.0, 4.0, 2.0644239369661905, 1.4151892222984601, 0.5170062453232287, 4.0, 4.0, 4.0, 1.0176787081892396, 4.0, 0.05, 0.05, 0.19968954733398317, 0.15000000000000002, 1.6, 0.2, 7.984482760274012, 6.2376879460193635, 12.010129521791924, 5.811469043046202, 8.420544135419675, 7.444490924508726, 7.433274447058222, 7.153487017629008, 1.1303457620258457, 0.6494675613390484, 0.7113404136034225, 0.4704999876163689, 0.2601232667766712, 2.6228101986817425, 2.9974634380507785, -1.0]
[20160906140622] Location: x = -0.249873183823 y = -0.138687745029 z = 0.194505569641
[20160906140622] Current fitness = -1.0
[20160906140622] Pbest = -1.0
[20160906140622] Gbest = -1.0
[20160906140622] ---------------------------
[20160906140622] Executing iteration number: 1 Individual number: 6
[20160906140629] Robot fall detected
[20160906140629] Individual: [18.223218324997184, 14.68150077791501, 12.724020958398896, 18.148014423445606, 10.715591563229733, 9.943544919966932, 11.949344047225933, 14.879227478631586, 19.108073669694093, 1.396386714354706, 0.5868511521347283, 0.6027507863980619, 0.5427746738154376, 5.137086595485795, 1.7005117365051923, 0.4142650726934809, 0.1, 0.1, 0.1, 4.0, 2.6097586583071415, 2.618752818382123, 0.1, 0.1, 0.05, 0.05, 0.24276378757603362, 0.15000000000000002, 1.6, 0.6000000000000001, 17.808953252303702, 14.58150077791501, 12.624020958398896, 18.048014423445604, 6.715591563229733, 7.3337862616597915, 9.33059122884381, 14.779227478631586, 19.00807366969409, 1.346386714354706, 0.5368511521347282, 0.3599869988220282, 0.3927746738154376, 3.537086595485795, 1.1005117365051922, -1.0]
[20160906140629] Location: x = -0.248939433804 y = -0.173994050779 z = 0.181616719184
[20160906140629] Current fitness = -1.0
[20160906140629] Pbest = -1.0
[20160906140629] Gbest = -1.0
[20160906140629] ---------------------------
[20160906140629] Executing iteration number: 1 Individual number: 7
[20160906140637] Robot fall detected
[20160906140637] Individual: [15.579325976669285, 6.008385003565479, 10.829429658002745, 7.837144228542494, 18.64689036015584, 5.1394231317316805, 2.362864006148006, 7.2093927877892146, 10.120390456140218, 1.5, 0.4795381191352126, 1.2221040777878964, 0.5442540857862345, 2.8135612494507316, 2.288384868770144, 2.6448430763925552, 3.7199056832807202, 2.980932499166672, 3.436968862582262, 2.9013427219022647, 3.7990599104927503, 1.4133739789719642, 3.664772948710367, 1.7887228234904309, 0.11379134841491009, 0.07269357061877506, 0.20252832749996805, 0.08638967285389301, 1.5779842294811468, 0.41878442133265065, 12.934482900276729, 2.288479320284759, 7.848497158836073, 4.400175365960232, 15.745547638253576, 1.3403632212389298, 0.949490027176042, 3.544619839078848, 8.331667632649786, 1.482097101027985, 0.40684454851643753, 1.0195757502879284, 0.4578644129323415, 1.2355770199695848, 1.8696004474374932, -1.0]
[20160906140637] Location: x = -0.298482391518 y = -0.138082030782 z = 0.192382581637
[20160906140637] Current fitness = -1.0
[20160906140637] Pbest = -1.0
[20160906140637] Gbest = -1.0
[20160906140637] ---------------------------
[20160906140637] Executing iteration number: 1 Individual number: 8
[20160906140641] Robot fall detected
[20160906140641] Individual: [18.552001866695328, 11.32329004950224, 14.537375050350889, 9.518404429168879, 6.6544934400382605, 10.661947452122444, 12.591054839099522, 8.342258308849367, 6.649465323709561, 0.6360908338234894, 0.75, 0.7004806675754345, 0.45426001752935063, 5.737095714627177, 2.262746301179434, 0.1, 0.1, 0.1, 0.1, 4.0, 4.0, 2.7790686470077777, 0.4451767029452549, 0.1, 0.17407841579155436, 0.05, 0.09034179612120834, 0.15000000000000002, 1.6, 0.32006220795695506, 18.452001866695326, 11.223290049502241, 14.437375050350889, 9.418404429168879, 2.65449344003826, 6.661947452122444, 9.811986192091744, 7.897081605904111, 6.549465323709561, 0.46201241803193505, 0.7338744436883577, 0.6101388714542262, 0.3042600175293506, 4.1370957146271765, 1.942684093222479, -1.0]
[20160906140641] Location: x = -0.267126781409 y = -0.078204578236 z = 0.183654610253
[20160906140641] Current fitness = -1.0
[20160906140641] Pbest = -1.0
[20160906140641] Gbest = -1.0
[20160906140641] ---------------------------
[20160906140641] Executing iteration number: 1 Individual number: 9
[20160906140650] Robot fall detected
[20160906140650] Individual: [5.321857696212181, 9.524851783550584, 7.1715604651962614, 17.614402786095244, 11.582486941443564, 14.596657128746587, 9.408498502836519, 10.95770137508139, 19.163989684431574, 0.8738211599841603, 0.5813971661317363, 0.58941136690078, 0.6464427767190086, 4.405547850239238, 2.7619640156767957, 4.0, 0.8898812318842062, 4.0, 0.1, 4.0, 1.0188146212614453, 4.0, 0.1, 0.1, 0.05, 0.05, 0.30000000000000004, 0.15000000000000002, 1.6, 0.2, 1.3218576962121809, 8.634970551666378, 3.1715604651962614, 17.514402786095243, 7.582486941443564, 13.577842507485142, 5.408498502836518, 10.85770137508139, 19.063989684431572, 0.8238211599841603, 0.5313971661317363, 0.28941136690077995, 0.49644277671900855, 2.805547850239238, 2.5619640156767955, -1.0]
[20160906140650] Location: x = -0.295336708762 y = -0.14608888412 z = 0.191880489742
[20160906140650] Current fitness = -1.0
[20160906140650] Pbest = -1.0
[20160906140650] Gbest = -1.0
[20160906140650] ---------------------------
[20160906140650] Executing iteration number: 1 Individual number: 10
[20160906140656] Robot fall detected
[20160906140656] Individual: [5.683593911181266, 15.580673217827698, 11.905091762881213, 16.117290718684515, 17.751260844723806, 12.804852292782822, 10.031158002645821, 16.17536318040867, 12.93368869654743, 1.0078592969771907, 0.47989372662885943, 0.7067440131182766, 0.47555634463486846, 5.02015785092639, 2.72611411053426, 4.0, 0.1, 0.1, 0.1, 0.4951990208163962, 3.4401121885659425, 4.0, 0.1, 0.1, 0.05, 0.05, 0.05, 0.15000000000000002, 1.6, 0.2, 1.6835939111812657, 15.480673217827698, 11.805091762881213, 16.017290718684514, 17.25606182390741, 9.36474010421688, 6.031158002645821, 16.07536318040867, 12.83368869654743, 0.9578592969771906, 0.42989372662885944, 0.6567440131182766, 0.32555634463486843, 3.4201578509263895, 2.5261141105342597, -1.0]
[20160906140656] Location: x = -0.205058606013 y = -0.169734298946 z = 0.188591341123
[20160906140656] Current fitness = -1.0
[20160906140656] Pbest = -1.0
[20160906140656] Gbest = -1.0
[20160906140656] ---------------------------
[20160906140656] Executing iteration number: 1 Individual number: 11
[20160906140711] Robot fall detected
[20160906140711] Individual: [17.678114463827406, 8.277628081090834, 19.463112001538253, 3.571800727824722, 11.059838632941783, 15.483417733978348, 17.19271035965637, 3.6254174075600893, 14.204473807188604, 0.712073561351342, 0.698101533554003, 0.4871759956245661, 0.7137214410973888, 7.383710042928185, 2.2348499517976617, 0.1, 1.0681073108867276, 0.6600777498924786, 2.8747351886440793, 4.0, 1.604912235007864, 0.1, 1.722474979844133, 0.1, 0.23257615428047954, 0.05, 0.1523747672854065, 0.15000000000000002, 0.6436274067953554, 0.390779587379992, 17.578114463827404, 7.209520770204106, 18.803034251645773, 0.6970655391806425, 7.059838632941784, 13.878505498970483, 17.09271035965637, 1.9029424277159563, 14.104473807188604, 0.47949740707086247, 0.6481015335540029, 0.3348012283391596, 0.5637214410973888, 6.74008263613283, 1.8440703644176695, -1.0]
[20160906140711] Location: x = -0.249140006858 y = 0.0218780424442 z = 0.193702377438
[20160906140711] Current fitness = -1.0
[20160906140711] Pbest = -1.0
[20160906140711] Gbest = -1.0
[20160906140711] ---------------------------
[20160906140711] Executing iteration number: 1 Individual number: 12
[20160906140721] Robot fall detected
[20160906140721] Individual: [6.536918380162002, 17.32141004719989, 9.898512997619635, 16.90813590033943, 20.0, 11.020290821654108, 9.195646849886067, 6.956902486437781, 16.868914682424652, 0.5324719101142629, 0.6059385364482062, 0.7483621615903566, 0.6776985586820164, 7.322768788046231, 1.952299134303972, 3.8065962110371405, 0.1, 3.386937597990843, 0.1, 3.1510340407840527, 3.000623126007047, 4.0, 3.730096133137917, 0.1, 0.12833460403186842, 0.05, 0.27803479612700066, 0.07133019088478866, 0.26179261739146903, 0.5822615805163794, 2.730322169124862, 17.22141004719989, 6.511575399628792, 16.80813590033943, 17.553529150420857, 8.01966769564706, 5.195646849886068, 3.226806353299864, 16.76891468242465, 0.40413730608239445, 0.5559385364482061, 0.47032736546335596, 0.6063683677972278, 7.060976170654762, 1.3700375537875924, -1.0]
[20160906140721] Location: x = 0.384830223591 y = -0.0618192666387 z = 0.191571194668
[20160906140721] Current fitness = -1.0
[20160906140721] Pbest = -1.0
[20160906140721] Gbest = -1.0
[20160906140721] ---------------------------
[20160906140721] Executing iteration number: 1 Individual number: 13
[20160906140730] Service call failed: service [/gazebo/get_model_state] returned no response
