Created log file at 20160906141611

Constants and Parameters: 
###########################################
WEIGHT_BOUNDS = [0.5, 20.0]
Tr1_BOUNDS = [0.25, 1.5]
Tr2_BOUNDS = [0.25, 0.75]
Ta1_BOUNDS = [0.25, 1.5]
Ta2_BOUNDS = [0.25, 0.75]
b_BOUNDS = [1.0, 8.0]
s_BOUNDS = [1.0, 3.0]
TRIAL_DURATION = 30
STEP_DURATION = 0.2
POPULATION_SIZE = 50
MAX_ITERS = 100
VEL_BOUND_PCT = 0.2
C1 = 2.0
C2 = 2.0
INERTIAL_WEIGHT_BOUNDS = [0.4, 0.9]
###########################################

[20160906141611] ===========================
[20160906141611] ---------------------------
[20160906141611] Executing iteration number: 0 Individual number: 0
[20160906141625] Robot fall detected
[20160906141625] Individual: [14.1373742248205, 13.922939386805703, 3.034368071479665, 4.763687560056723, 16.748218195679986, 19.1648213551533, 17.582898666919185, 13.66124625885268, 7.775606272333329, 0.6512014982307245, 0.43099322173148696, 0.577043764085056, 0.7253850278822074, 7.671843807078781, 2.9882915410451636, 3.0622109342696935, 1.2284425469974936, 2.163670837982514, 1.6293005941257863, 3.0177113810933056, 0.7867581698551158, 2.1580260617115887, 3.103316167152384, 3.607319843120502, 0.19856798103321716, 0.07501895059354347, 0.2547504267591864, 0.12626371926631907, 1.3442887910110277, 0.3579859118216345, 14.1373742248205, 13.922939386805703, 3.034368071479665, 4.763687560056723, 16.748218195679986, 19.1648213551533, 17.582898666919185, 13.66124625885268, 7.775606272333329, 0.6512014982307245, 0.43099322173148696, 0.577043764085056, 0.7253850278822074, 7.671843807078781, 2.9882915410451636, -1000.0]
[20160906141625] Location: x = -0.267897736673 y = -0.193054333083 z = 0.196342993289
[20160906141625] Current fitness = -1.0
[20160906141625] Pbest = -1.0
[20160906141625] Gbest = -1.0
[20160906141625] ---------------------------
[20160906141625] Executing iteration number: 0 Individual number: 1
[20160906141640] Robot fall detected
[20160906141640] Individual: [8.250421551618825, 16.060768595517555, 11.644151148201944, 1.0534616232861191, 11.715834927476228, 14.116827120837161, 9.639937319745064, 18.161443680609917, 4.23714551938002, 1.369513335504506, 0.6378914128187123, 1.439940317412865, 0.74060464231849, 2.149543458514212, 2.068877688906733, 0.19182425151696314, 3.4847534288131117, 3.1996373006419567, 3.2273943260294202, 2.05776348463364, 0.585809374503814, 3.6475857730083305, 0.5562835037698718, 1.4960606804294376, 0.09534603016662116, 0.09665845985322613, 0.09819473176541046, 0.07413249600395166, 0.30561380042266617, 0.20613971409269782, 8.250421551618825, 16.060768595517555, 11.644151148201944, 1.0534616232861191, 11.715834927476228, 14.116827120837161, 9.639937319745064, 18.161443680609917, 4.23714551938002, 1.369513335504506, 0.6378914128187123, 1.439940317412865, 0.74060464231849, 2.149543458514212, 2.068877688906733, -1000.0]
[20160906141640] Location: x = -0.0215384395532 y = -0.274458934456 z = 0.181347596548
[20160906141640] Current fitness = -1.0
[20160906141640] Pbest = -1.0
[20160906141640] Gbest = -1.0
[20160906141640] ---------------------------
[20160906141640] Executing iteration number: 0 Individual number: 2
[20160906141653] Robot fall detected
[20160906141653] Individual: [4.491548023080689, 7.907922380761598, 15.330116758580344, 1.4571437056956293, 7.112295104113992, 1.490508826330537, 11.461530234093194, 12.29800919638586, 7.868935853872357, 0.38196215954837376, 0.45637453561385033, 1.3843115432170845, 0.5258652199521852, 2.16544796383564, 1.6154356982012898, 1.8402605789872868, 1.2088584772345676, 3.460769148308654, 1.2548920832048152, 3.2080848618833095, 1.4808300336598705, 2.2135137869186146, 0.7191570957489062, 1.1538608884122985, 0.19585231580125012, 0.14439171655792563, 0.1803924091663221, 0.05541361829881452, 0.7893295586824456, 0.580752664012162, 4.491548023080689, 7.907922380761598, 15.330116758580344, 1.4571437056956293, 7.112295104113992, 1.490508826330537, 11.461530234093194, 12.29800919638586, 7.868935853872357, 0.38196215954837376, 0.45637453561385033, 1.3843115432170845, 0.5258652199521852, 2.16544796383564, 1.6154356982012898, -1000.0]
[20160906141653] Location: x = 0.338310129945 y = 0.101491040979 z = 0.199138971346
[20160906141653] Current fitness = -1.0
[20160906141653] Pbest = -1.0
[20160906141653] Gbest = -1.0
[20160906141653] ---------------------------
[20160906141653] Executing iteration number: 0 Individual number: 3
[20160906141713] Robot fall detected
[20160906141713] Individual: [8.115976846054389, 16.3956090717847, 4.730544113164798, 5.0994058845662655, 5.7585796578027075, 1.7266731025492872, 11.525253206073925, 16.75513413130646, 2.64768121026081, 0.39127456699550067, 0.42877489027552984, 1.0812022204767944, 0.732728245783179, 2.4864937261963465, 2.261157705211665, 0.43819020501465133, 2.582247926220442, 1.7137819247536923, 2.9851474091509034, 2.5150815080788815, 3.7046359036572465, 1.0882725389845906, 1.8540758652819, 2.1841782992623844, 0.0754497538641011, 0.07396035858950611, 0.25239631330907736, 0.12585760963276932, 0.7083918918007188, 0.40866996795255195, 8.115976846054389, 16.3956090717847, 4.730544113164798, 5.0994058845662655, 5.7585796578027075, 1.7266731025492872, 11.525253206073925, 16.75513413130646, 2.64768121026081, 0.39127456699550067, 0.42877489027552984, 1.0812022204767944, 0.732728245783179, 2.4864937261963465, 2.261157705211665, -1000.0]
[20160906141713] Location: x = 0.377652204053 y = 0.1762850351 z = 0.189115625875
[20160906141713] Current fitness = -1.0
[20160906141713] Pbest = -1.0
[20160906141713] Gbest = -1.0
[20160906141713] ---------------------------
[20160906141713] Executing iteration number: 0 Individual number: 4
[20160906141731] Robot fall detected
[20160906141731] Individual: [14.74758269531684, 19.995855657858453, 9.581742338662169, 6.98272968049743, 10.86774470934375, 2.579423893633747, 9.021200646259665, 8.642907524323345, 3.280927119425257, 1.0704780380382215, 0.5780170095863894, 1.1799093359896355, 0.38377249535174335, 2.764433456999943, 2.4936397163417996, 2.8443268813919422, 0.48039659285727265, 3.151274001662427, 0.7733541288356603, 0.9036121411649333, 1.8333601415573182, 2.8772587527424127, 0.541042553312677, 0.5865115162732165, 0.060898105911774206, 0.12584971977887424, 0.07435408038633856, 0.11056807422466841, 0.32243499732831704, 0.3872365921522818, 14.74758269531684, 19.995855657858453, 9.581742338662169, 6.98272968049743, 10.86774470934375, 2.579423893633747, 9.021200646259665, 8.642907524323345, 3.280927119425257, 1.0704780380382215, 0.5780170095863894, 1.1799093359896355, 0.38377249535174335, 2.764433456999943, 2.4936397163417996, -1000.0]
[20160906141731] Location: x = 0.30632409317 y = -0.200123091086 z = 0.19177368003
[20160906141731] Current fitness = -1.0
[20160906141731] Pbest = -1.0
[20160906141731] Gbest = -1.0
[20160906141731] ---------------------------
[20160906141731] Executing iteration number: 0 Individual number: 5
[20160906141744] Robot fall detected
[20160906141744] Individual: [4.84234869794509, 19.510031369799332, 12.674949807579509, 1.9822124825782335, 4.353266716633582, 15.275264957037196, 10.30984458071481, 9.453721133101544, 8.802829121835131, 0.8696462518821894, 0.2592034444620548, 1.3571676215668662, 0.7388419455086909, 6.568833167230817, 2.4512435003373043, 0.7652331679486885, 0.9428081261190486, 2.6026628560954514, 1.1304712861366637, 0.8374760765088715, 3.7129358469784446, 0.43154243611852494, 1.5556837602620674, 0.9891303874740165, 0.09190959872140231, 0.12029240380379903, 0.22888762886772174, 0.09578748835680634, 1.2291142114736886, 0.3260085477717347, 4.84234869794509, 19.510031369799332, 12.674949807579509, 1.9822124825782335, 4.353266716633582, 15.275264957037196, 10.30984458071481, 9.453721133101544, 8.802829121835131, 0.8696462518821894, 0.2592034444620548, 1.3571676215668662, 0.7388419455086909, 6.568833167230817, 2.4512435003373043, -1000.0]
[20160906141744] Location: x = 0.228147419125 y = -0.153758800759 z = 0.199284596349
[20160906141744] Current fitness = -1.0
[20160906141744] Pbest = -1.0
[20160906141744] Gbest = -1.0
[20160906141744] ---------------------------
[20160906141744] Executing iteration number: 0 Individual number: 6
[20160906141801] Robot fall detected
[20160906141801] Individual: [15.108654063796713, 12.519269206213357, 13.584802922018927, 6.102136432675695, 11.567446139134233, 7.548098092122301, 15.320141283056273, 19.80862159820591, 2.2156240350567806, 1.2287482613517788, 0.38957037453384646, 0.3673349434657055, 0.6037231032128584, 6.769952534216742, 1.1101378378237843, 1.5431180006679783, 2.2299483677311587, 0.9931005078895032, 2.8909751276677897, 2.580192724644647, 3.458420718777217, 3.2874469728939153, 3.9889517458683788, 3.2665689957543047, 0.20019434114218204, 0.1476459666567553, 0.1708245219239221, 0.12379655101090054, 0.6532326980595378, 0.20153204445221667, 15.108654063796713, 12.519269206213357, 13.584802922018927, 6.102136432675695, 11.567446139134233, 7.548098092122301, 15.320141283056273, 19.80862159820591, 2.2156240350567806, 1.2287482613517788, 0.38957037453384646, 0.3673349434657055, 0.6037231032128584, 6.769952534216742, 1.1101378378237843, -1000.0]
[20160906141801] Location: x = -0.263126578844 y = -0.322213213064 z = 0.171656603406
[20160906141801] Current fitness = -1.0
[20160906141801] Pbest = -1.0
[20160906141801] Gbest = -1.0
[20160906141801] ---------------------------
[20160906141801] Executing iteration number: 0 Individual number: 7
[20160906141814] Robot fall detected
[20160906141814] Individual: [15.812173157007427, 18.54105159415441, 5.1577302296154315, 0.8701852661466555, 10.950575746103041, 18.65516918770414, 11.33180356516236, 14.342547634858562, 9.141502475302504, 1.404223988646013, 0.7128371981819694, 1.0982705227225114, 0.38941972131123886, 4.437583352859656, 2.6212494648985203, 2.511583731118507, 2.2579377455683813, 3.4943454285641176, 0.36257467389211895, 3.3540682217709676, 1.5896298098792578, 2.3026919711456637, 3.937622311285039, 1.1528533282248887, 0.2270000234735412, 0.14142878123977937, 0.23549460493130758, 0.10193802444697234, 0.908630431151422, 0.3627255376277123, 15.812173157007427, 18.54105159415441, 5.1577302296154315, 0.8701852661466555, 10.950575746103041, 18.65516918770414, 11.33180356516236, 14.342547634858562, 9.141502475302504, 1.404223988646013, 0.7128371981819694, 1.0982705227225114, 0.38941972131123886, 4.437583352859656, 2.6212494648985203, -1000.0]
[20160906141814] Location: x = 0.0245689834732 y = -0.320651761684 z = 0.175499402346
[20160906141814] Current fitness = -1.0
[20160906141814] Pbest = -1.0
[20160906141814] Gbest = -1.0
[20160906141814] ---------------------------
[20160906141814] Executing iteration number: 0 Individual number: 8
[20160906141825] Robot fall detected
[20160906141825] Individual: [11.038207279754802, 5.942776071788609, 6.467051944402606, 2.7331452065360238, 0.5474658029103652, 11.291518628434781, 16.7065950767203, 13.645118096032222, 14.629013206156097, 1.3732140476424155, 0.4198482239055138, 1.1529521576573738, 0.619496055575963, 2.3429271798087736, 1.0645107760310157, 3.88187001585195, 1.7019921626258303, 1.1196705846287942, 2.5503589624008187, 3.237088990781073, 3.473905167852209, 1.025266128407112, 2.212713880460093, 3.2379033547104785, 0.11467697151041198, 0.0806770997138554, 0.2966059540650572, 0.07664086355103977, 0.511892673323989, 0.25634057889773887, 11.038207279754802, 5.942776071788609, 6.467051944402606, 2.7331452065360238, 0.5474658029103652, 11.291518628434781, 16.7065950767203, 13.645118096032222, 14.629013206156097, 1.3732140476424155, 0.4198482239055138, 1.1529521576573738, 0.619496055575963, 2.3429271798087736, 1.0645107760310157, -1000.0]
[20160906141825] Location: x = -0.202644925397 y = 0.253260054508 z = 0.058945668411
[20160906141825] Current fitness = -1.0
[20160906141825] Pbest = -1.0
[20160906141825] Gbest = -1.0
[20160906141825] ---------------------------
[20160906141825] Executing iteration number: 0 Individual number: 9
[20160906141842] Robot fall detected
[20160906141842] Individual: [10.291620510834932, 19.70644401300814, 10.174679798618284, 6.090385641214649, 5.550745587219559, 7.507841527399067, 19.71890263997979, 13.522085202392802, 14.867313533413913, 1.178575008285682, 0.4316292764999573, 1.110673084251987, 0.7141661501135401, 3.837481233461146, 1.5388534471119535, 2.2482029868188107, 3.4983972614697443, 0.3166822059952738, 3.3341237821146965, 3.4646126209408137, 1.8721717292230404, 3.634164806150966, 1.5245193015281349, 3.6961933042307056, 0.24227530801209152, 0.14910654954435665, 0.234046569016366, 0.059531792833019, 0.42307242116272525, 0.25676184490069565, 10.291620510834932, 19.70644401300814, 10.174679798618284, 6.090385641214649, 5.550745587219559, 7.507841527399067, 19.71890263997979, 13.522085202392802, 14.867313533413913, 1.178575008285682, 0.4316292764999573, 1.110673084251987, 0.7141661501135401, 3.837481233461146, 1.5388534471119535, -1000.0]
[20160906141842] Location: x = 0.238279545816 y = -0.254960744663 z = 0.17754225455
[20160906141842] Current fitness = -1.0
[20160906141842] Pbest = -1.0
[20160906141842] Gbest = -1.0
[20160906141842] ---------------------------
[20160906141842] Executing iteration number: 0 Individual number: 10
[20160906141900] Robot fall detected
[20160906141900] Individual: [4.458363907723598, 2.2987398720259495, 10.444528758006065, 18.552788633620473, 12.47924099782029, 18.02070228831035, 7.322797399907442, 6.852821773977271, 19.124892330463016, 0.4934369449364572, 0.4964230607335815, 1.0924658504731863, 0.2991155932730799, 6.75977572175944, 1.225520538249018, 0.35292898707624987, 0.4457544885183783, 1.5664441827896918, 3.650816018932148, 1.1851016828845122, 3.400812750245776, 2.3350837489026923, 3.715449234757272, 2.3722127690755728, 0.26314036989621853, 0.050977243941512984, 0.14465203807268912, 0.1272917298502156, 0.2896755690463328, 0.5068851472685135, 4.458363907723598, 2.2987398720259495, 10.444528758006065, 18.552788633620473, 12.47924099782029, 18.02070228831035, 7.322797399907442, 6.852821773977271, 19.124892330463016, 0.4934369449364572, 0.4964230607335815, 1.0924658504731863, 0.2991155932730799, 6.75977572175944, 1.225520538249018, -1000.0]
[20160906141900] Location: x = 0.302383846314 y = -0.00195505740968 z = 0.1984339959
[20160906141900] Current fitness = -1.0
[20160906141900] Pbest = -1.0
[20160906141900] Gbest = -1.0
[20160906141900] ---------------------------
[20160906141900] Executing iteration number: 0 Individual number: 11
[20160906141913] Robot fall detected
[20160906141913] Individual: [3.7177038629131856, 11.984006453087108, 1.2884277564680882, 2.1979117921471216, 16.16295324239738, 2.4467591625351788, 12.113498923821165, 3.658543550266779, 13.425271318722022, 1.3903300349991787, 0.5564812926874212, 0.8388647939146012, 0.5535060884258691, 3.142173334104289, 2.602418735747343, 3.344950989454746, 2.9447615939428315, 2.8748440037855936, 3.2289191732633475, 0.11044729343521606, 1.9457830118502195, 2.108792700844128, 3.0169319122167635, 2.150504467906282, 0.1686584644594013, 0.06538153156334478, 0.2678736176737246, 0.08692467777463103, 0.961113014960258, 0.4996855407212148, 3.7177038629131856, 11.984006453087108, 1.2884277564680882, 2.1979117921471216, 16.16295324239738, 2.4467591625351788, 12.113498923821165, 3.658543550266779, 13.425271318722022, 1.3903300349991787, 0.5564812926874212, 0.8388647939146012, 0.5535060884258691, 3.142173334104289, 2.602418735747343, -1000.0]
[20160906141913] Location: x = -0.0367262908817 y = -0.299537820429 z = 0.169259638683
[20160906141913] Current fitness = -1.0
[20160906141913] Pbest = -1.0
[20160906141913] Gbest = -1.0
[20160906141913] ---------------------------
[20160906141913] Executing iteration number: 0 Individual number: 12
[20160906141923] Robot fall detected
[20160906141923] Individual: [2.6878008394592885, 3.6842692278030733, 18.123844388521185, 18.375372127515448, 7.329096552144057, 12.499359031957301, 5.071483571394159, 9.363998082556025, 6.504021694825561, 1.0549437363289094, 0.4502291665959072, 0.7462293164349678, 0.5055160763591072, 4.737838113842079, 2.566126041664977, 0.8826624734934303, 2.495291221878615, 0.32762804544051266, 3.4248305702687167, 1.979844781782227, 3.8095237825842, 1.8965210090628892, 1.1270411668826275, 2.9605452036190756, 0.23684464534576993, 0.13229795554372192, 0.11034526106035666, 0.14541819784421536, 1.071574949879572, 0.3364293200529999, 2.6878008394592885, 3.6842692278030733, 18.123844388521185, 18.375372127515448, 7.329096552144057, 12.499359031957301, 5.071483571394159, 9.363998082556025, 6.504021694825561, 1.0549437363289094, 0.4502291665959072, 0.7462293164349678, 0.5055160763591072, 4.737838113842079, 2.566126041664977, -1000.0]
[20160906141923] Location: x = 0.0785423236658 y = -0.361225164899 z = 0.181793257902
[20160906141923] Current fitness = -1.0
[20160906141923] Pbest = -1.0
[20160906141923] Gbest = -1.0
[20160906141923] ---------------------------
[20160906141923] Executing iteration number: 0 Individual number: 13
[20160906141936] Robot fall detected
[20160906141936] Individual: [1.633072029891402, 12.911335701803097, 17.81972847466436, 11.808491412232755, 8.505851112874678, 12.806892613381372, 17.9002102955748, 16.812620824644448, 9.03680851949506, 0.6189571682656245, 0.720569493626704, 0.34551309986783996, 0.6976124954007421, 6.744703685345829, 2.050665017199777, 1.3856012180394202, 3.616609380252389, 2.884441101221765, 2.1754917229968225, 3.3444888462394555, 1.9487158973913903, 1.4652318540147489, 1.7608072247205564, 1.2214522498491254, 0.10690251641187001, 0.09613654982061286, 0.21226654689835794, 0.12079189585936331, 1.5728231818311087, 0.25814621329166637, 1.633072029891402, 12.911335701803097, 17.81972847466436, 11.808491412232755, 8.505851112874678, 12.806892613381372, 17.9002102955748, 16.812620824644448, 9.03680851949506, 0.6189571682656245, 0.720569493626704, 0.34551309986783996, 0.6976124954007421, 6.744703685345829, 2.050665017199777, -1000.0]
[20160906141936] Location: x = -0.288200377886 y = 0.0221006249029 z = 0.194125776837
[20160906141936] Current fitness = -1.0
[20160906141936] Pbest = -1.0
[20160906141936] Gbest = -1.0
[20160906141936] ---------------------------
[20160906141936] Executing iteration number: 0 Individual number: 14
[20160906141949] Robot fall detected
[20160906141949] Individual: [0.804389617281249, 19.407974025189976, 4.371086331387808, 10.586767066193676, 9.589429641849971, 19.820937844408263, 14.414658069854468, 13.876211772233374, 3.0822714684813572, 1.098426039566744, 0.4698377773879143, 1.3739371777649756, 0.5292765463728064, 2.8794162954311897, 1.533031833342025, 3.6740024532499547, 3.6910656958693853, 2.7672377745297037, 1.801927293100117, 2.214129526914099, 3.070491520421028, 1.6117441731464268, 3.3937077734643846, 1.3787269734652432, 0.1453168653417904, 0.1065932831737579, 0.18208917465449298, 0.05631656290741192, 1.3419859587420067, 0.3538542456547499, 0.804389617281249, 19.407974025189976, 4.371086331387808, 10.586767066193676, 9.589429641849971, 19.820937844408263, 14.414658069854468, 13.876211772233374, 3.0822714684813572, 1.098426039566744, 0.4698377773879143, 1.3739371777649756, 0.5292765463728064, 2.8794162954311897, 1.533031833342025, -1000.0]
[20160906141949] Location: x = -0.301188957333 y = -0.0108549851954 z = 0.197838389823
[20160906141949] Current fitness = -1.0
[20160906141949] Pbest = -1.0
[20160906141949] Gbest = -1.0
[20160906141949] ---------------------------
[20160906141949] Executing iteration number: 0 Individual number: 15
[20160906142007] Robot fall detected
[20160906142007] Individual: [19.50079878808644, 14.934230044311297, 2.6052572199070534, 13.80214278580577, 0.534865817215731, 3.233253027906497, 17.850921779474913, 15.355974731922457, 2.240831565744844, 1.0982973098487552, 0.5885626066076017, 1.2940361297041898, 0.42546004743885135, 7.413213138873435, 1.8714636040558725, 2.0638941689314576, 3.3047578748638338, 2.1548491748747574, 1.5739626860691143, 1.2820410471772425, 1.7219268493594093, 2.430884467013755, 2.2136200324669755, 1.7493829204866422, 0.29937372767168996, 0.052183273156283405, 0.10469028834440836, 0.12502653269405706, 0.3072052873880366, 0.34823787783900884, 19.50079878808644, 14.934230044311297, 2.6052572199070534, 13.80214278580577, 0.534865817215731, 3.233253027906497, 17.850921779474913, 15.355974731922457, 2.240831565744844, 1.0982973098487552, 0.5885626066076017, 1.2940361297041898, 0.42546004743885135, 7.413213138873435, 1.8714636040558725, -1000.0]
[20160906142007] Location: x = 0.332656568098 y = -0.11493428232 z = 0.19950017877
[20160906142007] Current fitness = -1.0
[20160906142007] Pbest = -1.0
[20160906142007] Gbest = -1.0
[20160906142007] ---------------------------
[20160906142007] Executing iteration number: 0 Individual number: 16
