Created log file at 20160906142045

Constants and Parameters: 
###########################################
WEIGHT_BOUNDS = [0.5, 20.0]
Tr1_BOUNDS = [0.25, 1.5]
Tr2_BOUNDS = [0.25, 0.75]
Ta1_BOUNDS = [0.25, 1.5]
Ta2_BOUNDS = [0.25, 0.75]
b_BOUNDS = [1.0, 8.0]
s_BOUNDS = [1.0, 3.0]
TRIAL_DURATION = 30
STEP_DURATION = 0.2
POPULATION_SIZE = 10
MAX_ITERS = 100
VEL_BOUND_PCT = 0.2
C1 = 2.0
C2 = 2.0
INERTIAL_WEIGHT_BOUNDS = [0.4, 0.9]
###########################################

[20160906142045] ===========================
[20160906142045] ---------------------------
[20160906142045] Executing iteration number: 0 Individual number: 0
[20160906142100] Robot fall detected
[20160906142100] Individual: [0.6541612666859538, 4.424036583571359, 15.607770040699425, 13.578930089925446, 2.5010441724207486, 11.89457704048279, 11.480602254289533, 3.182158518420527, 18.672287976028503, 1.317664555218991, 0.44657006614523853, 0.7728088404866751, 0.6827657119098102, 2.5578060346985634, 2.2822689041073407, 1.941172814498383, 3.3673396527517077, 1.597739251553919, 0.13065249647602614, 1.8238210397378984, 3.8782555130715926, 0.7163492018514647, 0.4609527156910652, 0.13037026078221794, 0.10610295010776957, 0.13361770454409735, 0.1834362860663758, 0.14675119356596927, 0.6729490589835345, 0.27448955696613914, 0.6541612666859538, 4.424036583571359, 15.607770040699425, 13.578930089925446, 2.5010441724207486, 11.89457704048279, 11.480602254289533, 3.182158518420527, 18.672287976028503, 1.317664555218991, 0.44657006614523853, 0.7728088404866751, 0.6827657119098102, 2.5578060346985634, 2.2822689041073407, -1000.0]
[20160906142100] Location: x = -0.357439519891 y = -0.0440919039611 z = 0.179015786488
[20160906142100] Current fitness = -1.0
[20160906142100] Pbest = -1.0
[20160906142100] Gbest = -1.0
[20160906142100] ---------------------------
[20160906142100] Executing iteration number: 0 Individual number: 1
[20160906142112] Robot fall detected
[20160906142112] Individual: [2.2813756025079828, 17.543056145364186, 3.8251841388876273, 6.334534758919973, 2.955333134953741, 16.910694875401912, 10.568384344732115, 7.417881930418505, 17.197607427591336, 0.41088554901275615, 0.4510308809055215, 0.8324116096680958, 0.278125808135199, 3.812307637035528, 2.238743042533487, 3.885168645868539, 1.6023876530540644, 2.5499844834354004, 0.6387537975531502, 0.9320929087098876, 2.5594151786853456, 3.1390633291411367, 1.5498281894768005, 1.6895046529109679, 0.14304798580024664, 0.11839174775639415, 0.25216825013587063, 0.0604294148683617, 0.649965331710791, 0.2616235840650231, 2.2813756025079828, 17.543056145364186, 3.8251841388876273, 6.334534758919973, 2.955333134953741, 16.910694875401912, 10.568384344732115, 7.417881930418505, 17.197607427591336, 0.41088554901275615, 0.4510308809055215, 0.8324116096680958, 0.278125808135199, 3.812307637035528, 2.238743042533487, -1000.0]
[20160906142112] Location: x = -0.311137297534 y = 0.081611792253 z = 0.171030855424
[20160906142112] Current fitness = -1.0
[20160906142112] Pbest = -1.0
[20160906142112] Gbest = -1.0
[20160906142112] ---------------------------
[20160906142112] Executing iteration number: 0 Individual number: 2
[20160906142129] Robot fall detected
[20160906142129] Individual: [15.267710650509402, 1.3305698521833618, 14.6693624313053, 15.740884525622144, 1.5590237410523242, 11.898372346228713, 17.047770945580147, 0.8225884821728777, 15.623561455491272, 1.40315638634924, 0.4163614706913791, 0.448071168541841, 0.6299997822654902, 5.693969016880022, 1.9358821723818591, 3.2461241013223576, 1.13638676116095, 3.2857396418757387, 2.308982144838218, 0.13227245841586263, 3.8626749132358214, 0.2380408646984808, 3.0356174896885717, 3.4042843855227685, 0.1596903118684448, 0.12140893802144705, 0.1344809101322645, 0.13400856799394234, 0.9780151107041786, 0.5475427281228824, 15.267710650509402, 1.3305698521833618, 14.6693624313053, 15.740884525622144, 1.5590237410523242, 11.898372346228713, 17.047770945580147, 0.8225884821728777, 15.623561455491272, 1.40315638634924, 0.4163614706913791, 0.448071168541841, 0.6299997822654902, 5.693969016880022, 1.9358821723818591, -1000.0]
[20160906142129] Location: x = 0.360219145305 y = -0.237258976309 z = 0.179309304275
[20160906142129] Current fitness = -1.0
[20160906142129] Pbest = -1.0
[20160906142129] Gbest = -1.0
[20160906142129] ---------------------------
[20160906142129] Executing iteration number: 0 Individual number: 3
[20160906142150] Robot fall detected
[20160906142150] Individual: [0.954567834266852, 9.905472959139486, 2.8579085526080417, 11.202818447534069, 12.593864007377377, 13.914209600097255, 19.412368840135105, 3.2744241957102878, 6.009810771631522, 1.322227660248692, 0.480502904311619, 0.40700510929640044, 0.6921383965170012, 1.919929308484336, 2.990208393008187, 1.4355225343222335, 0.927845750778034, 0.2960295357260184, 2.8685857057498043, 1.5312896243591974, 1.0133238033016023, 1.3149496260633697, 0.38079719280035995, 1.0630950885353518, 0.16109079998823272, 0.08424146063208797, 0.10008667867219609, 0.09089392079941616, 0.37851155739209097, 0.3325224855900383, 0.954567834266852, 9.905472959139486, 2.8579085526080417, 11.202818447534069, 12.593864007377377, 13.914209600097255, 19.412368840135105, 3.2744241957102878, 6.009810771631522, 1.322227660248692, 0.480502904311619, 0.40700510929640044, 0.6921383965170012, 1.919929308484336, 2.990208393008187, -1000.0]
[20160906142150] Location: x = -0.310263356975 y = -0.0347961385034 z = 0.197155988447
[20160906142150] Current fitness = -1.0
[20160906142150] Pbest = -1.0
[20160906142150] Gbest = -1.0
[20160906142150] ---------------------------
[20160906142150] Executing iteration number: 0 Individual number: 4
[20160906142200] Robot fall detected
[20160906142200] Individual: [8.707490822997194, 15.85025194989114, 1.0684853283809987, 14.74238444464075, 2.0073174320107485, 9.240998870049708, 17.052088838154987, 14.283749975854864, 10.31821848482579, 0.9322639767741625, 0.5497753341663758, 0.3291070490280796, 0.676067725466995, 2.7472719513638437, 2.6912723520539656, 1.822260473749161, 0.7638449042117847, 1.1623438721144141, 2.073962650252615, 0.818041680486194, 2.6869891120614473, 3.3337007559303866, 2.0613193896637103, 1.9420802438222262, 0.19338770920054854, 0.117001284333167, 0.22518967943872986, 0.11817528416923397, 0.744155947276151, 0.516246090657366, 8.707490822997194, 15.85025194989114, 1.0684853283809987, 14.74238444464075, 2.0073174320107485, 9.240998870049708, 17.052088838154987, 14.283749975854864, 10.31821848482579, 0.9322639767741625, 0.5497753341663758, 0.3291070490280796, 0.676067725466995, 2.7472719513638437, 2.6912723520539656, -1000.0]
[20160906142200] Location: x = -0.442582341396 y = -0.0293380711613 z = 0.0662993764749
[20160906142200] Current fitness = -1.0
[20160906142200] Pbest = -1.0
[20160906142200] Gbest = -1.0
[20160906142200] ---------------------------
[20160906142200] Executing iteration number: 0 Individual number: 5
[20160906142212] Service call failed: service [/gazebo/get_model_state] returned no response
