Created log file at 20160906142219

Constants and Parameters: 
###########################################
WEIGHT_BOUNDS = [0.5, 20.0]
Tr1_BOUNDS = [0.25, 1.5]
Tr2_BOUNDS = [0.25, 0.75]
Ta1_BOUNDS = [0.25, 1.5]
Ta2_BOUNDS = [0.25, 0.75]
b_BOUNDS = [1.0, 8.0]
s_BOUNDS = [1.0, 3.0]
TRIAL_DURATION = 30
STEP_DURATION = 0.2
POPULATION_SIZE = 10
MAX_ITERS = 100
VEL_BOUND_PCT = 0.2
C1 = 2.0
C2 = 2.0
INERTIAL_WEIGHT_BOUNDS = [0.4, 0.9]
###########################################

[20160906142219] ===========================
[20160906142219] ---------------------------
[20160906142219] Executing iteration number: 0 Individual number: 0
[20160906142231] Robot fall detected
[20160906142231] Individual: [8.15516360091998, 3.3052278211208916, 8.927180439979036, 4.101982041380401, 12.310131723651127, 13.563353657592437, 17.820104899902976, 16.787669241038643, 9.468744696798172, 1.1032666052286095, 0.5119148786157532, 1.1047847076832626, 0.6246470501607908, 6.607591825380943, 2.9886120930968927, 1.75895452280217, 3.255257267796817, 1.027738715112596, 1.7552266367485694, 2.07995649856058, 3.386369813134212, 1.2253864989697825, 1.7803743375036216, 1.8438309044890127, 0.22368198579083953, 0.08776774902681314, 0.05045483697213672, 0.11124705719435832, 0.20909729939116545, 0.49628945682260645, 8.15516360091998, 3.3052278211208916, 8.927180439979036, 4.101982041380401, 12.310131723651127, 13.563353657592437, 17.820104899902976, 16.787669241038643, 9.468744696798172, 1.1032666052286095, 0.5119148786157532, 1.1047847076832626, 0.6246470501607908, 6.607591825380943, 2.9886120930968927, -1000.0]
[20160906142231] Location: x = 0.441361760059 y = 0.038893109915 z = 0.119205737186
[20160906142231] Current fitness = 0.441361760059
[20160906142231] Pbest = 0.441361760059
[20160906142231] Gbest = 0.441361760059
[20160906142231] ---------------------------
[20160906142231] Executing iteration number: 0 Individual number: 1
[20160906142247] Robot fall detected
[20160906142247] Individual: [12.295038313245586, 7.051433583407935, 19.832705381155748, 12.934102340697732, 3.9961935460865066, 7.446512580966439, 16.450300736619884, 16.15810830147737, 6.538201281785879, 0.825923780262657, 0.4509734489850076, 0.5304636987247313, 0.4295806769606027, 1.761913623163315, 2.2643602479669385, 2.7837054619171355, 1.6900322623242938, 3.2660788229079114, 3.3029766194283723, 0.6751107823683652, 1.5595467924585182, 1.4300754194467158, 2.729390220669278, 0.4290035689279499, 0.19915084985244197, 0.13317222173776486, 0.10473245500934855, 0.10135580996632806, 1.3568397499675995, 0.5773018883395075, 12.295038313245586, 7.051433583407935, 19.832705381155748, 12.934102340697732, 3.9961935460865066, 7.446512580966439, 16.450300736619884, 16.15810830147737, 6.538201281785879, 0.825923780262657, 0.4509734489850076, 0.5304636987247313, 0.4295806769606027, 1.761913623163315, 2.2643602479669385, -1000.0]
[20160906142247] Location: x = 0.100125085554 y = -0.253700460316 z = 0.193696773834
[20160906142247] Current fitness = 0.10011064717
[20160906142247] Pbest = 0.10011064717
[20160906142247] Gbest = 0.441361760059
[20160906142247] ---------------------------
[20160906142247] Executing iteration number: 0 Individual number: 2
[20160906142258] Robot fall detected
[20160906142258] Individual: [1.2850475303182325, 17.724725738377266, 17.29063751811857, 10.355160082540836, 7.956732893665091, 10.468494358683119, 6.618946230035434, 18.534073529429712, 18.33661879774032, 0.2756765993703692, 0.5171293362779968, 1.1076695030974493, 0.40793779821456905, 6.2318466671807915, 2.7265126931164074, 2.538090745778756, 1.801858030964759, 2.1809022610952393, 1.9888835591031517, 0.7368233042419773, 1.7475436231391177, 3.879329804255122, 2.3878908879169263, 3.1352595419082716, 0.07699811826710937, 0.09483621707118772, 0.2148588678875894, 0.06083212051854019, 0.29706618879426133, 0.23024224328876383, 1.2850475303182325, 17.724725738377266, 17.29063751811857, 10.355160082540836, 7.956732893665091, 10.468494358683119, 6.618946230035434, 18.534073529429712, 18.33661879774032, 0.2756765993703692, 0.5171293362779968, 1.1076695030974493, 0.40793779821456905, 6.2318466671807915, 2.7265126931164074, -1000.0]
[20160906142258] Location: x = -0.263473535192 y = -0.288959510403 z = 0.0690844324128
[20160906142258] Current fitness = -1.0
[20160906142258] Pbest = -1.0
[20160906142258] Gbest = 0.441361760059
[20160906142258] ---------------------------
[20160906142258] Executing iteration number: 0 Individual number: 3
[20160906142313] Robot fall detected
[20160906142313] Individual: [13.034051915932794, 4.412980261449029, 17.008110924378197, 10.822927084527658, 3.925979095691075, 1.292275836486423, 8.466339857891281, 1.640629185361275, 11.484790820241068, 0.5051846990816932, 0.3870437549765036, 1.0851137437350304, 0.35053002657031906, 1.458289325938744, 2.2317717267724255, 1.1233094176834868, 0.8424663092791703, 1.283468186603987, 1.9123138745433759, 3.4672706304230787, 1.7315977138171543, 2.6536406362428684, 0.26541260460467947, 0.7052715856799925, 0.1004101191199534, 0.08704944865382684, 0.17924229687059745, 0.08566381484097217, 0.8207919415212823, 0.21447138904363033, 13.034051915932794, 4.412980261449029, 17.008110924378197, 10.822927084527658, 3.925979095691075, 1.292275836486423, 8.466339857891281, 1.640629185361275, 11.484790820241068, 0.5051846990816932, 0.3870437549765036, 1.0851137437350304, 0.35053002657031906, 1.458289325938744, 2.2317717267724255, -1000.0]
[20160906142313] Location: x = 0.152322010855 y = -0.325199849685 z = 0.186410479245
[20160906142313] Current fitness = 0.152322010855
[20160906142313] Pbest = 0.152322010855
[20160906142313] Gbest = 0.441361760059
[20160906142313] ---------------------------
[20160906142313] Executing iteration number: 0 Individual number: 4
[20160906142326] Robot fall detected
[20160906142326] Individual: [13.811375852822948, 10.999146027607239, 3.4358682984159445, 10.955832082670833, 6.797605615762229, 14.079103164683463, 12.129542610969493, 19.732786462392998, 15.929672277448706, 0.5985749740955222, 0.3540201605864251, 1.1781337604703628, 0.3248768018387158, 5.853937357649511, 1.892986007016536, 3.610870857114245, 2.284048619493227, 2.8313772786444455, 2.242662398734963, 2.461520438716052, 1.1170246180197247, 1.3899547657033373, 1.7440501312235483, 2.564896181427181, 0.2852601047112723, 0.084019894780483, 0.21450476966639942, 0.07784666454065661, 0.8446635131750582, 0.2170991079370761, 13.811375852822948, 10.999146027607239, 3.4358682984159445, 10.955832082670833, 6.797605615762229, 14.079103164683463, 12.129542610969493, 19.732786462392998, 15.929672277448706, 0.5985749740955222, 0.3540201605864251, 1.1781337604703628, 0.3248768018387158, 5.853937357649511, 1.892986007016536, -1000.0]
[20160906142326] Location: x = -0.407121350387 y = -0.155269659228 z = 0.186494887747
[20160906142326] Current fitness = -1.0
[20160906142326] Pbest = -1.0
[20160906142326] Gbest = 0.441361760059
[20160906142326] ---------------------------
[20160906142326] Executing iteration number: 0 Individual number: 5
[20160906142347] Robot fall detected
[20160906142347] Individual: [4.109766108017663, 8.14135768465157, 18.976380291331456, 5.7741265733812375, 1.9434632656913653, 15.793877648095885, 3.5913599319410374, 2.010941990989211, 1.9058956157426747, 0.8122351073424672, 0.34426818572315515, 0.9538692521307154, 0.3316510400662962, 2.01041142085997, 1.0372055997602363, 1.1080321071008143, 0.2189608488102459, 2.827522747578264, 1.178930732425195, 0.8602220550166573, 3.5367733199251843, 0.23717775053994136, 2.281213325942298, 2.0451699163453663, 0.2902469556297382, 0.08840874642767405, 0.24057482443050593, 0.06983354635388161, 0.5346564790593893, 0.5870624095180409, 4.109766108017663, 8.14135768465157, 18.976380291331456, 5.7741265733812375, 1.9434632656913653, 15.793877648095885, 3.5913599319410374, 2.010941990989211, 1.9058956157426747, 0.8122351073424672, 0.34426818572315515, 0.9538692521307154, 0.3316510400662962, 2.01041142085997, 1.0372055997602363, -1000.0]
[20160906142347] Location: x = 0.173842088102 y = 0.297761924674 z = 0.172526759152
[20160906142347] Current fitness = 0.173842088102
[20160906142347] Pbest = 0.173842088102
[20160906142347] Gbest = 0.441361760059
[20160906142347] ---------------------------
[20160906142347] Executing iteration number: 0 Individual number: 6
[20160906142359] Robot fall detected
[20160906142359] Individual: [1.5725650257168582, 2.4058743133522604, 4.86343212174103, 11.6144753247873, 6.159495413001401, 19.731481080907074, 11.825713445231552, 5.689198070127233, 14.426651009180265, 0.6899082901629865, 0.5030094955070192, 1.2738229176730131, 0.7045327019828075, 3.604285517978817, 2.927281547250068, 2.2428738652796314, 0.6413879915269323, 2.5364247510737203, 0.7046166347043754, 2.21088526027303, 1.3942231548857167, 0.1878347620102575, 2.8694743573695805, 1.0517377619201649, 0.27011685550750814, 0.14925843194774607, 0.11451524626345014, 0.14556395284850185, 0.34963288080847865, 0.340487813014822, 1.5725650257168582, 2.4058743133522604, 4.86343212174103, 11.6144753247873, 6.159495413001401, 19.731481080907074, 11.825713445231552, 5.689198070127233, 14.426651009180265, 0.6899082901629865, 0.5030094955070192, 1.2738229176730131, 0.7045327019828075, 3.604285517978817, 2.927281547250068, -1000.0]
[20160906142359] Location: x = 0.31795462324 y = 0.361708336323 z = 0.0998010404878
[20160906142359] Current fitness = 0.31795462324
[20160906142359] Pbest = 0.31795462324
[20160906142359] Gbest = 0.441361760059
[20160906142359] ---------------------------
[20160906142359] Executing iteration number: 0 Individual number: 7
[20160906142411] Robot fall detected
[20160906142411] Individual: [7.423530443133605, 18.44874345819921, 7.066587675774732, 14.924386501319065, 13.188640343558923, 16.44073305184469, 15.445758322506833, 9.797199506587111, 1.3350738393336565, 0.831466151379529, 0.5065465332437218, 0.6568947336739993, 0.4446559677104903, 1.2190760116498236, 2.9518052715824337, 0.7686247644601816, 1.6179620246906141, 2.4069878459000025, 2.5819975397360184, 2.623854943371417, 1.839082875625674, 0.6638853389045114, 0.5253788513316414, 1.0265137583740307, 0.29771403645870836, 0.050903285536639004, 0.2744416105597859, 0.0952596893941268, 0.9444819892544432, 0.4290369483126526, 7.423530443133605, 18.44874345819921, 7.066587675774732, 14.924386501319065, 13.188640343558923, 16.44073305184469, 15.445758322506833, 9.797199506587111, 1.3350738393336565, 0.831466151379529, 0.5065465332437218, 0.6568947336739993, 0.4446559677104903, 1.2190760116498236, 2.9518052715824337, -1000.0]
[20160906142411] Location: x = -0.253260736379 y = -0.101883300519 z = 0.195702636369
[20160906142411] Current fitness = -1.0
[20160906142411] Pbest = -1.0
[20160906142411] Gbest = 0.441361760059
[20160906142411] ---------------------------
[20160906142411] Executing iteration number: 0 Individual number: 8
[20160906142429] Robot fall detected
[20160906142429] Individual: [6.420430251107435, 10.666183409593108, 11.329608694738475, 15.54255249707786, 13.279485972235564, 10.923793334409536, 2.7974056055654555, 4.909395265781658, 7.141221208990226, 0.5682262727379438, 0.45284566469251547, 1.4393543498761796, 0.5892957060423514, 6.330162151168134, 1.7335482113660192, 0.5994828794794216, 2.798427397772298, 1.7267358232354513, 3.7618851899607857, 1.2442756579466008, 2.2990339471865817, 1.5424849040397814, 1.121448810330393, 2.156875927512731, 0.24460454034476975, 0.0992467295092265, 0.09786271045589506, 0.06745337111230895, 0.9642844313289118, 0.5373048831226888, 6.420430251107435, 10.666183409593108, 11.329608694738475, 15.54255249707786, 13.279485972235564, 10.923793334409536, 2.7974056055654555, 4.909395265781658, 7.141221208990226, 0.5682262727379438, 0.45284566469251547, 1.4393543498761796, 0.5892957060423514, 6.330162151168134, 1.7335482113660192, -1000.0]
[20160906142429] Location: x = 0.453038175376 y = -0.0872287041243 z = 0.171893699311
[20160906142429] Current fitness = 0.453038175376
[20160906142429] Pbest = 0.453038175376
[20160906142429] Gbest = 0.453038175376
[20160906142429] ---------------------------
[20160906142429] Executing iteration number: 0 Individual number: 9
[20160906142446] Robot fall detected
[20160906142446] Individual: [10.667860322623875, 15.969061668218089, 11.543260861830522, 14.812222877134086, 19.570679984871997, 17.079837893215142, 19.216871269150726, 16.128028772442104, 11.191898103423538, 0.6491095646820092, 0.5288025000734824, 1.0928620391812465, 0.5519127483959038, 3.93858828996238, 1.3557934749077407, 3.6550091428037703, 1.052496686347717, 1.0317631784781438, 2.5854949921482717, 0.8678925475063045, 1.1435236117629592, 0.602243734951879, 3.2729417933063547, 3.7849516016304787, 0.2260733454963867, 0.11348993576282185, 0.12441731644443488, 0.06788119729051513, 1.174918558694429, 0.45885706344877497, 10.667860322623875, 15.969061668218089, 11.543260861830522, 14.812222877134086, 19.570679984871997, 17.079837893215142, 19.216871269150726, 16.128028772442104, 11.191898103423538, 0.6491095646820092, 0.5288025000734824, 1.0928620391812465, 0.5519127483959038, 3.93858828996238, 1.3557934749077407, -1000.0]
[20160906142446] Location: x = 0.279471335046 y = -0.151691804219 z = 0.189043967694
[20160906142446] Current fitness = 0.279471335046
[20160906142446] Pbest = 0.279471335046
[20160906142446] Gbest = 0.453038175376

Results of this iteration: GBest Fitness: 0.453038175376 GBest position: [6.420430251107435, 10.666183409593108, 11.329608694738475, 15.54255249707786, 13.279485972235564, 10.923793334409536, 2.7974056055654555, 4.909395265781658, 7.141221208990226, 0.5682262727379438, 0.45284566469251547, 1.4393543498761796, 0.5892957060423514, 6.330162151168134, 1.7335482113660192]

[20160906142446] ===========================
[20160906142446] ---------------------------
[20160906142446] Executing iteration number: 1 Individual number: 0
[20160906142459] Robot fall detected
[20160906142459] Individual: [9.492922651015334, 7.27583550394198, 10.19186072170786, 7.299440216722606, 14.319164138428942, 16.237839384165625, 17.920104899902977, 16.887669241038644, 10.799068983487883, 1.2289229984649754, 0.5825531688051933, 1.1975038910671827, 0.7197705437793759, 6.8075918253809435, 3.0, 1.337759050095353, 3.970607682821089, 1.2646802817288232, 3.197458175342205, 2.0090324147778142, 2.674485726573189, 0.1, 0.1, 1.3303242866897114, 0.12565639323636593, 0.07063829018943998, 0.09271918338392005, 0.09512349361858508, 0.2, 0.2691881659764397, 8.15516360091998, 3.3052278211208916, 8.927180439979036, 4.101982041380401, 12.310131723651127, 13.563353657592437, 17.820104899902976, 16.787669241038643, 9.468744696798172, 1.1032666052286095, 0.5119148786157532, 1.1047847076832626, 0.6246470501607908, 6.607591825380943, 2.9886120930968927, 0.4413617600588475]
[20160906142459] Location: x = 0.125000826063 y = -0.329132852986 z = 0.180806905999
[20160906142459] Current fitness = 0.125000826063
[20160906142459] Pbest = 0.441361760059
[20160906142459] Gbest = 0.453038175376
[20160906142459] ---------------------------
[20160906142459] Executing iteration number: 1 Individual number: 1
[20160906142517] Robot fall detected
[20160906142517] Individual: [13.37728022974061, 9.4481168107585, 20.0, 16.538664671018005, 6.852622163010725, 9.692457723392497, 16.550300736619885, 16.25810830147737, 7.070382909218944, 0.9427336751827001, 0.5712819829870762, 0.8304636987247314, 0.5594910342510273, 3.361913623163315, 2.6553455149473164, 1.082241916495023, 2.3966832273505645, 0.8796403547762335, 3.604562330320273, 2.8564286169242186, 2.2459451424260575, 0.1, 0.1, 0.5321816274330654, 0.11680989492004312, 0.12030853400206865, 0.30000000000000004, 0.12991035729042458, 1.6, 0.39098526698037794, 12.295038313245586, 7.051433583407935, 19.832705381155748, 12.934102340697732, 3.9961935460865066, 7.446512580966439, 16.450300736619884, 16.15810830147737, 6.538201281785879, 0.825923780262657, 0.4509734489850076, 0.5304636987247313, 0.4295806769606027, 1.761913623163315, 2.2643602479669385, 0.1001106471696447]
[20160906142517] Location: x = 0.197083690123 y = -0.326787586401 z = 0.19777492474
[20160906142517] Current fitness = 0.197083690123
[20160906142517] Pbest = 0.197083690123
[20160906142517] Gbest = 0.453038175376
[20160906142517] ---------------------------
[20160906142517] Executing iteration number: 1 Individual number: 2
[20160906142534] Robot fall detected
[20160906142534] Individual: [5.2850475303182325, 17.824725738377268, 17.39063751811857, 14.355160082540836, 11.956732893665091, 12.808934784498287, 6.718946230035433, 18.634073529429713, 18.436618797740323, 0.5756765993703692, 0.5671293362779969, 1.4076695030974493, 0.557937798214569, 6.6649698338597565, 2.9265126931164076, 4.0, 0.1, 0.1, 4.0, 4.0, 2.340440425815169, 0.1, 0.1, 0.1, 0.30000000000000004, 0.05, 0.30000000000000004, 0.15000000000000002, 0.433123166678965, 0.2, 1.2850475303182325, 17.724725738377266, 17.29063751811857, 10.355160082540836, 7.956732893665091, 10.468494358683119, 6.618946230035434, 18.534073529429712, 18.33661879774032, 0.2756765993703692, 0.5171293362779968, 1.1076695030974493, 0.40793779821456905, 6.2318466671807915, 2.7265126931164074, -1.0]
[20160906142534] Location: x = 0.399041172196 y = 0.160808657956 z = 0.173737988677
[20160906142534] Current fitness = 0.399041172196
[20160906142534] Pbest = 0.399041172196
[20160906142534] Gbest = 0.453038175376
[20160906142534] ---------------------------
[20160906142534] Executing iteration number: 1 Individual number: 3
[20160906142554] Robot fall detected
[20160906142554] Individual: [13.134051915932794, 8.412980261449029, 17.1081109243782, 14.822927084527658, 7.9259790956910745, 5.292275836486423, 8.56633985789128, 5.640629185361275, 11.584790820241068, 0.7188726983809011, 0.5370437549765037, 1.3851137437350305, 0.5005300265703191, 3.058289325938744, 2.4317717267724257, 0.1, 4.0, 0.1, 4.0, 4.0, 4.0, 0.1, 4.0, 0.1, 0.2136879992992079, 0.15000000000000002, 0.30000000000000004, 0.15000000000000002, 1.6, 0.2, 13.034051915932794, 4.412980261449029, 17.008110924378197, 10.822927084527658, 3.925979095691075, 1.292275836486423, 8.466339857891281, 1.640629185361275, 11.484790820241068, 0.5051846990816932, 0.3870437549765036, 1.0851137437350304, 0.35053002657031906, 1.458289325938744, 2.2317717267724255, 0.1523220108549201]
[20160906142554] Location: x = -0.0531036801536 y = -0.400756951309 z = 0.177574007237
[20160906142554] Current fitness = -1.0
[20160906142554] Pbest = 0.152322010855
[20160906142554] Gbest = 0.453038175376
[20160906142554] ---------------------------
[20160906142554] Executing iteration number: 1 Individual number: 4
[20160906142611] Robot fall detected
[20160906142611] Individual: [13.911375852822948, 12.69521328368263, 7.4358682984159445, 14.955832082670833, 10.79760561576223, 14.179103164683463, 12.229542610969492, 19.832786462393, 16.029672277448707, 0.8225345787447438, 0.5040201605864252, 1.4781337604703628, 0.47487680183871583, 7.12842422021672, 2.092986007016536, 0.1, 1.6960672560753913, 4.0, 4.0, 4.0, 0.1, 0.1, 0.1, 0.1, 0.2239596046492216, 0.15000000000000002, 0.30000000000000004, 0.15000000000000002, 1.2744868625672097, 0.2, 13.811375852822948, 10.999146027607239, 3.4358682984159445, 10.955832082670833, 6.797605615762229, 14.079103164683463, 12.129542610969493, 19.732786462392998, 15.929672277448706, 0.5985749740955222, 0.3540201605864251, 1.1781337604703628, 0.3248768018387158, 5.853937357649511, 1.892986007016536, -1.0]
[20160906142611] Location: x = 0.31337962233 y = 0.23854770243 z = 0.155591400259
[20160906142611] Current fitness = 0.31337962233
[20160906142611] Pbest = 0.31337962233
[20160906142611] Gbest = 0.453038175376
[20160906142611] ---------------------------
[20160906142611] Executing iteration number: 1 Individual number: 5
[20160906142628] Robot fall detected
[20160906142628] Individual: [8.109766108017663, 12.14135768465157, 19.076380291331457, 9.774126573381238, 5.943463265691365, 15.893877648095884, 3.6913599319410375, 6.0109419909892114, 5.905895615742675, 0.8622351073424672, 0.4942681857231552, 1.2538692521307153, 0.4816510400662962, 3.61041142085997, 1.6372055997602364, 4.0, 4.0, 0.1, 4.0, 4.0, 0.1, 0.1, 4.0, 4.0, 0.05, 0.15000000000000002, 0.30000000000000004, 0.15000000000000002, 1.6, 0.6000000000000001, 4.109766108017663, 8.14135768465157, 18.976380291331456, 5.7741265733812375, 1.9434632656913653, 15.793877648095885, 3.5913599319410374, 2.010941990989211, 1.9058956157426747, 0.8122351073424672, 0.34426818572315515, 0.9538692521307154, 0.3316510400662962, 2.01041142085997, 1.0372055997602363, 0.17384208810213672]
[20160906142628] Location: x = 0.235587356196 y = -0.220985665303 z = 0.192141315392
[20160906142628] Current fitness = 0.235587356196
[20160906142628] Pbest = 0.235587356196
[20160906142628] Gbest = 0.453038175376
[20160906142628] ---------------------------
[20160906142628] Executing iteration number: 1 Individual number: 6
[20160906142643] Robot fall detected
[20160906142643] Individual: [5.572565025716858, 6.40587431335226, 8.863432121741031, 15.6144753247873, 10.159495413001402, 19.831481080907075, 11.925713445231551, 6.981293355379043, 14.526651009180265, 0.7399082901629865, 0.5543300792705813, 1.5, 0.75, 5.204285517978818, 3.0, 4.0, 4.0, 4.0, 4.0, 4.0, 0.1, 0.1, 1.2920952852518093, 0.1, 0.05, 0.05132058376356205, 0.30000000000000004, 0.05, 1.6, 0.2, 1.5725650257168582, 2.4058743133522604, 4.86343212174103, 11.6144753247873, 6.159495413001401, 19.731481080907074, 11.825713445231552, 5.689198070127233, 14.426651009180265, 0.6899082901629865, 0.5030094955070192, 1.2738229176730131, 0.7045327019828075, 3.604285517978817, 2.927281547250068, 0.31795462324043716]
[20160906142643] Location: x = 0.413110079865 y = 0.265901192778 z = 0.105736511685
[20160906142643] Current fitness = 0.413110079865
[20160906142643] Pbest = 0.413110079865
[20160906142643] Gbest = 0.453038175376
[20160906142643] ---------------------------
[20160906142643] Executing iteration number: 1 Individual number: 7
[20160906142657] Robot fall detected
[20160906142657] Individual: [7.5235304431336045, 18.548743458199212, 11.066587675774732, 17.635916372442786, 15.60709087096765, 16.54073305184469, 15.545758322506833, 9.89719950658711, 5.335073839333656, 0.9342969084239949, 0.5565465332437218, 0.9568947336739994, 0.5946559677104903, 2.8190760116498237, 3.0, 0.1, 0.1, 4.0, 2.7115298711237195, 2.418450527408727, 0.1, 0.1, 0.1, 4.0, 0.10283075704446593, 0.05, 0.30000000000000004, 0.15000000000000002, 1.6, 0.2, 7.423530443133605, 18.44874345819921, 7.066587675774732, 14.924386501319065, 13.188640343558923, 16.44073305184469, 15.445758322506833, 9.797199506587111, 1.3350738393336565, 0.831466151379529, 0.5065465332437218, 0.6568947336739993, 0.4446559677104903, 1.2190760116498236, 2.9518052715824337, -1.0]
[20160906142657] Location: x = -0.223756646034 y = -0.331201935184 z = 0.18651067891
[20160906142657] Current fitness = -1.0
[20160906142657] Pbest = -1.0
[20160906142657] Gbest = 0.453038175376
[20160906142657] ---------------------------
[20160906142657] Executing iteration number: 1 Individual number: 8
[20160906142708] Robot fall detected
[20160906142708] Individual: [6.9599648426389145, 13.184768067588177, 12.88367093565038, 18.92824916804257, 14.399334064387505, 12.99292388687746, 4.185642019201259, 5.918699195079012, 9.082409543751684, 0.7883703590482366, 0.5421677212508194, 1.5, 0.6500037400434294, 7.198018139364154, 2.217122606176439, 0.5395345915314794, 2.5185846579950684, 1.5540622409119063, 3.385696670964707, 1.1198480921519407, 2.0691305524679238, 1.3882364136358034, 1.0093039292973538, 1.9411883347614578, 0.22014408631029278, 0.08932205655830386, 0.08807643941030556, 0.060708034001078055, 0.8678559881960207, 0.4835743948104199, 6.420430251107435, 10.666183409593108, 11.329608694738475, 15.54255249707786, 13.279485972235564, 10.923793334409536, 2.7974056055654555, 4.909395265781658, 7.141221208990226, 0.5682262727379438, 0.45284566469251547, 1.4393543498761796, 0.5892957060423514, 6.330162151168134, 1.7335482113660192, 0.4530381753758871]
[20160906142708] Location: x = -0.408246749167 y = -0.272561713178 z = 0.0771611687464
[20160906142708] Current fitness = -1.0
[20160906142708] Pbest = 0.453038175376
[20160906142708] Gbest = 0.453038175376
[20160906142708] ---------------------------
[20160906142708] Executing iteration number: 1 Individual number: 9
[20160906142726] Robot fall detected
[20160906142726] Individual: [10.767860322623875, 16.06906166821809, 12.207620421201288, 18.04237954332246, 19.670679984872, 17.179837893215144, 19.316871269150727, 16.228028772442105, 11.291898103423538, 0.7525458205448204, 0.5788025000734824, 1.3928620391812465, 0.6592379711607712, 5.53858828996238, 1.9557934749077408, 0.1, 0.1, 0.6643595593707665, 3.2301566661883743, 0.1, 0.1, 0.1, 0.1, 0.1, 0.10343625586281126, 0.05, 0.30000000000000004, 0.10732522276486746, 1.6, 0.6000000000000001, 10.667860322623875, 15.969061668218089, 11.543260861830522, 14.812222877134086, 19.570679984871997, 17.079837893215142, 19.216871269150726, 16.128028772442104, 11.191898103423538, 0.6491095646820092, 0.5288025000734824, 1.0928620391812465, 0.5519127483959038, 3.93858828996238, 1.3557934749077407, 0.2794713350455863]
[20160906142726] Location: x = 0.393259844734 y = -0.0410428883456 z = 0.151153653053
[20160906142726] Current fitness = 0.393259844734
[20160906142726] Pbest = 0.393259844734
[20160906142726] Gbest = 0.453038175376

Results of this iteration: GBest Fitness: 0.453038175376 GBest position: [6.420430251107435, 10.666183409593108, 11.329608694738475, 15.54255249707786, 13.279485972235564, 10.923793334409536, 2.7974056055654555, 4.909395265781658, 7.141221208990226, 0.5682262727379438, 0.45284566469251547, 1.4393543498761796, 0.5892957060423514, 6.330162151168134, 1.7335482113660192]

[20160906142726] ===========================
[20160906142726] ---------------------------
[20160906142726] Executing iteration number: 2 Individual number: 0
[20160906142744] Robot fall detected
[20160906142744] Individual: [9.592922651015334, 11.27583550394198, 12.390608158122387, 11.299440216722605, 14.419164138428942, 16.337839384165626, 18.02010489990298, 16.987669241038645, 10.899068983487883, 1.2789229984649755, 0.6325531688051933, 1.4975038910671827, 0.75, 7.007591825380944, 3.0, 0.1, 4.0, 2.198747436414527, 4.0, 0.1, 0.1, 0.1, 0.1, 0.1, 0.05, 0.05, 0.30000000000000004, 0.05, 0.2, 0.2, 8.15516360091998, 3.3052278211208916, 8.927180439979036, 4.101982041380401, 12.310131723651127, 13.563353657592437, 17.820104899902976, 16.787669241038643, 9.468744696798172, 1.1032666052286095, 0.5119148786157532, 1.1047847076832626, 0.6246470501607908, 6.607591825380943, 2.9886120930968927, 0.4413617600588475]
[20160906142744] Location: x = 0.197027689988 y = -0.281881731013 z = 0.188516005774
[20160906142744] Current fitness = 0.197027689988
[20160906142744] Pbest = 0.441361760059
[20160906142744] Gbest = 0.453038175376
[20160906142744] ---------------------------
[20160906142744] Executing iteration number: 2 Individual number: 1
[20160906142755] Robot fall detected
[20160906142755] Individual: [13.47728022974061, 13.2151275772442, 20.0, 18.438323517919386, 10.852622163010725, 13.342226940046714, 16.650300736619887, 16.358108301477372, 7.641013850137543, 0.9927336751827002, 0.6212819829870763, 1.1304636987247314, 0.7094910342510273, 4.961913623163316, 2.8553455149473166, 0.1, 3.767010766485701, 0.1, 1.899658846901383, 4.0, 3.6497692166542164, 0.1, 0.1, 0.5706309409185983, 0.05, 0.05, 0.30000000000000004, 0.15000000000000002, 1.6, 0.2, 13.37728022974061, 9.4481168107585, 20.0, 16.538664671018005, 6.852622163010725, 9.692457723392497, 16.550300736619885, 16.25810830147737, 7.070382909218944, 0.9427336751827001, 0.5712819829870762, 0.8304636987247314, 0.5594910342510273, 3.361913623163315, 2.6553455149473164, 0.19708369012303384]
[20160906142755] Location: x = 0.310967905348 y = 0.344130546985 z = 0.0996044187534
[20160906142755] Current fitness = 0.310967905348
[20160906142755] Pbest = 0.310967905348
[20160906142755] Gbest = 0.453038175376
[20160906142755] ---------------------------
[20160906142755] Executing iteration number: 2 Individual number: 2
[20160906142807] Robot fall detected
[20160906142807] Individual: [9.285047530318232, 17.92472573837727, 17.49063751811857, 18.355160082540834, 15.956732893665091, 12.908934784498287, 6.818946230035433, 18.734073529429715, 18.536618797740324, 0.8350145468353121, 0.6171293362779969, 1.5, 0.707937798214569, 6.864969833859757, 3.0, 4.0, 0.1, 0.1, 4.0, 4.0, 0.1, 0.1, 0.1, 0.1, 0.25933794746494293, 0.05, 0.30000000000000004, 0.15000000000000002, 0.2, 0.2, 5.2850475303182325, 17.824725738377268, 17.39063751811857, 14.355160082540836, 11.956732893665091, 12.808934784498287, 6.718946230035433, 18.634073529429713, 18.436618797740323, 0.5756765993703692, 0.5671293362779969, 1.4076695030974493, 0.557937798214569, 6.6649698338597565, 2.9265126931164076, 0.3990411721959507]
[20160906142807] Location: x = -0.358441671623 y = -0.309969766275 z = 0.0807302296447
[20160906142807] Current fitness = -1.0
[20160906142807] Pbest = 0.399041172196
[20160906142807] Gbest = 0.453038175376
[20160906142807] ---------------------------
[20160906142807] Executing iteration number: 2 Individual number: 3
[20160906142821] Service call failed: service [/gazebo/get_model_state] returned no response
