Created log file at 20160906140740

Constants and Parameters: 
###########################################
WEIGHT_BOUNDS = [0.5, 20.0]
Tr1_BOUNDS = [0.25, 1.5]
Tr2_BOUNDS = [0.25, 0.75]
Ta1_BOUNDS = [0.25, 1.5]
Ta2_BOUNDS = [0.25, 0.75]
b_BOUNDS = [1.0, 8.0]
s_BOUNDS = [1.0, 3.0]
TRIAL_DURATION = 30
STEP_DURATION = 0.2
POPULATION_SIZE = 50
MAX_ITERS = 100
VEL_BOUND_PCT = 0.2
C1 = 2.0
C2 = 2.0
INERTIAL_WEIGHT_BOUNDS = [0.4, 0.9]
###########################################

[20160906140740] ===========================
[20160906140740] ---------------------------
[20160906140740] Executing iteration number: 0 Individual number: 0
[20160906140805] Robot fall detected
[20160906140805] Individual: [6.218002928986286, 11.863329750260798, 16.370242615843893, 13.700209247883523, 13.632031995843214, 6.118133980300276, 15.500896485543988, 2.950297580985238, 12.580063093855644, 1.1679162431429986, 0.3615225756735498, 1.1272237860631353, 0.39710377009672054, 5.0885663502593665, 1.9435616511255922, 2.0640088140012494, 3.588926287116462, 3.414850996885444, 3.609411899624207, 3.1505085397559753, 1.9809734536430912, 2.3119842392312537, 1.607802078022304, 1.1362722528146572, 0.2250991894992217, 0.13396493610528637, 0.08209531745638385, 0.11993113806755702, 0.5637463466738933, 0.4447984088062408, 6.218002928986286, 11.863329750260798, 16.370242615843893, 13.700209247883523, 13.632031995843214, 6.118133980300276, 15.500896485543988, 2.950297580985238, 12.580063093855644, 1.1679162431429986, 0.3615225756735498, 1.1272237860631353, 0.39710377009672054, 5.0885663502593665, 1.9435616511255922, -1000.0]
[20160906140805] Location: x = 0.222423457316 y = 0.260279605206 z = 0.187706597325
[20160906140805] Current fitness = -1.0
[20160906140805] Pbest = -1.0
[20160906140805] Gbest = -1.0
[20160906140805] ---------------------------
[20160906140805] Executing iteration number: 0 Individual number: 1
[20160906140826] Robot fall detected
[20160906140826] Individual: [8.140582922273902, 16.807424366249226, 17.0460160824461, 5.756193573494425, 15.3740545954843, 1.5179909059940022, 1.7692322174695265, 2.6634491223276626, 15.82776292023372, 0.9805255387540672, 0.3102478230642934, 1.215334190966678, 0.6047636722356063, 2.792602077546354, 1.0753832192036188, 3.7371304246917396, 2.2148513548022497, 3.043098017557743, 1.5496825170447226, 3.4220068872901637, 0.5625376012252009, 0.55409096913799, 2.7690633106258704, 2.2954032198033434, 0.2956824179645014, 0.14778648167913694, 0.23724894072086428, 0.09686493256045692, 0.5041265134348742, 0.4160308639514747, 8.140582922273902, 16.807424366249226, 17.0460160824461, 5.756193573494425, 15.3740545954843, 1.5179909059940022, 1.7692322174695265, 2.6634491223276626, 15.82776292023372, 0.9805255387540672, 0.3102478230642934, 1.215334190966678, 0.6047636722356063, 2.792602077546354, 1.0753832192036188, -1000.0]
[20160906140826] Location: x = 0.299638520003 y = 0.194925259274 z = 0.179069142654
[20160906140826] Current fitness = -1.0
[20160906140826] Pbest = -1.0
[20160906140826] Gbest = -1.0
[20160906140826] ---------------------------
[20160906140826] Executing iteration number: 0 Individual number: 2
[20160906140844] Robot fall detected
[20160906140844] Individual: [10.048317353265071, 5.814882623118602, 4.698951204006033, 18.207711939898466, 4.164071257689466, 16.68569469356908, 17.941713031742758, 1.7349876300463865, 1.0081543135423063, 0.7456801250447986, 0.5634946696320849, 0.9869220946525822, 0.4941924326340925, 5.312950409328248, 2.34036481346575, 0.1930357104519312, 0.738385654569564, 0.5556008575711014, 1.39764935801743, 3.4847751833777276, 0.4834841808204241, 2.7489309554580004, 2.9544031955323695, 2.827465722916709, 0.14674875401154375, 0.07543762100067433, 0.11294697738521262, 0.09452649333211917, 0.6437673193686289, 0.278196739202657, 10.048317353265071, 5.814882623118602, 4.698951204006033, 18.207711939898466, 4.164071257689466, 16.68569469356908, 17.941713031742758, 1.7349876300463865, 1.0081543135423063, 0.7456801250447986, 0.5634946696320849, 0.9869220946525822, 0.4941924326340925, 5.312950409328248, 2.34036481346575, -1000.0]
[20160906140844] Location: x = -0.163034840076 y = -0.425825325054 z = 0.200454425202
[20160906140844] Current fitness = -1.0
[20160906140844] Pbest = -1.0
[20160906140844] Gbest = -1.0
[20160906140844] ---------------------------
[20160906140844] Executing iteration number: 0 Individual number: 3
[20160906140900] Robot fall detected
[20160906140900] Individual: [10.348737113336986, 15.59617670606527, 13.119949038480094, 4.064295879340256, 0.6036805448110765, 10.836144407039434, 16.70864725978894, 7.455062359258443, 6.462570414330233, 1.0186860202186843, 0.6965584541486955, 0.579612705796184, 0.5189297815950653, 1.6657921146958445, 2.716566894292061, 1.934820076459888, 1.8325191134675294, 3.6837991350142034, 1.7302362396602826, 3.1614037006253843, 3.0587329529391507, 0.3127525148391832, 2.7423480681943504, 1.9028609979671678, 0.11036038895551761, 0.12151742478764539, 0.10129935459685213, 0.08672203114698945, 0.5208722502350314, 0.596336237548676, 10.348737113336986, 15.59617670606527, 13.119949038480094, 4.064295879340256, 0.6036805448110765, 10.836144407039434, 16.70864725978894, 7.455062359258443, 6.462570414330233, 1.0186860202186843, 0.6965584541486955, 0.579612705796184, 0.5189297815950653, 1.6657921146958445, 2.716566894292061, -1000.0]
[20160906140900] Location: x = -0.182811361425 y = 0.0557778994862 z = 0.195251213198
[20160906140900] Current fitness = -1.0
[20160906140900] Pbest = -1.0
[20160906140900] Gbest = -1.0
[20160906140900] ---------------------------
[20160906140900] Executing iteration number: 0 Individual number: 4
[20160906140921] Robot fall detected
[20160906140921] Individual: [19.244272749883574, 13.03479961006177, 3.0243527606656104, 17.34856157661054, 14.278368014221329, 13.866551612815396, 16.95596374081929, 5.8951293082413505, 1.7200164993367006, 1.4894350602481925, 0.4823912987090841, 1.1565594266644659, 0.6734452399678856, 7.636280997077603, 2.848846097119881, 3.1533637050752334, 1.998646757045404, 2.8590374057822365, 2.959313269693285, 3.853830382916878, 0.1399648256565501, 3.10627430928726, 3.890493965730953, 1.0983581801888798, 0.13895396793535722, 0.13301085997998852, 0.06832926583857525, 0.12461087312053247, 1.2844567506887035, 0.24213311979608548, 19.244272749883574, 13.03479961006177, 3.0243527606656104, 17.34856157661054, 14.278368014221329, 13.866551612815396, 16.95596374081929, 5.8951293082413505, 1.7200164993367006, 1.4894350602481925, 0.4823912987090841, 1.1565594266644659, 0.6734452399678856, 7.636280997077603, 2.848846097119881, -1000.0]
[20160906140921] Location: x = -0.0265249065015 y = -0.380948634532 z = 0.196916034883
[20160906140921] Current fitness = -1.0
[20160906140921] Pbest = -1.0
[20160906140921] Gbest = -1.0
[20160906140921] ---------------------------
[20160906140921] Executing iteration number: 0 Individual number: 5
[20160906140943] Robot fall detected
[20160906140943] Individual: [16.228408264115956, 9.095378350801209, 9.626138121288104, 4.329900015160016, 12.957585707596692, 16.62999169948128, 11.967397607381535, 16.84455969225351, 18.93003757672446, 0.8280190784589876, 0.43870264747105775, 0.7555664090031114, 0.5144283828046881, 7.425074361680519, 2.2047031919267215, 2.4596177416313614, 0.11260364325275053, 0.48118572162471007, 0.42446957512456895, 1.139765792915393, 1.153075363809272, 3.9766407779022073, 2.782576655940778, 2.1127154550671037, 0.054642344143670765, 0.13981060443827334, 0.11563497846083501, 0.08841978822603319, 1.452431747408053, 0.23715280399495658, 16.228408264115956, 9.095378350801209, 9.626138121288104, 4.329900015160016, 12.957585707596692, 16.62999169948128, 11.967397607381535, 16.84455969225351, 18.93003757672446, 0.8280190784589876, 0.43870264747105775, 0.7555664090031114, 0.5144283828046881, 7.425074361680519, 2.2047031919267215, -1000.0]
[20160906140943] Location: x = -0.241170279061 y = -0.0282291393574 z = 0.18206042051
[20160906140943] Current fitness = -1.0
[20160906140943] Pbest = -1.0
[20160906140943] Gbest = -1.0
[20160906140943] ---------------------------
[20160906140943] Executing iteration number: 0 Individual number: 6
[20160906141002] Robot fall detected
[20160906141002] Individual: [2.974855123086122, 3.756679442243872, 15.924542046481795, 18.943570242051305, 18.04886918114618, 7.717864443853124, 9.847149133859109, 18.67550569025569, 2.041085251716895, 0.35936307261623823, 0.6422370328429834, 0.6330868064581926, 0.33753664027131275, 2.286268712466178, 1.319362092087635, 2.7837012880815695, 3.549303830049074, 1.9177698282517404, 2.734082321666051, 1.4094227356198883, 3.965118406179271, 0.528990841562816, 0.5544282549318144, 0.8252696638291717, 0.17122697774760764, 0.12692078382501554, 0.24466109917879741, 0.055721777923039395, 1.528860408926093, 0.3655442772063261, 2.974855123086122, 3.756679442243872, 15.924542046481795, 18.943570242051305, 18.04886918114618, 7.717864443853124, 9.847149133859109, 18.67550569025569, 2.041085251716895, 0.35936307261623823, 0.6422370328429834, 0.6330868064581926, 0.33753664027131275, 2.286268712466178, 1.319362092087635, -1000.0]
[20160906141002] Location: x = 0.148335182927 y = 0.239637727106 z = 0.193416964392
[20160906141002] Current fitness = -1.0
[20160906141002] Pbest = -1.0
[20160906141002] Gbest = -1.0
[20160906141002] ---------------------------
[20160906141002] Executing iteration number: 0 Individual number: 7
[20160906141022] Robot fall detected
[20160906141022] Individual: [1.0447077616901703, 16.462220717695775, 9.860123828811801, 2.9116838533251324, 18.8257718293097, 6.911723995474584, 1.3740197841836521, 15.656567514028286, 5.960721552806715, 0.8483963020379551, 0.4496699334732698, 0.7254731183282679, 0.6532368162360485, 7.036756543568863, 2.3486563997360914, 3.0670997296122384, 1.4866237951081758, 3.1860545287291733, 1.187902243800105, 1.3257886311589944, 3.891512260381942, 0.18797702722250986, 3.625043414440593, 2.8394655428743056, 0.19610840984664651, 0.11317833410022336, 0.27640875305649076, 0.07219798930905369, 0.4151995413748763, 0.26178305583485906, 1.0447077616901703, 16.462220717695775, 9.860123828811801, 2.9116838533251324, 18.8257718293097, 6.911723995474584, 1.3740197841836521, 15.656567514028286, 5.960721552806715, 0.8483963020379551, 0.4496699334732698, 0.7254731183282679, 0.6532368162360485, 7.036756543568863, 2.3486563997360914, -1000.0]
[20160906141022] Location: x = -0.191795871352 y = -0.239417942409 z = 0.182862949121
[20160906141022] Current fitness = -1.0
[20160906141022] Pbest = -1.0
[20160906141022] Gbest = -1.0
[20160906141022] ---------------------------
[20160906141022] Executing iteration number: 0 Individual number: 8
[20160906141042] Robot fall detected
[20160906141042] Individual: [6.014280751972098, 14.04233399494199, 9.451397830653974, 17.38469767463029, 3.8171068518402973, 15.266711848211141, 8.557459627576485, 5.424962079449719, 11.30421873444335, 0.7436894528610645, 0.6438658355770215, 0.9084258832297598, 0.3612576723490116, 6.043158104130411, 1.4757275171951354, 3.0442431031081028, 1.334480511400311, 3.9712081639591483, 2.9803650703219247, 0.301417681563267, 2.611250707445839, 2.3614922202697635, 1.267737883915537, 3.0813618470367556, 0.10776751555157157, 0.05600375127291121, 0.21222449491954642, 0.12374737356307587, 0.4900996135008371, 0.2900327707382912, 6.014280751972098, 14.04233399494199, 9.451397830653974, 17.38469767463029, 3.8171068518402973, 15.266711848211141, 8.557459627576485, 5.424962079449719, 11.30421873444335, 0.7436894528610645, 0.6438658355770215, 0.9084258832297598, 0.3612576723490116, 6.043158104130411, 1.4757275171951354, -1000.0]
[20160906141042] Location: x = 0.259329239434 y = 0.18899851376 z = 0.197553387151
[20160906141042] Current fitness = -1.0
[20160906141042] Pbest = -1.0
[20160906141042] Gbest = -1.0
[20160906141042] ---------------------------
[20160906141042] Executing iteration number: 0 Individual number: 9
[20160906141106] Robot fall detected
[20160906141106] Individual: [15.840055409306316, 3.4211939884913165, 3.678853155205516, 19.469460330639585, 7.429774325398492, 17.14351460377564, 11.000215983299894, 8.229828409159204, 1.455459650747084, 0.8799523176305668, 0.32224269733967303, 0.9175088736067876, 0.3542021375343619, 5.812493541934153, 2.2297896101599104, 3.513007721639928, 2.4343438722078843, 2.9124108499177424, 0.46140937836907236, 1.125043700545897, 1.6253087666587174, 0.21269675494536416, 0.9215853464916979, 2.075279332746312, 0.18143407129239442, 0.10274019156457595, 0.17599874698625578, 0.13820077636094796, 0.49004609150823075, 0.4966067637487728, 15.840055409306316, 3.4211939884913165, 3.678853155205516, 19.469460330639585, 7.429774325398492, 17.14351460377564, 11.000215983299894, 8.229828409159204, 1.455459650747084, 0.8799523176305668, 0.32224269733967303, 0.9175088736067876, 0.3542021375343619, 5.812493541934153, 2.2297896101599104, -1000.0]
[20160906141106] Location: x = 0.106046182733 y = 0.209498341 z = 0.185479706007
[20160906141106] Current fitness = -1.0
[20160906141106] Pbest = -1.0
[20160906141106] Gbest = -1.0
[20160906141106] ---------------------------
[20160906141106] Executing iteration number: 0 Individual number: 10
[20160906141130] Robot fall detected
[20160906141130] Individual: [17.63735469735815, 16.90476394163159, 8.946554676375339, 4.963846533398018, 7.390957361342856, 0.8737358920238378, 13.570798869863737, 12.819589058098378, 4.413032105522783, 0.8472762687729787, 0.585962020130662, 0.34261480233805436, 0.2572267095720886, 4.57252311566828, 2.135704717487096, 0.6723413142565562, 0.2932081771486381, 0.16105768951189336, 1.7563216805848576, 0.3523469409291734, 3.6664694514015466, 1.7730331347411672, 3.9489920866417414, 3.580729273967615, 0.12562918611041096, 0.07285779081300697, 0.12727245730512213, 0.14718342571678636, 0.436962180115089, 0.41892066331735955, 17.63735469735815, 16.90476394163159, 8.946554676375339, 4.963846533398018, 7.390957361342856, 0.8737358920238378, 13.570798869863737, 12.819589058098378, 4.413032105522783, 0.8472762687729787, 0.585962020130662, 0.34261480233805436, 0.2572267095720886, 4.57252311566828, 2.135704717487096, -1000.0]
[20160906141130] Location: x = -0.102628180586 y = 0.244822461218 z = 0.186708888378
[20160906141130] Current fitness = -1.0
[20160906141130] Pbest = -1.0
[20160906141130] Gbest = -1.0
[20160906141130] ---------------------------
[20160906141130] Executing iteration number: 0 Individual number: 11
[20160906141149] Robot fall detected
[20160906141149] Individual: [1.3276981288363685, 2.4192379302757305, 16.190021955523086, 10.272286826582969, 2.10475891331596, 15.569218169713519, 0.7777678525976437, 8.281170412303442, 8.857142512796273, 1.1289517984285031, 0.27724923687444814, 0.606201274289578, 0.4921787274929797, 3.241276605654278, 1.6382531825063582, 2.7184414995389137, 2.469367427949748, 2.4290050427135825, 3.6394900637199363, 3.1732508694434185, 0.3283515579356501, 3.710582635913719, 3.9807118106443315, 2.63801663184536, 0.22117574994449457, 0.0668178260479507, 0.11313928745778007, 0.08190222637468353, 0.5775881515831257, 0.3334135186719407, 1.3276981288363685, 2.4192379302757305, 16.190021955523086, 10.272286826582969, 2.10475891331596, 15.569218169713519, 0.7777678525976437, 8.281170412303442, 8.857142512796273, 1.1289517984285031, 0.27724923687444814, 0.606201274289578, 0.4921787274929797, 3.241276605654278, 1.6382531825063582, -1000.0]
[20160906141149] Location: x = -0.21105122974 y = -0.2453093957 z = 0.194425416571
[20160906141149] Current fitness = -1.0
[20160906141149] Pbest = -1.0
[20160906141149] Gbest = -1.0
[20160906141149] ---------------------------
[20160906141149] Executing iteration number: 0 Individual number: 12
[20160906141213] Robot fall detected
[20160906141213] Individual: [19.067559237319404, 12.105767457718303, 15.201453909832786, 5.0284935468895835, 18.618996586258486, 9.246056498474799, 2.9221069422539907, 14.746364170985084, 8.135191258488584, 0.778321541866825, 0.27624109775248723, 0.4472283331500532, 0.34614161411715755, 2.830029362220092, 1.2477630045223493, 1.0797025081942537, 3.8931273965244184, 0.4334811028130481, 2.0601362914147576, 1.1671411692515667, 2.710890057788117, 3.4874602936266084, 0.4459703137803397, 1.891897987065112, 0.2387273372681072, 0.12481500484624429, 0.21542436344274446, 0.10252250052234665, 0.8484806648605068, 0.22858247164096995, 19.067559237319404, 12.105767457718303, 15.201453909832786, 5.0284935468895835, 18.618996586258486, 9.246056498474799, 2.9221069422539907, 14.746364170985084, 8.135191258488584, 0.778321541866825, 0.27624109775248723, 0.4472283331500532, 0.34614161411715755, 2.830029362220092, 1.2477630045223493, -1000.0]
[20160906141213] Location: x = 0.146035945857 y = 0.225771868714 z = 0.186807539087
[20160906141213] Current fitness = -1.0
[20160906141213] Pbest = -1.0
[20160906141213] Gbest = -1.0
[20160906141213] ---------------------------
[20160906141213] Executing iteration number: 0 Individual number: 13
[20160906141236] Robot fall detected
[20160906141236] Individual: [9.212620025337072, 18.96314934197608, 9.222082171526885, 0.787389878847031, 12.036724375211346, 18.02677300971357, 5.0102977326331475, 10.294789833206858, 0.9039420112908767, 0.37486351778913163, 0.3965149753853403, 1.0757205261262008, 0.7448078359557997, 7.16016571479329, 1.994064431961898, 3.8869193622802154, 3.180836897179079, 1.162225151457492, 0.9008003061112146, 1.0881742174924887, 3.8534379871206537, 2.5887547891265363, 2.9453643079029286, 3.2518248212646896, 0.12129760851560162, 0.05964379099583051, 0.18817840760418852, 0.09871563255461932, 1.5711585677916313, 0.38566288814026134, 9.212620025337072, 18.96314934197608, 9.222082171526885, 0.787389878847031, 12.036724375211346, 18.02677300971357, 5.0102977326331475, 10.294789833206858, 0.9039420112908767, 0.37486351778913163, 0.3965149753853403, 1.0757205261262008, 0.7448078359557997, 7.16016571479329, 1.994064431961898, -1000.0]
[20160906141236] Location: x = 0.126025770596 y = 0.25790600437 z = 0.197054348212
[20160906141236] Current fitness = -1.0
[20160906141236] Pbest = -1.0
[20160906141236] Gbest = -1.0
[20160906141236] ---------------------------
[20160906141236] Executing iteration number: 0 Individual number: 14
[20160906141255] Robot fall detected
[20160906141255] Individual: [6.571400734578194, 2.141016867116652, 17.025864135276244, 2.2357418133814324, 4.374727878830551, 13.317768987462497, 5.306901609449013, 5.956437844515294, 19.351627175019832, 0.8283706854995594, 0.6975254193692748, 0.620494427621766, 0.41807773016680383, 3.5272016575519274, 2.4540352820641282, 3.481999047616835, 2.9265604028923993, 2.3965057893026125, 1.3734052381148738, 3.8480259062280995, 3.0382768943647744, 3.3458807666967147, 1.5308848879473218, 1.608068509956206, 0.2767882319493235, 0.06500584563132168, 0.2505563879554531, 0.1302529732086623, 0.8698825165338615, 0.3663566379709118, 6.571400734578194, 2.141016867116652, 17.025864135276244, 2.2357418133814324, 4.374727878830551, 13.317768987462497, 5.306901609449013, 5.956437844515294, 19.351627175019832, 0.8283706854995594, 0.6975254193692748, 0.620494427621766, 0.41807773016680383, 3.5272016575519274, 2.4540352820641282, -1000.0]
[20160906141255] Location: x = -0.264475576903 y = -0.216456098623 z = 0.193388541084
[20160906141255] Current fitness = -1.0
[20160906141255] Pbest = -1.0
[20160906141255] Gbest = -1.0
[20160906141255] ---------------------------
[20160906141255] Executing iteration number: 0 Individual number: 15
[20160906141317] Robot fall detected
[20160906141317] Individual: [10.194479432519387, 16.078412126194298, 5.568690106585835, 12.287787279141249, 7.766510843907815, 16.24174377879305, 5.21506196831821, 4.191372312926824, 18.981251287978754, 0.9097989311913721, 0.48964758296154287, 0.7465441056034965, 0.6176693575430297, 7.36097957463824, 1.7249502444590326, 3.5602597696263674, 1.3868083322678824, 3.323357517022635, 3.141957109518924, 3.594141000098042, 0.5964848170471637, 2.9379988093920937, 0.1041214171697922, 0.9219588423822995, 0.2637208375858677, 0.14686182720176005, 0.2006241850104356, 0.0640523887746469, 0.9844848570265554, 0.2146009899542879, 10.194479432519387, 16.078412126194298, 5.568690106585835, 12.287787279141249, 7.766510843907815, 16.24174377879305, 5.21506196831821, 4.191372312926824, 18.981251287978754, 0.9097989311913721, 0.48964758296154287, 0.7465441056034965, 0.6176693575430297, 7.36097957463824, 1.7249502444590326, -1000.0]
[20160906141317] Location: x = -0.291079606166 y = 0.00970372329568 z = 0.0848752928135
[20160906141317] Current fitness = -1.0
[20160906141317] Pbest = -1.0
[20160906141317] Gbest = -1.0
[20160906141317] ---------------------------
[20160906141317] Executing iteration number: 0 Individual number: 16
[20160906141340] Robot fall detected
[20160906141340] Individual: [13.291972807982203, 5.616500975479297, 4.454689373154157, 3.5993876605313377, 13.510450638374962, 14.576685381333704, 2.817263007964365, 8.336100511601078, 3.8028705508013583, 1.0384083943780644, 0.5192100208958877, 0.33802989142766005, 0.5465120979550159, 7.112426123332064, 1.549234486044788, 0.9147240120143354, 1.7861985428756313, 0.21527775779527053, 3.78188189448213, 3.991731418534498, 3.621774071445983, 0.5269737760392181, 0.8560148603339081, 0.867346456757444, 0.104745037205837, 0.11218424292994042, 0.23061756159490815, 0.08223730333289928, 0.5208220005614568, 0.5166629559592779, 13.291972807982203, 5.616500975479297, 4.454689373154157, 3.5993876605313377, 13.510450638374962, 14.576685381333704, 2.817263007964365, 8.336100511601078, 3.8028705508013583, 1.0384083943780644, 0.5192100208958877, 0.33802989142766005, 0.5465120979550159, 7.112426123332064, 1.549234486044788, -1000.0]
[20160906141340] Location: x = -0.324162682768 y = 0.00646762745443 z = 0.198990099792
[20160906141340] Current fitness = -1.0
[20160906141340] Pbest = -1.0
[20160906141340] Gbest = -1.0
[20160906141340] ---------------------------
[20160906141340] Executing iteration number: 0 Individual number: 17
[20160906141401] Robot fall detected
[20160906141401] Individual: [18.62256236528825, 15.876711806995058, 8.483561188093992, 1.9920522230836364, 6.7304532667412, 7.2625380757133255, 2.1494417231274525, 4.766917710130654, 2.850474184225401, 0.9327023417529534, 0.5148400841315544, 0.43076082720051817, 0.5860375880861433, 7.912372552665125, 1.9665558420598765, 1.4571338310052144, 1.5633448943377088, 2.469442630250138, 2.1215541661444193, 1.3420171895376463, 2.411825217724691, 0.5685701636165814, 1.7481172226875963, 2.786817864814907, 0.08930232062255186, 0.136512139783473, 0.17826515681380145, 0.10349699512054739, 0.5008947895903316, 0.2648721849504404, 18.62256236528825, 15.876711806995058, 8.483561188093992, 1.9920522230836364, 6.7304532667412, 7.2625380757133255, 2.1494417231274525, 4.766917710130654, 2.850474184225401, 0.9327023417529534, 0.5148400841315544, 0.43076082720051817, 0.5860375880861433, 7.912372552665125, 1.9665558420598765, -1000.0]
[20160906141401] Location: x = -0.257925394146 y = 0.107278653925 z = 0.179107507382
[20160906141401] Current fitness = -1.0
[20160906141401] Pbest = -1.0
[20160906141401] Gbest = -1.0
[20160906141401] ---------------------------
[20160906141401] Executing iteration number: 0 Individual number: 18
[20160906141422] Robot fall detected
[20160906141422] Individual: [2.175317091759207, 13.386351878300593, 5.138614344581369, 5.663233512856202, 17.746329994265462, 12.060475501355718, 14.49729687343522, 16.30652152732275, 18.642248517217027, 1.1508301058253765, 0.31015669593687045, 1.1684391643093106, 0.32322180652479865, 7.946261860880245, 2.979346964747559, 2.1719035761531575, 3.8511911122280127, 0.9161151861414859, 0.38313362362822667, 3.4960749812901604, 2.0496319709842052, 1.5739907466553813, 0.16521146936635697, 1.2883167685648702, 0.14382250488916737, 0.12890162965405133, 0.17428305227575464, 0.08552519018918807, 0.8450243537114526, 0.31105419986727684, 2.175317091759207, 13.386351878300593, 5.138614344581369, 5.663233512856202, 17.746329994265462, 12.060475501355718, 14.49729687343522, 16.30652152732275, 18.642248517217027, 1.1508301058253765, 0.31015669593687045, 1.1684391643093106, 0.32322180652479865, 7.946261860880245, 2.979346964747559, -1000.0]
[20160906141422] Location: x = 0.446522595012 y = 0.0255159287239 z = 0.199335241929
[20160906141422] Current fitness = 0.446522595012
[20160906141422] Pbest = 0.446522595012
[20160906141422] Gbest = 0.446522595012
[20160906141422] ---------------------------
[20160906141422] Executing iteration number: 0 Individual number: 19
[20160906141443] Robot fall detected
[20160906141443] Individual: [6.865580926086309, 15.664023912702271, 4.2478445599729735, 6.055893589317911, 1.7687498029714137, 3.527713236170431, 0.7609978622722426, 16.181421185782906, 15.45414775588479, 0.8254254476066666, 0.6540296511686944, 0.8183580338739949, 0.46554771134146744, 2.0662734794833133, 2.761974842290962, 1.5856366678038294, 3.0818554864389776, 2.827121302198956, 2.6287780102514566, 2.4299747797446782, 1.4417633606356914, 0.33664013332575904, 3.439133981005959, 3.6094090326878128, 0.205071708422094, 0.06771325387196898, 0.10628533649064378, 0.13797746717905224, 1.2320289523206578, 0.4079542480935058, 6.865580926086309, 15.664023912702271, 4.2478445599729735, 6.055893589317911, 1.7687498029714137, 3.527713236170431, 0.7609978622722426, 16.181421185782906, 15.45414775588479, 0.8254254476066666, 0.6540296511686944, 0.8183580338739949, 0.46554771134146744, 2.0662734794833133, 2.761974842290962, -1000.0]
[20160906141443] Location: x = 0.289158955289 y = -0.179393987346 z = 0.0725935540219
[20160906141443] Current fitness = -1.0
[20160906141443] Pbest = -1.0
[20160906141443] Gbest = 0.446522595012
[20160906141443] ---------------------------
[20160906141443] Executing iteration number: 0 Individual number: 20
[20160906141501] Robot fall detected
[20160906141501] Individual: [0.7723457072588833, 18.21535754710392, 4.844749594282228, 3.2792147276547015, 11.778256425726404, 11.457924461830313, 6.906191320556588, 10.262203875427739, 4.014002399032515, 0.2726929074716517, 0.6781152087118616, 1.3573919263649448, 0.33008797044195537, 2.278925015317772, 2.042771814554409, 0.15194542773880476, 2.6997128789949496, 3.035904922823755, 1.9775502222110237, 2.915360548206495, 2.1249655558366585, 3.5822175543505015, 2.846786780100967, 2.498976852943332, 0.14995839763361435, 0.1060043233175443, 0.2871602636692944, 0.12021708891949716, 1.3209542884540675, 0.45822998917905766, 0.7723457072588833, 18.21535754710392, 4.844749594282228, 3.2792147276547015, 11.778256425726404, 11.457924461830313, 6.906191320556588, 10.262203875427739, 4.014002399032515, 0.2726929074716517, 0.6781152087118616, 1.3573919263649448, 0.33008797044195537, 2.278925015317772, 2.042771814554409, -1000.0]
[20160906141501] Location: x = 0.339809452658 y = -0.0765165398629 z = 0.197010083179
[20160906141501] Current fitness = -1.0
[20160906141501] Pbest = -1.0
[20160906141501] Gbest = 0.446522595012
[20160906141501] ---------------------------
[20160906141501] Executing iteration number: 0 Individual number: 21
[20160906141520] Robot fall detected
[20160906141520] Individual: [2.930232204988337, 11.435970837984474, 18.336897732801074, 8.880179510158536, 17.226178520904096, 14.342544591607153, 10.800935878061305, 14.198070366475546, 3.1619162027182877, 0.49624749782032246, 0.2625746407057223, 1.0738028698069013, 0.6269635521888953, 3.910246182317137, 2.3514391817372324, 2.095582705658189, 2.1714008149983877, 2.9415240855305296, 1.8718965899362476, 1.0659639581391323, 1.7648025500275875, 1.5478313371867236, 3.7725708914388196, 3.89939483736895, 0.22350859410108959, 0.10444403882876094, 0.27893131674695915, 0.07439709400390633, 1.4493470605205925, 0.2466339058488472, 2.930232204988337, 11.435970837984474, 18.336897732801074, 8.880179510158536, 17.226178520904096, 14.342544591607153, 10.800935878061305, 14.198070366475546, 3.1619162027182877, 0.49624749782032246, 0.2625746407057223, 1.0738028698069013, 0.6269635521888953, 3.910246182317137, 2.3514391817372324, -1000.0]
[20160906141520] Location: x = -0.579362356686 y = -0.113547277938 z = 0.142026708855
[20160906141520] Current fitness = -1.0
[20160906141520] Pbest = -1.0
[20160906141520] Gbest = 0.446522595012
[20160906141520] ---------------------------
[20160906141520] Executing iteration number: 0 Individual number: 22
