Created log file at 20160906173457

Constants and Parameters: 
###########################################
WEIGHT_BOUNDS = [0.5, 7.5]
Tr1_BOUNDS = [0.25, 1.5]
Tr2_BOUNDS = [0.25, 0.75]
Ta1_BOUNDS = [0.25, 1.5]
Ta2_BOUNDS = [0.25, 0.75]
b_BOUNDS = [1.0, 8.0]
s_BOUNDS = [1.0, 3.0]
TRIAL_DURATION = 30
STEP_DURATION = 0.2
POPULATION_SIZE = 30
MAX_ITERS = 100
VEL_BOUND_PCT = 0.2
C1 = 2.0
C2 = 2.0
INERTIAL_WEIGHT_BOUNDS = [0.4, 0.9]
###########################################

[20160906173457] ===========================
[20160906173457] ---------------------------
[20160906173457] Executing iteration number: 0 Individual number: 0
[20160906173511] Robot fall detected
[20160906173511] Individual: [7.260053402658793, 3.207505997677088, 3.993448609565009, 2.832591024515923, 3.875219088235985, 3.05963387128453, 6.3684953393630686, 2.601235645926191, 5.5471391615312395, 0.4359227721833462, 0.6967462846480419, 0.2772253072841358, 0.2886825251530266, 3.0354080725813692, 2.696110087651224, 1.0004596518247904, 1.0354662055955124, 0.7041953620457799, 0.3190684233599398, 1.3338184271800544, 0.4099401228402296, 0.7171479005203977, 0.9128655442524327, 0.2351777523759715, 0.2547863261085512, 0.12531715221305384, 0.25026575102690846, 0.07809078915721229, 0.7866004461831593, 0.5812917926283802, 7.260053402658793, 3.207505997677088, 3.993448609565009, 2.832591024515923, 3.875219088235985, 3.05963387128453, 6.3684953393630686, 2.601235645926191, 5.5471391615312395, 0.4359227721833462, 0.6967462846480419, 0.2772253072841358, 0.2886825251530266, 3.0354080725813692, 2.696110087651224, -1000.0]
[20160906173511] Location: x = -0.316541691524 y = -0.109023398468 z = 0.192414088697
[20160906173511] Current fitness = -1.0
[20160906173511] Pbest = -1.0
[20160906173511] Gbest = -1.0
[20160906173511] ---------------------------
[20160906173511] Executing iteration number: 0 Individual number: 1
[20160906173532] Robot fall detected
[20160906173532] Individual: [4.672666907437586, 5.948524927870021, 2.827694439616404, 6.902407968871141, 5.789911166970721, 4.161265733288681, 6.185106525238348, 6.0151689547159, 4.183167586300075, 1.2832844429301535, 0.3831425718604337, 0.7839350647852712, 0.29088840766768237, 1.9329794893839576, 1.9601759296473389, 0.7073045761735429, 1.4363709753370104, 0.31984473290070337, 0.7732403829785679, 1.4888820578356516, 0.1433311678714471, 0.3339834721591006, 1.1881877804533352, 1.2647898947274228, 0.22049189647782752, 0.06836237588778579, 0.29563541164320717, 0.09471766355934999, 0.4156900423725327, 0.47393457695242613, 4.672666907437586, 5.948524927870021, 2.827694439616404, 6.902407968871141, 5.789911166970721, 4.161265733288681, 6.185106525238348, 6.0151689547159, 4.183167586300075, 1.2832844429301535, 0.3831425718604337, 0.7839350647852712, 0.29088840766768237, 1.9329794893839576, 1.9601759296473389, -1000.0]
[20160906173532] Location: x = -0.371338462401 y = -0.0830875073262 z = 0.1993911267
[20160906173532] Current fitness = -1.0
[20160906173532] Pbest = -1.0
[20160906173532] Gbest = -1.0
[20160906173532] ---------------------------
[20160906173532] Executing iteration number: 0 Individual number: 2
[20160906173553] Robot fall detected
[20160906173553] Individual: [5.541294974647233, 4.290248678976523, 2.577070171656965, 4.438177794895781, 5.931739740234127, 5.104732979565756, 1.0440530210726426, 5.756590638565869, 3.051052735732208, 1.4927172663394401, 0.6363531536115565, 0.8756607360900237, 0.5682749808448808, 2.0208833322110067, 2.2144087919527586, 1.1488682340354563, 0.42520868050691574, 0.25715216316456124, 0.22039024588976508, 1.1329732853846375, 0.30671271597394495, 0.7634506898946987, 1.429207445685146, 0.6459659892548727, 0.20539484796217916, 0.1398481123270937, 0.05699698630162038, 0.10213697211328189, 1.231701560123816, 0.28115314509548395, 5.541294974647233, 4.290248678976523, 2.577070171656965, 4.438177794895781, 5.931739740234127, 5.104732979565756, 1.0440530210726426, 5.756590638565869, 3.051052735732208, 1.4927172663394401, 0.6363531536115565, 0.8756607360900237, 0.5682749808448808, 2.0208833322110067, 2.2144087919527586, -1000.0]
[20160906173553] Location: x = -0.3943409167 y = -0.0665719086755 z = 0.196437609055
[20160906173553] Current fitness = -1.0
[20160906173553] Pbest = -1.0
[20160906173553] Gbest = -1.0
[20160906173553] ---------------------------
[20160906173553] Executing iteration number: 0 Individual number: 3
[20160906173613] Robot fall detected
[20160906173613] Individual: [4.374583341462676, 1.6037173753347251, 3.238793894188105, 5.387451303626511, 7.338810841017118, 6.331724982145621, 6.718693249393433, 0.6532732555767587, 4.581519742997316, 0.4123553035528025, 0.689036242480471, 1.3531118601470395, 0.4451156763489215, 7.474265863379026, 2.4310039346801595, 1.1782368392321607, 0.5890948246217281, 0.19301737444874492, 0.44954870220080856, 1.393661514252235, 0.5965582586190955, 1.4144901156886376, 0.31678498696286717, 1.2812890428200607, 0.14807580366116008, 0.10657822109637935, 0.24792366054761894, 0.1305829702276683, 1.3087947128115653, 0.26219814460959145, 4.374583341462676, 1.6037173753347251, 3.238793894188105, 5.387451303626511, 7.338810841017118, 6.331724982145621, 6.718693249393433, 0.6532732555767587, 4.581519742997316, 0.4123553035528025, 0.689036242480471, 1.3531118601470395, 0.4451156763489215, 7.474265863379026, 2.4310039346801595, -1000.0]
[20160906173613] Location: x = -0.46777863005 y = -0.0745056905782 z = 0.193029041335
[20160906173613] Current fitness = -1.0
[20160906173613] Pbest = -1.0
[20160906173613] Gbest = -1.0
[20160906173613] ---------------------------
[20160906173613] Executing iteration number: 0 Individual number: 4
[20160906173636] Robot fall detected
[20160906173636] Individual: [0.7692669822522852, 3.3114892846936863, 4.564688599366729, 1.4973105551785848, 3.506043919305171, 2.2399531980495695, 6.2473716601868, 6.067545287077621, 6.050844663418602, 1.2060289865317817, 0.2971545995075558, 0.28151176927764243, 0.6573008380400572, 6.6861734038851885, 2.201592682335536, 0.8237651133161191, 0.980461870161971, 1.2784839163664268, 0.704827675665696, 0.9904048157452887, 1.3241314716689192, 1.2292947148422948, 0.647801166051914, 0.6068095146980196, 0.11268446346730596, 0.09415020085264098, 0.08344639394290473, 0.1296756011778316, 1.363290695804408, 0.4186961027565406, 0.7692669822522852, 3.3114892846936863, 4.564688599366729, 1.4973105551785848, 3.506043919305171, 2.2399531980495695, 6.2473716601868, 6.067545287077621, 6.050844663418602, 1.2060289865317817, 0.2971545995075558, 0.28151176927764243, 0.6573008380400572, 6.6861734038851885, 2.201592682335536, -1000.0]
[20160906173636] Location: x = -0.154317659785 y = -0.364596260405 z = 0.172745172934
[20160906173636] Current fitness = -1.0
[20160906173636] Pbest = -1.0
[20160906173636] Gbest = -1.0
[20160906173636] ---------------------------
[20160906173636] Executing iteration number: 0 Individual number: 5
[20160906173656] Robot fall detected
[20160906173656] Individual: [6.757563281858803, 2.885878872615826, 0.9744289931904497, 4.205616867624885, 6.935696033652174, 5.920658323490229, 5.107940782423785, 6.21109658849344, 4.936082102279579, 0.32748754364450494, 0.6581784522419283, 0.7780733260594288, 0.5780390087802663, 7.331616354278196, 1.913464531915532, 0.6974321973541276, 0.2831362211515648, 0.8338606662909389, 0.8801008967762801, 1.4040193654282267, 0.6004568916673171, 0.4179208438588534, 0.8672854665363156, 0.576155078874992, 0.11981870398211758, 0.1467299367192058, 0.29879497207266015, 0.10546925015256225, 1.1206104533779129, 0.4714549507020751, 6.757563281858803, 2.885878872615826, 0.9744289931904497, 4.205616867624885, 6.935696033652174, 5.920658323490229, 5.107940782423785, 6.21109658849344, 4.936082102279579, 0.32748754364450494, 0.6581784522419283, 0.7780733260594288, 0.5780390087802663, 7.331616354278196, 1.913464531915532, -1000.0]
[20160906173656] Location: x = -0.394815664098 y = 0.056110495372 z = 0.166136879969
[20160906173656] Current fitness = -1.0
[20160906173656] Pbest = -1.0
[20160906173656] Gbest = -1.0
[20160906173656] ---------------------------
[20160906173656] Executing iteration number: 0 Individual number: 6
[20160906173713] Robot fall detected
[20160906173713] Individual: [4.789526585741258, 1.586017624526677, 1.0763923290801425, 7.478327715681241, 6.490077055966425, 7.202909423156226, 6.832890047623835, 5.375551225302662, 1.6103957715036863, 0.8882011002399922, 0.7320870211626713, 0.8451021969953756, 0.39382978389459883, 1.4149447265100608, 2.6459522305879988, 1.2214251629820814, 1.4824686099353923, 1.0510141272350046, 1.3088892572787945, 0.6424690877661842, 0.30394088758158255, 0.7249414273108727, 1.2065808458519032, 0.6871528436418857, 0.18517078794519398, 0.13714824219384114, 0.1069430750382783, 0.11012199520866953, 0.8534903278942476, 0.3993528199346089, 4.789526585741258, 1.586017624526677, 1.0763923290801425, 7.478327715681241, 6.490077055966425, 7.202909423156226, 6.832890047623835, 5.375551225302662, 1.6103957715036863, 0.8882011002399922, 0.7320870211626713, 0.8451021969953756, 0.39382978389459883, 1.4149447265100608, 2.6459522305879988, -1000.0]
[20160906173713] Location: x = -0.130699829181 y = -0.13091667158 z = 0.19709581157
[20160906173713] Current fitness = -1.0
[20160906173713] Pbest = -1.0
[20160906173713] Gbest = -1.0
[20160906173713] ---------------------------
[20160906173713] Executing iteration number: 0 Individual number: 7
[20160906173731] Robot fall detected
[20160906173731] Individual: [5.05722552557565, 2.722997454782411, 2.3954147500801786, 2.052445030832968, 1.7692895186586532, 1.6922266891209454, 5.9399272256347215, 4.591342139681887, 6.31312431129721, 0.6454371273617436, 0.6472343405211657, 0.8428570626724461, 0.3414407442925081, 3.302761057312749, 2.6928237056017723, 1.4933623526947617, 0.8764037721550231, 1.143500861267678, 1.4659713960443552, 0.7596668400769344, 0.9228923789051849, 0.9506657392384051, 0.6450039075334374, 0.7539857804161948, 0.24142906721914476, 0.14571103144453412, 0.18045741490844425, 0.0576811886310564, 0.307966249393991, 0.4072205748360065, 5.05722552557565, 2.722997454782411, 2.3954147500801786, 2.052445030832968, 1.7692895186586532, 1.6922266891209454, 5.9399272256347215, 4.591342139681887, 6.31312431129721, 0.6454371273617436, 0.6472343405211657, 0.8428570626724461, 0.3414407442925081, 3.302761057312749, 2.6928237056017723, -1000.0]
[20160906173731] Location: x = -0.333857516055 y = -0.0822096363609 z = 0.198235138689
[20160906173731] Current fitness = -1.0
[20160906173731] Pbest = -1.0
[20160906173731] Gbest = -1.0
[20160906173731] ---------------------------
[20160906173731] Executing iteration number: 0 Individual number: 8
[20160906173752] Robot fall detected
[20160906173752] Individual: [4.512073248090358, 1.3109668299874997, 5.838168363425354, 4.903872453624564, 5.734683252035632, 4.540432162977733, 1.176665768045126, 6.736733991985422, 6.090501455414743, 0.9342401561731843, 0.27472464175743017, 0.5560471537724084, 0.2928131932362798, 6.070441313403431, 1.5484089033589021, 0.9860774785138173, 0.41362484722757964, 0.5312373697075208, 0.9781565396697177, 0.21607781109159485, 1.3828381597285508, 0.3999388232732468, 0.27230439290741315, 1.387516287996581, 0.23060377465049176, 0.07590697600422333, 0.24126729676151187, 0.10322565341703462, 0.3411673104146029, 0.31635893032792145, 4.512073248090358, 1.3109668299874997, 5.838168363425354, 4.903872453624564, 5.734683252035632, 4.540432162977733, 1.176665768045126, 6.736733991985422, 6.090501455414743, 0.9342401561731843, 0.27472464175743017, 0.5560471537724084, 0.2928131932362798, 6.070441313403431, 1.5484089033589021, -1000.0]
[20160906173752] Location: x = 0.278262138372 y = 0.167108588286 z = 0.169589721979
[20160906173752] Current fitness = 0.278262138372
[20160906173752] Pbest = 0.278262138372
[20160906173752] Gbest = 0.278262138372
[20160906173752] ---------------------------
[20160906173752] Executing iteration number: 0 Individual number: 9
[20160906173810] Robot fall detected
[20160906173810] Individual: [2.789551333082658, 5.221235447034842, 5.017192227262877, 2.909328287840939, 6.877860212754481, 2.53718624687712, 2.374588348429909, 1.7997240564980994, 0.6496997765091854, 0.6797815565337586, 0.6088799423873607, 0.8075360875700355, 0.4221039735868341, 6.981321334825321, 2.7529590371725448, 0.24094187901875433, 1.0658690976197773, 0.17461398797855274, 0.5482215183496106, 1.3453647185900046, 1.015338170797759, 0.28853044072671263, 1.3531581720493548, 0.21381392757222234, 0.2561812838688755, 0.08451153782836839, 0.2459784537222277, 0.07393799707797316, 1.0507621650211172, 0.4245240863263734, 2.789551333082658, 5.221235447034842, 5.017192227262877, 2.909328287840939, 6.877860212754481, 2.53718624687712, 2.374588348429909, 1.7997240564980994, 0.6496997765091854, 0.6797815565337586, 0.6088799423873607, 0.8075360875700355, 0.4221039735868341, 6.981321334825321, 2.7529590371725448, -1000.0]
[20160906173810] Location: x = -0.246620827804 y = -0.286929836543 z = 0.183498183379
[20160906173810] Current fitness = -1.0
[20160906173810] Pbest = -1.0
[20160906173810] Gbest = 0.278262138372
[20160906173810] ---------------------------
[20160906173810] Executing iteration number: 0 Individual number: 10
[20160906173829] Robot fall detected
[20160906173829] Individual: [7.262696271581923, 4.7083384624634395, 5.949512821050664, 1.7677371403386855, 0.864945702411656, 2.5846790693132298, 5.785296426350819, 6.172280109191088, 6.2253915106636235, 1.1123368645826452, 0.3959613921444984, 1.285355800381546, 0.43955372343683197, 2.674680155933194, 1.791807860306059, 0.3592541822841765, 0.48639642210906, 1.0007740569500296, 1.0283240146919268, 0.38771769703575665, 1.3924214084906477, 1.0782582805704404, 0.706201348917646, 0.6040500611878903, 0.2185551023369574, 0.0881087741225163, 0.2156869947504656, 0.06548573159590165, 0.6847631641406402, 0.5872703911586048, 7.262696271581923, 4.7083384624634395, 5.949512821050664, 1.7677371403386855, 0.864945702411656, 2.5846790693132298, 5.785296426350819, 6.172280109191088, 6.2253915106636235, 1.1123368645826452, 0.3959613921444984, 1.285355800381546, 0.43955372343683197, 2.674680155933194, 1.791807860306059, -1000.0]
[20160906173829] Location: x = -0.340414874925 y = -0.0671015490567 z = 0.194216751076
[20160906173829] Current fitness = -1.0
[20160906173829] Pbest = -1.0
[20160906173829] Gbest = 0.278262138372
[20160906173829] ---------------------------
[20160906173829] Executing iteration number: 0 Individual number: 11
[20160906173848] Robot fall detected
[20160906173848] Individual: [6.9492308398908165, 4.593426052507023, 5.647766124636762, 4.604875992660756, 6.274279212188121, 4.402133549836776, 3.7072341691084576, 1.1299922331849641, 5.949555831163002, 1.461579191154137, 0.3137862547132019, 0.4979960729724735, 0.3951844395781664, 1.2226262671043693, 2.202018301583493, 1.3183074991281534, 0.29467011446685853, 1.339513294032975, 1.4998864618846903, 0.2736833958313317, 1.345296219526735, 1.4144028089731548, 0.8543404078516416, 1.1502168885942468, 0.092735752730804, 0.08351469027911161, 0.2880764593150734, 0.14730235822528445, 1.5436939515647592, 0.23613691979297055, 6.9492308398908165, 4.593426052507023, 5.647766124636762, 4.604875992660756, 6.274279212188121, 4.402133549836776, 3.7072341691084576, 1.1299922331849641, 5.949555831163002, 1.461579191154137, 0.3137862547132019, 0.4979960729724735, 0.3951844395781664, 1.2226262671043693, 2.202018301583493, -1000.0]
[20160906173848] Location: x = -0.383036451972 y = -0.0898361536878 z = 0.196834557762
[20160906173848] Current fitness = -1.0
[20160906173848] Pbest = -1.0
[20160906173848] Gbest = 0.278262138372
[20160906173848] ---------------------------
[20160906173848] Executing iteration number: 0 Individual number: 12
[20160906173911] Robot fall detected
[20160906173911] Individual: [6.703793257843546, 2.434209594679461, 7.220351125925719, 2.1905837054023416, 2.7076050600014363, 2.183615005538373, 3.7804483327767793, 7.449036459939879, 2.7210636806822475, 0.8735344697225071, 0.5187791976696441, 1.433281787594907, 0.5853947566036769, 6.493001223251089, 1.853488951424136, 1.1908408008939377, 0.6373970148373443, 0.9878733201376901, 0.7931267658321249, 1.063960579317397, 1.204371006759286, 0.46869495153161433, 1.3929623551812778, 0.11684387647861401, 0.19521407978757577, 0.07874396484554312, 0.1911268524650651, 0.12098927789128784, 0.7330594073650525, 0.2073049813495089, 6.703793257843546, 2.434209594679461, 7.220351125925719, 2.1905837054023416, 2.7076050600014363, 2.183615005538373, 3.7804483327767793, 7.449036459939879, 2.7210636806822475, 0.8735344697225071, 0.5187791976696441, 1.433281787594907, 0.5853947566036769, 6.493001223251089, 1.853488951424136, -1000.0]
[20160906173911] Location: x = -0.3310301413 y = -0.00820361784975 z = 0.178605031072
[20160906173911] Current fitness = -1.0
[20160906173911] Pbest = -1.0
[20160906173911] Gbest = 0.278262138372
[20160906173911] ---------------------------
[20160906173911] Executing iteration number: 0 Individual number: 13
[20160906173933] Robot fall detected
[20160906173933] Individual: [4.6938506690476505, 4.615875239246166, 1.6065463458615603, 6.044959828908513, 0.5771357688558798, 3.241661900026669, 4.398884232814108, 7.4980600208921855, 1.5922197361728188, 1.3383170207390545, 0.4741570359091471, 1.1147652743539709, 0.6932581602416472, 7.136180502557528, 1.635764147618624, 0.23968911370844243, 0.819297146650583, 0.13520540875445658, 1.010424360534294, 1.4613545915178163, 0.6258958889985492, 0.7254981392875385, 0.5781961410024988, 0.37494130731897346, 0.08938367379415124, 0.12065356260257588, 0.20490808744310068, 0.1253567716394965, 0.4098951634076503, 0.4732935193037526, 4.6938506690476505, 4.615875239246166, 1.6065463458615603, 6.044959828908513, 0.5771357688558798, 3.241661900026669, 4.398884232814108, 7.4980600208921855, 1.5922197361728188, 1.3383170207390545, 0.4741570359091471, 1.1147652743539709, 0.6932581602416472, 7.136180502557528, 1.635764147618624, -1000.0]
[20160906173933] Location: x = 0.228945338959 y = 0.17811987651 z = 0.181944700638
[20160906173933] Current fitness = 0.228945338959
[20160906173933] Pbest = 0.228945338959
[20160906173933] Gbest = 0.278262138372
[20160906173933] ---------------------------
[20160906173933] Executing iteration number: 0 Individual number: 14
[20160906173948] Robot fall detected
[20160906173948] Individual: [1.9718973066950085, 6.733937076666695, 6.713256868247303, 4.476728519794523, 2.917252687922929, 5.194965978410353, 2.1892376388296055, 4.310959657849962, 7.442978927662122, 1.212629641518522, 0.2597626837348834, 0.3020405671538121, 0.35264467478047085, 1.0389214411208254, 2.307094149990903, 0.11934245984186183, 0.9245178768634678, 0.9893951449590018, 0.8971668228772727, 0.8229154851434675, 0.5892996918809745, 0.43203656904187504, 0.6097102659043933, 0.12126694579539028, 0.1703999577251768, 0.12279395942819839, 0.25282077855173046, 0.07544806123784432, 0.6952259250578354, 0.37227332437697624, 1.9718973066950085, 6.733937076666695, 6.713256868247303, 4.476728519794523, 2.917252687922929, 5.194965978410353, 2.1892376388296055, 4.310959657849962, 7.442978927662122, 1.212629641518522, 0.2597626837348834, 0.3020405671538121, 0.35264467478047085, 1.0389214411208254, 2.307094149990903, -1000.0]
[20160906173948] Location: x = -0.172481625411 y = -0.221282278234 z = 0.195264411916
[20160906173948] Current fitness = -1.0
[20160906173948] Pbest = -1.0
[20160906173948] Gbest = 0.278262138372
[20160906173948] ---------------------------
[20160906173948] Executing iteration number: 0 Individual number: 15
[20160906174005] Robot fall detected
[20160906174005] Individual: [6.429059179760037, 1.9949924487223756, 0.9723043325687046, 6.019210568393351, 0.703207247095307, 5.635179211101882, 1.75524650833416, 5.751544230435055, 7.332973155156001, 0.30109404109662735, 0.43492070856861215, 1.0018343253022843, 0.3515581638772112, 2.4406356474239, 2.41496533760291, 0.8614390309799129, 0.19986088718867837, 0.8744974303830289, 0.6315434015282199, 1.1447871240118312, 0.6935183283694433, 1.033191367417368, 1.4746391560654253, 1.3049068197106712, 0.08330990058893378, 0.071975286195834, 0.2876213225603617, 0.07138628526851695, 0.9053671786478283, 0.22993249406778238, 6.429059179760037, 1.9949924487223756, 0.9723043325687046, 6.019210568393351, 0.703207247095307, 5.635179211101882, 1.75524650833416, 5.751544230435055, 7.332973155156001, 0.30109404109662735, 0.43492070856861215, 1.0018343253022843, 0.3515581638772112, 2.4406356474239, 2.41496533760291, -1000.0]
[20160906174005] Location: x = -0.292225454898 y = -0.0639473065559 z = 0.188527018157
[20160906174005] Current fitness = -1.0
[20160906174005] Pbest = -1.0
[20160906174005] Gbest = 0.278262138372
[20160906174005] ---------------------------
[20160906174005] Executing iteration number: 0 Individual number: 16
[20160906174033] Robot fall detected
[20160906174033] Individual: [2.0036102723665516, 1.4697803046837792, 5.427763030771952, 1.0678239928431161, 1.1272162615924124, 0.6403335794925646, 2.5232548140203734, 4.831593970181036, 6.544868022172992, 0.2768180252488621, 0.2814348671551557, 1.3564338324647214, 0.5789087593564929, 5.428957080420281, 2.0725274207858226, 1.0505907240254937, 0.17110911370317344, 0.335694697333324, 0.5182511082347574, 1.255786616451003, 1.201393199825882, 0.28900489226492854, 0.7690237068337735, 1.1808873197642453, 0.07357335132470369, 0.13970664245327438, 0.16684659077779052, 0.12493142987881375, 0.5697597291367404, 0.521650985540222, 2.0036102723665516, 1.4697803046837792, 5.427763030771952, 1.0678239928431161, 1.1272162615924124, 0.6403335794925646, 2.5232548140203734, 4.831593970181036, 6.544868022172992, 0.2768180252488621, 0.2814348671551557, 1.3564338324647214, 0.5789087593564929, 5.428957080420281, 2.0725274207858226, -1000.0]
[20160906174033] Location: x = -0.474852853579 y = 0.0705498919155 z = 0.18808378288
[20160906174033] Current fitness = -1.0
[20160906174033] Pbest = -1.0
[20160906174033] Gbest = 0.278262138372
[20160906174033] ---------------------------
[20160906174033] Executing iteration number: 0 Individual number: 17
[20160906174054] Robot fall detected
[20160906174054] Individual: [1.956057132948258, 4.549361376260636, 6.782395181397614, 6.959877685493344, 7.140183441085055, 5.483515112197152, 5.587520623556123, 0.7838369160694122, 5.813369529353456, 0.3642219094999544, 0.4356096850675477, 0.32299925149779907, 0.4598719037428051, 4.3094588213267935, 2.5945987739128533, 1.1361938091541959, 0.4080561874871159, 1.0256654094198678, 1.3513122287105563, 0.39796604646346023, 0.7858356288877144, 1.0862824590110853, 0.864292690605741, 0.4563699313931924, 0.0763532623208866, 0.13904201027833915, 0.06183206336752094, 0.13087709353141647, 1.0619644779779547, 0.5994393378555581, 1.956057132948258, 4.549361376260636, 6.782395181397614, 6.959877685493344, 7.140183441085055, 5.483515112197152, 5.587520623556123, 0.7838369160694122, 5.813369529353456, 0.3642219094999544, 0.4356096850675477, 0.32299925149779907, 0.4598719037428051, 4.3094588213267935, 2.5945987739128533, -1000.0]
[20160906174054] Location: x = -0.337364398735 y = -0.0985226842811 z = 0.177180352626
[20160906174054] Current fitness = -1.0
[20160906174054] Pbest = -1.0
[20160906174054] Gbest = 0.278262138372
[20160906174054] ---------------------------
[20160906174054] Executing iteration number: 0 Individual number: 18
[20160906174112] Robot fall detected
[20160906174112] Individual: [5.7050540635056, 6.343599403053803, 2.9521132091919755, 5.819577661670796, 3.820249528234035, 3.1076088371407313, 6.034170800781098, 5.556022544918195, 1.4615805044055583, 1.0662371092854648, 0.37456412214379187, 1.4006520033669057, 0.4221716086055087, 1.1166094944019231, 1.5557406770825106, 0.6655257477821459, 0.28575487736012317, 0.6923383932406764, 1.3578286924385623, 1.4735752711681456, 0.9403336208324984, 0.18026160122963059, 1.3385388546969617, 0.2687410439727833, 0.2713723885966326, 0.06555822380872989, 0.198413358564408, 0.13857475951843906, 1.4148527240942672, 0.317088556272512, 5.7050540635056, 6.343599403053803, 2.9521132091919755, 5.819577661670796, 3.820249528234035, 3.1076088371407313, 6.034170800781098, 5.556022544918195, 1.4615805044055583, 1.0662371092854648, 0.37456412214379187, 1.4006520033669057, 0.4221716086055087, 1.1166094944019231, 1.5557406770825106, -1000.0]
[20160906174112] Location: x = -0.377231463561 y = -0.0673561129114 z = 0.198673431994
[20160906174112] Current fitness = -1.0
[20160906174112] Pbest = -1.0
[20160906174112] Gbest = 0.278262138372
[20160906174112] ---------------------------
[20160906174112] Executing iteration number: 0 Individual number: 19
[20160906174133] Robot fall detected
[20160906174133] Individual: [3.0427948894388543, 1.6565973226774307, 2.443305773175517, 2.3440017253944188, 4.934770888978177, 4.847236409074557, 5.8837404454456586, 0.597871688980046, 3.096190821809455, 0.6872081673371866, 0.6898714967176729, 1.4155228344280795, 0.5019505302908369, 5.497901559816674, 2.2394217353419696, 0.6162372781425222, 0.9417167715050387, 0.6626393439506096, 0.6968338252335788, 0.1515343560215185, 0.5386377778608233, 0.6009447878309493, 0.7713811949191344, 1.074477308543854, 0.15399577881517867, 0.06640430132170265, 0.23467656137329734, 0.06589015257716149, 0.4337731158841995, 0.2354554099235991, 3.0427948894388543, 1.6565973226774307, 2.443305773175517, 2.3440017253944188, 4.934770888978177, 4.847236409074557, 5.8837404454456586, 0.597871688980046, 3.096190821809455, 0.6872081673371866, 0.6898714967176729, 1.4155228344280795, 0.5019505302908369, 5.497901559816674, 2.2394217353419696, -1000.0]
[20160906174133] Location: x = -0.236703425337 y = -0.276435640574 z = 0.15743329858
[20160906174133] Current fitness = -1.0
[20160906174133] Pbest = -1.0
[20160906174133] Gbest = 0.278262138372
[20160906174133] ---------------------------
[20160906174133] Executing iteration number: 0 Individual number: 20
[20160906174154] Robot fall detected
[20160906174154] Individual: [2.874825309585809, 4.678662268096958, 3.1061453754220625, 1.659521777775685, 7.033880531367488, 5.2614305921805515, 6.644561495141225, 2.00072885292035, 0.6358137155247414, 1.124232265667866, 0.4138490537372697, 1.2991867207724743, 0.7063569245459582, 4.369867161481994, 2.009977484649256, 1.1122739514957347, 0.7759618121122276, 1.323804888536368, 1.182210267614942, 1.4141997877277304, 1.265433729151861, 0.884764017590171, 0.5551860336146599, 0.7485044378711561, 0.22558333468338804, 0.05555576157040119, 0.07337863523252462, 0.12571629648654276, 0.572417244987244, 0.3244442113266002, 2.874825309585809, 4.678662268096958, 3.1061453754220625, 1.659521777775685, 7.033880531367488, 5.2614305921805515, 6.644561495141225, 2.00072885292035, 0.6358137155247414, 1.124232265667866, 0.4138490537372697, 1.2991867207724743, 0.7063569245459582, 4.369867161481994, 2.009977484649256, -1000.0]
[20160906174154] Location: x = -0.390097561146 y = -0.0270257203835 z = 0.187704979459
[20160906174154] Current fitness = -1.0
[20160906174154] Pbest = -1.0
[20160906174154] Gbest = 0.278262138372
[20160906174154] ---------------------------
[20160906174154] Executing iteration number: 0 Individual number: 21
[20160906174219] Robot fall detected
[20160906174219] Individual: [6.831247619454972, 4.787168995819923, 2.848481429731886, 6.211179779467821, 2.9271675554569985, 0.7402664827043473, 5.499571714450211, 1.1787822088817996, 7.497909380462149, 0.8667630519479774, 0.6600990505500861, 0.7714120889048557, 0.6617155108886483, 1.923265919497338, 2.0270301878817905, 0.27980059246889766, 1.3548541214315932, 1.4933528964017424, 0.8616682196744944, 0.20452041276809815, 0.1910751830125964, 1.4682625307345154, 0.8013541588039266, 1.369533994896351, 0.2963102256255842, 0.06764858996372544, 0.1828631312195385, 0.06530862689317965, 1.5742836002530791, 0.5965841753906821, 6.831247619454972, 4.787168995819923, 2.848481429731886, 6.211179779467821, 2.9271675554569985, 0.7402664827043473, 5.499571714450211, 1.1787822088817996, 7.497909380462149, 0.8667630519479774, 0.6600990505500861, 0.7714120889048557, 0.6617155108886483, 1.923265919497338, 2.0270301878817905, -1000.0]
[20160906174219] Location: x = -0.383466408435 y = -0.110196830875 z = 0.194451866548
[20160906174219] Current fitness = -1.0
[20160906174219] Pbest = -1.0
[20160906174219] Gbest = 0.278262138372
[20160906174219] ---------------------------
[20160906174219] Executing iteration number: 0 Individual number: 22
[20160906174238] Robot fall detected
[20160906174238] Individual: [5.274682647951085, 2.3198341640650737, 5.405205996954769, 5.5653855173296005, 1.3103636513095274, 5.510962428691044, 1.7506020642893216, 6.797711300922421, 3.9632554279037016, 0.35533494918667663, 0.4450043481130655, 0.6607985946167901, 0.5498852375549546, 5.302983316258412, 1.9466593684772684, 0.24299522476517263, 1.2862594245634886, 1.2220342727754379, 0.10543967774835988, 0.1447208055747299, 0.8355135806943915, 0.8692020274377824, 0.5389148893469422, 0.4360701411259873, 0.14633543498781593, 0.12276327063981288, 0.17251413230581897, 0.11425145880190826, 1.4202190469910871, 0.26466122345135745, 5.274682647951085, 2.3198341640650737, 5.405205996954769, 5.5653855173296005, 1.3103636513095274, 5.510962428691044, 1.7506020642893216, 6.797711300922421, 3.9632554279037016, 0.35533494918667663, 0.4450043481130655, 0.6607985946167901, 0.5498852375549546, 5.302983316258412, 1.9466593684772684, -1000.0]
[20160906174238] Location: x = -0.352265927027 y = -0.0407181214456 z = 0.198529786087
[20160906174238] Current fitness = -1.0
[20160906174238] Pbest = -1.0
[20160906174238] Gbest = 0.278262138372
[20160906174238] ---------------------------
[20160906174238] Executing iteration number: 0 Individual number: 23
[20160906174301] Robot fall detected
[20160906174301] Individual: [1.616697056451116, 2.0893923040393054, 3.532394842448779, 5.608323468411988, 7.3116019644524295, 0.9618712681537337, 0.8685689830636543, 6.106215149827538, 0.8239506895618112, 1.1347487687269493, 0.3479040872200179, 0.4687699179471032, 0.701267008211702, 6.183873128974411, 1.8583504275845952, 0.6327081403180589, 0.5266773651552205, 0.493654125597661, 0.7374348886169926, 0.16506609616586992, 0.35483923146988594, 1.2405240032588716, 1.4667649208743716, 1.2365188294762146, 0.16341724988385425, 0.11129809256485909, 0.18475229062321136, 0.1389404193503213, 0.5090613460875912, 0.3102131081781926, 1.616697056451116, 2.0893923040393054, 3.532394842448779, 5.608323468411988, 7.3116019644524295, 0.9618712681537337, 0.8685689830636543, 6.106215149827538, 0.8239506895618112, 1.1347487687269493, 0.3479040872200179, 0.4687699179471032, 0.701267008211702, 6.183873128974411, 1.8583504275845952, -1000.0]
[20160906174301] Location: x = -0.352005286455 y = 0.169867058649 z = 0.190806736938
[20160906174301] Current fitness = -1.0
[20160906174301] Pbest = -1.0
[20160906174301] Gbest = 0.278262138372
[20160906174301] ---------------------------
[20160906174301] Executing iteration number: 0 Individual number: 24
[20160906174320] Robot fall detected
[20160906174320] Individual: [0.6254980742307956, 6.836383008225505, 1.0766435791097655, 5.270482350872303, 1.7147240795134606, 1.1672717360871185, 3.251947726741995, 6.294605464565982, 4.014376142356545, 0.7214323541633331, 0.6488662023050429, 0.6984170731570204, 0.703881889245823, 4.607229797797121, 1.0524343754742176, 0.48092588657141666, 0.845735637560473, 0.812680962262733, 0.5385617891780008, 0.4205485369055637, 0.5257185269576494, 0.5232115580956588, 0.26481268751022446, 1.4335184472302238, 0.24869044706930055, 0.11296713966513797, 0.22771128285858305, 0.09906260154439225, 1.2159391770325196, 0.4734116792900237, 0.6254980742307956, 6.836383008225505, 1.0766435791097655, 5.270482350872303, 1.7147240795134606, 1.1672717360871185, 3.251947726741995, 6.294605464565982, 4.014376142356545, 0.7214323541633331, 0.6488662023050429, 0.6984170731570204, 0.703881889245823, 4.607229797797121, 1.0524343754742176, -1000.0]
[20160906174320] Location: x = -0.329934499238 y = 0.0811392857281 z = 0.197805790263
[20160906174320] Current fitness = -1.0
[20160906174320] Pbest = -1.0
[20160906174320] Gbest = 0.278262138372
[20160906174320] ---------------------------
[20160906174320] Executing iteration number: 0 Individual number: 25
[20160906174340] Robot fall detected
[20160906174340] Individual: [5.162221068890792, 2.1027457746470786, 3.2422873388756974, 2.8725673937927483, 5.834824347761385, 4.409329994310108, 1.138903114528087, 4.484656621282871, 7.404430390855423, 0.9438516709826024, 0.7234055991060513, 0.46572487443938815, 0.7137662739498907, 6.30199334042209, 1.453478525670384, 1.359747337167558, 0.7539123926064643, 0.2914074306483445, 0.47766086739809843, 1.028835803663482, 0.4720314138478674, 0.1169160265016017, 0.45697250686079394, 1.3649244423955598, 0.20768966736239552, 0.09289657046379961, 0.26772101311481916, 0.08857637405632426, 0.41296278528364416, 0.5820952282833092, 5.162221068890792, 2.1027457746470786, 3.2422873388756974, 2.8725673937927483, 5.834824347761385, 4.409329994310108, 1.138903114528087, 4.484656621282871, 7.404430390855423, 0.9438516709826024, 0.7234055991060513, 0.46572487443938815, 0.7137662739498907, 6.30199334042209, 1.453478525670384, -1000.0]
[20160906174340] Location: x = -0.383336332698 y = -0.0223658909079 z = 0.185100856863
[20160906174340] Current fitness = -1.0
[20160906174340] Pbest = -1.0
[20160906174340] Gbest = 0.278262138372
[20160906174340] ---------------------------
[20160906174340] Executing iteration number: 0 Individual number: 26
[20160906174401] Robot fall detected
[20160906174401] Individual: [5.337539512454327, 5.440950874137924, 7.258934530739225, 2.236812211497605, 6.452296641732553, 1.7888780322634488, 6.532003384241501, 3.672764325477449, 4.413253166966101, 1.2914152064255413, 0.3936966357132612, 1.2478581909621624, 0.6582420291992971, 5.565947216046631, 2.206539119555296, 0.7613650358703792, 1.009145641112863, 0.3770931944414667, 1.3810008670145513, 1.1231142059900403, 0.44540764385062614, 1.202942925546967, 0.5314042495955935, 0.23386223281777882, 0.054526867243858815, 0.0805925020874312, 0.16525349822811214, 0.11982219863326564, 0.6109562334587751, 0.5100233110345289, 5.337539512454327, 5.440950874137924, 7.258934530739225, 2.236812211497605, 6.452296641732553, 1.7888780322634488, 6.532003384241501, 3.672764325477449, 4.413253166966101, 1.2914152064255413, 0.3936966357132612, 1.2478581909621624, 0.6582420291992971, 5.565947216046631, 2.206539119555296, -1000.0]
[20160906174401] Location: x = 0.148554848629 y = 0.183378739204 z = 0.193147680871
[20160906174401] Current fitness = 0.148554848629
[20160906174401] Pbest = 0.148554848629
[20160906174401] Gbest = 0.278262138372
[20160906174401] ---------------------------
[20160906174401] Executing iteration number: 0 Individual number: 27
[20160906174417] Robot fall detected
[20160906174417] Individual: [0.7898615261135431, 2.5299553012888043, 2.4056374844451947, 6.70815107644154, 6.664553886720421, 2.4271948912771117, 1.69364683174019, 0.8286848554399431, 5.319949588457883, 1.2072744165332743, 0.5342341429280453, 1.296426246549012, 0.6179630090913166, 1.0290551169789839, 1.192277836879976, 0.10004230681390694, 0.4691952768151274, 0.5108777954845103, 1.3359815139357272, 0.9480634649829993, 1.4306277061087538, 0.40848930846750586, 0.4810510471832782, 0.6227524516216334, 0.2260501265739986, 0.14428697772871227, 0.13355930497547058, 0.12606269811681176, 0.47003630502520166, 0.5320303485939244, 0.7898615261135431, 2.5299553012888043, 2.4056374844451947, 6.70815107644154, 6.664553886720421, 2.4271948912771117, 1.69364683174019, 0.8286848554399431, 5.319949588457883, 1.2072744165332743, 0.5342341429280453, 1.296426246549012, 0.6179630090913166, 1.0290551169789839, 1.192277836879976, -1000.0]
[20160906174417] Location: x = -0.253322039254 y = -0.237556145752 z = 0.178878484693
[20160906174417] Current fitness = -1.0
[20160906174417] Pbest = -1.0
[20160906174417] Gbest = 0.278262138372
[20160906174417] ---------------------------
[20160906174417] Executing iteration number: 0 Individual number: 28
[20160906174435] Robot fall detected
[20160906174435] Individual: [3.1362582083766557, 5.959046247936738, 0.7092295293611851, 2.254401920801219, 7.0304706089693285, 6.844638790142156, 4.178410723237958, 3.386413074469102, 4.434241792509411, 0.828343027268584, 0.2873829798372316, 0.5442268425504238, 0.4103351818248239, 2.5620357746305507, 1.4749582829388144, 1.0391518486688538, 1.4635239532433777, 0.6407254190235785, 0.38649047388105773, 1.43535182568596, 1.4763748548096722, 0.6479663819325249, 1.363833664277788, 0.938950566238349, 0.23428880972230048, 0.09189503628214052, 0.1541420755853377, 0.11093431032894399, 0.9863806731000149, 0.4356148152479936, 3.1362582083766557, 5.959046247936738, 0.7092295293611851, 2.254401920801219, 7.0304706089693285, 6.844638790142156, 4.178410723237958, 3.386413074469102, 4.434241792509411, 0.828343027268584, 0.2873829798372316, 0.5442268425504238, 0.4103351818248239, 2.5620357746305507, 1.4749582829388144, -1000.0]
[20160906174435] Location: x = -0.346211313955 y = -0.0641716989074 z = 0.191510031597
[20160906174435] Current fitness = -1.0
[20160906174435] Pbest = -1.0
[20160906174435] Gbest = 0.278262138372
[20160906174435] ---------------------------
[20160906174435] Executing iteration number: 0 Individual number: 29
[20160906174454] Robot fall detected
[20160906174454] Individual: [3.654650620576941, 1.8071237529316728, 6.6288144870280385, 2.456789501670872, 5.043538298778905, 1.8760890992186132, 4.971203030336132, 2.63527123237318, 1.3276572852907775, 0.715656476786934, 0.6428664640048763, 1.377745803919973, 0.380306384635577, 1.1438701608941693, 1.130112151491587, 0.7546462520409377, 1.0153293172797309, 0.6177109868058857, 0.2454353452671699, 1.43850423868708, 0.5396701723609993, 0.9422492190494554, 1.3932049227438001, 0.20695956773339858, 0.1464479150390235, 0.053448481696483155, 0.1881073480225366, 0.14595401810691871, 1.0102184182144038, 0.590887576811367, 3.654650620576941, 1.8071237529316728, 6.6288144870280385, 2.456789501670872, 5.043538298778905, 1.8760890992186132, 4.971203030336132, 2.63527123237318, 1.3276572852907775, 0.715656476786934, 0.6428664640048763, 1.377745803919973, 0.380306384635577, 1.1438701608941693, 1.130112151491587, -1000.0]
[20160906174454] Location: x = -0.389771968537 y = -0.0610110682421 z = 0.195555715734
[20160906174454] Current fitness = -1.0
[20160906174454] Pbest = -1.0
[20160906174454] Gbest = 0.278262138372

Results of this iteration: GBest Fitness: 0.278262138372 GBest position: [4.512073248090358, 1.3109668299874997, 5.838168363425354, 4.903872453624564, 5.734683252035632, 4.540432162977733, 1.176665768045126, 6.736733991985422, 6.090501455414743, 0.9342401561731843, 0.27472464175743017, 0.5560471537724084, 0.2928131932362798, 6.070441313403431, 1.5484089033589021]

[20160906174454] ===========================
[20160906174454] ---------------------------
[20160906174454] Executing iteration number: 1 Individual number: 0
[20160906174514] Robot fall detected
[20160906174514] Individual: [7.360053402658792, 3.307505997677088, 5.493448609565009, 4.3325910245159225, 5.375219088235985, 4.559633871284531, 6.468495339363068, 4.101235645926192, 6.401374234685653, 0.7359227721833462, 0.7467462846480419, 0.5772253072841358, 0.3638491242984501, 4.635408072581369, 2.8961100876512242, 0.1, 0.1, 1.5, 1.5, 1.5, 1.5, 0.1, 1.5, 0.8542350731544132, 0.30000000000000004, 0.05, 0.30000000000000004, 0.0751665991454235, 1.6, 0.2, 7.260053402658793, 3.207505997677088, 3.993448609565009, 2.832591024515923, 3.875219088235985, 3.05963387128453, 6.3684953393630686, 2.601235645926191, 5.5471391615312395, 0.4359227721833462, 0.6967462846480419, 0.2772253072841358, 0.2886825251530266, 3.0354080725813692, 2.696110087651224, -1.0]
[20160906174514] Location: x = -0.346776799582 y = -0.0181816835884 z = 0.199520511585
[20160906174514] Current fitness = -1.0
[20160906174514] Pbest = -1.0
[20160906174514] Gbest = 0.278262138372
[20160906174514] ---------------------------
[20160906174514] Executing iteration number: 1 Individual number: 1
[20160906174534] Robot fall detected
[20160906174534] Individual: [5.045127743995896, 6.04852492787002, 4.327694439616404, 7.0024079688711405, 7.0390768634736025, 4.913843137229432, 6.285106525238348, 7.5, 5.683167586300075, 1.3332844429301536, 0.4331425718604337, 0.8339350647852712, 0.37929981860140766, 3.5329794893839574, 2.160175929647339, 0.37246083655830986, 0.1, 1.5, 0.1, 1.2491656965028817, 0.7525774039407518, 0.1, 1.5, 1.5, 0.05, 0.05, 0.05, 0.08841141093372527, 1.6, 0.2, 4.672666907437586, 5.948524927870021, 2.827694439616404, 6.902407968871141, 5.789911166970721, 4.161265733288681, 6.185106525238348, 6.0151689547159, 4.183167586300075, 1.2832844429301535, 0.3831425718604337, 0.7839350647852712, 0.29088840766768237, 1.9329794893839576, 1.9601759296473389, -1.0]
[20160906174534] Location: x = -0.39980277588 y = -0.0668641110006 z = 0.18283141422
[20160906174534] Current fitness = -1.0
[20160906174534] Pbest = -1.0
[20160906174534] Gbest = 0.278262138372
[20160906174534] ---------------------------
[20160906174534] Executing iteration number: 1 Individual number: 2
[20160906174552] Robot fall detected
[20160906174552] Individual: [5.6412949746472325, 4.390248678976523, 4.077070171656965, 5.3152008114758775, 6.664238942719037, 5.2047329795657555, 1.924419460795103, 7.256590638565869, 4.551052735732208, 1.5, 0.6863531536115566, 0.9256607360900238, 0.6182749808448809, 3.6208833322110068, 2.414408791952759, 0.1, 0.1, 1.5, 0.8770230165800967, 0.7324992024849103, 0.1, 0.8803664397224604, 1.5, 1.5, 0.05, 0.05, 0.05, 0.05, 1.6, 0.2, 5.541294974647233, 4.290248678976523, 2.577070171656965, 4.438177794895781, 5.931739740234127, 5.104732979565756, 1.0440530210726426, 5.756590638565869, 3.051052735732208, 1.4927172663394401, 0.6363531536115565, 0.8756607360900237, 0.5682749808448808, 2.0208833322110067, 2.2144087919527586, -1.0]
[20160906174552] Location: x = -0.389199261334 y = -0.0595438143568 z = 0.1956379505
[20160906174552] Current fitness = -1.0
[20160906174552] Pbest = -1.0
[20160906174552] Gbest = 0.278262138372
[20160906174552] ---------------------------
[20160906174552] Executing iteration number: 1 Individual number: 3
[20160906174613] Robot fall detected
[20160906174613] Individual: [5.6333855008821505, 1.711482697226719, 4.738793894188105, 5.487451303626511, 7.438810841017117, 6.431724982145621, 6.818693249393433, 2.153273255576759, 6.081519742997316, 0.7123553035528025, 0.7390362424804711, 1.4031118601470396, 0.4951156763489215, 7.674265863379026, 2.6310039346801597, 1.2588021594194743, 0.10776532189199384, 1.5, 0.1, 0.1, 0.1, 0.1, 1.5, 1.5, 0.30000000000000004, 0.05, 0.05, 0.05, 0.2, 0.2, 4.374583341462676, 1.6037173753347251, 3.238793894188105, 5.387451303626511, 7.338810841017118, 6.331724982145621, 6.718693249393433, 0.6532732555767587, 4.581519742997316, 0.4123553035528025, 0.689036242480471, 1.3531118601470395, 0.4451156763489215, 7.474265863379026, 2.4310039346801595, -1.0]
[20160906174613] Location: x = -0.339375727944 y = 0.0285548969384 z = 0.192255297687
[20160906174613] Current fitness = -1.0
[20160906174613] Pbest = -1.0
[20160906174613] Gbest = 0.278262138372
[20160906174613] ---------------------------
[20160906174613] Executing iteration number: 1 Individual number: 4
[20160906174634] Robot fall detected
[20160906174634] Individual: [2.2692669822522853, 3.4114892846936864, 6.064688599366729, 2.9973105551785846, 5.006043919305171, 3.7399531980495695, 6.347371660186799, 7.5, 6.656308223262724, 1.2560289865317817, 0.34832979218189436, 0.5815117692776425, 0.7073008380400573, 6.991868844266534, 2.401592682335536, 1.5, 0.1, 1.5, 1.5, 1.5, 1.5, 0.1, 1.5, 0.6054635598441218, 0.05, 0.05117519267433855, 0.30000000000000004, 0.05, 0.305695440381346, 0.2, 0.7692669822522852, 3.3114892846936863, 4.564688599366729, 1.4973105551785848, 3.506043919305171, 2.2399531980495695, 6.2473716601868, 6.067545287077621, 6.050844663418602, 1.2060289865317817, 0.2971545995075558, 0.28151176927764243, 0.6573008380400572, 6.6861734038851885, 2.201592682335536, -1.0]
[20160906174634] Location: x = -0.426176087282 y = 0.112226130124 z = 0.198968607451
[20160906174634] Current fitness = -1.0
[20160906174634] Pbest = -1.0
[20160906174634] Gbest = 0.278262138372
[20160906174634] ---------------------------
[20160906174634] Executing iteration number: 1 Individual number: 5
[20160906174654] Robot fall detected
[20160906174654] Individual: [6.857563281858803, 2.9858788726158263, 2.4744289931904495, 5.705616867624885, 7.035696033652173, 6.0206583234902284, 5.207940782423784, 7.5, 6.436082102279579, 0.627487543644505, 0.7081784522419283, 0.8280733260594288, 0.6280390087802663, 7.531616354278196, 2.113464531915532, 0.1, 0.1, 1.5, 1.5, 0.1, 0.1, 0.1, 1.4179620365134658, 1.5, 0.30000000000000004, 0.05, 0.05, 0.05, 0.2, 0.2, 6.757563281858803, 2.885878872615826, 0.9744289931904497, 4.205616867624885, 6.935696033652174, 5.920658323490229, 5.107940782423785, 6.21109658849344, 4.936082102279579, 0.32748754364450494, 0.6581784522419283, 0.7780733260594288, 0.5780390087802663, 7.331616354278196, 1.913464531915532, -1.0]
[20160906174654] Location: x = -0.339969727854 y = 0.0376024733549 z = 0.191065890408
[20160906174654] Current fitness = -1.0
[20160906174654] Pbest = -1.0
[20160906174654] Gbest = 0.278262138372
[20160906174654] ---------------------------
[20160906174654] Executing iteration number: 1 Individual number: 6
[20160906174713] Robot fall detected
[20160906174713] Individual: [5.812256413299972, 2.844349445804073, 2.5763923290801425, 7.5, 6.859876709820105, 7.302909423156225, 6.932890047623834, 6.837041204525353, 3.1103957715036863, 1.067557556279159, 0.75, 0.8951021969953756, 0.46506784857790157, 3.014944726510061, 2.845952230587999, 1.022729827558714, 1.258331821277396, 1.5, 0.46767617509757486, 0.36979965385368024, 0.1, 0.1, 1.4614899792226914, 1.5, 0.1793564560391668, 0.05, 0.05, 0.07123806468330274, 1.6, 0.2, 4.789526585741258, 1.586017624526677, 1.0763923290801425, 7.478327715681241, 6.490077055966425, 7.202909423156226, 6.832890047623835, 5.375551225302662, 1.6103957715036863, 0.8882011002399922, 0.7320870211626713, 0.8451021969953756, 0.39382978389459883, 1.4149447265100608, 2.6459522305879988, -1.0]
[20160906174713] Location: x = -0.3781358763 y = -0.0784610965146 z = 0.197999082657
[20160906174713] Current fitness = -1.0
[20160906174713] Pbest = -1.0
[20160906174713] Gbest = 0.278262138372
[20160906174713] ---------------------------
[20160906174713] Executing iteration number: 1 Individual number: 7
[20160906174734] Robot fall detected
[20160906174734] Individual: [5.539445821399356, 2.8229974547824113, 3.8954147500801786, 3.552445030832968, 3.2692895186586535, 3.1922266891209454, 6.039927225634721, 6.091342139681887, 6.639777419025624, 0.9454371273617437, 0.6972343405211657, 0.8928570626724461, 0.3914407442925081, 4.902761057312749, 2.8928237056017725, 0.48222029582370607, 0.1, 1.5, 1.5, 1.5, 1.5, 0.1, 1.5, 0.32665310772841294, 0.30000000000000004, 0.05, 0.05, 0.05, 1.6, 0.2, 5.05722552557565, 2.722997454782411, 2.3954147500801786, 2.052445030832968, 1.7692895186586532, 1.6922266891209454, 5.9399272256347215, 4.591342139681887, 6.31312431129721, 0.6454371273617436, 0.6472343405211657, 0.8428570626724461, 0.3414407442925081, 3.302761057312749, 2.6928237056017723, -1.0]
[20160906174734] Location: x = -0.318266880429 y = -0.215295386899 z = 0.177665108192
[20160906174734] Current fitness = -1.0
[20160906174734] Pbest = -1.0
[20160906174734] Gbest = 0.278262138372
[20160906174734] ---------------------------
[20160906174734] Executing iteration number: 1 Individual number: 8
[20160906174754] Robot fall detected
[20160906174754] Individual: [5.399542978752794, 1.6832291924923215, 6.316281996162123, 5.7842133393273105, 5.929153282018067, 5.7849865067334285, 1.5366107089910481, 6.981807945602093, 7.339266114611666, 1.141783553358627, 0.34304092016123117, 0.7731877208577691, 0.38571628131161095, 6.377491892776574, 1.8331319406540314, 0.8874697306624356, 0.3722623625048217, 0.4781136327367687, 0.8803408857027459, 0.19447002998243537, 1.2445543437556958, 0.35994494094592216, 0.24507395361667184, 1.248764659196923, 0.2075433971854426, 0.068316278403801, 0.2171405670853607, 0.09290308807533115, 0.3070505793731426, 0.2847230372951293, 4.512073248090358, 1.3109668299874997, 5.838168363425354, 4.903872453624564, 5.734683252035632, 4.540432162977733, 1.176665768045126, 6.736733991985422, 6.090501455414743, 0.9342401561731843, 0.27472464175743017, 0.5560471537724084, 0.2928131932362798, 6.070441313403431, 1.5484089033589021, 0.27826213837161307]
[20160906174754] Location: x = 0.222847302411 y = 0.191543421739 z = 0.187225549605
[20160906174754] Current fitness = 0.222847302411
[20160906174754] Pbest = 0.278262138372
[20160906174754] Gbest = 0.278262138372
[20160906174754] ---------------------------
[20160906174754] Executing iteration number: 1 Individual number: 9
[20160906174813] Robot fall detected
[20160906174813] Individual: [3.7446441899372713, 5.321235447034842, 5.526201973340927, 4.257557178096993, 7.5, 4.03718624687712, 2.474588348429909, 3.2997240564980994, 2.1496997765091854, 0.9797815565337586, 0.6588799423873607, 0.9211325870532424, 0.4721039735868341, 7.536618768386717, 2.952959037172545, 0.9550928568546135, 0.1, 0.5090097460780505, 1.348228890256054, 0.7208810028205115, 1.5, 0.1, 1.5, 1.5, 0.30000000000000004, 0.05, 0.11359649948320692, 0.05, 0.5552974335613956, 0.2, 2.789551333082658, 5.221235447034842, 5.017192227262877, 2.909328287840939, 6.877860212754481, 2.53718624687712, 2.374588348429909, 1.7997240564980994, 0.6496997765091854, 0.6797815565337586, 0.6088799423873607, 0.8075360875700355, 0.4221039735868341, 6.981321334825321, 2.7529590371725448, -1.0]
[20160906174813] Location: x = -0.132627428128 y = 0.433319295229 z = 0.114595233975
[20160906174813] Current fitness = -1.0
[20160906174813] Pbest = -1.0
[20160906174813] Gbest = 0.278262138372
[20160906174813] ---------------------------
[20160906174813] Executing iteration number: 1 Individual number: 10
[20160906174830] Robot fall detected
[20160906174830] Individual: [7.362696271581923, 4.808338462463439, 6.826397121891068, 3.2677371403386855, 2.2553435298385542, 4.08467906931323, 5.885296426350819, 6.928576569729051, 6.7401887062923995, 1.2709483352042945, 0.44933135274624103, 1.335355800381546, 0.48955372343683196, 4.017191337861989, 2.2682974202069124, 0.1, 0.1, 0.8768843008404035, 1.5, 1.3903978274268982, 1.5, 0.1, 0.7562964605379633, 0.5147971956287757, 0.1586114706216492, 0.05336996060174262, 0.05, 0.05, 1.3425111819287947, 0.47648955990085323, 7.262696271581923, 4.7083384624634395, 5.949512821050664, 1.7677371403386855, 0.864945702411656, 2.5846790693132298, 5.785296426350819, 6.172280109191088, 6.2253915106636235, 1.1123368645826452, 0.3959613921444984, 1.285355800381546, 0.43955372343683197, 2.674680155933194, 1.791807860306059, -1.0]
[20160906174830] Location: x = -0.362102048963 y = -0.114236016962 z = 0.196311794035
[20160906174830] Current fitness = -1.0
[20160906174830] Pbest = -1.0
[20160906174830] Gbest = 0.278262138372
[20160906174830] ---------------------------
[20160906174830] Executing iteration number: 1 Individual number: 11
[20160906174850] Robot fall detected
[20160906174850] Individual: [7.049230839890816, 4.693426052507022, 7.109948772194513, 6.104875992660756, 6.374279212188121, 5.799296509018976, 3.8072341691084577, 2.6299922331849643, 7.174714986055752, 1.5, 0.36378625471320186, 0.7979960729724735, 0.4451844395781664, 2.8226262671043694, 2.4020183015834933, 0.1, 0.1, 1.4621826475577506, 1.5, 0.1, 1.3971629591822006, 0.1, 1.5, 1.2251591548927512, 0.05, 0.05, 0.30000000000000004, 0.05, 1.6, 0.2, 6.9492308398908165, 4.593426052507023, 5.647766124636762, 4.604875992660756, 6.274279212188121, 4.402133549836776, 3.7072341691084576, 1.1299922331849641, 5.949555831163002, 1.461579191154137, 0.3137862547132019, 0.4979960729724735, 0.3951844395781664, 1.2226262671043693, 2.202018301583493, -1.0]
[20160906174850] Location: x = -0.383779541957 y = -0.076023943127 z = 0.195165722263
[20160906174850] Current fitness = -1.0
[20160906174850] Pbest = -1.0
[20160906174850] Gbest = 0.278262138372
[20160906174850] ---------------------------
[20160906174850] Executing iteration number: 1 Individual number: 12
[20160906174913] Robot fall detected
[20160906174913] Individual: [6.803793257843545, 2.534209594679461, 7.320351125925718, 3.6905837054023416, 4.207605060001436, 3.683615005538373, 3.8804483327767794, 7.5, 4.2210636806822475, 1.0877657077386367, 0.5687791976696441, 1.4832817875949071, 0.635394756603677, 6.884495585760112, 2.053488951424136, 0.1, 0.1, 0.1, 1.5, 1.5, 1.5, 0.1, 0.8014660470521959, 1.5, 0.21423123801612948, 0.05, 0.05, 0.05, 0.3914943625090222, 0.2, 6.703793257843546, 2.434209594679461, 7.220351125925719, 2.1905837054023416, 2.7076050600014363, 2.183615005538373, 3.7804483327767793, 7.449036459939879, 2.7210636806822475, 0.8735344697225071, 0.5187791976696441, 1.433281787594907, 0.5853947566036769, 6.493001223251089, 1.853488951424136, -1.0]
[20160906174913] Location: x = -0.390427006799 y = 0.00485761322345 z = 0.184394835289
[20160906174913] Current fitness = -1.0
[20160906174913] Pbest = -1.0
[20160906174913] Gbest = 0.278262138372
[20160906174913] ---------------------------
[20160906174913] Executing iteration number: 1 Individual number: 13
