Created log file at 20160906171248

Constants and Parameters: 
###########################################
WEIGHT_BOUNDS = [0.5, 20.0]
Tr1_BOUNDS = [0.25, 1.5]
Tr2_BOUNDS = [0.25, 0.75]
Ta1_BOUNDS = [0.25, 1.5]
Ta2_BOUNDS = [0.25, 0.75]
b_BOUNDS = [1.0, 8.0]
s_BOUNDS = [1.0, 3.0]
TRIAL_DURATION = 30
STEP_DURATION = 0.2
POPULATION_SIZE = 10
MAX_ITERS = 100
VEL_BOUND_PCT = 0.2
C1 = 2.0
C2 = 2.0
INERTIAL_WEIGHT_BOUNDS = [0.4, 0.9]
###########################################

[20160906171248] ===========================
[20160906171248] ---------------------------
[20160906171248] Executing iteration number: 0 Individual number: 0
[20160906171306] Robot fall detected
[20160906171306] Individual: [5.163400788723795, 3.15727771851487, 19.555301796988008, 10.983346452494406, 9.913789928762665, 19.99679621286899, 1.805935169830457, 7.51006720409308, 6.049210384667926, 0.3500496555659718, 0.6864854629720765, 1.29965988044682, 0.2967792783214438, 5.576662072774472, 1.5424920746980402, 2.67060157153233, 3.79592958201448, 0.7579442832190515, 1.3282559468088146, 2.2598909441713713, 2.474792883833111, 0.6199548682995873, 2.3707192527396943, 1.0588123145800739, 0.20995107624807313, 0.08542831393085598, 0.19025512252462212, 0.05673064396157002, 0.31486991380452, 0.32876540306008945, 5.163400788723795, 3.15727771851487, 19.555301796988008, 10.983346452494406, 9.913789928762665, 19.99679621286899, 1.805935169830457, 7.51006720409308, 6.049210384667926, 0.3500496555659718, 0.6864854629720765, 1.29965988044682, 0.2967792783214438, 5.576662072774472, 1.5424920746980402, -1000.0]
[20160906171306] Location: x = -0.33022052243 y = 0.069945825095 z = 0.194764235927
[20160906171306] Current fitness = -1.0
[20160906171306] Pbest = -1.0
[20160906171306] Gbest = -1.0
[20160906171306] ---------------------------
[20160906171306] Executing iteration number: 0 Individual number: 1
[20160906171324] Robot fall detected
[20160906171324] Individual: [8.87014734308086, 18.51633189658738, 14.223039677783147, 16.007904623120748, 2.715789546281566, 1.1091467716498618, 17.129484351550957, 17.275149943439928, 15.378972052032161, 0.9517823452562256, 0.6125745615972767, 0.49109102191823856, 0.5349567673528597, 3.7370548279257685, 1.6913027737837316, 2.180720414469083, 3.7386095655909615, 3.7433633654756013, 2.4399256829073237, 2.2907184019050955, 1.562149614493738, 1.7996818750145605, 1.9921373148741213, 0.5576892090170109, 0.2690863661783517, 0.1303216875118427, 0.24545447781150254, 0.11926792955407028, 1.147264427873343, 0.3286053970963235, 8.87014734308086, 18.51633189658738, 14.223039677783147, 16.007904623120748, 2.715789546281566, 1.1091467716498618, 17.129484351550957, 17.275149943439928, 15.378972052032161, 0.9517823452562256, 0.6125745615972767, 0.49109102191823856, 0.5349567673528597, 3.7370548279257685, 1.6913027737837316, -1000.0]
[20160906171324] Location: x = 0.132452397264 y = 0.259289157242 z = 0.188312197203
[20160906171324] Current fitness = 0.132452397264
[20160906171324] Pbest = 0.132452397264
[20160906171324] Gbest = 0.132452397264
[20160906171324] ---------------------------
[20160906171324] Executing iteration number: 0 Individual number: 2
[20160906171341] Robot fall detected
[20160906171341] Individual: [10.914777106994002, 7.095639558713811, 3.555824612986242, 15.564938335582765, 12.572991748650205, 0.9841860941823062, 6.1192978134489735, 15.705766041552481, 5.316938880253359, 1.3576990626481142, 0.494192483615545, 1.0107277666216574, 0.672789230936242, 3.414248886635413, 1.605112113193781, 0.616984952713694, 3.391575735462909, 2.1763357436275936, 0.2673653489714014, 2.945599345888718, 2.940742210857303, 0.5958813440202883, 3.383643813944026, 0.802610389550103, 0.22918991937081623, 0.0828242752467166, 0.119630120067369, 0.10057851940133136, 0.7716329003367728, 0.3679751781816353, 10.914777106994002, 7.095639558713811, 3.555824612986242, 15.564938335582765, 12.572991748650205, 0.9841860941823062, 6.1192978134489735, 15.705766041552481, 5.316938880253359, 1.3576990626481142, 0.494192483615545, 1.0107277666216574, 0.672789230936242, 3.414248886635413, 1.605112113193781, -1000.0]
[20160906171341] Location: x = 0.184316684423 y = 0.20347752231 z = 0.189035277439
[20160906171341] Current fitness = 0.184316684423
[20160906171341] Pbest = 0.184316684423
[20160906171341] Gbest = 0.184316684423
[20160906171341] ---------------------------
[20160906171341] Executing iteration number: 0 Individual number: 3
[20160906171347] Service call failed: service [/gazebo/get_model_state] returned no response
