Created log file at 20160906142828

Constants and Parameters: 
###########################################
WEIGHT_BOUNDS = [0.5, 20.0]
Tr1_BOUNDS = [0.25, 1.5]
Tr2_BOUNDS = [0.25, 0.75]
Ta1_BOUNDS = [0.25, 1.5]
Ta2_BOUNDS = [0.25, 0.75]
b_BOUNDS = [1.0, 8.0]
s_BOUNDS = [1.0, 3.0]
TRIAL_DURATION = 30
STEP_DURATION = 0.2
POPULATION_SIZE = 10
MAX_ITERS = 100
VEL_BOUND_PCT = 0.2
C1 = 2.0
C2 = 2.0
INERTIAL_WEIGHT_BOUNDS = [0.4, 0.9]
###########################################

[20160906142828] ===========================
[20160906142828] ---------------------------
[20160906142828] Executing iteration number: 0 Individual number: 0
[20160906142848] Robot fall detected
[20160906142848] Individual: [9.349174982535384, 10.86947416352922, 18.228036765695737, 8.208792388587298, 12.00087288274851, 1.710328232025341, 11.269089206055936, 9.356574076921435, 6.64712797014223, 0.5340833766402633, 0.2601413238904975, 0.39700600688208876, 0.357652316588602, 1.322509049293444, 1.1689954907523208, 2.949190456771524, 0.11691178551515687, 2.856149993843064, 2.688031107494184, 2.351471793465249, 2.989248437209346, 1.6034875455099433, 2.0568612178822536, 2.230904040205759, 0.2132364085893631, 0.1306879075971052, 0.14444977515209578, 0.1292874334779766, 1.4985713363309636, 0.5323733127459238, 9.349174982535384, 10.86947416352922, 18.228036765695737, 8.208792388587298, 12.00087288274851, 1.710328232025341, 11.269089206055936, 9.356574076921435, 6.64712797014223, 0.5340833766402633, 0.2601413238904975, 0.39700600688208876, 0.357652316588602, 1.322509049293444, 1.1689954907523208, -1000.0]
[20160906142848] Location: x = 0.129690787304 y = -0.357086574902 z = 0.184821900908
[20160906142848] Current fitness = 0.129690787304
[20160906142848] Pbest = 0.129690787304
[20160906142848] Gbest = 0.129690787304
[20160906142848] ---------------------------
[20160906142848] Executing iteration number: 0 Individual number: 1
[20160906142908] Robot fall detected
[20160906142908] Individual: [0.7721493473957504, 7.784097264062089, 11.780891596722098, 1.411590856008456, 7.301536295919198, 4.390031245846245, 16.266375917667624, 3.0761447198875524, 1.4418866343884287, 0.25574229361506057, 0.44845987803635357, 0.8717740692720742, 0.7431597019127307, 5.559445761936378, 1.5236484242646642, 2.019291918931088, 1.6355301487679725, 3.2948957913239143, 0.767312939319403, 0.9290919770826813, 3.8447187507980662, 0.7809463726488944, 3.552673181886554, 3.6777511549204416, 0.2880734857306103, 0.14040115079254367, 0.13879096631196605, 0.13187567083001744, 1.3635336469709132, 0.3447330354437952, 0.7721493473957504, 7.784097264062089, 11.780891596722098, 1.411590856008456, 7.301536295919198, 4.390031245846245, 16.266375917667624, 3.0761447198875524, 1.4418866343884287, 0.25574229361506057, 0.44845987803635357, 0.8717740692720742, 0.7431597019127307, 5.559445761936378, 1.5236484242646642, -1000.0]
[20160906142908] Location: x = -0.348370865913 y = -0.00666600962315 z = 0.177738572106
[20160906142908] Current fitness = -1.0
[20160906142908] Pbest = -1.0
[20160906142908] Gbest = 0.129690787304
[20160906142908] ---------------------------
[20160906142908] Executing iteration number: 0 Individual number: 2
[20160906142929] Robot fall detected
[20160906142929] Individual: [19.34794750226582, 7.239218300129782, 6.569280117975165, 16.99120691312799, 7.28335102318791, 16.14407330316436, 5.469768964665644, 2.4620465313727173, 7.011891680774354, 1.4632333503601676, 0.2879429041164667, 0.886383922218206, 0.5241027223130387, 2.0108040703134966, 2.6746767876365998, 1.8334418053984625, 3.218012786867752, 2.8893889307693903, 2.4636745801432607, 3.013360691521539, 3.3943342119906195, 2.8218019737003592, 1.9026860104216603, 2.268267833373264, 0.2157182688605041, 0.13071011004138006, 0.10744901520924457, 0.12200881363646705, 1.1978992364533474, 0.3384369610123842, 19.34794750226582, 7.239218300129782, 6.569280117975165, 16.99120691312799, 7.28335102318791, 16.14407330316436, 5.469768964665644, 2.4620465313727173, 7.011891680774354, 1.4632333503601676, 0.2879429041164667, 0.886383922218206, 0.5241027223130387, 2.0108040703134966, 2.6746767876365998, -1000.0]
[20160906142929] Location: x = 0.184049420897 y = -0.341797456826 z = 0.171076734541
[20160906142929] Current fitness = 0.184049420897
[20160906142929] Pbest = 0.184049420897
[20160906142929] Gbest = 0.184049420897
[20160906142929] ---------------------------
[20160906142929] Executing iteration number: 0 Individual number: 3
[20160906142951] Robot fall detected
[20160906142951] Individual: [4.799702101987653, 15.118561427541021, 17.962808782125826, 19.610684701722636, 13.908739975008416, 17.316363748537768, 12.881412413389794, 7.80495499282193, 1.824010435074447, 1.3809965050312982, 0.5369713563614421, 0.8917549766306063, 0.5535396448243948, 5.032936514791309, 1.5808837176829857, 1.495465635227058, 0.8469129206505818, 1.4545050989366575, 3.6800742365374917, 0.5844247660765474, 0.3224412525249579, 1.3194915081504686, 2.957877010497259, 3.177042390141315, 0.10285922341839265, 0.09696600400844141, 0.19487922704029698, 0.07786312807917417, 1.4544168227882588, 0.4072152527186857, 4.799702101987653, 15.118561427541021, 17.962808782125826, 19.610684701722636, 13.908739975008416, 17.316363748537768, 12.881412413389794, 7.80495499282193, 1.824010435074447, 1.3809965050312982, 0.5369713563614421, 0.8917549766306063, 0.5535396448243948, 5.032936514791309, 1.5808837176829857, -1000.0]
[20160906142951] Location: x = 0.343161631947 y = -0.178035798782 z = 0.175148369231
[20160906142951] Current fitness = 0.343161631947
[20160906142951] Pbest = 0.343161631947
[20160906142951] Gbest = 0.343161631947
[20160906142951] ---------------------------
[20160906142951] Executing iteration number: 0 Individual number: 4
[20160906143006] Robot fall detected
[20160906143006] Individual: [19.75070176851947, 5.281040788266286, 9.138755002564993, 19.918449410288257, 16.32824490525422, 12.667176932166122, 18.163777827703537, 2.371846448840624, 10.153357665308574, 0.48214871247498076, 0.7169434049129388, 0.4578348153798154, 0.6969193555938847, 1.0782522166930972, 2.3398314012888024, 1.2177665259873658, 0.39035454766056776, 2.8633539836064346, 3.2523527645699084, 3.866193346322119, 1.5958229927646501, 2.7804619154827157, 1.8253308427782833, 0.7717368751053963, 0.1412298080011749, 0.09052988158761602, 0.22369965589252888, 0.10425464315073557, 1.1031512739547817, 0.35724732213584864, 19.75070176851947, 5.281040788266286, 9.138755002564993, 19.918449410288257, 16.32824490525422, 12.667176932166122, 18.163777827703537, 2.371846448840624, 10.153357665308574, 0.48214871247498076, 0.7169434049129388, 0.4578348153798154, 0.6969193555938847, 1.0782522166930972, 2.3398314012888024, -1000.0]
[20160906143006] Location: x = -0.264500248614 y = -0.021761504969 z = 0.195346619722
[20160906143006] Current fitness = -1.0
[20160906143006] Pbest = -1.0
[20160906143006] Gbest = 0.343161631947
[20160906143006] ---------------------------
[20160906143006] Executing iteration number: 0 Individual number: 5
[20160906143028] Robot fall detected
[20160906143028] Individual: [6.742808404571414, 0.5480876188203101, 10.382693697435387, 6.985369255489628, 10.916185061950616, 1.290507217688673, 15.528376495677932, 11.314517966306196, 18.850958990525324, 0.4465089274804731, 0.5684694329712334, 1.0739105283933308, 0.6779995120076863, 2.807074510548566, 1.0700512336838808, 3.2798480350936066, 2.8675475538111317, 3.033088087347796, 3.3395422748187027, 3.549480855416001, 1.939310332359309, 0.1923614798591543, 2.856052741994974, 0.27216745573127565, 0.11869036879467434, 0.07070894683531642, 0.09004217161284209, 0.14004538605716071, 0.6570358293838666, 0.4654148787110705, 6.742808404571414, 0.5480876188203101, 10.382693697435387, 6.985369255489628, 10.916185061950616, 1.290507217688673, 15.528376495677932, 11.314517966306196, 18.850958990525324, 0.4465089274804731, 0.5684694329712334, 1.0739105283933308, 0.6779995120076863, 2.807074510548566, 1.0700512336838808, -1000.0]
[20160906143028] Location: x = 0.294831287041 y = -0.199137234805 z = 0.193616149464
[20160906143028] Current fitness = 0.294831287041
[20160906143028] Pbest = 0.294831287041
[20160906143028] Gbest = 0.343161631947
[20160906143028] ---------------------------
[20160906143028] Executing iteration number: 0 Individual number: 6
[20160906143046] Robot fall detected
[20160906143046] Individual: [6.395563416451125, 2.0537369453963707, 15.079554368004246, 14.777455278373193, 0.9402793211180154, 16.119594680241555, 2.723059224956761, 11.080729807007176, 18.586554772486817, 0.5251949703005072, 0.6541944147188997, 0.3219273042108658, 0.6613088925607247, 7.176333184285107, 2.003635148240168, 1.0019000750631217, 0.33377985477959315, 0.7224286937140992, 3.7423887515181145, 1.3600265503979239, 1.4457222443624342, 3.3686868555395133, 0.8459081586093048, 3.517288241636901, 0.28526755897619804, 0.06273679674338353, 0.28669772078807265, 0.08411642009782375, 1.020039314241149, 0.3469121412867346, 6.395563416451125, 2.0537369453963707, 15.079554368004246, 14.777455278373193, 0.9402793211180154, 16.119594680241555, 2.723059224956761, 11.080729807007176, 18.586554772486817, 0.5251949703005072, 0.6541944147188997, 0.3219273042108658, 0.6613088925607247, 7.176333184285107, 2.003635148240168, -1000.0]
[20160906143046] Location: x = -0.308426585749 y = -0.103309005113 z = 0.18510662186
[20160906143046] Current fitness = -1.0
[20160906143046] Pbest = -1.0
[20160906143046] Gbest = 0.343161631947
[20160906143046] ---------------------------
[20160906143046] Executing iteration number: 0 Individual number: 7
[20160906143107] Robot fall detected
[20160906143107] Individual: [7.0673087920227, 11.930291230707297, 7.487796639389578, 1.4212164956783488, 1.4136335314959043, 16.793620377203148, 6.763683758245061, 4.070177828410106, 15.919989973418996, 1.0888693303031212, 0.4159184503956404, 1.2823600803474047, 0.6852226811755151, 7.135120061829439, 1.692380407427494, 3.3236854939484024, 1.7294790527754433, 0.3093311818180323, 1.2528516628036008, 0.6486430510971511, 3.920638196719319, 3.1157935241464325, 2.7843463414490244, 0.13661135258504567, 0.24013011422881564, 0.051107231191619674, 0.15682032575710425, 0.14409816390366953, 0.9430522689392098, 0.4159390899204424, 7.0673087920227, 11.930291230707297, 7.487796639389578, 1.4212164956783488, 1.4136335314959043, 16.793620377203148, 6.763683758245061, 4.070177828410106, 15.919989973418996, 1.0888693303031212, 0.4159184503956404, 1.2823600803474047, 0.6852226811755151, 7.135120061829439, 1.692380407427494, -1000.0]
[20160906143107] Location: x = -0.358908289587 y = 0.0139525396756 z = 0.175691022465
[20160906143107] Current fitness = -1.0
[20160906143107] Pbest = -1.0
[20160906143107] Gbest = 0.343161631947
[20160906143107] ---------------------------
[20160906143107] Executing iteration number: 0 Individual number: 8
[20160906143124] Robot fall detected
[20160906143124] Individual: [12.563741520215308, 4.3011550227076505, 3.3661048574919747, 15.450416992153196, 10.695029388883889, 11.91729368038362, 12.22424542582586, 10.225502570527516, 5.04379950674867, 0.4820563924347127, 0.4929885359221014, 1.4790869222997018, 0.5281660299465936, 1.0423037410675338, 2.003729277337607, 2.165401852801904, 1.819966861344243, 0.6556279121642686, 3.3510164305741514, 3.0716577862417633, 3.5275057817210884, 0.45065193072670806, 2.4853438899303057, 3.8673167578392618, 0.2357024736403343, 0.14542096558004863, 0.21650151010210272, 0.1271441647200427, 1.2346976268531002, 0.2788630551433143, 12.563741520215308, 4.3011550227076505, 3.3661048574919747, 15.450416992153196, 10.695029388883889, 11.91729368038362, 12.22424542582586, 10.225502570527516, 5.04379950674867, 0.4820563924347127, 0.4929885359221014, 1.4790869222997018, 0.5281660299465936, 1.0423037410675338, 2.003729277337607, -1000.0]
[20160906143124] Location: x = -0.263389154463 y = -0.0677985249451 z = 0.193324996522
[20160906143124] Current fitness = -1.0
[20160906143124] Pbest = -1.0
[20160906143124] Gbest = 0.343161631947
[20160906143124] ---------------------------
[20160906143124] Executing iteration number: 0 Individual number: 9
[20160906143147] Robot fall detected
[20160906143147] Individual: [8.949995867633177, 18.444877060900545, 13.017876635331321, 15.839655474142907, 5.340502920927846, 11.114021745988968, 10.214713526050337, 9.64999942518433, 9.188380560653625, 1.1060086687809425, 0.5427766903360958, 0.5440979026308855, 0.36233630107831644, 2.4755514568070245, 1.3814867727660713, 3.170338945931522, 3.9499238157836167, 3.5368607114251422, 2.103206998849634, 1.731186153536241, 0.6372978034560833, 1.0927526182880716, 0.2903660402857044, 0.12785794258035352, 0.29352669743080273, 0.11310632016423065, 0.26057748568141637, 0.09791198202093226, 0.36351456590847486, 0.25489259405222775, 8.949995867633177, 18.444877060900545, 13.017876635331321, 15.839655474142907, 5.340502920927846, 11.114021745988968, 10.214713526050337, 9.64999942518433, 9.188380560653625, 1.1060086687809425, 0.5427766903360958, 0.5440979026308855, 0.36233630107831644, 2.4755514568070245, 1.3814867727660713, -1000.0]
[20160906143147] Location: x = 0.215136867888 y = -0.301791520212 z = 0.192551885406
[20160906143147] Current fitness = 0.215136867888
[20160906143147] Pbest = 0.215136867888
[20160906143147] Gbest = 0.343161631947

Results of this iteration: GBest Fitness: 0.343161631947 GBest position: [4.799702101987653, 15.118561427541021, 17.962808782125826, 19.610684701722636, 13.908739975008416, 17.316363748537768, 12.881412413389794, 7.80495499282193, 1.824010435074447, 1.3809965050312982, 0.5369713563614421, 0.8917549766306063, 0.5535396448243948, 5.032936514791309, 1.5808837176829857]

[20160906143147] ===========================
[20160906143147] ---------------------------
[20160906143147] Executing iteration number: 1 Individual number: 0
[20160906143208] Robot fall detected
[20160906143208] Individual: [9.449174982535384, 14.86947416352922, 20.0, 12.208792388587298, 16.00087288274851, 5.710328232025341, 14.40804094319889, 9.575783746732753, 6.7471279701422295, 0.8340833766402633, 0.4101413238904975, 0.6970060068820888, 0.507652316588602, 2.922509049293444, 1.7689954907523209, 0.1, 4.0, 2.2915729065955643, 4.0, 4.0, 4.0, 3.138951737142953, 0.21920966981131795, 0.1, 0.30000000000000004, 0.15000000000000002, 0.30000000000000004, 0.15000000000000002, 1.6, 0.6000000000000001, 9.349174982535384, 10.86947416352922, 18.228036765695737, 8.208792388587298, 12.00087288274851, 1.710328232025341, 11.269089206055936, 9.356574076921435, 6.64712797014223, 0.5340833766402633, 0.2601413238904975, 0.39700600688208876, 0.357652316588602, 1.322509049293444, 1.1689954907523208, 0.1296907873036358]
[20160906143208] Location: x = 0.181923721134 y = -0.332643968288 z = 0.189884873457
[20160906143208] Current fitness = 0.181923721134
[20160906143208] Pbest = 0.181923721134
[20160906143208] Gbest = 0.343161631947
[20160906143208] ---------------------------
[20160906143208] Executing iteration number: 1 Individual number: 1
[20160906143226] Robot fall detected
[20160906143226] Individual: [4.77214934739575, 11.784097264062089, 15.780891596722098, 5.411590856008456, 11.301536295919199, 8.390031245846245, 16.366375917667625, 7.0761447198875524, 5.239640862390828, 0.5557422936150607, 0.5984598780363536, 1.0221914185380265, 0.75, 6.114540907459178, 1.906968582381891, 4.0, 4.0, 4.0, 4.0, 4.0, 4.0, 0.1, 4.0, 3.797754228002399, 0.30000000000000004, 0.15000000000000002, 0.1504173492659523, 0.05, 0.5550951455227999, 0.3833201581172267, 0.7721493473957504, 7.784097264062089, 11.780891596722098, 1.411590856008456, 7.301536295919198, 4.390031245846245, 16.266375917667624, 3.0761447198875524, 1.4418866343884287, 0.25574229361506057, 0.44845987803635357, 0.8717740692720742, 0.7431597019127307, 5.559445761936378, 1.5236484242646642, -1.0]
[20160906143226] Location: x = -0.394728378783 y = -0.134753039888 z = 0.164091928177
[20160906143226] Current fitness = -1.0
[20160906143226] Pbest = -1.0
[20160906143226] Gbest = 0.343161631947
[20160906143226] ---------------------------
[20160906143226] Executing iteration number: 1 Individual number: 2
[20160906143249] Robot fall detected
[20160906143249] Individual: [19.447947502265823, 11.239218300129782, 10.569280117975165, 20.0, 11.28335102318791, 19.83831162207199, 9.469768964665644, 6.462046531372717, 7.111891680774353, 1.5, 0.43794290411646675, 0.9860172729952983, 0.6499648068209394, 3.6108040703134967, 2.8746767876366, 0.1, 4.0, 4.0, 3.6459039864338485, 4.0, 3.6942383189076304, 4.0, 4.0, 0.1, 0.14929654865652606, 0.15000000000000002, 0.09963335077709219, 0.12586208450790068, 1.6, 0.2, 19.34794750226582, 7.239218300129782, 6.569280117975165, 16.99120691312799, 7.28335102318791, 16.14407330316436, 5.469768964665644, 2.4620465313727173, 7.011891680774354, 1.4632333503601676, 0.2879429041164667, 0.886383922218206, 0.5241027223130387, 2.0108040703134966, 2.6746767876365998, 0.1840494208967387]
[20160906143249] Location: x = 0.0929203598748 y = -0.361125824525 z = 0.180152191977
[20160906143249] Current fitness = -1.0
[20160906143249] Pbest = 0.184049420897
[20160906143249] Gbest = 0.343161631947
[20160906143249] ---------------------------
[20160906143249] Executing iteration number: 1 Individual number: 3
[20160906143312] Robot fall detected
[20160906143312] Individual: [6.145621173692005, 15.880783056126544, 19.271863371168816, 20.0, 14.434722264477308, 17.60656087581023, 14.068954770725217, 10.467044302269464, 4.68334858620163, 1.4735698061078517, 0.6242407599690394, 1.0671462809668737, 0.6236164600956515, 6.341911655300742, 1.947377445129803, 1.3459190717043523, 0.7622216285855236, 1.3090545890429917, 3.3120668128837427, 0.5259822894688927, 0.29019712727246216, 1.1875423573354218, 2.6620893094475333, 2.8593381511271834, 0.09257330107655339, 0.08726940360759727, 0.1753913043362673, 0.07007681527125675, 1.308975140509433, 0.36649372744681713, 4.799702101987653, 15.118561427541021, 17.962808782125826, 19.610684701722636, 13.908739975008416, 17.316363748537768, 12.881412413389794, 7.80495499282193, 1.824010435074447, 1.3809965050312982, 0.5369713563614421, 0.8917549766306063, 0.5535396448243948, 5.032936514791309, 1.5808837176829857, 0.3431616319472334]
[20160906143312] Location: x = 0.322325841303 y = -0.188244705548 z = 0.174315952918
[20160906143312] Current fitness = 0.322325841303
[20160906143312] Pbest = 0.343161631947
[20160906143312] Gbest = 0.343161631947
[20160906143312] ---------------------------
[20160906143312] Executing iteration number: 1 Individual number: 4
[20160906143336] Robot fall detected
[20160906143336] Individual: [19.85070176851947, 9.281040788266285, 13.138755002564993, 20.0, 16.42824490525422, 16.66717693216612, 18.26377782770354, 6.371846448840624, 10.253357665308574, 0.7821487124749809, 0.75, 0.7578348153798155, 0.7469193555938848, 2.6782522166930973, 2.5398314012888026, 0.1, 4.0, 4.0, 2.3754657146523916, 0.1, 4.0, 0.1, 4.0, 0.1, 0.30000000000000004, 0.05, 0.30000000000000004, 0.05, 1.6, 0.2, 19.75070176851947, 5.281040788266286, 9.138755002564993, 19.918449410288257, 16.32824490525422, 12.667176932166122, 18.163777827703537, 2.371846448840624, 10.153357665308574, 0.48214871247498076, 0.7169434049129388, 0.4578348153798154, 0.6969193555938847, 1.0782522166930972, 2.3398314012888024, -1.0]
[20160906143336] Location: x = 0.0782678039413 y = -0.346377350092 z = 0.19069902448
[20160906143336] Current fitness = -1.0
[20160906143336] Pbest = -1.0
[20160906143336] Gbest = 0.343161631947
[20160906143336] ---------------------------
[20160906143336] Executing iteration number: 1 Individual number: 5
