Created log file at 20160906011651

Constants and Parameters: 
###########################################
WEIGHT_BOUNDS = [0.5, 7.5]
Tr1_BOUNDS = [0.25, 1.5]
Tr2_BOUNDS = [0.25, 0.75]
Ta1_BOUNDS = [0.25, 1.5]
Ta2_BOUNDS = [0.25, 0.75]
b_BOUNDS = [1.0, 8.0]
s_BOUNDS = [1.0, 3.0]
TRIAL_DURATION = 30
STEP_DURATION = 0.2
POPULATION_SIZE = 50
MAX_ITERS = 100
VEL_BOUND_PCT = 0.2
C1 = 2.0
C2 = 2.0
INERTIAL_WEIGHT_BOUNDS = [0.4, 0.9]
###########################################

[20160906011651] ===========================
[20160906011651] ---------------------------
[20160906011651] Executing iteration number: 0 Individual number: 0
[20160906011656] Robot fall detected
[20160906011656] Individual: [3.536402701799032, 5.417274313093367, 6.808881408596922, 5.21257082187307, 2.03559885248423, 1.6491225412689063, 5.505925593694581, 5.106005700640311, 0.8036632958535679, 0.6696156577542263, 0.5682056369689326, 1.3065558005299063, 0.2693444441741054, 5.9069116514541395, 2.075184481691734, 1.3019848828479943, 0.9335303097783122, 1.1573916575539123, 1.0566742763174577, 0.5433659470004453, 0.9253783376490872, 1.3214864186505195, 0.20699559158093578, 0.5933113494776331, 0.2722346532871888, 0.10908136310077246, 0.2450352022497458, 0.14936935031361126, 0.6533558824997423, 0.44317024460633136, 3.536402701799032, 5.417274313093367, 6.808881408596922, 5.21257082187307, 2.03559885248423, 1.6491225412689063, 5.505925593694581, 5.106005700640311, 0.8036632958535679, 0.6696156577542263, 0.5682056369689326, 1.3065558005299063, 0.2693444441741054, 5.9069116514541395, 2.075184481691734, -1000.0]
[20160906011656] Location: x = -0.17005186653 y = -0.38828892616 z = 0.158325593147
[20160906011656] Current fitness = -1.0
[20160906011656] Pbest = -1.0
[20160906011656] Gbest = -1.0
[20160906011656] ---------------------------
[20160906011656] Executing iteration number: 0 Individual number: 1
[20160906011707] Robot fall detected
[20160906011707] Individual: [4.981585021296925, 3.2105255840153815, 4.738617544663567, 3.2659490043728, 6.742840861740894, 5.19107268498473, 1.209023377857126, 7.407407611957302, 1.828475161956943, 0.6233834935782564, 0.617447996208343, 0.6948557960593619, 0.5367311478639047, 5.326311854927588, 1.1682616358340014, 0.6668532460359926, 1.2902337435056348, 0.6846810549048866, 0.6569388994709227, 1.3445605527732192, 1.2262165406184293, 0.29532983082452957, 1.2538916154169957, 0.3050352172975274, 0.06227269465761172, 0.13053595528418802, 0.22265011430249543, 0.10063991640887554, 0.36758711845835046, 0.21281946948513594, 4.981585021296925, 3.2105255840153815, 4.738617544663567, 3.2659490043728, 6.742840861740894, 5.19107268498473, 1.209023377857126, 7.407407611957302, 1.828475161956943, 0.6233834935782564, 0.617447996208343, 0.6948557960593619, 0.5367311478639047, 5.326311854927588, 1.1682616358340014, -1000.0]
[20160906011707] Location: x = -0.323460596459 y = -0.0831399770076 z = 0.188347459917
[20160906011707] Current fitness = -1.0
[20160906011707] Pbest = -1.0
[20160906011707] Gbest = -1.0
[20160906011707] ---------------------------
[20160906011707] Executing iteration number: 0 Individual number: 2
[20160906011717] Robot fall detected
[20160906011717] Individual: [3.5182913662070527, 5.914384779375492, 1.9131831608216139, 1.8992840176501111, 5.500382219774591, 3.391466608459094, 6.00191859394109, 6.169824705754891, 2.0077963382096367, 1.268683114168557, 0.3729739695667453, 0.2810960777510741, 0.5275193793016404, 5.394339725204197, 2.560419216677441, 0.4061505293119707, 0.34358906146831014, 0.12930865419278198, 0.6750051460307378, 0.682123164172217, 0.8041223950080247, 0.15714252027662098, 1.4181167403286818, 0.886157573155748, 0.13507581729933454, 0.0991482369255017, 0.1424788117208888, 0.06182279719245153, 0.3744646124391632, 0.29845452590383476, 3.5182913662070527, 5.914384779375492, 1.9131831608216139, 1.8992840176501111, 5.500382219774591, 3.391466608459094, 6.00191859394109, 6.169824705754891, 2.0077963382096367, 1.268683114168557, 0.3729739695667453, 0.2810960777510741, 0.5275193793016404, 5.394339725204197, 2.560419216677441, -1000.0]
[20160906011717] Location: x = -0.270237543382 y = -0.0384484746441 z = 0.193317277646
[20160906011717] Current fitness = -1.0
[20160906011717] Pbest = -1.0
[20160906011717] Gbest = -1.0
[20160906011717] ---------------------------
[20160906011717] Executing iteration number: 0 Individual number: 3
[20160906011720] Robot fall detected
[20160906011720] Individual: [0.7401224073100406, 7.4282274570914755, 0.7778453929365536, 3.791473723565346, 1.3395584486066054, 3.0261927480620114, 3.440562987713064, 2.6012103773051827, 2.0358594480831713, 0.28001389597500004, 0.7180315182432131, 1.1569706984105688, 0.38492432464510024, 1.7412132808437293, 2.1331727629150476, 1.2717212004621452, 0.9042118522388946, 1.1335405260682025, 0.5491104418927325, 0.16911791779713334, 0.9511196476571856, 0.8138076965664466, 1.0823679608761796, 1.1975170323493571, 0.06530685159477577, 0.06256746794642948, 0.24543401430948564, 0.05288734260224798, 0.2794822441446724, 0.26574741747266295, 0.7401224073100406, 7.4282274570914755, 0.7778453929365536, 3.791473723565346, 1.3395584486066054, 3.0261927480620114, 3.440562987713064, 2.6012103773051827, 2.0358594480831713, 0.28001389597500004, 0.7180315182432131, 1.1569706984105688, 0.38492432464510024, 1.7412132808437293, 2.1331727629150476, -1000.0]
[20160906011720] Location: x = -0.0964645240297 y = -0.142175124469 z = 0.199840973567
[20160906011720] Current fitness = -1.0
[20160906011720] Pbest = -1.0
[20160906011720] Gbest = -1.0
[20160906011720] ---------------------------
[20160906011720] Executing iteration number: 0 Individual number: 4
[20160906011724] Robot fall detected
[20160906011724] Individual: [7.170088516266546, 7.042169682466037, 7.049962617235278, 4.103802563282867, 6.504845183676111, 0.9713655159183554, 3.207109579872535, 5.05901475820137, 6.861186068891566, 0.6586852213296123, 0.2861184460664668, 0.2820771496271798, 0.5989796915670211, 4.733250116433655, 1.7928465053091274, 0.9655664829417825, 1.44238588454997, 1.4787967832140254, 1.305431070482725, 0.4529457623233878, 0.25677777545079994, 0.2717891576328436, 1.2784024431647079, 0.38497244039460565, 0.2368974142742885, 0.05974463826368728, 0.2587714105412697, 0.14005268614444588, 1.2379724641594176, 0.3036152804624044, 7.170088516266546, 7.042169682466037, 7.049962617235278, 4.103802563282867, 6.504845183676111, 0.9713655159183554, 3.207109579872535, 5.05901475820137, 6.861186068891566, 0.6586852213296123, 0.2861184460664668, 0.2820771496271798, 0.5989796915670211, 4.733250116433655, 1.7928465053091274, -1000.0]
[20160906011724] Location: x = -0.188158041959 y = 0.0235190870905 z = 0.197451339865
[20160906011724] Current fitness = -1.0
[20160906011724] Pbest = -1.0
[20160906011724] Gbest = -1.0
[20160906011724] ---------------------------
[20160906011724] Executing iteration number: 0 Individual number: 5
[20160906011724] Robot fall detected
[20160906011724] Individual: [1.1420448853664245, 4.1817078291839955, 4.77467215282779, 2.7249279116540177, 1.4064200223485523, 7.300122633554931, 2.1423656312187607, 6.367570317094996, 2.5314321627295056, 0.6747141345915284, 0.31739785633551215, 0.5829584840692132, 0.4607107376405921, 4.5808556195708015, 2.684409141866973, 0.3622611895796821, 1.3562171807631123, 0.368253535455789, 1.384955880526052, 1.2719405312549996, 0.3294102097494353, 0.5216827029515871, 0.27590133911363146, 1.1483970651268798, 0.2813763677866559, 0.10260480447676978, 0.25537054140005644, 0.10083993269674937, 0.8148306811834738, 0.4754741993489189, 1.1420448853664245, 4.1817078291839955, 4.77467215282779, 2.7249279116540177, 1.4064200223485523, 7.300122633554931, 2.1423656312187607, 6.367570317094996, 2.5314321627295056, 0.6747141345915284, 0.31739785633551215, 0.5829584840692132, 0.4607107376405921, 4.5808556195708015, 2.684409141866973, -1000.0]
[20160906011724] Location: x = 0.0502559446076 y = 0.00195551208048 z = 0.341582536449
[20160906011724] Current fitness = -1.0
[20160906011724] Pbest = -1.0
[20160906011724] Gbest = -1.0
[20160906011724] ---------------------------
[20160906011724] Executing iteration number: 0 Individual number: 6
[20160906011731] Robot fall detected
[20160906011731] Individual: [6.478161594069434, 5.8898169857183325, 7.2187280424780615, 7.22162152022099, 2.305187480866839, 2.766651692387904, 5.782538533214957, 1.7407305687931323, 1.229745569908364, 0.9614386398311325, 0.6688119240048784, 0.6529515013763114, 0.6094784022560289, 3.458498024329848, 2.131908333531954, 1.3206636949873116, 0.1067561856216624, 0.2458284659364828, 0.11821346333973726, 1.3359065980738283, 0.39317884646369905, 0.25429578392219454, 0.1418855518886094, 0.37058616496314567, 0.11656854226005858, 0.0672474621672861, 0.24828123995843276, 0.11119368897249174, 1.1329633899035438, 0.5475660798338837, 6.478161594069434, 5.8898169857183325, 7.2187280424780615, 7.22162152022099, 2.305187480866839, 2.766651692387904, 5.782538533214957, 1.7407305687931323, 1.229745569908364, 0.9614386398311325, 0.6688119240048784, 0.6529515013763114, 0.6094784022560289, 3.458498024329848, 2.131908333531954, -1000.0]
[20160906011731] Location: x = -0.36801989585 y = -0.0694078393752 z = 0.187744716398
[20160906011731] Current fitness = -1.0
[20160906011731] Pbest = -1.0
[20160906011731] Gbest = -1.0
[20160906011731] ---------------------------
[20160906011731] Executing iteration number: 0 Individual number: 7
[20160906011735] Robot fall detected
[20160906011735] Individual: [6.2165573275126516, 0.8238131379903748, 5.836333437383038, 1.9199891464153074, 2.5904111019906852, 4.383894619386529, 7.080442409207299, 1.1247885781755191, 7.4945336846796815, 1.4676040134278656, 0.4781608714206211, 0.6366185638131624, 0.2544020247830496, 7.733903180106935, 1.8542272255416532, 0.3922974845175877, 0.8463069068234955, 0.2992205294876855, 1.1877964924576585, 1.427054132385488, 0.51244783904351, 0.8919471390773204, 0.8492659352312284, 0.39325564147544445, 0.28306159146331783, 0.06971086834554352, 0.21730399794318794, 0.13712574716620668, 0.8134663276532006, 0.22085966255240838, 6.2165573275126516, 0.8238131379903748, 5.836333437383038, 1.9199891464153074, 2.5904111019906852, 4.383894619386529, 7.080442409207299, 1.1247885781755191, 7.4945336846796815, 1.4676040134278656, 0.4781608714206211, 0.6366185638131624, 0.2544020247830496, 7.733903180106935, 1.8542272255416532, -1000.0]
[20160906011735] Location: x = -0.210556011842 y = -0.160479321269 z = 0.174614202814
[20160906011735] Current fitness = -1.0
[20160906011735] Pbest = -1.0
[20160906011735] Gbest = -1.0
[20160906011735] ---------------------------
[20160906011735] Executing iteration number: 0 Individual number: 8
[20160906011740] Robot fall detected
[20160906011740] Individual: [2.958493226003533, 5.974174348082711, 4.345534632273232, 3.2677517397930727, 4.21024195904941, 6.500134991718566, 0.8384275636239701, 0.7213687581562813, 3.409200176257337, 1.1680731923712413, 0.5648743711456861, 1.3776289177480283, 0.34682947261838337, 7.3775035153349515, 2.5859288556221007, 0.5672840420319599, 1.4545415449891956, 0.16443803411088045, 0.6464883271787497, 1.4275295919235296, 0.5745121455820554, 0.5032092662477684, 0.48392898604386303, 1.4171961176611274, 0.14099371676134834, 0.09979761478271716, 0.11004299279054405, 0.14597169747524605, 1.4726945540916179, 0.3075837608892921, 2.958493226003533, 5.974174348082711, 4.345534632273232, 3.2677517397930727, 4.21024195904941, 6.500134991718566, 0.8384275636239701, 0.7213687581562813, 3.409200176257337, 1.1680731923712413, 0.5648743711456861, 1.3776289177480283, 0.34682947261838337, 7.3775035153349515, 2.5859288556221007, -1000.0]
[20160906011740] Location: x = -0.252500908285 y = -0.131721416653 z = 0.190158677322
[20160906011740] Current fitness = -1.0
[20160906011740] Pbest = -1.0
[20160906011740] Gbest = -1.0
[20160906011740] ---------------------------
[20160906011740] Executing iteration number: 0 Individual number: 9
[20160906011744] Robot fall detected
[20160906011744] Individual: [3.521783148589881, 4.486208538014752, 2.1643911307952832, 2.3394649700602828, 5.052323831251492, 1.8404761381823975, 1.1433163621090685, 5.274301773320197, 5.322651790281101, 0.548384922194323, 0.3811375784542047, 0.7001105629539698, 0.6615444074313357, 1.8088779206236285, 2.218574873389251, 0.43384216459703484, 1.3880478866825507, 0.1853129683980244, 0.9245667477054452, 0.3762392990756822, 0.38161378501070153, 0.7860178713027653, 1.2669575133042348, 1.0698164270504371, 0.19631118998202512, 0.07635330982876484, 0.2924914355704416, 0.09395478857993689, 1.420782492821416, 0.5660008138263257, 3.521783148589881, 4.486208538014752, 2.1643911307952832, 2.3394649700602828, 5.052323831251492, 1.8404761381823975, 1.1433163621090685, 5.274301773320197, 5.322651790281101, 0.548384922194323, 0.3811375784542047, 0.7001105629539698, 0.6615444074313357, 1.8088779206236285, 2.218574873389251, -1000.0]
[20160906011744] Location: x = -0.238670433559 y = -0.0954805145001 z = 0.18480680635
[20160906011744] Current fitness = -1.0
[20160906011744] Pbest = -1.0
[20160906011744] Gbest = -1.0
[20160906011744] ---------------------------
[20160906011744] Executing iteration number: 0 Individual number: 10
[20160906011747] Robot fall detected
[20160906011747] Individual: [4.6533353538138496, 2.306546136357808, 4.321776105201279, 6.142123104706955, 7.248207288085915, 4.05806869708371, 4.264857399303332, 2.2334942960119473, 1.1904457532609456, 1.0856676149285196, 0.446174829207024, 0.25244122532686364, 0.7017417744151695, 7.486517388985377, 1.3267051270586405, 1.3156064057510353, 1.4200986506516866, 0.7974311389392477, 1.296267657535189, 0.19796288003308715, 1.248885186236725, 1.4403475056039385, 1.0030209475838217, 1.2639928845251962, 0.16788182122683942, 0.10792802651926726, 0.14781531792280428, 0.06509406084306289, 1.3551051437022785, 0.43484319926011317, 4.6533353538138496, 2.306546136357808, 4.321776105201279, 6.142123104706955, 7.248207288085915, 4.05806869708371, 4.264857399303332, 2.2334942960119473, 1.1904457532609456, 1.0856676149285196, 0.446174829207024, 0.25244122532686364, 0.7017417744151695, 7.486517388985377, 1.3267051270586405, -1000.0]
[20160906011747] Location: x = -0.211613407838 y = -0.135759750688 z = 0.192598942164
[20160906011747] Current fitness = -1.0
[20160906011747] Pbest = -1.0
[20160906011747] Gbest = -1.0
[20160906011747] ---------------------------
[20160906011747] Executing iteration number: 0 Individual number: 11
[20160906011751] Robot fall detected
[20160906011751] Individual: [1.780542717549662, 7.298607243374569, 5.788626614656962, 6.155332434308861, 5.5937285236826115, 2.670569870267124, 6.104595427216838, 3.870396847784485, 4.184011585588617, 0.8981481969516732, 0.3469043144223284, 1.2486829555700245, 0.65388911985614, 1.813567147906189, 2.1277089875983473, 0.848604147971297, 1.2797608183711804, 1.3540349127011029, 1.1963506998173763, 1.301692030554253, 0.6123016250707571, 1.2060910605094979, 0.3605990863623262, 0.23959913397245863, 0.13860355539031613, 0.09937665291419485, 0.1345223295543214, 0.09470120740726498, 0.7956136213886096, 0.2933567937331215, 1.780542717549662, 7.298607243374569, 5.788626614656962, 6.155332434308861, 5.5937285236826115, 2.670569870267124, 6.104595427216838, 3.870396847784485, 4.184011585588617, 0.8981481969516732, 0.3469043144223284, 1.2486829555700245, 0.65388911985614, 1.813567147906189, 2.1277089875983473, -1000.0]
[20160906011751] Location: x = -0.25006764597 y = -0.105058336183 z = 0.195610469871
[20160906011751] Current fitness = -1.0
[20160906011751] Pbest = -1.0
[20160906011751] Gbest = -1.0
[20160906011751] ---------------------------
[20160906011751] Executing iteration number: 0 Individual number: 12
[20160906011754] Robot fall detected
[20160906011754] Individual: [4.402852499175081, 4.229568757001019, 7.160234805385995, 3.492706779045538, 5.029200997519557, 5.811836098359425, 5.594076810618013, 6.068365626195494, 0.5736418745022045, 1.3039831259090378, 0.31118577409773895, 0.9685476452893759, 0.7445554831949357, 2.472607991982043, 1.8432516275103057, 0.6688558263250793, 0.6963329121305604, 1.3903577347727876, 0.8708687168531224, 0.8905332590610424, 0.6539750542455753, 0.7124113905237066, 0.6729345502038862, 0.8679951498674406, 0.17678907863851284, 0.12157580172957602, 0.2818196904498673, 0.14530317948112856, 0.9567723687268885, 0.4253343463526922, 4.402852499175081, 4.229568757001019, 7.160234805385995, 3.492706779045538, 5.029200997519557, 5.811836098359425, 5.594076810618013, 6.068365626195494, 0.5736418745022045, 1.3039831259090378, 0.31118577409773895, 0.9685476452893759, 0.7445554831949357, 2.472607991982043, 1.8432516275103057, -1000.0]
[20160906011754] Location: x = -0.175894630127 y = -0.0644284023363 z = 0.193662931155
[20160906011754] Current fitness = -1.0
[20160906011754] Pbest = -1.0
[20160906011754] Gbest = -1.0
[20160906011754] ---------------------------
[20160906011754] Executing iteration number: 0 Individual number: 13
[20160906011758] Robot fall detected
[20160906011758] Individual: [1.690254676892702, 5.2646654649670666, 5.856710230556981, 2.9954616362830024, 6.9675995068529675, 7.262448990478006, 0.9357956154113496, 7.290137381928839, 6.965167326381683, 1.386435409298384, 0.2793447375444982, 0.6715649749922301, 0.5253211938361908, 4.076095618820193, 1.5518944276325415, 0.11808706671424425, 1.145573596443119, 0.1825187223720531, 1.1855883490890171, 0.15386845568377044, 0.28511585663996375, 0.28051645059835884, 0.8348824581875278, 1.0646561474152318, 0.10329618956149866, 0.08260570993788188, 0.1756351713216252, 0.1496931094324575, 1.031469504630554, 0.3052029482367958, 1.690254676892702, 5.2646654649670666, 5.856710230556981, 2.9954616362830024, 6.9675995068529675, 7.262448990478006, 0.9357956154113496, 7.290137381928839, 6.965167326381683, 1.386435409298384, 0.2793447375444982, 0.6715649749922301, 0.5253211938361908, 4.076095618820193, 1.5518944276325415, -1000.0]
[20160906011758] Location: x = -0.192232113617 y = 0.0642609500823 z = 0.19183845215
[20160906011758] Current fitness = -1.0
[20160906011758] Pbest = -1.0
[20160906011758] Gbest = -1.0
[20160906011758] ---------------------------
[20160906011758] Executing iteration number: 0 Individual number: 14
[20160906011804] Robot fall detected
[20160906011804] Individual: [0.6389744977911737, 7.337726005259336, 6.929822515368693, 5.879897863381592, 1.1619543699632662, 4.095059924470223, 5.210680341176729, 7.460202590469612, 5.225752643721336, 0.56417345950985, 0.47237677372735054, 1.1735508485734, 0.37166427299371196, 5.551940065362603, 1.5201927174313417, 0.45541553901567455, 0.8260747430800539, 0.379288441830422, 1.3741147717157611, 0.7592386345531359, 0.10582707397374061, 1.2880808669244483, 1.0155476799260357, 0.25000979967533576, 0.258973283465215, 0.11200992501940144, 0.1862049409167913, 0.09098458386928296, 1.2701777506416159, 0.20541011222135974, 0.6389744977911737, 7.337726005259336, 6.929822515368693, 5.879897863381592, 1.1619543699632662, 4.095059924470223, 5.210680341176729, 7.460202590469612, 5.225752643721336, 0.56417345950985, 0.47237677372735054, 1.1735508485734, 0.37166427299371196, 5.551940065362603, 1.5201927174313417, -1000.0]
[20160906011804] Location: x = -0.303592575146 y = 0.0739206237868 z = 0.192689669459
[20160906011804] Current fitness = -1.0
[20160906011804] Pbest = -1.0
[20160906011804] Gbest = -1.0
[20160906011804] ---------------------------
[20160906011804] Executing iteration number: 0 Individual number: 15
[20160906011810] Robot fall detected
[20160906011810] Individual: [3.5460744360437872, 4.701838217280201, 6.174001050172504, 1.1714990804820902, 2.7197494736404444, 4.581669875350018, 3.996982310120753, 3.545613739280868, 5.251383216414673, 0.4285338642986135, 0.5433779505275702, 0.44180760785675033, 0.3143123713531162, 3.655090538494152, 2.633160907539402, 0.7830733852029351, 0.433665808438941, 0.5099106480471302, 0.684492961550566, 0.7074389487380733, 1.4743185826187724, 1.0666249125716063, 0.12832102710795362, 1.071131145651136, 0.2970117908272571, 0.1342974857225152, 0.07750092881684681, 0.0808338313187677, 1.4143436405340297, 0.31400816031112677, 3.5460744360437872, 4.701838217280201, 6.174001050172504, 1.1714990804820902, 2.7197494736404444, 4.581669875350018, 3.996982310120753, 3.545613739280868, 5.251383216414673, 0.4285338642986135, 0.5433779505275702, 0.44180760785675033, 0.3143123713531162, 3.655090538494152, 2.633160907539402, -1000.0]
[20160906011810] Location: x = 0.045917786429 y = 0.243508348604 z = 0.18325344564
[20160906011810] Current fitness = -1.0
[20160906011810] Pbest = -1.0
[20160906011810] Gbest = -1.0
[20160906011810] ---------------------------
[20160906011810] Executing iteration number: 0 Individual number: 16
[20160906011815] Robot fall detected
[20160906011815] Individual: [0.8864370384351364, 1.0636353304536197, 4.901740230267082, 3.9002957883793377, 5.632372194533199, 1.7926432235630685, 5.751090227140523, 2.120095336878047, 4.524299147127235, 1.0250111959253516, 0.3705102039929773, 1.4165979010907555, 0.3575831899388193, 3.223405825724694, 1.3095715845127305, 0.23372140774350503, 0.5579558037023404, 1.346934940779019, 1.2223239732527897, 0.615785618526983, 0.3708965183383952, 1.1967249716807113, 0.49898924828831726, 0.18114732774333064, 0.17882672118906223, 0.12069148657983923, 0.2646527326681826, 0.06039514467860743, 1.4197446905231224, 0.45076009895820535, 0.8864370384351364, 1.0636353304536197, 4.901740230267082, 3.9002957883793377, 5.632372194533199, 1.7926432235630685, 5.751090227140523, 2.120095336878047, 4.524299147127235, 1.0250111959253516, 0.3705102039929773, 1.4165979010907555, 0.3575831899388193, 3.223405825724694, 1.3095715845127305, -1000.0]
[20160906011815] Location: x = -0.204678446098 y = 0.0150174854797 z = 0.196538876661
[20160906011815] Current fitness = -1.0
[20160906011815] Pbest = -1.0
[20160906011815] Gbest = -1.0
[20160906011815] ---------------------------
[20160906011815] Executing iteration number: 0 Individual number: 17
