Created log file at 20160906135533

Constants and Parameters: 
###########################################
WEIGHT_BOUNDS = [0.5, 20.0]
Tr1_BOUNDS = [0.25, 1.5]
Tr2_BOUNDS = [0.25, 0.75]
Ta1_BOUNDS = [0.25, 1.5]
Ta2_BOUNDS = [0.25, 0.75]
b_BOUNDS = [1.0, 8.0]
s_BOUNDS = [1.0, 3.0]
TRIAL_DURATION = 30
STEP_DURATION = 0.2
POPULATION_SIZE = 50
MAX_ITERS = 100
VEL_BOUND_PCT = 0.2
C1 = 2.0
C2 = 2.0
INERTIAL_WEIGHT_BOUNDS = [0.4, 0.9]
###########################################

[20160906135533] ===========================
[20160906135533] ---------------------------
[20160906135533] Executing iteration number: 0 Individual number: 0
[20160906135538] Robot fall detected
[20160906135538] Individual: [2.230652723145905, 1.1555172895219017, 14.628435275712679, 2.9823865201307544, 4.906505733245078, 1.5377297606233276, 7.740291177043836, 9.29009250234532, 7.505250647564553, 1.3762328830346677, 0.4594605699814715, 0.7497528489182346, 0.6289020401773515, 7.847422811243864, 2.681526906988866, 3.4197431125145186, 3.409797770881333, 3.434494585478553, 3.658887841935672, 0.323604190410505, 1.9326352923395202, 3.380031236066276, 1.7074696095657205, 0.7692573401177656, 0.09946775571191549, 0.11211969734617028, 0.0750898647047685, 0.1181350302340166, 0.5260714773434485, 0.2398612532998836, 2.230652723145905, 1.1555172895219017, 14.628435275712679, 2.9823865201307544, 4.906505733245078, 1.5377297606233276, 7.740291177043836, 9.29009250234532, 7.505250647564553, 1.3762328830346677, 0.4594605699814715, 0.7497528489182346, 0.6289020401773515, 7.847422811243864, 2.681526906988866, -1000.0]
[20160906135538] Location: x = 0.335091695149 y = -0.0967722486794 z = 0.199945381805
[20160906135538] Current fitness = -1.0
[20160906135538] Pbest = -1.0
[20160906135538] Gbest = -1.0
[20160906135538] ---------------------------
[20160906135538] Executing iteration number: 0 Individual number: 1
[20160906135541] Robot fall detected
[20160906135541] Individual: [12.386831543887688, 5.589853387303932, 15.36991602592384, 11.3466001513524, 9.184512816945919, 19.031001769668364, 8.035620014907305, 10.196851970708789, 19.312665887436065, 0.763924188745649, 0.4895558650166177, 0.5951005005514469, 0.5673308055723817, 6.01360761719731, 1.6676945249854163, 3.613516164723638, 3.684136807210408, 1.4419297790304462, 1.850370082560042, 3.4189275873588714, 3.028888003452252, 0.6873544721247209, 1.6835170579158076, 1.598499709613408, 0.23165448463567406, 0.11319209773221393, 0.11023399423625321, 0.13434567060396163, 0.8089542364363256, 0.2977554728984877, 12.386831543887688, 5.589853387303932, 15.36991602592384, 11.3466001513524, 9.184512816945919, 19.031001769668364, 8.035620014907305, 10.196851970708789, 19.312665887436065, 0.763924188745649, 0.4895558650166177, 0.5951005005514469, 0.5673308055723817, 6.01360761719731, 1.6676945249854163, -1000.0]
[20160906135541] Location: x = 0.113456250615 y = -0.025891245699 z = 0.192862370943
[20160906135541] Current fitness = -1.0
[20160906135541] Pbest = -1.0
[20160906135541] Gbest = -1.0
[20160906135541] ---------------------------
[20160906135541] Executing iteration number: 0 Individual number: 2
[20160906135545] Robot fall detected
[20160906135545] Individual: [4.011478298946396, 15.8420698008863, 18.30004574335959, 10.644441945752275, 9.216564791740671, 10.103013455645083, 8.863343126456082, 8.587738145126, 10.035672147790011, 1.0701289853330291, 0.38032782690002964, 1.1642676622884214, 0.6783922112341056, 2.121659818173004, 2.0740403609346014, 1.542881747264638, 3.3612043502584585, 2.483849376613766, 0.543682276663026, 2.3342276797685964, 3.791019697298123, 2.808625468351938, 0.7165038107368494, 3.797448614480345, 0.21616769627839405, 0.1065784915867047, 0.19204982503801338, 0.12236103168250827, 1.3073936564083168, 0.32485166598995435, 4.011478298946396, 15.8420698008863, 18.30004574335959, 10.644441945752275, 9.216564791740671, 10.103013455645083, 8.863343126456082, 8.587738145126, 10.035672147790011, 1.0701289853330291, 0.38032782690002964, 1.1642676622884214, 0.6783922112341056, 2.121659818173004, 2.0740403609346014, -1000.0]
[20160906135545] Location: x = 0.0834085533949 y = 0.121223571077 z = 0.168935400543
[20160906135545] Current fitness = -1.0
[20160906135545] Pbest = -1.0
[20160906135545] Gbest = -1.0
[20160906135545] ---------------------------
[20160906135545] Executing iteration number: 0 Individual number: 3
[20160906135550] Robot fall detected
[20160906135550] Individual: [16.89422747853297, 12.222395583553556, 18.107851373542392, 3.749582926236533, 6.3858381654808465, 18.733630325013458, 13.334921393013667, 1.6751443916315516, 17.294136632327213, 0.5905910330707062, 0.6169838274117274, 1.16069172377972, 0.6332290323764408, 3.118762726844995, 1.741407778104539, 2.9959438247137453, 2.2416871332675394, 3.9422197114176343, 2.2403896389111093, 3.5201540891732495, 1.270280319925159, 0.3874987256416601, 0.36679649255277935, 2.1133899505921443, 0.26555745039547407, 0.0749669153586472, 0.08919123482801192, 0.13135360389548958, 1.1846387044617361, 0.2563241812090502, 16.89422747853297, 12.222395583553556, 18.107851373542392, 3.749582926236533, 6.3858381654808465, 18.733630325013458, 13.334921393013667, 1.6751443916315516, 17.294136632327213, 0.5905910330707062, 0.6169838274117274, 1.16069172377972, 0.6332290323764408, 3.118762726844995, 1.741407778104539, -1000.0]
[20160906135550] Location: x = -0.345009231814 y = -0.0592727395404 z = 0.18368402043
[20160906135550] Current fitness = -1.0
[20160906135550] Pbest = -1.0
[20160906135550] Gbest = -1.0
[20160906135550] ---------------------------
[20160906135550] Executing iteration number: 0 Individual number: 4
[20160906135553] Robot fall detected
[20160906135553] Individual: [8.922611743451531, 6.699115261214028, 1.98687775638166, 3.788024429629678, 5.009496054214624, 7.92197415437091, 12.07240613078703, 6.484685475965433, 12.525116195427966, 1.3021645941733149, 0.3729627924629108, 1.0578443036423573, 0.40331412715476017, 3.136694566887567, 2.52994027406438, 0.8496435408961579, 1.5493681198803513, 3.3585228472285413, 2.07518949547987, 2.5629878642605437, 3.9138727971040956, 1.8367371906104077, 2.1070094305603617, 3.6219020340159975, 0.2811327710397172, 0.0759093413437729, 0.16889247734989415, 0.055243601944432355, 0.7995815482613409, 0.29091254367163355, 8.922611743451531, 6.699115261214028, 1.98687775638166, 3.788024429629678, 5.009496054214624, 7.92197415437091, 12.07240613078703, 6.484685475965433, 12.525116195427966, 1.3021645941733149, 0.3729627924629108, 1.0578443036423573, 0.40331412715476017, 3.136694566887567, 2.52994027406438, -1000.0]
[20160906135553] Location: x = -0.23668652436 y = -0.0813240813318 z = 0.19286312575
[20160906135553] Current fitness = -1.0
[20160906135553] Pbest = -1.0
[20160906135553] Gbest = -1.0
[20160906135553] ---------------------------
[20160906135553] Executing iteration number: 0 Individual number: 5
[20160906135557] Robot fall detected
[20160906135557] Individual: [3.5575602803340862, 10.161303968928909, 12.834983589353904, 2.664495032261367, 5.701101833129209, 10.304276337284234, 16.806763756598105, 16.406946002004112, 17.566449700188496, 0.6628239511521172, 0.5863378377088527, 0.3948134627944013, 0.4806867025834422, 5.711718771111132, 1.852832320672369, 0.9450191971135449, 1.5928854034979432, 0.2689473246823312, 2.0321107429600684, 3.986357709211806, 2.7397522565437975, 3.787060319234948, 3.98413029869101, 1.673357977605162, 0.28442122730857156, 0.1430951884409014, 0.29410468201750684, 0.11592573146928888, 0.5751059637366277, 0.274167527053647, 3.5575602803340862, 10.161303968928909, 12.834983589353904, 2.664495032261367, 5.701101833129209, 10.304276337284234, 16.806763756598105, 16.406946002004112, 17.566449700188496, 0.6628239511521172, 0.5863378377088527, 0.3948134627944013, 0.4806867025834422, 5.711718771111132, 1.852832320672369, -1000.0]
[20160906135557] Location: x = -0.242639866285 y = -0.0282039986408 z = 0.181136397802
[20160906135557] Current fitness = -1.0
[20160906135557] Pbest = -1.0
[20160906135557] Gbest = -1.0
[20160906135557] ---------------------------
[20160906135557] Executing iteration number: 0 Individual number: 6
[20160906135602] Robot fall detected
[20160906135602] Individual: [10.782443294293042, 11.337115724055243, 16.770422093171966, 11.757941632555308, 7.914633596323122, 18.894213812430625, 8.506921691208133, 19.734963651629588, 17.756599490368053, 0.7735832374335871, 0.4247452910020293, 0.707734682327895, 0.7286400373602797, 2.5143580457918375, 1.3853132715402265, 3.7632900201029327, 2.4925871256498024, 1.5882737793083166, 1.9379659369000684, 1.2509804085118563, 1.7397626887626056, 0.6842794655141929, 2.7822706097007464, 2.304795224801751, 0.10401212878016142, 0.08319541792517984, 0.06575014615108725, 0.05276363789714296, 0.5767602297884626, 0.3022685473676887, 10.782443294293042, 11.337115724055243, 16.770422093171966, 11.757941632555308, 7.914633596323122, 18.894213812430625, 8.506921691208133, 19.734963651629588, 17.756599490368053, 0.7735832374335871, 0.4247452910020293, 0.707734682327895, 0.7286400373602797, 2.5143580457918375, 1.3853132715402265, -1000.0]
[20160906135602] Location: x = -0.314524549774 y = -0.0444486975927 z = 0.19125035579
[20160906135602] Current fitness = -1.0
[20160906135602] Pbest = -1.0
[20160906135602] Gbest = -1.0
[20160906135602] ---------------------------
[20160906135602] Executing iteration number: 0 Individual number: 7
[20160906135607] Robot fall detected
[20160906135607] Individual: [8.719937847452808, 8.052599852899966, 17.385719686841092, 19.760874412899827, 13.41570345807152, 19.0571775911057, 7.744578982406064, 1.3672567665027953, 13.038607429888609, 0.9933804243645705, 0.5077431708920705, 1.1087615572244878, 0.5074625538125082, 5.930561669451918, 2.3940743836196523, 0.732493640466639, 0.8353688447371089, 2.8316518391375682, 2.178068973630146, 2.362455515170206, 0.2515608421122829, 2.7098471067444616, 1.0517652582906578, 3.3375578125247514, 0.05491070396106647, 0.10470731811183073, 0.19362235565227287, 0.11526894575141858, 0.5757007563590433, 0.2648307805560303, 8.719937847452808, 8.052599852899966, 17.385719686841092, 19.760874412899827, 13.41570345807152, 19.0571775911057, 7.744578982406064, 1.3672567665027953, 13.038607429888609, 0.9933804243645705, 0.5077431708920705, 1.1087615572244878, 0.5074625538125082, 5.930561669451918, 2.3940743836196523, -1000.0]
[20160906135607] Location: x = -0.287779332907 y = -0.0412950001744 z = 0.193643430495
[20160906135607] Current fitness = -1.0
[20160906135607] Pbest = -1.0
[20160906135607] Gbest = -1.0
[20160906135607] ---------------------------
[20160906135607] Executing iteration number: 0 Individual number: 8
[20160906135610] Robot fall detected
[20160906135610] Individual: [1.6671130123386355, 17.345799848430982, 13.271711030622097, 16.19952696130958, 14.407802370295341, 10.293621957965835, 19.152631416265482, 2.4696920128979585, 11.096770243909196, 0.6167843752157829, 0.7193965858669701, 0.7908981149638865, 0.6148340201751086, 4.554367424008459, 2.931280846173406, 2.382834518831463, 0.7503472848722839, 2.4889786512168817, 1.5444071972356963, 1.4361781135284437, 1.382957157473527, 3.4571545061182314, 0.2572537299163844, 3.479754633826922, 0.21680891258417445, 0.07995127266511537, 0.17250906689696605, 0.14287292047925226, 0.9828817158204963, 0.5128626156013347, 1.6671130123386355, 17.345799848430982, 13.271711030622097, 16.19952696130958, 14.407802370295341, 10.293621957965835, 19.152631416265482, 2.4696920128979585, 11.096770243909196, 0.6167843752157829, 0.7193965858669701, 0.7908981149638865, 0.6148340201751086, 4.554367424008459, 2.931280846173406, -1000.0]
[20160906135610] Location: x = -0.112357801562 y = 0.245460596086 z = 0.193101190001
[20160906135610] Current fitness = -1.0
[20160906135610] Pbest = -1.0
[20160906135610] Gbest = -1.0
[20160906135610] ---------------------------
[20160906135610] Executing iteration number: 0 Individual number: 9
[20160906135618] Robot fall detected
[20160906135618] Individual: [2.6753661949701524, 8.851981912983513, 18.0445764384427, 7.651370245042201, 1.5677029540583685, 15.476417658459978, 1.8934770011595783, 13.645683174805592, 16.911716281185694, 0.4755426809159544, 0.3865743534398191, 1.4003396485227222, 0.47954076139099994, 6.197873692550584, 1.5192249176260695, 2.5220387076296493, 3.3478481166630076, 2.9503021491626598, 3.2246052918834027, 0.6105543318997378, 1.4902741750583728, 2.265113635330273, 1.3782434677217377, 2.759465553814388, 0.2800592008714373, 0.0834912259460267, 0.2904242332129034, 0.1184761062723079, 0.9581040735004391, 0.31734579825176107, 2.6753661949701524, 8.851981912983513, 18.0445764384427, 7.651370245042201, 1.5677029540583685, 15.476417658459978, 1.8934770011595783, 13.645683174805592, 16.911716281185694, 0.4755426809159544, 0.3865743534398191, 1.4003396485227222, 0.47954076139099994, 6.197873692550584, 1.5192249176260695, -1000.0]
[20160906135618] Location: x = -0.169140460876 y = -0.0371907624853 z = 0.185126905779
[20160906135618] Current fitness = -1.0
[20160906135618] Pbest = -1.0
[20160906135618] Gbest = -1.0
[20160906135618] ---------------------------
[20160906135618] Executing iteration number: 0 Individual number: 10
[20160906135625] Robot fall detected
[20160906135625] Individual: [9.128502632509315, 17.19658880682168, 6.177000392063642, 16.205060225358974, 7.70322580782714, 7.025011131497638, 13.128612643854861, 13.705165124310463, 6.975435588130565, 1.4089801621734748, 0.6893282282718527, 0.9455150061815053, 0.598442792431159, 4.754043723561173, 1.6877100059428927, 2.895579188022531, 3.819193655912501, 1.8791652090115403, 2.7567294377553417, 2.562776984789763, 3.6641197240489043, 1.2057541011594206, 0.10008679942763722, 0.545768433833798, 0.2857766311093956, 0.09286393788723477, 0.10988850786242099, 0.09463201233129129, 0.8646419522775293, 0.2255887965963549, 9.128502632509315, 17.19658880682168, 6.177000392063642, 16.205060225358974, 7.70322580782714, 7.025011131497638, 13.128612643854861, 13.705165124310463, 6.975435588130565, 1.4089801621734748, 0.6893282282718527, 0.9455150061815053, 0.598442792431159, 4.754043723561173, 1.6877100059428927, -1000.0]
[20160906135625] Location: x = 0.144540714139 y = 0.166885493562 z = 0.19153243015
[20160906135625] Current fitness = -1.0
[20160906135625] Pbest = -1.0
[20160906135625] Gbest = -1.0
[20160906135625] ---------------------------
[20160906135625] Executing iteration number: 0 Individual number: 11
[20160906135630] Robot fall detected
[20160906135630] Individual: [13.331259647384954, 10.331790017440388, 10.783074136035282, 11.95743990922319, 11.72678283315655, 8.725995246241242, 9.507556843233612, 10.585229270558393, 18.74345665835562, 0.7983630091515146, 0.4167606695502513, 1.2574048984976813, 0.3639925563815566, 4.316700553356883, 1.0686068141218061, 1.451940218463061, 1.6053488263974565, 0.847170065552537, 1.649455342313193, 0.5096506807312747, 0.9809749393787683, 1.1497843048971965, 1.8328723414752692, 1.6525182058171344, 0.28239163027534586, 0.05149569286770905, 0.14471014252084352, 0.11019589997007626, 1.4342645402952332, 0.33515873719366696, 13.331259647384954, 10.331790017440388, 10.783074136035282, 11.95743990922319, 11.72678283315655, 8.725995246241242, 9.507556843233612, 10.585229270558393, 18.74345665835562, 0.7983630091515146, 0.4167606695502513, 1.2574048984976813, 0.3639925563815566, 4.316700553356883, 1.0686068141218061, -1000.0]
[20160906135630] Location: x = 0.285432958441 y = 0.184774087894 z = 0.172189638743
[20160906135630] Current fitness = -1.0
[20160906135630] Pbest = -1.0
[20160906135630] Gbest = -1.0
[20160906135630] ---------------------------
[20160906135630] Executing iteration number: 0 Individual number: 12
[20160906135636] Robot fall detected
[20160906135636] Individual: [17.603190165644264, 9.716080405906519, 11.443792110512854, 5.04547122235748, 16.031844556333226, 17.133904946003117, 5.735836946519327, 5.589732782268798, 2.395106406010024, 0.2608899049092734, 0.6112838996170673, 0.9389784778293557, 0.36822127434300006, 5.962459257366025, 1.357058968884431, 3.410651134048731, 3.815443440615787, 2.6760779994425357, 3.57036207207032, 2.625318936046864, 2.3127548776991618, 3.317925077662621, 0.8123007053732034, 2.171465544697858, 0.07201758549251079, 0.05956932589271366, 0.1788332914722447, 0.05198845474281808, 1.3539977781473682, 0.3816294188094762, 17.603190165644264, 9.716080405906519, 11.443792110512854, 5.04547122235748, 16.031844556333226, 17.133904946003117, 5.735836946519327, 5.589732782268798, 2.395106406010024, 0.2608899049092734, 0.6112838996170673, 0.9389784778293557, 0.36822127434300006, 5.962459257366025, 1.357058968884431, -1000.0]
[20160906135636] Location: x = 0.249012997216 y = 0.16848032103 z = 0.18553826836
[20160906135636] Current fitness = -1.0
[20160906135636] Pbest = -1.0
[20160906135636] Gbest = -1.0
[20160906135636] ---------------------------
[20160906135636] Executing iteration number: 0 Individual number: 13
[20160906135641] Robot fall detected
[20160906135641] Individual: [8.234854117678047, 14.797777728238033, 18.425816387100625, 15.191784640288239, 4.739994809127989, 9.432870172645439, 13.062789177912933, 8.831517785807272, 19.140801816132065, 0.5656382587047526, 0.33931939234012204, 0.48613387109213957, 0.5968918545704036, 1.8940915198304118, 1.4407963250999074, 3.242957548587574, 2.0608123401624767, 3.2610173763181525, 1.3603747781820414, 3.641150657294791, 3.197871560564879, 2.1703836283178175, 1.1585282452222874, 1.7736678233422367, 0.21159043057636523, 0.05377968249691061, 0.2680487733352428, 0.06605265228232389, 0.5588053401393986, 0.34669953360104033, 8.234854117678047, 14.797777728238033, 18.425816387100625, 15.191784640288239, 4.739994809127989, 9.432870172645439, 13.062789177912933, 8.831517785807272, 19.140801816132065, 0.5656382587047526, 0.33931939234012204, 0.48613387109213957, 0.5968918545704036, 1.8940915198304118, 1.4407963250999074, -1000.0]
[20160906135641] Location: x = -0.387766951764 y = -0.0793332072208 z = 0.191915234886
[20160906135641] Current fitness = -1.0
[20160906135641] Pbest = -1.0
[20160906135641] Gbest = -1.0
[20160906135641] ---------------------------
[20160906135641] Executing iteration number: 0 Individual number: 14
[20160906135645] Robot fall detected
[20160906135645] Individual: [10.057489954165565, 0.7158993841704735, 16.682807359339357, 3.4242128630454767, 19.048730157514594, 3.868831412131727, 4.200885263011573, 12.065940947670752, 16.694526045990028, 0.5249449124435459, 0.2851205705929039, 0.7875234791158551, 0.30409827936212863, 6.863438336184967, 2.4844337526011824, 0.8979263293539107, 2.521122835978838, 3.3732721173712275, 3.174516845767765, 3.4423377313082613, 1.2555196040361238, 0.5579330773069974, 0.4144898650005415, 3.719170099926737, 0.05677402543739192, 0.10887899155476985, 0.23123275453709446, 0.063218110634339, 0.3442126983525675, 0.2715861989257477, 10.057489954165565, 0.7158993841704735, 16.682807359339357, 3.4242128630454767, 19.048730157514594, 3.868831412131727, 4.200885263011573, 12.065940947670752, 16.694526045990028, 0.5249449124435459, 0.2851205705929039, 0.7875234791158551, 0.30409827936212863, 6.863438336184967, 2.4844337526011824, -1000.0]
[20160906135645] Location: x = -0.254626248996 y = -0.036912187858 z = 0.188513778884
[20160906135645] Current fitness = -1.0
[20160906135645] Pbest = -1.0
[20160906135645] Gbest = -1.0
[20160906135645] ---------------------------
[20160906135645] Executing iteration number: 0 Individual number: 15
[20160906135650] Robot fall detected
[20160906135650] Individual: [19.5432294125629, 5.928971856350162, 17.388952169471953, 16.247909720342292, 14.677225347863622, 12.497403913845758, 4.037389116940271, 16.690114659700864, 8.637868462931428, 0.9929431777986228, 0.4707189591999852, 1.3654474572530175, 0.3535436799747103, 1.3721478032970662, 1.7419491009734842, 2.36559304593958, 3.4555268479621435, 0.4346592793855234, 2.474214561730122, 3.0085518103315194, 2.4109478429052076, 2.0297714337977775, 1.8434286318028785, 2.0818407621271273, 0.25518512125655307, 0.07590558553948462, 0.19020239119131593, 0.0822411874627133, 1.3939643445946868, 0.3530071053496109, 19.5432294125629, 5.928971856350162, 17.388952169471953, 16.247909720342292, 14.677225347863622, 12.497403913845758, 4.037389116940271, 16.690114659700864, 8.637868462931428, 0.9929431777986228, 0.4707189591999852, 1.3654474572530175, 0.3535436799747103, 1.3721478032970662, 1.7419491009734842, -1000.0]
[20160906135650] Location: x = -0.267114294751 y = -0.116391305393 z = 0.191913639263
[20160906135650] Current fitness = -1.0
[20160906135650] Pbest = -1.0
[20160906135650] Gbest = -1.0
[20160906135650] ---------------------------
[20160906135650] Executing iteration number: 0 Individual number: 16
[20160906135653] Robot fall detected
[20160906135653] Individual: [8.848893950006142, 2.389137327263585, 6.418924786458742, 2.395200409202969, 17.80504713007189, 1.9210536507205616, 6.971928895837759, 6.827016486325909, 2.4251726515424865, 0.7595260833283133, 0.46142278852240315, 0.7247865339273651, 0.6739407071878318, 4.288559209079915, 2.3948882038607806, 1.2457594089179522, 1.6496091439081484, 0.46239387012061395, 3.781644362318575, 0.10012473767329663, 2.0529573853982424, 3.6797698986504273, 3.954779960935585, 3.0295740936396633, 0.16009705871418733, 0.08366365603192105, 0.19758113242436076, 0.060664294292208085, 0.44289445631395863, 0.5269049302985835, 8.848893950006142, 2.389137327263585, 6.418924786458742, 2.395200409202969, 17.80504713007189, 1.9210536507205616, 6.971928895837759, 6.827016486325909, 2.4251726515424865, 0.7595260833283133, 0.46142278852240315, 0.7247865339273651, 0.6739407071878318, 4.288559209079915, 2.3948882038607806, -1000.0]
[20160906135653] Location: x = -0.15183896603 y = -0.0459895591748 z = 0.198900311039
[20160906135653] Current fitness = -1.0
[20160906135653] Pbest = -1.0
[20160906135653] Gbest = -1.0
[20160906135653] ---------------------------
[20160906135653] Executing iteration number: 0 Individual number: 17
[20160906135656] Robot fall detected
[20160906135656] Individual: [3.3353057226806837, 1.8201208269735372, 0.5865465493479742, 4.7650618849887065, 5.903130189375714, 13.160476287487217, 13.051674219972098, 15.210294246125233, 8.15314581849178, 0.8450184099553992, 0.5769308105890539, 1.2935293621357866, 0.4647794749045353, 6.45712931038536, 1.3445162271816011, 0.5148899410432985, 3.35769240267344, 1.6891664734012621, 3.114657452268186, 3.6087606269611983, 1.5747608570023903, 0.1886587238959777, 2.500970901853976, 2.052044013058998, 0.2519205181514381, 0.14354196734065588, 0.09539308459498747, 0.09986403092206358, 0.33856093647742586, 0.5178112837582125, 3.3353057226806837, 1.8201208269735372, 0.5865465493479742, 4.7650618849887065, 5.903130189375714, 13.160476287487217, 13.051674219972098, 15.210294246125233, 8.15314581849178, 0.8450184099553992, 0.5769308105890539, 1.2935293621357866, 0.4647794749045353, 6.45712931038536, 1.3445162271816011, -1000.0]
[20160906135656] Location: x = -0.214706423687 y = -0.0047545160436 z = 0.185006368092
[20160906135656] Current fitness = -1.0
[20160906135656] Pbest = -1.0
[20160906135656] Gbest = -1.0
[20160906135656] ---------------------------
[20160906135656] Executing iteration number: 0 Individual number: 18
[20160906135702] Robot fall detected
[20160906135702] Individual: [7.400861076916166, 18.720956996651307, 6.1179009464095815, 12.548571276693854, 1.0726784182222262, 7.334697652008695, 4.496200996836624, 10.85045544174922, 7.483466269015056, 0.8108228036760753, 0.5787921045896709, 0.474580181305969, 0.487133079542557, 4.462205423778926, 2.3580588693328406, 1.376071448804172, 1.3998380581899277, 1.8338078325461817, 0.8676752984345977, 3.726746960449791, 3.484152003161592, 2.0941361841152886, 3.234859096653393, 2.0142947862172855, 0.13539536540970235, 0.1298944647495402, 0.11273586227817778, 0.07904004671796003, 0.8249920685189887, 0.3850584027745084, 7.400861076916166, 18.720956996651307, 6.1179009464095815, 12.548571276693854, 1.0726784182222262, 7.334697652008695, 4.496200996836624, 10.85045544174922, 7.483466269015056, 0.8108228036760753, 0.5787921045896709, 0.474580181305969, 0.487133079542557, 4.462205423778926, 2.3580588693328406, -1000.0]
[20160906135702] Location: x = -0.363485287485 y = -0.0675782006576 z = 0.180117980956
[20160906135702] Current fitness = -1.0
[20160906135702] Pbest = -1.0
[20160906135702] Gbest = -1.0
[20160906135702] ---------------------------
[20160906135702] Executing iteration number: 0 Individual number: 19
[20160906135706] Robot fall detected
[20160906135706] Individual: [11.981945465952302, 11.830071591020866, 13.650249751687584, 1.9851128280366788, 12.70429095582964, 13.102046897280852, 6.433312614646605, 4.395119210966461, 5.841484183985785, 0.4077020441339119, 0.4552812791250929, 1.0550287869444683, 0.6600213526550898, 1.6694474938883654, 1.4046958139764654, 3.988513906169487, 1.3370267190447427, 2.549532915989347, 3.3408828087650395, 3.075361525845363, 1.6636859667527362, 0.8776019548550603, 1.262350447000728, 2.432655958744334, 0.23903688069759904, 0.1465900691351209, 0.25002096324684964, 0.14218245359701587, 1.2968931758478983, 0.5290493327769409, 11.981945465952302, 11.830071591020866, 13.650249751687584, 1.9851128280366788, 12.70429095582964, 13.102046897280852, 6.433312614646605, 4.395119210966461, 5.841484183985785, 0.4077020441339119, 0.4552812791250929, 1.0550287869444683, 0.6600213526550898, 1.6694474938883654, 1.4046958139764654, -1000.0]
[20160906135706] Location: x = -0.212845222146 y = -0.0972429141866 z = 0.183331662551
[20160906135706] Current fitness = -1.0
[20160906135706] Pbest = -1.0
[20160906135706] Gbest = -1.0
[20160906135706] ---------------------------
[20160906135706] Executing iteration number: 0 Individual number: 20
[20160906135710] Robot fall detected
[20160906135710] Individual: [5.844854928066402, 10.351234709630456, 18.422002122372742, 17.141487840559893, 11.341147459098314, 17.259596945164894, 16.785929569857636, 4.7348824495800255, 19.00291718567637, 0.6138655324993033, 0.341751373324365, 0.7850893044361742, 0.2922530990804294, 7.010514829993575, 2.716878927980124, 3.9476107672578515, 2.747043465117891, 0.22133665833183935, 2.6697317619843592, 3.4486792100318953, 3.3724304393637494, 2.761501785019522, 2.569118344335958, 3.662201778120705, 0.07159382001578625, 0.07794090529771422, 0.16928062988998394, 0.06458794912327347, 1.21271038852237, 0.2449552885360264, 5.844854928066402, 10.351234709630456, 18.422002122372742, 17.141487840559893, 11.341147459098314, 17.259596945164894, 16.785929569857636, 4.7348824495800255, 19.00291718567637, 0.6138655324993033, 0.341751373324365, 0.7850893044361742, 0.2922530990804294, 7.010514829993575, 2.716878927980124, -1000.0]
[20160906135710] Location: x = -0.246943353081 y = -0.0507456450074 z = 0.181329728797
[20160906135710] Current fitness = -1.0
[20160906135710] Pbest = -1.0
[20160906135710] Gbest = -1.0
[20160906135710] ---------------------------
[20160906135710] Executing iteration number: 0 Individual number: 21
[20160906135719] Robot fall detected
[20160906135719] Individual: [19.37400333438101, 17.922363829310157, 14.931605235171503, 18.351735046429, 13.450512954448486, 6.655786619958515, 18.315928945208906, 17.558255553244315, 1.6203404537106072, 0.4014166049346837, 0.6461741666760683, 1.1025143774222923, 0.6905967269122186, 5.054385741906747, 1.1535777259272704, 3.319174489853837, 0.7656760583612177, 3.767366016927556, 0.8046486993781943, 2.5186856171476877, 2.171297032981033, 3.4806089318400084, 1.8310147860133632, 1.7785335362331078, 0.05471656846840471, 0.06700293726544748, 0.09964172643664734, 0.05763400638632033, 0.7013333882014001, 0.45700578921608703, 19.37400333438101, 17.922363829310157, 14.931605235171503, 18.351735046429, 13.450512954448486, 6.655786619958515, 18.315928945208906, 17.558255553244315, 1.6203404537106072, 0.4014166049346837, 0.6461741666760683, 1.1025143774222923, 0.6905967269122186, 5.054385741906747, 1.1535777259272704, -1000.0]
[20160906135719] Location: x = -0.25325398276 y = 0.0237907406762 z = 0.184180877127
[20160906135719] Current fitness = -1.0
[20160906135719] Pbest = -1.0
[20160906135719] Gbest = -1.0
[20160906135719] ---------------------------
[20160906135719] Executing iteration number: 0 Individual number: 22
[20160906135723] Robot fall detected
[20160906135723] Individual: [14.105010644212138, 13.464707900204015, 8.12401507954082, 16.254208028303832, 18.027779853006024, 11.091749279643464, 1.893927172014467, 8.02389998532049, 6.604073517519416, 0.9405379833571595, 0.5022717509583914, 1.0783423008899633, 0.37460076885199217, 3.5515892406532155, 2.551203283197693, 0.5858268865903395, 3.17244743927061, 0.4417574053113035, 0.7612300391376543, 0.35056336949188827, 2.4765524470309095, 3.5155410172240744, 0.6546643145511866, 2.673251390539594, 0.1537505606161414, 0.07966238531609782, 0.078335687676472, 0.13236580359011074, 0.6470891169719208, 0.2315582769117348, 14.105010644212138, 13.464707900204015, 8.12401507954082, 16.254208028303832, 18.027779853006024, 11.091749279643464, 1.893927172014467, 8.02389998532049, 6.604073517519416, 0.9405379833571595, 0.5022717509583914, 1.0783423008899633, 0.37460076885199217, 3.5515892406532155, 2.551203283197693, -1000.0]
[20160906135723] Location: x = -0.297227553403 y = -0.0736782493211 z = 0.19366029922
[20160906135723] Current fitness = -1.0
[20160906135723] Pbest = -1.0
[20160906135723] Gbest = -1.0
[20160906135723] ---------------------------
[20160906135723] Executing iteration number: 0 Individual number: 23
[20160906135724] Robot fall detected
[20160906135724] Individual: [2.6540593000795263, 3.627316317616967, 12.035000162851071, 19.266135867995825, 1.4760520078863544, 5.775779271130245, 8.36524237359086, 14.595432573413515, 16.53958576299143, 1.1821081628863455, 0.34447770864773963, 1.1590930065529594, 0.28899715516121915, 5.134055878503814, 1.6059434994448571, 3.435094617274307, 2.9700904572841518, 0.3662475590504404, 3.5109764836806407, 0.931077966144671, 0.8847792463982006, 3.9114694981386413, 1.2912922376736011, 3.5748083872948504, 0.0783082957980657, 0.10468631659927054, 0.1190624504016414, 0.10832426002636658, 0.4505823614953342, 0.3335975289086983, 2.6540593000795263, 3.627316317616967, 12.035000162851071, 19.266135867995825, 1.4760520078863544, 5.775779271130245, 8.36524237359086, 14.595432573413515, 16.53958576299143, 1.1821081628863455, 0.34447770864773963, 1.1590930065529594, 0.28899715516121915, 5.134055878503814, 1.6059434994448571, -1000.0]
[20160906135724] Location: x = -0.0237005548816 y = 0.0145979359277 z = 0.320287079462
[20160906135724] Current fitness = -1.0
[20160906135724] Pbest = -1.0
[20160906135724] Gbest = -1.0
[20160906135724] ---------------------------
[20160906135724] Executing iteration number: 0 Individual number: 24
[20160906135727] Robot fall detected
[20160906135727] Individual: [12.240596919629247, 14.683659129975574, 7.129861029005417, 16.962325324362144, 4.231514011115086, 11.843811932411695, 11.63454283375425, 1.057318155872028, 15.360402711830291, 0.6757914221084323, 0.34063137430002594, 0.9472978597268535, 0.4305417200181462, 2.3898682154027786, 1.426724138398394, 3.669013138547551, 1.0762131678457927, 0.3868192100543485, 3.1935776133130713, 0.8034430185769349, 2.095346241854035, 2.041235518504522, 3.2750484117384073, 1.927361305006389, 0.09345815488998044, 0.11563512168725743, 0.11626344251386012, 0.0652217778370408, 1.507647487013278, 0.4489547986695148, 12.240596919629247, 14.683659129975574, 7.129861029005417, 16.962325324362144, 4.231514011115086, 11.843811932411695, 11.63454283375425, 1.057318155872028, 15.360402711830291, 0.6757914221084323, 0.34063137430002594, 0.9472978597268535, 0.4305417200181462, 2.3898682154027786, 1.426724138398394, -1000.0]
[20160906135727] Location: x = -0.254285325904 y = -0.0893171459641 z = 0.18721667842
[20160906135727] Current fitness = -1.0
[20160906135727] Pbest = -1.0
[20160906135727] Gbest = -1.0
[20160906135727] ---------------------------
[20160906135727] Executing iteration number: 0 Individual number: 25
[20160906135731] Robot fall detected
[20160906135731] Individual: [15.50116417217601, 5.8427603112368915, 15.810115973939643, 17.936498424535113, 14.437492796855514, 8.232755026797426, 19.37732113832049, 19.24281563961188, 15.9130459349408, 1.029299290399798, 0.5475498141064924, 0.35553149372862003, 0.6253982973658283, 1.901106547366681, 1.7951549492593617, 2.342157464476365, 1.5702668137053135, 0.4817995956322406, 0.7393410499504703, 2.042143821208012, 2.077794420382746, 3.2461075254232727, 3.5251337821802635, 3.9331902045646223, 0.14148502424040346, 0.07288788565952498, 0.20634044125054124, 0.09406203753771616, 0.568781544777694, 0.3896613416327242, 15.50116417217601, 5.8427603112368915, 15.810115973939643, 17.936498424535113, 14.437492796855514, 8.232755026797426, 19.37732113832049, 19.24281563961188, 15.9130459349408, 1.029299290399798, 0.5475498141064924, 0.35553149372862003, 0.6253982973658283, 1.901106547366681, 1.7951549492593617, -1000.0]
[20160906135731] Location: x = -0.235712728928 y = -0.0774198148032 z = 0.195619344367
[20160906135731] Current fitness = -1.0
[20160906135731] Pbest = -1.0
[20160906135731] Gbest = -1.0
[20160906135731] ---------------------------
[20160906135731] Executing iteration number: 0 Individual number: 26
[20160906135734] Robot fall detected
[20160906135734] Individual: [16.907927021475437, 11.618359857081801, 2.3619151769069777, 4.828949323013575, 10.79583445420511, 2.0583080658816852, 11.41391489237926, 19.958156320983846, 7.122779313896562, 0.798327425764696, 0.7093461078646923, 1.3672175038784964, 0.34322883400917764, 1.4056320686647044, 1.4602216431510562, 0.4910095273180297, 2.7628138024889037, 2.379881337600462, 1.0669087779875517, 2.5137008759124244, 2.6183753975073767, 2.0337857932314893, 0.8430902446317637, 3.7752762805265694, 0.16146345206096402, 0.09883610779284963, 0.18183959662780613, 0.12828107256494825, 1.3278612831751213, 0.25892407739966267, 16.907927021475437, 11.618359857081801, 2.3619151769069777, 4.828949323013575, 10.79583445420511, 2.0583080658816852, 11.41391489237926, 19.958156320983846, 7.122779313896562, 0.798327425764696, 0.7093461078646923, 1.3672175038784964, 0.34322883400917764, 1.4056320686647044, 1.4602216431510562, -1000.0]
[20160906135734] Location: x = -0.249407361505 y = -0.0672204957325 z = 0.185798687077
[20160906135734] Current fitness = -1.0
[20160906135734] Pbest = -1.0
[20160906135734] Gbest = -1.0
[20160906135734] ---------------------------
[20160906135734] Executing iteration number: 0 Individual number: 27
[20160906135738] Robot fall detected
[20160906135738] Individual: [1.7902690552702374, 0.9835205547191463, 6.179380092738194, 12.354304355737252, 14.857195871813131, 14.413565472524896, 13.812421975458978, 13.405806441893326, 2.051752356293373, 0.6835464702626524, 0.6157396032338709, 0.4871090860331579, 0.7309647366102413, 3.798091779974927, 1.2701881679017064, 3.354125487152475, 1.6748174378516167, 1.528562495183138, 3.943632097505452, 2.623004994852089, 2.7160630363382157, 3.7010174931426993, 2.2770642724471437, 3.7599826595377714, 0.2697711833185447, 0.08022035875959083, 0.18103536718725532, 0.0790100164385969, 0.26928354021457246, 0.5528228294436269, 1.7902690552702374, 0.9835205547191463, 6.179380092738194, 12.354304355737252, 14.857195871813131, 14.413565472524896, 13.812421975458978, 13.405806441893326, 2.051752356293373, 0.6835464702626524, 0.6157396032338709, 0.4871090860331579, 0.7309647366102413, 3.798091779974927, 1.2701881679017064, -1000.0]
[20160906135738] Location: x = -0.18883891572 y = -0.0739388250846 z = 0.194984292417
[20160906135738] Current fitness = -1.0
[20160906135738] Pbest = -1.0
[20160906135738] Gbest = -1.0
[20160906135738] ---------------------------
[20160906135738] Executing iteration number: 0 Individual number: 28
[20160906135741] Robot fall detected
[20160906135741] Individual: [11.880804595973963, 18.368519067811764, 19.77165711126517, 4.333484403066002, 14.068338167361592, 12.434977286343958, 6.276631356300281, 12.336348195524721, 12.136283882326403, 1.1092343012499684, 0.6903776761728733, 1.1820785241764233, 0.3221007648559045, 2.214993223478166, 2.7708661971675785, 3.2204784074333106, 1.049038104502553, 3.0543035091449195, 1.8778797318487488, 0.22536107582219272, 0.7876991389266398, 1.2987527480322512, 0.12501312736209083, 3.793632209634962, 0.2886753336086912, 0.07867674784495243, 0.2684215001827374, 0.0807840100004069, 0.3555353345889672, 0.3969805138576481, 11.880804595973963, 18.368519067811764, 19.77165711126517, 4.333484403066002, 14.068338167361592, 12.434977286343958, 6.276631356300281, 12.336348195524721, 12.136283882326403, 1.1092343012499684, 0.6903776761728733, 1.1820785241764233, 0.3221007648559045, 2.214993223478166, 2.7708661971675785, -1000.0]
[20160906135741] Location: x = -0.121767499179 y = -0.0731254763196 z = 0.192206942869
[20160906135741] Current fitness = -1.0
[20160906135741] Pbest = -1.0
[20160906135741] Gbest = -1.0
[20160906135741] ---------------------------
[20160906135741] Executing iteration number: 0 Individual number: 29
[20160906135745] Robot fall detected
[20160906135745] Individual: [10.415931837059954, 6.803920616854581, 5.852171777813711, 2.106295937544978, 14.846087534050216, 17.131131487473453, 1.5581126884156242, 7.600199724963591, 13.265161201391694, 0.7053520610033014, 0.6511870477154862, 0.7669824133716993, 0.47258790860714456, 5.572744497857214, 2.855083165101216, 1.692459583059607, 0.30223392180287456, 3.7682917126121893, 2.2281691809364115, 0.5779483896294504, 3.898107015644155, 1.4059569124870064, 2.275444237448242, 3.712407442308919, 0.08868426553072853, 0.07339356142723394, 0.17378949062220844, 0.11553234509054214, 1.1731091597377366, 0.36034827361560245, 10.415931837059954, 6.803920616854581, 5.852171777813711, 2.106295937544978, 14.846087534050216, 17.131131487473453, 1.5581126884156242, 7.600199724963591, 13.265161201391694, 0.7053520610033014, 0.6511870477154862, 0.7669824133716993, 0.47258790860714456, 5.572744497857214, 2.855083165101216, -1000.0]
[20160906135745] Location: x = -0.242780774861 y = -0.0215114443524 z = 0.184596020353
[20160906135745] Current fitness = -1.0
[20160906135745] Pbest = -1.0
[20160906135745] Gbest = -1.0
[20160906135745] ---------------------------
[20160906135745] Executing iteration number: 0 Individual number: 30
[20160906135749] Robot fall detected
[20160906135749] Individual: [11.422136115284085, 0.8047233682045563, 19.269142928323838, 17.299614846079486, 7.193402735680279, 13.835456718419497, 2.337297352067515, 9.75326039771094, 12.896832170805101, 0.9951299639399667, 0.39860862273158243, 0.9604633170306675, 0.29381007171938756, 2.7238052099481673, 2.0949472513512504, 2.9255266898720556, 0.38593573601088194, 1.3347203836525268, 2.5110992618703087, 1.7435788610474028, 2.101713465362245, 2.3757693560867725, 0.8446423085009972, 3.3657752370864102, 0.1879631554763681, 0.12147290531054514, 0.19050953290731892, 0.12462637869825535, 0.2948490577083266, 0.2941275502243528, 11.422136115284085, 0.8047233682045563, 19.269142928323838, 17.299614846079486, 7.193402735680279, 13.835456718419497, 2.337297352067515, 9.75326039771094, 12.896832170805101, 0.9951299639399667, 0.39860862273158243, 0.9604633170306675, 0.29381007171938756, 2.7238052099481673, 2.0949472513512504, -1000.0]
[20160906135749] Location: x = -0.305817262646 y = -0.0792265143878 z = 0.193337490819
[20160906135749] Current fitness = -1.0
[20160906135749] Pbest = -1.0
[20160906135749] Gbest = -1.0
[20160906135749] ---------------------------
[20160906135749] Executing iteration number: 0 Individual number: 31
[20160906135752] Robot fall detected
[20160906135752] Individual: [19.08905715026411, 1.3777300899179208, 14.011349943692393, 2.745618170844964, 12.307059996065844, 2.0347586949507535, 14.961041747585954, 3.9656642434807385, 13.831520802611896, 0.6715079507578684, 0.5945036585796868, 0.6545658631922143, 0.509268478844082, 5.471323153390729, 2.689296971533215, 3.391918724306539, 1.3030358213257518, 3.2166358327328335, 0.4364724916544197, 2.552285467593974, 2.2673259822066267, 0.62969307053865, 1.9786605248945273, 1.0990789966935117, 0.2916737654546372, 0.07679467638940615, 0.23510162339556023, 0.10745856867624412, 1.3927037930689048, 0.5528315731288977, 19.08905715026411, 1.3777300899179208, 14.011349943692393, 2.745618170844964, 12.307059996065844, 2.0347586949507535, 14.961041747585954, 3.9656642434807385, 13.831520802611896, 0.6715079507578684, 0.5945036585796868, 0.6545658631922143, 0.509268478844082, 5.471323153390729, 2.689296971533215, -1000.0]
[20160906135752] Location: x = -0.222629921078 y = -0.0575525048989 z = 0.188572380322
[20160906135752] Current fitness = -1.0
[20160906135752] Pbest = -1.0
[20160906135752] Gbest = -1.0
[20160906135752] ---------------------------
[20160906135752] Executing iteration number: 0 Individual number: 32
[20160906135757] Robot fall detected
[20160906135757] Individual: [4.478336957969683, 3.9942493738912273, 5.127207951305646, 3.2756120104292314, 1.3885376957761864, 16.54058002098353, 11.554789261370711, 2.5764809713972445, 17.43146607177455, 0.4783421761828172, 0.5356572688676189, 0.40753847673421595, 0.7343236675229574, 4.300281311184739, 1.4482731800875976, 1.8709468954940442, 2.8305675366339025, 1.3186915785014703, 1.4124367471250519, 0.5158829089666236, 2.9125315707284978, 3.8384189560409845, 2.162892471518141, 1.0286170435361082, 0.17693151380398114, 0.09610831848062708, 0.2566445224482717, 0.09134580608113388, 0.49848127711877893, 0.5802112933627677, 4.478336957969683, 3.9942493738912273, 5.127207951305646, 3.2756120104292314, 1.3885376957761864, 16.54058002098353, 11.554789261370711, 2.5764809713972445, 17.43146607177455, 0.4783421761828172, 0.5356572688676189, 0.40753847673421595, 0.7343236675229574, 4.300281311184739, 1.4482731800875976, -1000.0]
[20160906135757] Location: x = -0.217021831207 y = -0.058487474069 z = 0.196255296533
[20160906135757] Current fitness = -1.0
[20160906135757] Pbest = -1.0
[20160906135757] Gbest = -1.0
[20160906135757] ---------------------------
[20160906135757] Executing iteration number: 0 Individual number: 33
[20160906135808] Robot fall detected
[20160906135808] Individual: [8.7207021794885, 9.526482741214997, 16.34236372847279, 18.667934982292014, 14.75840275537193, 10.59841720779663, 18.120367799133554, 11.480965814016425, 3.6427883774770957, 0.9860869067563409, 0.6976938681142282, 1.0945624302585764, 0.288731689660086, 4.43976612239144, 1.9368177825541733, 1.8010173941780934, 0.44811649732246905, 2.0751376447926266, 1.4597823212497696, 3.9275177773210057, 3.5933657134297343, 1.9002495482297108, 2.5852602317533813, 3.1111348111182524, 0.2882412949024147, 0.0658481223962204, 0.17361669793030227, 0.07154340832619512, 1.1993909697877299, 0.21353432181079893, 8.7207021794885, 9.526482741214997, 16.34236372847279, 18.667934982292014, 14.75840275537193, 10.59841720779663, 18.120367799133554, 11.480965814016425, 3.6427883774770957, 0.9860869067563409, 0.6976938681142282, 1.0945624302585764, 0.288731689660086, 4.43976612239144, 1.9368177825541733, -1000.0]
[20160906135808] Location: x = -0.340979959455 y = -0.0311677151524 z = 0.184136083348
[20160906135808] Current fitness = -1.0
[20160906135808] Pbest = -1.0
[20160906135808] Gbest = -1.0
[20160906135808] ---------------------------
[20160906135808] Executing iteration number: 0 Individual number: 34
[20160906135812] Robot fall detected
[20160906135812] Individual: [19.706306540853504, 18.09957053381231, 2.852095006687954, 19.051857830244337, 5.08361624249787, 0.6487446381012293, 14.372274457881737, 0.8476601959570891, 15.043806487516738, 0.7499260631466589, 0.572437074471192, 1.492529077463362, 0.5546128169672867, 2.0059920378923435, 2.950536815211158, 0.8272337482322437, 1.7414599315524042, 0.8004353652037313, 0.6080658934959039, 2.4867705030252565, 3.1562311148449997, 3.719785316377518, 2.729383571543418, 2.2852101445291404, 0.07978731596307742, 0.11169268058080511, 0.2120344884900605, 0.12169041873842629, 0.9631818742495015, 0.24322617178799016, 19.706306540853504, 18.09957053381231, 2.852095006687954, 19.051857830244337, 5.08361624249787, 0.6487446381012293, 14.372274457881737, 0.8476601959570891, 15.043806487516738, 0.7499260631466589, 0.572437074471192, 1.492529077463362, 0.5546128169672867, 2.0059920378923435, 2.950536815211158, -1000.0]
[20160906135812] Location: x = -0.185929931226 y = -0.134286467141 z = 0.193746035718
[20160906135812] Current fitness = -1.0
[20160906135812] Pbest = -1.0
[20160906135812] Gbest = -1.0
[20160906135812] ---------------------------
[20160906135812] Executing iteration number: 0 Individual number: 35
[20160906135815] Robot fall detected
[20160906135815] Individual: [2.172219821598043, 14.330419509917517, 6.03766385969503, 6.263685927482981, 11.663633710237695, 17.50653211913285, 18.630705833473165, 9.882313812277921, 10.40197773151746, 1.2155032655977993, 0.44968257038624443, 1.151402554488351, 0.6448993475015179, 1.6962812237784604, 1.3914291385913926, 0.5496037558728681, 0.33684628138936656, 3.290468154887077, 1.4274835000544042, 3.112691803957192, 0.6831188740024021, 2.330474159981142, 1.5548004911492799, 2.3866695733027314, 0.14650050726530334, 0.14166340708103595, 0.10820497672145254, 0.1493059815400886, 0.32369121069885903, 0.26740304323199243, 2.172219821598043, 14.330419509917517, 6.03766385969503, 6.263685927482981, 11.663633710237695, 17.50653211913285, 18.630705833473165, 9.882313812277921, 10.40197773151746, 1.2155032655977993, 0.44968257038624443, 1.151402554488351, 0.6448993475015179, 1.6962812237784604, 1.3914291385913926, -1000.0]
[20160906135815] Location: x = -0.156456189727 y = -0.0854189601871 z = 0.185983841354
[20160906135815] Current fitness = -1.0
[20160906135815] Pbest = -1.0
[20160906135815] Gbest = -1.0
[20160906135815] ---------------------------
[20160906135815] Executing iteration number: 0 Individual number: 36
[20160906135818] Robot fall detected
[20160906135818] Individual: [17.252351382151026, 17.705187674117063, 13.362461221813456, 11.739454010827108, 2.295971187534385, 18.30494668257561, 1.0154356449656494, 9.756126140415342, 4.401201483274062, 0.7384139335756432, 0.34853541365513996, 0.3644273837945073, 0.45481415778178025, 1.3497669727204875, 2.4548553884652766, 2.0466453708847703, 0.42998516194583125, 1.654386380615981, 0.5028643143989682, 3.0866522032089936, 0.2550682088467948, 2.443352052060814, 2.471093280422721, 0.2633907010539436, 0.06797088897626323, 0.05460244514963508, 0.2744385413082945, 0.12593409328438548, 1.0690844669839685, 0.4542838515131616, 17.252351382151026, 17.705187674117063, 13.362461221813456, 11.739454010827108, 2.295971187534385, 18.30494668257561, 1.0154356449656494, 9.756126140415342, 4.401201483274062, 0.7384139335756432, 0.34853541365513996, 0.3644273837945073, 0.45481415778178025, 1.3497669727204875, 2.4548553884652766, -1000.0]
[20160906135818] Location: x = -0.151384442713 y = -0.0897107316786 z = 0.187121213426
[20160906135818] Current fitness = -1.0
[20160906135818] Pbest = -1.0
[20160906135818] Gbest = -1.0
[20160906135818] ---------------------------
[20160906135818] Executing iteration number: 0 Individual number: 37
[20160906135822] Robot fall detected
[20160906135822] Individual: [10.215038410390042, 9.462884647279255, 3.1879368120045757, 3.9158844496046092, 18.024966136498854, 13.523683377557159, 6.013586079695114, 0.99646734609891, 12.896782466762645, 0.9000640867143606, 0.36840445398910576, 0.650495470523206, 0.26815755025426097, 2.421693757815958, 2.003506026046038, 1.5764737049485766, 0.9958386231173061, 1.221253969263707, 2.6582468803687034, 1.445943871108296, 0.44437515768192315, 2.1828045933088593, 3.840548503339443, 0.7746823636452559, 0.19889358231869425, 0.1320575024499583, 0.22342386282392046, 0.09861237025276617, 1.0777092773253836, 0.573520115494772, 10.215038410390042, 9.462884647279255, 3.1879368120045757, 3.9158844496046092, 18.024966136498854, 13.523683377557159, 6.013586079695114, 0.99646734609891, 12.896782466762645, 0.9000640867143606, 0.36840445398910576, 0.650495470523206, 0.26815755025426097, 2.421693757815958, 2.003506026046038, -1000.0]
[20160906135822] Location: x = -0.22292314976 y = -0.0499073248508 z = 0.193651009736
[20160906135822] Current fitness = -1.0
[20160906135822] Pbest = -1.0
[20160906135822] Gbest = -1.0
[20160906135822] ---------------------------
[20160906135822] Executing iteration number: 0 Individual number: 38
