Created log file at 20160906171417

Constants and Parameters: 
###########################################
WEIGHT_BOUNDS = [0.5, 20.0]
Tr1_BOUNDS = [0.25, 1.5]
Tr2_BOUNDS = [0.25, 0.75]
Ta1_BOUNDS = [0.25, 1.5]
Ta2_BOUNDS = [0.25, 0.75]
b_BOUNDS = [1.0, 8.0]
s_BOUNDS = [1.0, 3.0]
TRIAL_DURATION = 30
STEP_DURATION = 0.2
POPULATION_SIZE = 10
MAX_ITERS = 100
VEL_BOUND_PCT = 0.2
C1 = 2.0
C2 = 2.0
INERTIAL_WEIGHT_BOUNDS = [0.4, 0.9]
###########################################

[20160906171417] ===========================
[20160906171417] ---------------------------
[20160906171417] Executing iteration number: 0 Individual number: 0
[20160906171438] Robot fall detected
[20160906171438] Individual: [9.198962485542904, 3.2304597223445297, 9.517777152410295, 11.949144380405116, 18.313935642278814, 15.075627644234244, 9.815712439688415, 1.8731203889424628, 15.250458214377796, 0.5900613430165282, 0.36815914976603037, 0.5102180762274885, 0.7030527406799995, 5.3801361724101335, 2.347648404750135, 1.9228705736749891, 2.053098596059608, 2.726505010465161, 2.052607056942944, 0.8866755317561144, 2.3607466359663722, 2.812473538209926, 2.4444264197313395, 2.9949948716895602, 0.23782815213116593, 0.1386771591882487, 0.28940831717289184, 0.07654522823974773, 0.713336270460659, 0.5672587036991488, 9.198962485542904, 3.2304597223445297, 9.517777152410295, 11.949144380405116, 18.313935642278814, 15.075627644234244, 9.815712439688415, 1.8731203889424628, 15.250458214377796, 0.5900613430165282, 0.36815914976603037, 0.5102180762274885, 0.7030527406799995, 5.3801361724101335, 2.347648404750135, -1000.0]
[20160906171438] Location: x = -0.393566292798 y = 0.0905191644979 z = 0.186231969657
[20160906171438] Current fitness = -1.0
[20160906171438] Pbest = -1.0
[20160906171438] Gbest = -1.0
[20160906171438] ---------------------------
[20160906171438] Executing iteration number: 0 Individual number: 1
[20160906171459] Robot fall detected
[20160906171459] Individual: [13.381704316326266, 14.40135641517162, 13.853467898777055, 17.790965776628408, 17.27405235492104, 10.577388995238548, 19.763134978029, 19.94957576035561, 5.827495055039329, 0.6835358328452861, 0.6438025617771732, 0.9570410221407262, 0.5234478323810074, 5.253450405903318, 1.1768463629019805, 3.332589122941705, 0.10106690719252283, 3.9144383949125223, 3.778594843268226, 0.7102694815044466, 2.485558024469266, 0.797078969267613, 2.3168665271769098, 0.9238873282774079, 0.13972705194999668, 0.12418000427987755, 0.23675640108758922, 0.08333273526136184, 1.1724427942106836, 0.49294962304761986, 13.381704316326266, 14.40135641517162, 13.853467898777055, 17.790965776628408, 17.27405235492104, 10.577388995238548, 19.763134978029, 19.94957576035561, 5.827495055039329, 0.6835358328452861, 0.6438025617771732, 0.9570410221407262, 0.5234478323810074, 5.253450405903318, 1.1768463629019805, -1000.0]
[20160906171459] Location: x = 0.22727005923 y = 0.198490249831 z = 0.19080984439
[20160906171459] Current fitness = 0.22727005923
[20160906171459] Pbest = 0.22727005923
[20160906171459] Gbest = 0.22727005923
[20160906171459] ---------------------------
[20160906171459] Executing iteration number: 0 Individual number: 2
[20160906171515] Robot fall detected
[20160906171515] Individual: [1.8910375704386897, 19.24755172361291, 19.55825816088871, 13.546526405822704, 9.733121095805501, 8.816765222074407, 19.12602358698663, 6.398680009330134, 4.024417031728468, 0.3122110483187944, 0.7273137593766847, 1.3428281023250235, 0.6559391864267199, 2.9423224003715918, 2.7127810732535904, 1.6118166459121803, 1.1762116200505914, 2.2171977595643146, 0.20699999953205378, 3.5405876616131233, 0.9440665396587049, 2.4939043783616173, 1.6622376734422606, 3.012086743432377, 0.0944133351151662, 0.09858634416714895, 0.10118900443743384, 0.1476249762696092, 0.6034272256802771, 0.3950970243521288, 1.8910375704386897, 19.24755172361291, 19.55825816088871, 13.546526405822704, 9.733121095805501, 8.816765222074407, 19.12602358698663, 6.398680009330134, 4.024417031728468, 0.3122110483187944, 0.7273137593766847, 1.3428281023250235, 0.6559391864267199, 2.9423224003715918, 2.7127810732535904, -1000.0]
[20160906171515] Location: x = -0.284488401315 y = -0.0757052085361 z = 0.194421416971
[20160906171515] Current fitness = -1.0
[20160906171515] Pbest = -1.0
[20160906171515] Gbest = 0.22727005923
[20160906171515] ---------------------------
[20160906171515] Executing iteration number: 0 Individual number: 3
[20160906171535] Robot fall detected
[20160906171535] Individual: [18.724741368806686, 6.909544614209977, 2.4668803414716063, 11.929806909455706, 5.82379763823529, 9.325717957852175, 0.9865242599840061, 13.551664504478438, 19.743216640921023, 0.7527154575201211, 0.7091149492386971, 0.7380867526801975, 0.4052621328675111, 4.835495519050044, 1.1957602259445095, 3.571854182164829, 1.3943363763084982, 1.6824081411241794, 3.2049469264858055, 1.9348422983744962, 3.5579877009512, 1.2862602656689222, 2.808315435509658, 3.4179192734917363, 0.08561360396570783, 0.09618526368185806, 0.29532430792936354, 0.12340596276501203, 1.0523555079300007, 0.2778625750736599, 18.724741368806686, 6.909544614209977, 2.4668803414716063, 11.929806909455706, 5.82379763823529, 9.325717957852175, 0.9865242599840061, 13.551664504478438, 19.743216640921023, 0.7527154575201211, 0.7091149492386971, 0.7380867526801975, 0.4052621328675111, 4.835495519050044, 1.1957602259445095, -1000.0]
[20160906171535] Location: x = 0.238522801203 y = 0.169527918266 z = 0.19716611067
[20160906171535] Current fitness = 0.238522801203
[20160906171535] Pbest = 0.238522801203
[20160906171535] Gbest = 0.238522801203
[20160906171535] ---------------------------
[20160906171535] Executing iteration number: 0 Individual number: 4
[20160906171551] Robot fall detected
[20160906171551] Individual: [3.7228384449054306, 11.979118146834638, 3.527061948277776, 16.648214103655235, 3.7540710494705296, 7.542111497366856, 6.024223433569045, 16.364985874339038, 13.61089337525818, 0.8956284721433027, 0.7213426046771241, 0.5659985153268037, 0.4544244733476884, 6.611968057533694, 2.4142660669871345, 3.9555415296378467, 1.4457945688867841, 0.11045291226448123, 0.46532025594819215, 0.7426228480678485, 0.29542545034033385, 0.8295531525658263, 1.3304702669164585, 2.4409499494427274, 0.06266398899726107, 0.12550320261338332, 0.11188724470943986, 0.08107797704834838, 1.0501067911759425, 0.3214434697674052, 3.7228384449054306, 11.979118146834638, 3.527061948277776, 16.648214103655235, 3.7540710494705296, 7.542111497366856, 6.024223433569045, 16.364985874339038, 13.61089337525818, 0.8956284721433027, 0.7213426046771241, 0.5659985153268037, 0.4544244733476884, 6.611968057533694, 2.4142660669871345, -1000.0]
[20160906171551] Location: x = -0.349535077105 y = -0.0802748457856 z = 0.15672101322
[20160906171551] Current fitness = -1.0
[20160906171551] Pbest = -1.0
[20160906171551] Gbest = 0.238522801203
[20160906171551] ---------------------------
[20160906171551] Executing iteration number: 0 Individual number: 5
[20160906171608] Robot fall detected
[20160906171608] Individual: [17.015170024271136, 0.86736911211429, 13.311410194363749, 10.947192319213245, 15.344389551785824, 9.467243952413648, 18.224354347441235, 13.61857474538559, 6.818348469176119, 0.7820442090642077, 0.31854777282418933, 1.1391867835747223, 0.33017872713169866, 5.637482419133164, 2.5686924094040364, 0.7092633737843533, 3.796751684488152, 2.6937035096702076, 3.7354641909655673, 2.3622963896239937, 0.4483408336785607, 0.4001984396946784, 2.512005219001394, 3.5768178500303276, 0.13454935542395388, 0.07436434906338635, 0.20804231565499215, 0.08679645719943596, 1.447818640413165, 0.3850297115320861, 17.015170024271136, 0.86736911211429, 13.311410194363749, 10.947192319213245, 15.344389551785824, 9.467243952413648, 18.224354347441235, 13.61857474538559, 6.818348469176119, 0.7820442090642077, 0.31854777282418933, 1.1391867835747223, 0.33017872713169866, 5.637482419133164, 2.5686924094040364, -1000.0]
[20160906171608] Location: x = -0.317154958799 y = -0.0822649113341 z = 0.196728059187
[20160906171608] Current fitness = -1.0
[20160906171608] Pbest = -1.0
[20160906171608] Gbest = 0.238522801203
[20160906171608] ---------------------------
[20160906171608] Executing iteration number: 0 Individual number: 6
[20160906171627] Robot fall detected
[20160906171627] Individual: [15.407512294556254, 16.305383547031454, 2.404870758282139, 18.90304560745646, 0.9428013571335754, 13.845834014641973, 11.028996077949987, 4.50092525345622, 11.9540233660411, 0.7300991660645433, 0.3107474513221892, 1.3994357190132893, 0.7038970093281776, 2.628224361843981, 2.6172015008089673, 1.1975625196942539, 2.3484439184601547, 0.7016110594344747, 2.520385967969456, 3.4665928299952142, 1.6278116401302043, 1.4633015844137105, 1.8707977593544771, 0.8079340715238801, 0.22911011916470392, 0.1349868698294771, 0.2510356228753386, 0.1494845971303271, 0.989973710321846, 0.3658092762079472, 15.407512294556254, 16.305383547031454, 2.404870758282139, 18.90304560745646, 0.9428013571335754, 13.845834014641973, 11.028996077949987, 4.50092525345622, 11.9540233660411, 0.7300991660645433, 0.3107474513221892, 1.3994357190132893, 0.7038970093281776, 2.628224361843981, 2.6172015008089673, -1000.0]
[20160906171627] Location: x = -0.375113613769 y = -0.106481407022 z = 0.19132857787
[20160906171627] Current fitness = -1.0
[20160906171627] Pbest = -1.0
[20160906171627] Gbest = 0.238522801203
[20160906171627] ---------------------------
[20160906171627] Executing iteration number: 0 Individual number: 7
[20160906171646] Robot fall detected
[20160906171646] Individual: [16.74989004910897, 8.812107037461521, 16.842502846822157, 8.758557463710476, 15.942072625864887, 8.472104156620627, 1.998822356373293, 8.08214959440025, 1.9929889980749302, 0.8499109000597891, 0.34691901680149073, 0.7269327764399967, 0.5820962337145705, 5.748097222434653, 2.8626767311015002, 3.414966885628021, 2.283510063879803, 1.3253791339483103, 3.9359094925827374, 3.5140882261347075, 3.5897935428881333, 1.4844371591807575, 0.8687225056160831, 1.9511598014671259, 0.18731315583913466, 0.0982765664596509, 0.21819877395095427, 0.11899328167822099, 1.5160080139877363, 0.2523125911955586, 16.74989004910897, 8.812107037461521, 16.842502846822157, 8.758557463710476, 15.942072625864887, 8.472104156620627, 1.998822356373293, 8.08214959440025, 1.9929889980749302, 0.8499109000597891, 0.34691901680149073, 0.7269327764399967, 0.5820962337145705, 5.748097222434653, 2.8626767311015002, -1000.0]
[20160906171646] Location: x = -0.395664450112 y = -0.0603605080786 z = 0.191772512213
[20160906171646] Current fitness = -1.0
[20160906171646] Pbest = -1.0
[20160906171646] Gbest = 0.238522801203
[20160906171646] ---------------------------
[20160906171646] Executing iteration number: 0 Individual number: 8
[20160906171705] Robot fall detected
[20160906171705] Individual: [15.022317761787585, 5.569851536082421, 5.797063722228581, 12.17692054661364, 1.267785673828167, 0.7150292103481962, 19.24295598710499, 17.25181799146752, 18.359142822071956, 0.7989847039864981, 0.32466137221994285, 0.7409650922253482, 0.7110656257705246, 2.07800427980761, 1.190735171994591, 3.868555303361998, 0.22685822536008354, 2.8567928432061724, 2.3621598670414015, 2.618505566569614, 2.7189309367829058, 2.2921442031608645, 0.17088719084061915, 2.420915785566426, 0.2900067280633862, 0.05708247646717597, 0.21665636020741796, 0.08289624971479964, 1.4224855843715876, 0.2580662635564668, 15.022317761787585, 5.569851536082421, 5.797063722228581, 12.17692054661364, 1.267785673828167, 0.7150292103481962, 19.24295598710499, 17.25181799146752, 18.359142822071956, 0.7989847039864981, 0.32466137221994285, 0.7409650922253482, 0.7110656257705246, 2.07800427980761, 1.190735171994591, -1000.0]
[20160906171705] Location: x = 0.208806945793 y = -0.26993571356 z = 0.183808078458
[20160906171705] Current fitness = 0.208806945793
[20160906171705] Pbest = 0.208806945793
[20160906171705] Gbest = 0.238522801203
[20160906171705] ---------------------------
[20160906171705] Executing iteration number: 0 Individual number: 9
[20160906171722] Robot fall detected
[20160906171722] Individual: [5.26958000140871, 4.040251654746882, 7.689447750914115, 1.709047761942774, 15.193762866024816, 14.007060757138865, 16.626731160494952, 4.147031803241864, 12.52108417307338, 1.1872772041074882, 0.4863321146706991, 1.294212789719148, 0.6654729242378963, 3.8265713428041206, 2.440239154158766, 3.597521279876344, 2.4307775661127398, 1.8566183901451463, 3.5405594638067885, 0.12126381733532637, 0.3083145437759335, 1.295985434163147, 3.0155637877588246, 1.0622681249783852, 0.10721705626990413, 0.10297355153233331, 0.27269932039258904, 0.10834948830346365, 0.34298968214839676, 0.20454500225806635, 5.26958000140871, 4.040251654746882, 7.689447750914115, 1.709047761942774, 15.193762866024816, 14.007060757138865, 16.626731160494952, 4.147031803241864, 12.52108417307338, 1.1872772041074882, 0.4863321146706991, 1.294212789719148, 0.6654729242378963, 3.8265713428041206, 2.440239154158766, -1000.0]
[20160906171722] Location: x = -0.320238306703 y = -0.0462045738018 z = 0.193326332882
[20160906171722] Current fitness = -1.0
[20160906171722] Pbest = -1.0
[20160906171722] Gbest = 0.238522801203

Results of this iteration: GBest Fitness: 0.238522801203 GBest position: [18.724741368806686, 6.909544614209977, 2.4668803414716063, 11.929806909455706, 5.82379763823529, 9.325717957852175, 0.9865242599840061, 13.551664504478438, 19.743216640921023, 0.7527154575201211, 0.7091149492386971, 0.7380867526801975, 0.4052621328675111, 4.835495519050044, 1.1957602259445095]

[20160906171722] ===========================
[20160906171722] ---------------------------
[20160906171722] Executing iteration number: 1 Individual number: 0
[20160906171745] Robot fall detected
[20160906171745] Individual: [13.198962485542904, 7.23045972234453, 9.617777152410294, 13.776772489585735, 18.413935642278815, 15.175627644234243, 9.915712439688415, 5.873120388942462, 19.250458214377794, 0.8900613430165283, 0.5181591497660304, 0.8102180762274885, 0.75, 5.580136172410134, 2.5476484047501353, 4.0, 4.0, 0.1, 1.82762810918062, 0.1, 0.1, 0.1, 4.0, 4.0, 0.30000000000000004, 0.15000000000000002, 0.30000000000000004, 0.05, 0.2, 0.2, 9.198962485542904, 3.2304597223445297, 9.517777152410295, 11.949144380405116, 18.313935642278814, 15.075627644234244, 9.815712439688415, 1.8731203889424628, 15.250458214377796, 0.5900613430165282, 0.36815914976603037, 0.5102180762274885, 0.7030527406799995, 5.3801361724101335, 2.347648404750135, -1.0]
[20160906171745] Location: x = -0.419799653962 y = -0.0282538565898 z = 0.193945196838
[20160906171745] Current fitness = -1.0
[20160906171745] Pbest = -1.0
[20160906171745] Gbest = 0.238522801203
[20160906171745] ---------------------------
[20160906171745] Executing iteration number: 1 Individual number: 1
[20160906171806] Robot fall detected
[20160906171806] Individual: [17.381704316326264, 14.50135641517162, 13.953467898777054, 17.89096577662841, 17.37405235492104, 11.192324324972168, 19.863134978029002, 20.0, 9.827495055039329, 0.8989415140597948, 0.75, 1.0070410221407262, 0.5734478323810075, 5.767012369087002, 1.6450118976126755, 4.0, 0.1, 0.1, 0.1, 0.1, 0.6149353297336195, 0.1, 0.1, 4.0, 0.2154056812145088, 0.15000000000000002, 0.05, 0.05, 0.5135619631836836, 0.46816553471069505, 13.381704316326266, 14.40135641517162, 13.853467898777055, 17.790965776628408, 17.27405235492104, 10.577388995238548, 19.763134978029, 19.94957576035561, 5.827495055039329, 0.6835358328452861, 0.6438025617771732, 0.9570410221407262, 0.5234478323810074, 5.253450405903318, 1.1768463629019805, 0.22727005923008253]
[20160906171806] Location: x = 0.250051364863 y = 0.186897004689 z = 0.187696734118
[20160906171806] Current fitness = 0.250051364863
[20160906171806] Pbest = 0.250051364863
[20160906171806] Gbest = 0.250051364863
[20160906171806] ---------------------------
[20160906171806] Executing iteration number: 1 Individual number: 2
[20160906171823] Robot fall detected
[20160906171823] Individual: [5.89103757043869, 19.347551723612913, 19.65825816088871, 13.646526405822703, 9.8331210958055, 10.33122649964994, 19.22602358698663, 10.398680009330134, 8.024417031728468, 0.6122110483187945, 0.75, 1.3928281023250235, 0.7059391864267199, 4.542322400371592, 2.9127810732535906, 4.0, 0.1, 0.1, 0.1, 0.1, 1.514461277575533, 0.1, 4.0, 4.0, 0.30000000000000004, 0.06495616190355122, 0.05, 0.05, 1.6, 0.2, 1.8910375704386897, 19.24755172361291, 19.55825816088871, 13.546526405822704, 9.733121095805501, 8.816765222074407, 19.12602358698663, 6.398680009330134, 4.024417031728468, 0.3122110483187944, 0.7273137593766847, 1.3428281023250235, 0.6559391864267199, 2.9423224003715918, 2.7127810732535904, -1.0]
[20160906171823] Location: x = -0.366371041082 y = -0.0616463768287 z = 0.195282987632
[20160906171823] Current fitness = -1.0
[20160906171823] Pbest = -1.0
[20160906171823] Gbest = 0.250051364863
[20160906171823] ---------------------------
[20160906171823] Executing iteration number: 1 Individual number: 3
[20160906171844] Robot fall detected
[20160906171844] Individual: [20.0, 8.164447352887624, 3.9810476684833676, 14.814259143292931, 7.565155706772337, 12.527906888708255, 2.144158499086036, 16.07914839643713, 20.0, 0.8297677010892582, 0.75, 1.0038786298166247, 0.516327499356022, 5.782615476187044, 1.4458365435108034, 3.2146687639483464, 1.2549027386776483, 1.5141673270117615, 2.884452233837225, 1.7413580685370467, 3.2021889308560803, 1.15763423910203, 2.5274838919586924, 3.0761273461425627, 0.07705224356913705, 0.08656673731367226, 0.2657918771364272, 0.11106536648851083, 0.9471199571370006, 0.25007631756629395, 18.724741368806686, 6.909544614209977, 2.4668803414716063, 11.929806909455706, 5.82379763823529, 9.325717957852175, 0.9865242599840061, 13.551664504478438, 19.743216640921023, 0.7527154575201211, 0.7091149492386971, 0.7380867526801975, 0.4052621328675111, 4.835495519050044, 1.1957602259445095, 0.23852280120326233]
[20160906171844] Location: x = 0.328277737504 y = -0.0291425302824 z = 0.188783261374
[20160906171844] Current fitness = 0.328277737504
[20160906171844] Pbest = 0.328277737504
[20160906171844] Gbest = 0.328277737504
[20160906171844] ---------------------------
[20160906171844] Executing iteration number: 1 Individual number: 4
[20160906171905] Robot fall detected
[20160906171905] Individual: [7.722838444905431, 12.079118146834638, 3.627061948277776, 16.748214103655236, 6.019324477839808, 9.184131930388729, 6.124223433569044, 16.46498587433904, 17.61089337525818, 0.9456284721433027, 0.75, 0.79947132560459, 0.5044244733476884, 6.8119680575336945, 2.6142660669871347, 4.0, 0.1, 0.1, 0.1, 2.2652534283692782, 1.6420204330218726, 0.1, 0.1, 4.0, 0.05, 0.10351866247362174, 0.23347281027778632, 0.05, 0.2, 0.2, 3.7228384449054306, 11.979118146834638, 3.527061948277776, 16.648214103655235, 3.7540710494705296, 7.542111497366856, 6.024223433569045, 16.364985874339038, 13.61089337525818, 0.8956284721433027, 0.7213426046771241, 0.5659985153268037, 0.4544244733476884, 6.611968057533694, 2.4142660669871345, -1.0]
[20160906171905] Location: x = 0.264311980201 y = 0.131439634662 z = 0.195681381713
[20160906171905] Current fitness = 0.264311980201
[20160906171905] Pbest = 0.264311980201
[20160906171905] Gbest = 0.328277737504
[20160906171905] ---------------------------
[20160906171905] Executing iteration number: 1 Individual number: 5
[20160906171924] Robot fall detected
[20160906171924] Individual: [20.0, 4.86736911211429, 13.411410194363748, 14.947192319213245, 15.444389551785823, 9.61046359765552, 18.324354347441236, 15.756321675190138, 10.818348469176119, 0.8491987442034089, 0.46854777282418936, 1.1891867835747223, 0.4801787271316987, 5.837482419133164, 2.7686924094040366, 3.7824900067248075, 4.0, 0.1, 4.0, 0.1, 0.14321964524187225, 0.1, 2.1377469298045475, 4.0, 0.0671545351392012, 0.15000000000000002, 0.05, 0.15000000000000002, 0.2, 0.2, 17.015170024271136, 0.86736911211429, 13.311410194363749, 10.947192319213245, 15.344389551785824, 9.467243952413648, 18.224354347441235, 13.61857474538559, 6.818348469176119, 0.7820442090642077, 0.31854777282418933, 1.1391867835747223, 0.33017872713169866, 5.637482419133164, 2.5686924094040364, -1.0]
[20160906171924] Location: x = -0.366813187037 y = -0.0689209181824 z = 0.194116766167
[20160906171924] Current fitness = -1.0
[20160906171924] Pbest = -1.0
[20160906171924] Gbest = 0.328277737504
[20160906171924] ---------------------------
[20160906171924] Executing iteration number: 1 Individual number: 6
[20160906171942] Robot fall detected
[20160906171942] Individual: [18.024799834418328, 16.405383547031455, 3.0650985229753642, 19.00304560745646, 4.942801357133575, 13.945834014641973, 11.128996077949987, 8.50092525345622, 15.9540233660411, 0.9467941891394301, 0.46074745132218925, 1.4494357190132894, 0.75, 4.228224361843981, 2.8172015008089675, 2.6172875398620734, 0.1, 0.6602277646932252, 0.1, 4.0, 0.1, 0.1, 4.0, 4.0, 0.21669502307488686, 0.15000000000000002, 0.05, 0.05, 1.6, 0.2, 15.407512294556254, 16.305383547031454, 2.404870758282139, 18.90304560745646, 0.9428013571335754, 13.845834014641973, 11.028996077949987, 4.50092525345622, 11.9540233660411, 0.7300991660645433, 0.3107474513221892, 1.3994357190132893, 0.7038970093281776, 2.628224361843981, 2.6172015008089673, -1.0]
[20160906171942] Location: x = -0.356130487171 y = -0.124593491034 z = 0.193197818754
[20160906171942] Current fitness = -1.0
[20160906171942] Pbest = -1.0
[20160906171942] Gbest = 0.328277737504
[20160906171942] ---------------------------
[20160906171942] Executing iteration number: 1 Individual number: 7
[20160906172001] Robot fall detected
[20160906172001] Individual: [20.0, 8.91210703746152, 16.94250284682216, 12.758557463710476, 16.042072625864886, 12.472104156620627, 2.098822356373293, 12.08214959440025, 5.99298899807493, 0.8999109000597891, 0.49691901680149075, 0.9439656736523684, 0.6320962337145706, 5.9480972224346536, 3.0, 4.0, 0.1, 0.1, 4.0, 0.1, 4.0, 0.1, 4.0, 4.0, 0.05, 0.15000000000000002, 0.2170328972123717, 0.05, 0.2, 0.2, 16.74989004910897, 8.812107037461521, 16.842502846822157, 8.758557463710476, 15.942072625864887, 8.472104156620627, 1.998822356373293, 8.08214959440025, 1.9929889980749302, 0.8499109000597891, 0.34691901680149073, 0.7269327764399967, 0.5820962337145705, 5.748097222434653, 2.8626767311015002, -1.0]
[20160906172001] Location: x = -0.402844905422 y = -0.0691895653502 z = 0.178775363326
[20160906172001] Current fitness = -1.0
[20160906172001] Pbest = -1.0
[20160906172001] Gbest = 0.328277737504
[20160906172001] ---------------------------
[20160906172001] Executing iteration number: 1 Individual number: 8
[20160906172023] Robot fall detected
[20160906172023] Individual: [19.022317761787583, 6.600705855768498, 6.313227214077932, 14.150378474322123, 5.2677856738281665, 4.715029210348196, 19.34295598710499, 17.35181799146752, 20.0, 1.0314394813538028, 0.47466137221994287, 0.9341796847805237, 0.75, 3.67800427980761, 1.4260956098933288, 4.0, 1.0308543196860773, 0.5161634918493512, 1.9734579277084816, 4.0, 4.0, 0.1, 0.1, 3.032892065032797, 0.23245477736730463, 0.15000000000000002, 0.19321459255517548, 0.05, 1.6, 0.23536043789873798, 15.022317761787585, 5.569851536082421, 5.797063722228581, 12.17692054661364, 1.267785673828167, 0.7150292103481962, 19.24295598710499, 17.25181799146752, 18.359142822071956, 0.7989847039864981, 0.32466137221994285, 0.7409650922253482, 0.7110656257705246, 2.07800427980761, 1.190735171994591, 0.20880694579258785]
[20160906172023] Location: x = -0.391849917928 y = 0.0555125174363 z = 0.186227625439
[20160906172023] Current fitness = -1.0
[20160906172023] Pbest = 0.208806945793
[20160906172023] Gbest = 0.328277737504
[20160906172023] ---------------------------
[20160906172023] Executing iteration number: 1 Individual number: 9
[20160906172042] Robot fall detected
[20160906172042] Individual: [9.269580001408709, 8.040251654746882, 7.789447750914115, 5.709047761942774, 15.293762866024815, 14.107060757138864, 16.726731160494953, 8.147031803241864, 16.52108417307338, 1.2372772041074882, 0.6363321146706991, 1.344212789719148, 0.7154729242378963, 5.42657134280412, 2.640239154158766, 4.0, 4.0, 0.1, 4.0, 0.1, 0.1, 0.1, 4.0, 4.0, 0.05, 0.15000000000000002, 0.05, 0.05, 1.6, 0.2, 5.26958000140871, 4.040251654746882, 7.689447750914115, 1.709047761942774, 15.193762866024816, 14.007060757138865, 16.626731160494952, 4.147031803241864, 12.52108417307338, 1.1872772041074882, 0.4863321146706991, 1.294212789719148, 0.6654729242378963, 3.8265713428041206, 2.440239154158766, -1.0]
[20160906172042] Location: x = -0.376993907418 y = -0.0682730220942 z = 0.192952027273
[20160906172042] Current fitness = -1.0
[20160906172042] Pbest = -1.0
[20160906172042] Gbest = 0.328277737504

Results of this iteration: GBest Fitness: 0.328277737504 GBest position: [20.0, 8.164447352887624, 3.9810476684833676, 14.814259143292931, 7.565155706772337, 12.527906888708255, 2.144158499086036, 16.07914839643713, 20.0, 0.8297677010892582, 0.75, 1.0038786298166247, 0.516327499356022, 5.782615476187044, 1.4458365435108034]

[20160906172042] ===========================
[20160906172042] ---------------------------
[20160906172042] Executing iteration number: 2 Individual number: 0
[20160906172102] Robot fall detected
[20160906172102] Individual: [15.901714789865611, 9.24403280573548, 9.717777152410294, 14.768529535651188, 18.513935642278817, 15.275627644234243, 10.015712439688414, 8.975843503417238, 20.0, 1.0257684794653226, 0.6167873769250194, 0.9757562108919634, 0.75, 5.780136172410134, 2.7476484047501355, 2.7027523043227077, 2.0135730833909506, 0.1, 0.9917570460654531, 0.1, 0.1, 0.1, 3.1027231144747747, 1.9919069571057124, 0.1357071364487942, 0.09862822715898902, 0.16553813466447484, 0.05, 0.2, 0.2, 9.198962485542904, 3.2304597223445297, 9.517777152410295, 11.949144380405116, 18.313935642278814, 15.075627644234244, 9.815712439688415, 1.8731203889424628, 15.250458214377796, 0.5900613430165282, 0.36815914976603037, 0.5102180762274885, 0.7030527406799995, 5.3801361724101335, 2.347648404750135, -1.0]
[20160906172102] Location: x = -0.404634566035 y = -0.0616009684413 z = 0.181336931217
[20160906172102] Current fitness = -1.0
[20160906172102] Pbest = -1.0
[20160906172102] Gbest = 0.328277737504
[20160906172102] ---------------------------
[20160906172102] Executing iteration number: 2 Individual number: 1
[20160906172124] Robot fall detected
[20160906172124] Individual: [20.0, 14.601356415171619, 14.053467898777054, 17.99096577662841, 17.474052354921042, 12.277575009545856, 19.963134978029004, 20.0, 13.827495055039329, 1.0640263802009993, 0.75, 1.0570410221407263, 0.6234478323810075, 6.232899168977689, 1.984252894697614, 4.0, 0.1, 0.1, 0.1, 0.1, 1.0852506845736893, 0.1, 0.1, 4.0, 0.1650848661412044, 0.13425000000000004, 0.05, 0.05, 0.4658867998906872, 0.3392409970849383, 17.381704316326264, 14.50135641517162, 13.953467898777054, 17.89096577662841, 17.37405235492104, 11.192324324972168, 19.863134978029002, 20.0, 9.827495055039329, 0.8989415140597948, 0.75, 1.0070410221407262, 0.5734478323810075, 5.767012369087002, 1.6450118976126755, 0.25005136486260127]
[20160906172124] Location: x = 0.188412156941 y = 0.198245268364 z = 0.18743089654
[20160906172124] Current fitness = 0.188412156941
[20160906172124] Pbest = 0.250051364863
[20160906172124] Gbest = 0.328277737504
[20160906172124] ---------------------------
[20160906172124] Executing iteration number: 2 Individual number: 2
[20160906172141] Robot fall detected
[20160906172141] Individual: [8.817751163397114, 19.447551723612914, 19.758258160888712, 14.119813272821904, 9.9331210958055, 10.43122649964994, 19.326023586986633, 10.498680009330133, 9.903772800141379, 0.6622110483187945, 0.75, 1.4428281023250236, 0.75, 4.7423224003715925, 3.0, 2.926713592958424, 0.1, 0.1, 0.4732868669992009, 0.1, 0.1, 0.1, 0.1, 1.8793557684129096, 0.05, 0.05, 0.05, 0.05, 0.2, 0.2, 1.8910375704386897, 19.24755172361291, 19.55825816088871, 13.546526405822704, 9.733121095805501, 8.816765222074407, 19.12602358698663, 6.398680009330134, 4.024417031728468, 0.3122110483187944, 0.7273137593766847, 1.3428281023250235, 0.6559391864267199, 2.9423224003715918, 2.7127810732535904, -1.0]
[20160906172141] Location: x = -0.377924711273 y = -0.0682926069329 z = 0.198398883629
[20160906172141] Current fitness = -1.0
[20160906172141] Pbest = -1.0
[20160906172141] Gbest = 0.328277737504
[20160906172141] ---------------------------
[20160906172141] Executing iteration number: 2 Individual number: 3
[20160906172201] Robot fall detected
[20160906172201] Individual: [20.0, 9.28758530400412, 5.336227426158894, 17.395843892577247, 9.123671178112994, 15.393865981824447, 3.1802411430823527, 18.34124647974016, 20.0, 0.8987294590836359, 0.75, 1.241762359853727, 0.6157310023632392, 6.6302878378246595, 1.6696548477326365, 2.87712854373377, 1.1231379511164954, 1.3551797576755265, 2.5815847492843167, 1.5585154713406568, 2.865959093116192, 1.0360826439963169, 2.2620980833030297, 2.753133974797594, 0.06896175799437766, 0.07747722989573667, 0.23788373003710236, 0.09940350300721719, 0.8476723616376155, 0.22381830422183308, 20.0, 8.164447352887624, 3.9810476684833676, 14.814259143292931, 7.565155706772337, 12.527906888708255, 2.144158499086036, 16.07914839643713, 20.0, 0.8297677010892582, 0.75, 1.0038786298166247, 0.516327499356022, 5.782615476187044, 1.4458365435108034, 0.3282777375038044]
[20160906172201] Location: x = 0.250919181517 y = 0.205901638738 z = 0.171922499102
[20160906172201] Current fitness = 0.250919181517
[20160906172201] Pbest = 0.328277737504
[20160906172201] Gbest = 0.328277737504
[20160906172201] ---------------------------
[20160906172201] Executing iteration number: 2 Individual number: 4
[20160906172221] Robot fall detected
[20160906172221] Individual: [11.722838444905431, 12.179118146834638, 4.276131192377004, 16.848214103655238, 10.019324477839808, 13.184131930388729, 6.224223433569044, 16.56498587433904, 20.0, 0.9956284721433027, 0.75, 1.09947132560459, 0.5679903941201655, 7.011968057533695, 2.814266066987135, 4.0, 0.1, 0.6490692440992277, 0.1, 4.0, 4.0, 0.1, 0.1, 4.0, 0.05, 0.09264920291389146, 0.30000000000000004, 0.06356592077247716, 0.2, 0.2, 7.722838444905431, 12.079118146834638, 3.627061948277776, 16.748214103655236, 6.019324477839808, 9.184131930388729, 6.124223433569044, 16.46498587433904, 17.61089337525818, 0.9456284721433027, 0.75, 0.79947132560459, 0.5044244733476884, 6.8119680575336945, 2.6142660669871347, 0.26431198020135144]
[20160906172221] Location: x = 0.270103334002 y = -0.252257517104 z = 0.184665309278
[20160906172221] Current fitness = 0.270103334002
[20160906172221] Pbest = 0.270103334002
[20160906172221] Gbest = 0.328277737504
[20160906172221] ---------------------------
[20160906172221] Executing iteration number: 2 Individual number: 5
[20160906172240] Robot fall detected
[20160906172240] Individual: [20.0, 8.86736911211429, 13.511410194363748, 16.31954539122102, 15.544389551785823, 13.61046359765552, 18.424354347441238, 17.16021070438641, 14.818348469176119, 0.899198744203409, 0.6185477728241894, 1.2391867835747223, 0.6016604661583953, 6.037482419133164, 2.968692409404037, 1.9068183007647106, 4.0, 0.1, 1.3723530720077752, 0.1, 4.0, 0.1, 1.4038890291962738, 4.0, 0.05, 0.15000000000000002, 0.05, 0.1214817390266966, 0.2, 0.2, 17.015170024271136, 0.86736911211429, 13.311410194363749, 10.947192319213245, 15.344389551785824, 9.467243952413648, 18.224354347441235, 13.61857474538559, 6.818348469176119, 0.7820442090642077, 0.31854777282418933, 1.1391867835747223, 0.33017872713169866, 5.637482419133164, 2.5686924094040364, -1.0]
[20160906172240] Location: x = -0.400811379602 y = -0.00285809518035 z = 0.195180759766
[20160906172240] Current fitness = -1.0
[20160906172240] Pbest = -1.0
[20160906172240] Gbest = 0.328277737504
[20160906172240] ---------------------------
[20160906172240] Executing iteration number: 2 Individual number: 6
[20160906172258] Robot fall detected
[20160906172258] Individual: [18.12479983441833, 16.505383547031457, 3.1650985229753643, 19.103045607456462, 5.042801357133575, 14.045834014641972, 11.228996077949986, 8.60092525345622, 16.0540233660411, 0.9967941891394302, 0.5107474513221892, 1.4994357190132894, 0.75, 4.428224361843982, 3.0, 0.1, 0.1, 0.1, 0.1, 0.1, 0.1, 0.1, 0.1, 0.1, 0.05, 0.05, 0.05, 0.05, 0.2, 0.2, 15.407512294556254, 16.305383547031454, 2.404870758282139, 18.90304560745646, 0.9428013571335754, 13.845834014641973, 11.028996077949987, 4.50092525345622, 11.9540233660411, 0.7300991660645433, 0.3107474513221892, 1.3994357190132893, 0.7038970093281776, 2.628224361843981, 2.6172015008089673, -1.0]
[20160906172258] Location: x = -0.321506768446 y = -0.247712126671 z = 0.190868746231
[20160906172258] Current fitness = -1.0
[20160906172258] Pbest = -1.0
[20160906172258] Gbest = 0.328277737504
[20160906172258] ---------------------------
[20160906172258] Executing iteration number: 2 Individual number: 7
[20160906172316] Robot fall detected
[20160906172316] Individual: [20.0, 9.01210703746152, 17.04250284682216, 14.620262796796125, 16.142072625864888, 13.759064059378277, 2.198822356373293, 14.501758941304807, 9.99298899807493, 0.9499109000597892, 0.6173108701061707, 1.0301419128246292, 0.6820962337145706, 6.148097222434654, 3.0, 1.7038113929699785, 0.1, 0.1, 1.8617053330856481, 0.1, 1.286959902757649, 0.1, 2.419609346904557, 4.0, 0.05, 0.12039185330467995, 0.08617623917226083, 0.05, 0.2, 0.2, 16.74989004910897, 8.812107037461521, 16.842502846822157, 8.758557463710476, 15.942072625864887, 8.472104156620627, 1.998822356373293, 8.08214959440025, 1.9929889980749302, 0.8499109000597891, 0.34691901680149073, 0.7269327764399967, 0.5820962337145705, 5.748097222434653, 2.8626767311015002, -1.0]
[20160906172316] Location: x = -0.398974916651 y = -0.0518638541949 z = 0.188011160505
[20160906172316] Current fitness = -1.0
[20160906172316] Pbest = -1.0
[20160906172316] Gbest = 0.328277737504
[20160906172316] ---------------------------
[20160906172316] Executing iteration number: 2 Individual number: 8
[20160906172337] Robot fall detected
[20160906172337] Individual: [20.0, 9.87642562140556, 6.413227214077931, 16.342176750597716, 9.267785673828167, 8.715029210348195, 19.44295598710499, 17.45181799146752, 20.0, 1.0814394813538029, 0.6246613722199429, 1.1570017479689734, 0.75, 5.27800427980761, 1.6260956098933288, 3.798320203488773, 3.27571976563706, 0.1, 2.1917982762755917, 4.0, 4.0, 0.1, 0.1, 2.1017676970120434, 0.05, 0.15000000000000002, 0.22282206318844971, 0.05, 1.6, 0.2, 15.022317761787585, 5.569851536082421, 5.797063722228581, 12.17692054661364, 1.267785673828167, 0.7150292103481962, 19.24295598710499, 17.25181799146752, 18.359142822071956, 0.7989847039864981, 0.32466137221994285, 0.7409650922253482, 0.7110656257705246, 2.07800427980761, 1.190735171994591, 0.20880694579258785]
[20160906172337] Location: x = 0.218983503876 y = 0.204506298336 z = 0.182628601841
[20160906172337] Current fitness = 0.218983503876
[20160906172337] Pbest = 0.218983503876
[20160906172337] Gbest = 0.328277737504
[20160906172337] ---------------------------
[20160906172337] Executing iteration number: 2 Individual number: 9
[20160906172354] Robot fall detected
[20160906172354] Individual: [13.269580001408709, 8.140251654746882, 7.8894477509141145, 9.709047761942774, 15.393762866024815, 14.207060757138864, 16.826731160494955, 12.147031803241864, 18.374021178612505, 1.2872772041074882, 0.6863448278165465, 1.394212789719148, 0.75, 5.62657134280412, 2.840239154158766, 4.0, 0.1, 0.1, 4.0, 0.1, 0.1, 0.1, 4.0, 1.8529370055391245, 0.05, 0.05001271314584746, 0.05, 0.05, 0.2, 0.2, 5.26958000140871, 4.040251654746882, 7.689447750914115, 1.709047761942774, 15.193762866024816, 14.007060757138865, 16.626731160494952, 4.147031803241864, 12.52108417307338, 1.1872772041074882, 0.4863321146706991, 1.294212789719148, 0.6654729242378963, 3.8265713428041206, 2.440239154158766, -1.0]
[20160906172354] Location: x = -0.361929701595 y = -0.0308555432508 z = 0.198098401357
[20160906172354] Current fitness = -1.0
[20160906172354] Pbest = -1.0
[20160906172354] Gbest = 0.328277737504

Results of this iteration: GBest Fitness: 0.328277737504 GBest position: [20.0, 8.164447352887624, 3.9810476684833676, 14.814259143292931, 7.565155706772337, 12.527906888708255, 2.144158499086036, 16.07914839643713, 20.0, 0.8297677010892582, 0.75, 1.0038786298166247, 0.516327499356022, 5.782615476187044, 1.4458365435108034]

[20160906172354] ===========================
[20160906172354] ---------------------------
[20160906172354] Executing iteration number: 3 Individual number: 0
[20160906172413] Robot fall detected
[20160906172413] Individual: [16.001714789865613, 9.34403280573548, 9.817777152410294, 14.868529535651188, 18.61393564227882, 15.375627644234243, 10.115712439688414, 11.996786364740105, 20.0, 1.0757684794653226, 0.6667873769250194, 1.0257562108919633, 0.75, 5.980136172410134, 2.9476484047501357, 0.1, 0.1, 0.1, 0.1, 0.1, 0.1, 0.1, 3.020942861322867, 0.1, 0.05, 0.05, 0.05, 0.05, 0.2, 0.2, 9.198962485542904, 3.2304597223445297, 9.517777152410295, 11.949144380405116, 18.313935642278814, 15.075627644234244, 9.815712439688415, 1.8731203889424628, 15.250458214377796, 0.5900613430165282, 0.36815914976603037, 0.5102180762274885, 0.7030527406799995, 5.3801361724101335, 2.347648404750135, -1.0]
[20160906172413] Location: x = -0.400188306941 y = -0.0480819581031 z = 0.189302121133
[20160906172413] Current fitness = -1.0
[20160906172413] Pbest = -1.0
[20160906172413] Gbest = 0.328277737504
[20160906172413] ---------------------------
[20160906172413] Executing iteration number: 3 Individual number: 1
[20160906172438] Robot fall detected
[20160906172438] Individual: [20.0, 14.701356415171619, 14.153467898777054, 18.090965776628412, 17.574052354921044, 12.377575009545856, 20.0, 20.0, 13.927495055039328, 1.1140263802009993, 0.75, 1.1070410221407263, 0.6734478323810076, 6.4328991689776895, 2.184252894697614, 0.1, 0.1, 0.1, 0.1, 0.1, 0.1, 0.1, 0.1, 0.1, 0.05, 0.11948250000000003, 0.05, 0.05, 0.2, 0.2, 17.381704316326264, 14.50135641517162, 13.953467898777054, 17.89096577662841, 17.37405235492104, 11.192324324972168, 19.863134978029002, 20.0, 9.827495055039329, 0.8989415140597948, 0.75, 1.0070410221407262, 0.5734478323810075, 5.767012369087002, 1.6450118976126755, 0.25005136486260127]
[20160906172438] Location: x = -0.368802821945 y = 0.0664076361542 z = 0.186310056167
[20160906172438] Current fitness = -1.0
[20160906172438] Pbest = 0.250051364863
[20160906172438] Gbest = 0.328277737504
[20160906172438] ---------------------------
[20160906172438] Executing iteration number: 3 Individual number: 2
[20160906172457] Robot fall detected
[20160906172457] Individual: [8.917751163397114, 19.547551723612916, 19.858258160888713, 14.219813272821904, 10.0331210958055, 10.53122649964994, 19.426023586986634, 10.598680009330133, 10.003772800141379, 0.7122110483187946, 0.75, 1.4928281023250236, 0.75, 4.942322400371593, 3.0, 0.1, 0.1, 0.1, 0.1, 0.1, 0.1, 0.1, 0.1, 0.1, 0.05, 0.05, 0.05, 0.05, 0.2, 0.2, 1.8910375704386897, 19.24755172361291, 19.55825816088871, 13.546526405822704, 9.733121095805501, 8.816765222074407, 19.12602358698663, 6.398680009330134, 4.024417031728468, 0.3122110483187944, 0.7273137593766847, 1.3428281023250235, 0.6559391864267199, 2.9423224003715918, 2.7127810732535904, -1.0]
[20160906172457] Location: x = -0.380573462242 y = -0.0539674150183 z = 0.198725181766
[20160906172457] Current fitness = -1.0
[20160906172457] Pbest = -1.0
[20160906172457] Gbest = 0.328277737504
[20160906172457] ---------------------------
[20160906172457] Executing iteration number: 3 Individual number: 3
[20160906172518] Robot fall detected
[20160906172518] Individual: [20.0, 9.38758530400412, 5.436227426158894, 17.49584389257725, 9.223671178112994, 15.493865981824447, 3.280241143082353, 18.441246479740162, 20.0, 0.9487294590836359, 0.75, 1.2917623598537271, 0.6657310023632392, 6.83028783782466, 1.8696548477326365, 2.5606444039230554, 0.1, 0.1, 0.1, 0.1, 0.1, 0.1, 0.1, 2.4502892375698586, 0.05, 0.06895473460720564, 0.05, 0.05, 0.2, 0.2, 20.0, 8.164447352887624, 3.9810476684833676, 14.814259143292931, 7.565155706772337, 12.527906888708255, 2.144158499086036, 16.07914839643713, 20.0, 0.8297677010892582, 0.75, 1.0038786298166247, 0.516327499356022, 5.782615476187044, 1.4458365435108034, 0.3282777375038044]
[20160906172518] Location: x = 0.259752416669 y = 0.16826767851 z = 0.193620870511
[20160906172518] Current fitness = 0.259752416669
[20160906172518] Pbest = 0.328277737504
[20160906172518] Gbest = 0.328277737504
[20160906172518] ---------------------------
[20160906172518] Executing iteration number: 3 Individual number: 4
[20160906172535] Robot fall detected
[20160906172535] Individual: [15.722838444905431, 12.279118146834637, 4.831422368113182, 16.94821410365524, 13.393189364436227, 16.694360894267877, 6.324223433569044, 16.66498587433904, 20.0, 1.0456284721433027, 0.75, 1.3592211488926977, 0.6206457190793522, 7.211968057533695, 3.0, 4.0, 0.1, 0.555291175736178, 0.1, 3.3738648865964183, 3.5102289638791486, 0.1, 0.1, 3.56, 0.05, 0.0824577905933634, 0.25974982328810764, 0.05265532495918666, 0.2, 0.2, 11.722838444905431, 12.179118146834638, 4.276131192377004, 16.848214103655238, 10.019324477839808, 13.184131930388729, 6.224223433569044, 16.56498587433904, 20.0, 0.9956284721433027, 0.75, 1.09947132560459, 0.5679903941201655, 7.011968057533695, 2.814266066987135, 0.2701033340017237]
[20160906172535] Location: x = -0.0577477314625 y = -0.406020882931 z = 0.177826828348
[20160906172535] Current fitness = -1.0
[20160906172535] Pbest = 0.270103334002
[20160906172535] Gbest = 0.328277737504
[20160906172535] ---------------------------
[20160906172535] Executing iteration number: 3 Individual number: 5
[20160906172553] Robot fall detected
[20160906172553] Individual: [20.0, 8.967369112114289, 13.611410194363748, 16.41954539122102, 15.644389551785823, 13.71046359765552, 18.52435434744124, 17.260210704386413, 18.705824062767885, 0.949198744203409, 0.6836980053203283, 1.2891867835747224, 0.6516604661583953, 6.237482419133165, 3.0, 0.1, 0.1, 0.1, 0.1, 0.1, 0.1, 0.1, 0.1, 3.8874755935917666, 0.05, 0.06515023249613888, 0.05, 0.05, 0.2, 0.2, 17.015170024271136, 0.86736911211429, 13.311410194363749, 10.947192319213245, 15.344389551785824, 9.467243952413648, 18.224354347441235, 13.61857474538559, 6.818348469176119, 0.7820442090642077, 0.31854777282418933, 1.1391867835747223, 0.33017872713169866, 5.637482419133164, 2.5686924094040364, -1.0]
[20160906172553] Location: x = -0.430508042555 y = 0.000623316961145 z = 0.185248748929
[20160906172553] Current fitness = -1.0
[20160906172553] Pbest = -1.0
[20160906172553] Gbest = 0.328277737504
[20160906172553] ---------------------------
[20160906172553] Executing iteration number: 3 Individual number: 6
[20160906172610] Robot fall detected
[20160906172610] Individual: [18.22479983441833, 16.605383547031458, 3.2650985229753644, 19.203045607456463, 5.142801357133575, 14.145834014641972, 11.328996077949986, 9.170704941841137, 16.154023366041102, 1.0467941891394301, 0.5607474513221893, 1.5, 0.75, 4.628224361843982, 3.0, 0.1, 0.1, 0.1, 0.1, 0.1, 0.1, 0.1, 0.569779688384918, 0.1, 0.05, 0.05, 0.05, 0.05, 0.2, 0.2, 15.407512294556254, 16.305383547031454, 2.404870758282139, 18.90304560745646, 0.9428013571335754, 13.845834014641973, 11.028996077949987, 4.50092525345622, 11.9540233660411, 0.7300991660645433, 0.3107474513221892, 1.3994357190132893, 0.7038970093281776, 2.628224361843981, 2.6172015008089673, -1.0]
[20160906172610] Location: x = -0.196802805151 y = -0.382200262264 z = 0.196585867215
[20160906172610] Current fitness = -1.0
[20160906172610] Pbest = -1.0
[20160906172610] Gbest = 0.328277737504
[20160906172610] ---------------------------
[20160906172610] Executing iteration number: 3 Individual number: 7
[20160906172626] Robot fall detected
[20160906172626] Individual: [20.0, 9.11210703746152, 17.14250284682216, 14.720262796796124, 16.24207262586489, 13.859064059378277, 2.298822356373293, 14.601758941304807, 13.99298899807493, 0.9999109000597892, 0.6673108701061707, 1.0801419128246292, 0.7320962337145707, 6.348097222434654, 3.0, 0.1, 0.1, 0.1, 0.1, 0.1, 0.1, 0.1, 0.1, 4.0, 0.05, 0.05, 0.05, 0.05, 0.2, 0.2, 16.74989004910897, 8.812107037461521, 16.842502846822157, 8.758557463710476, 15.942072625864887, 8.472104156620627, 1.998822356373293, 8.08214959440025, 1.9929889980749302, 0.8499109000597891, 0.34691901680149073, 0.7269327764399967, 0.5820962337145705, 5.748097222434653, 2.8626767311015002, -1.0]
[20160906172626] Location: x = -0.387542858523 y = -0.0500500715712 z = 0.196644953013
[20160906172626] Current fitness = -1.0
[20160906172626] Pbest = -1.0
[20160906172626] Gbest = 0.328277737504
[20160906172626] ---------------------------
[20160906172626] Executing iteration number: 3 Individual number: 8
[20160906172647] Robot fall detected
[20160906172647] Individual: [20.0, 11.078548834226545, 6.513227214077931, 16.76380909575041, 11.123873635913084, 12.715029210348195, 19.542955987104992, 17.551817991467523, 20.0, 1.131439481353803, 0.75, 1.2070017479689734, 0.75, 6.878004279807611, 1.8260956098933288, 3.380504981105008, 1.2021232128209862, 0.1, 0.421632345152696, 1.8560879620849176, 4.0, 0.1, 0.1, 1.8705732503407186, 0.05, 0.15000000000000002, 0.05, 0.05, 1.6, 0.2, 20.0, 9.87642562140556, 6.413227214077931, 16.342176750597716, 9.267785673828167, 8.715029210348195, 19.44295598710499, 17.45181799146752, 20.0, 1.0814394813538029, 0.6246613722199429, 1.1570017479689734, 0.75, 5.27800427980761, 1.6260956098933288, 0.21898350387631837]
[20160906172647] Location: x = 0.259392961515 y = 0.180347827335 z = 0.176191225267
[20160906172647] Current fitness = 0.259392961515
[20160906172647] Pbest = 0.259392961515
[20160906172647] Gbest = 0.328277737504
[20160906172647] ---------------------------
[20160906172647] Executing iteration number: 3 Individual number: 9
[20160906172703] Robot fall detected
[20160906172703] Individual: [13.369580001408709, 8.240251654746881, 7.989447750914114, 9.809047761942773, 15.493762866024815, 14.307060757138863, 16.926731160494956, 12.247031803241864, 18.474021178612507, 1.3372772041074883, 0.7363448278165465, 1.4442127897191481, 0.75, 5.826571342804121, 3.0, 0.1, 0.1, 0.1, 0.1, 0.1, 0.1, 0.1, 0.1, 0.1, 0.05, 0.05, 0.05, 0.05, 0.2, 0.2, 5.26958000140871, 4.040251654746882, 7.689447750914115, 1.709047761942774, 15.193762866024816, 14.007060757138865, 16.626731160494952, 4.147031803241864, 12.52108417307338, 1.1872772041074882, 0.4863321146706991, 1.294212789719148, 0.6654729242378963, 3.8265713428041206, 2.440239154158766, -1.0]
[20160906172703] Location: x = -0.400750079625 y = -0.0544245813351 z = 0.184383892905
[20160906172703] Current fitness = -1.0
[20160906172703] Pbest = -1.0
[20160906172703] Gbest = 0.328277737504

Results of this iteration: GBest Fitness: 0.328277737504 GBest position: [20.0, 8.164447352887624, 3.9810476684833676, 14.814259143292931, 7.565155706772337, 12.527906888708255, 2.144158499086036, 16.07914839643713, 20.0, 0.8297677010892582, 0.75, 1.0038786298166247, 0.516327499356022, 5.782615476187044, 1.4458365435108034]

[20160906172703] ===========================
[20160906172703] ---------------------------
[20160906172703] Executing iteration number: 4 Individual number: 0
[20160906172723] Robot fall detected
[20160906172723] Individual: [16.101714789865614, 9.44403280573548, 9.917777152410293, 14.968529535651188, 18.71393564227882, 15.475627644234242, 10.215712439688414, 12.096786364740105, 20.0, 1.1257684794653227, 0.7167873769250195, 1.0757562108919634, 0.75, 6.180136172410134, 3.0, 0.1, 0.1, 0.1, 0.1, 0.1, 0.1, 0.1, 0.1, 0.1, 0.05, 0.05, 0.05, 0.05, 0.2, 0.2, 9.198962485542904, 3.2304597223445297, 9.517777152410295, 11.949144380405116, 18.313935642278814, 15.075627644234244, 9.815712439688415, 1.8731203889424628, 15.250458214377796, 0.5900613430165282, 0.36815914976603037, 0.5102180762274885, 0.7030527406799995, 5.3801361724101335, 2.347648404750135, -1.0]
[20160906172723] Location: x = -0.399916628458 y = -0.0390586208894 z = 0.190494303564
[20160906172723] Current fitness = -1.0
[20160906172723] Pbest = -1.0
[20160906172723] Gbest = 0.328277737504
[20160906172723] ---------------------------
[20160906172723] Executing iteration number: 4 Individual number: 1
[20160906172745] Robot fall detected
[20160906172745] Individual: [20.0, 14.801356415171618, 14.253467898777053, 18.190965776628413, 17.674052354921045, 12.477575009545856, 20.0, 20.0, 15.158676046214541, 1.1640263802009994, 0.75, 1.1570410221407263, 0.7234478323810076, 6.63289916897769, 2.3842528946976143, 0.1, 0.1, 0.1, 0.1, 0.1, 0.1, 0.1, 0.1, 1.231180991175214, 0.05, 0.10574201250000002, 0.05, 0.05, 0.2, 0.2, 17.381704316326264, 14.50135641517162, 13.953467898777054, 17.89096577662841, 17.37405235492104, 11.192324324972168, 19.863134978029002, 20.0, 9.827495055039329, 0.8989415140597948, 0.75, 1.0070410221407262, 0.5734478323810075, 5.767012369087002, 1.6450118976126755, 0.25005136486260127]
[20160906172745] Location: x = -0.404685344997 y = 0.0352148699795 z = 0.185815618255
[20160906172745] Current fitness = -1.0
[20160906172745] Pbest = 0.250051364863
[20160906172745] Gbest = 0.328277737504
[20160906172745] ---------------------------
[20160906172745] Executing iteration number: 4 Individual number: 2
[20160906172802] Robot fall detected
[20160906172802] Individual: [12.917751163397114, 19.647551723612917, 19.958258160888715, 14.51501129513407, 10.1331210958055, 11.806949308678002, 19.526023586986636, 14.401676066618304, 14.003772800141379, 0.7622110483187946, 0.75, 1.5, 0.75, 5.142322400371593, 3.0, 4.0, 0.1, 0.1, 0.29519802231216574, 0.1, 1.2757228090280623, 0.1, 3.80299605728817, 4.0, 0.05, 0.05, 0.05, 0.05, 0.2, 0.2, 1.8910375704386897, 19.24755172361291, 19.55825816088871, 13.546526405822704, 9.733121095805501, 8.816765222074407, 19.12602358698663, 6.398680009330134, 4.024417031728468, 0.3122110483187944, 0.7273137593766847, 1.3428281023250235, 0.6559391864267199, 2.9423224003715918, 2.7127810732535904, -1.0]
[20160906172802] Location: x = -0.383422591189 y = -0.0517856990357 z = 0.198978467436
[20160906172802] Current fitness = -1.0
[20160906172802] Pbest = -1.0
[20160906172802] Gbest = 0.328277737504
[20160906172802] ---------------------------
[20160906172802] Executing iteration number: 4 Individual number: 3
[20160906172824] Robot fall detected
[20160906172824] Individual: [20.0, 9.487585304004119, 5.536227426158893, 17.59584389257725, 9.323671178112994, 15.593865981824447, 3.380241143082353, 18.541246479740163, 20.0, 0.998729459083636, 0.75, 1.3417623598537272, 0.7157310023632393, 7.03028783782466, 2.0696548477326364, 2.2661702974719042, 0.1, 0.1, 0.1, 0.1, 0.1, 0.1, 0.1, 2.168505975249325, 0.05, 0.06102494012737699, 0.05, 0.05, 0.2, 0.2, 20.0, 8.164447352887624, 3.9810476684833676, 14.814259143292931, 7.565155706772337, 12.527906888708255, 2.144158499086036, 16.07914839643713, 20.0, 0.8297677010892582, 0.75, 1.0038786298166247, 0.516327499356022, 5.782615476187044, 1.4458365435108034, 0.3282777375038044]
[20160906172824] Location: x = 0.309524526217 y = -0.184725188811 z = 0.17783260289
[20160906172824] Current fitness = 0.309524526217
[20160906172824] Pbest = 0.328277737504
[20160906172824] Gbest = 0.328277737504
[20160906172824] ---------------------------
[20160906172824] Executing iteration number: 4 Individual number: 4
[20160906172841] Robot fall detected
[20160906172841] Individual: [19.72283844490543, 12.379118146834637, 4.931422368113181, 17.04821410365524, 13.493189364436226, 16.79436089426788, 6.424223433569043, 16.764985874339043, 20.0, 1.0956284721433027, 0.75, 1.4092211488926978, 0.6706457190793522, 7.411968057533695, 3.0, 4.0, 0.1, 0.1, 0.1, 0.1, 0.1, 0.1, 0.1, 3.1506000000000003, 0.05, 0.07297514467512661, 0.05, 0.05, 0.2, 0.2, 11.722838444905431, 12.179118146834638, 4.276131192377004, 16.848214103655238, 10.019324477839808, 13.184131930388729, 6.224223433569044, 16.56498587433904, 20.0, 0.9956284721433027, 0.75, 1.09947132560459, 0.5679903941201655, 7.011968057533695, 2.814266066987135, 0.2701033340017237]
[20160906172841] Location: x = -0.0257318132024 y = -0.388356415255 z = 0.19377087301
[20160906172841] Current fitness = -1.0
[20160906172841] Pbest = 0.270103334002
[20160906172841] Gbest = 0.328277737504
[20160906172841] ---------------------------
[20160906172841] Executing iteration number: 4 Individual number: 5
[20160906172859] Robot fall detected
[20160906172859] Individual: [20.0, 9.067369112114289, 13.711410194363747, 16.519545391221023, 15.744389551785822, 13.81046359765552, 18.62435434744124, 17.360210704386414, 18.805824062767886, 0.999198744203409, 0.7336980053203284, 1.3391867835747224, 0.7016604661583954, 6.437482419133165, 3.0, 0.1, 0.1, 0.1, 0.1, 0.1, 0.1, 0.1, 0.1, 0.1, 0.05, 0.05, 0.05, 0.05, 0.2, 0.2, 17.015170024271136, 0.86736911211429, 13.311410194363749, 10.947192319213245, 15.344389551785824, 9.467243952413648, 18.224354347441235, 13.61857474538559, 6.818348469176119, 0.7820442090642077, 0.31854777282418933, 1.1391867835747223, 0.33017872713169866, 5.637482419133164, 2.5686924094040364, -1.0]
[20160906172859] Location: x = -0.408375877045 y = -0.103862757423 z = 0.197420110901
[20160906172859] Current fitness = -1.0
[20160906172859] Pbest = -1.0
[20160906172859] Gbest = 0.328277737504
[20160906172859] ---------------------------
[20160906172859] Executing iteration number: 4 Individual number: 6
[20160906172921] Robot fall detected
[20160906172921] Individual: [18.324799834418332, 16.70538354703146, 3.3650985229753645, 19.303045607456465, 5.242801357133574, 14.245834014641972, 11.428996077949986, 9.270704941841137, 16.254023366041103, 1.0967941891394302, 0.6107474513221893, 1.5, 0.75, 4.828224361843982, 3.0, 0.1, 0.1, 0.1, 0.1, 0.1, 0.1, 0.1, 0.1, 0.1, 0.05, 0.05, 0.05, 0.05, 0.2, 0.2, 15.407512294556254, 16.305383547031454, 2.404870758282139, 18.90304560745646, 0.9428013571335754, 13.845834014641973, 11.028996077949987, 4.50092525345622, 11.9540233660411, 0.7300991660645433, 0.3107474513221892, 1.3994357190132893, 0.7038970093281776, 2.628224361843981, 2.6172015008089673, -1.0]
[20160906172921] Location: x = 0.199592800628 y = 0.259066434317 z = 0.191449283365
[20160906172921] Current fitness = 0.199592800628
[20160906172921] Pbest = 0.199592800628
[20160906172921] Gbest = 0.328277737504
[20160906172921] ---------------------------
[20160906172921] Executing iteration number: 4 Individual number: 7
[20160906172938] Robot fall detected
[20160906172938] Individual: [20.0, 9.21210703746152, 17.242502846822163, 14.820262796796124, 16.34207262586489, 13.959064059378276, 2.398822356373293, 14.701758941304806, 14.09298899807493, 1.0499109000597893, 0.7173108701061708, 1.1301419128246293, 0.75, 6.548097222434654, 3.0, 0.1, 0.1, 0.1, 0.1, 0.1, 0.1, 0.1, 0.1, 0.1, 0.05, 0.05, 0.05, 0.05, 0.2, 0.2, 16.74989004910897, 8.812107037461521, 16.842502846822157, 8.758557463710476, 15.942072625864887, 8.472104156620627, 1.998822356373293, 8.08214959440025, 1.9929889980749302, 0.8499109000597891, 0.34691901680149073, 0.7269327764399967, 0.5820962337145705, 5.748097222434653, 2.8626767311015002, -1.0]
[20160906172938] Location: x = -0.398993397742 y = -0.0371145009256 z = 0.189406594153
[20160906172938] Current fitness = -1.0
[20160906172938] Pbest = -1.0
[20160906172938] Gbest = 0.328277737504
[20160906172938] ---------------------------
[20160906172938] Executing iteration number: 4 Individual number: 8
[20160906172959] Robot fall detected
[20160906172959] Individual: [20.0, 11.178548834226545, 6.613227214077931, 16.863809095750412, 11.223873635913083, 16.002597368621515, 19.642955987104994, 17.651817991467524, 20.0, 1.181439481353803, 0.75, 1.2570017479689735, 0.75, 7.078004279807611, 2.026095609893329, 2.991746908277932, 0.1, 0.1, 0.1, 0.1, 3.287568158273322, 0.1, 0.1, 1.655457326551536, 0.05, 0.13275000000000003, 0.05, 0.05, 0.2, 0.2, 20.0, 11.078548834226545, 6.513227214077931, 16.76380909575041, 11.123873635913084, 12.715029210348195, 19.542955987104992, 17.551817991467523, 20.0, 1.131439481353803, 0.75, 1.2070017479689734, 0.75, 6.878004279807611, 1.8260956098933288, 0.25939296151504027]
[20160906172959] Location: x = 0.259032755656 y = 0.159681249906 z = 0.190407435255
[20160906172959] Current fitness = 0.259032755656
[20160906172959] Pbest = 0.259392961515
[20160906172959] Gbest = 0.328277737504
[20160906172959] ---------------------------
[20160906172959] Executing iteration number: 4 Individual number: 9
[20160906173017] Robot fall detected
[20160906173017] Individual: [17.369580001408707, 8.340251654746881, 8.089447750914115, 12.743471124364753, 15.593762866024814, 14.407060757138863, 17.026731160494958, 13.646639100568693, 18.574021178612508, 1.3872772041074883, 0.75, 1.4942127897191482, 0.75, 6.026571342804121, 3.0, 4.0, 0.1, 0.1, 2.9344233624219784, 0.1, 0.1, 0.1, 1.3996072973268294, 0.1, 0.05, 0.05, 0.05, 0.05, 0.2, 0.2, 5.26958000140871, 4.040251654746882, 7.689447750914115, 1.709047761942774, 15.193762866024816, 14.007060757138865, 16.626731160494952, 4.147031803241864, 12.52108417307338, 1.1872772041074882, 0.4863321146706991, 1.294212789719148, 0.6654729242378963, 3.8265713428041206, 2.440239154158766, -1.0]
[20160906173017] Location: x = -0.400888631649 y = -0.0559794279153 z = 0.178324055893
[20160906173017] Current fitness = -1.0
[20160906173017] Pbest = -1.0
[20160906173017] Gbest = 0.328277737504

Results of this iteration: GBest Fitness: 0.328277737504 GBest position: [20.0, 8.164447352887624, 3.9810476684833676, 14.814259143292931, 7.565155706772337, 12.527906888708255, 2.144158499086036, 16.07914839643713, 20.0, 0.8297677010892582, 0.75, 1.0038786298166247, 0.516327499356022, 5.782615476187044, 1.4458365435108034]

[20160906173017] ===========================
[20160906173017] ---------------------------
[20160906173017] Executing iteration number: 5 Individual number: 0
[20160906173036] Robot fall detected
[20160906173036] Individual: [16.201714789865616, 9.54403280573548, 10.017777152410293, 15.068529535651187, 18.81393564227882, 15.575627644234242, 10.315712439688413, 12.196786364740104, 20.0, 1.1757684794653227, 0.75, 1.1257562108919634, 0.75, 6.380136172410134, 3.0, 0.1, 0.1, 0.1, 0.1, 0.1, 0.1, 0.1, 0.1, 0.1, 0.05, 0.05, 0.05, 0.05, 0.2, 0.2, 9.198962485542904, 3.2304597223445297, 9.517777152410295, 11.949144380405116, 18.313935642278814, 15.075627644234244, 9.815712439688415, 1.8731203889424628, 15.250458214377796, 0.5900613430165282, 0.36815914976603037, 0.5102180762274885, 0.7030527406799995, 5.3801361724101335, 2.347648404750135, -1.0]
[20160906173036] Location: x = -0.401337382523 y = -0.0416085478389 z = 0.19075526299
[20160906173036] Current fitness = -1.0
[20160906173036] Pbest = -1.0
[20160906173036] Gbest = 0.328277737504
[20160906173036] ---------------------------
[20160906173036] Executing iteration number: 5 Individual number: 1
[20160906173057] Robot fall detected
[20160906173057] Individual: [20.0, 14.901356415171618, 14.353467898777053, 18.290965776628415, 17.774052354921047, 12.577575009545855, 20.0, 20.0, 19.15867604621454, 1.2140263802009994, 0.75, 1.2070410221407264, 0.75, 6.83289916897769, 2.5842528946976144, 0.1, 0.1, 0.1, 0.1, 0.1, 0.1, 0.1, 0.1, 4.0, 0.05, 0.09305297100000003, 0.05, 0.05, 0.2, 0.2, 17.381704316326264, 14.50135641517162, 13.953467898777054, 17.89096577662841, 17.37405235492104, 11.192324324972168, 19.863134978029002, 20.0, 9.827495055039329, 0.8989415140597948, 0.75, 1.0070410221407262, 0.5734478323810075, 5.767012369087002, 1.6450118976126755, 0.25005136486260127]
[20160906173057] Location: x = -0.399494933278 y = 0.0282543984142 z = 0.197529295916
[20160906173057] Current fitness = -1.0
[20160906173057] Pbest = 0.250051364863
[20160906173057] Gbest = 0.328277737504
[20160906173057] ---------------------------
[20160906173057] Executing iteration number: 5 Individual number: 2
[20160906173117] Robot fall detected
[20160906173117] Individual: [13.017751163397113, 19.74755172361292, 20.0, 14.61501129513407, 10.2331210958055, 11.906949308678001, 19.626023586986637, 14.501676066618304, 14.103772800141378, 0.8122110483187946, 0.75, 1.5, 0.75, 5.342322400371593, 3.0, 0.1, 0.1, 0.1, 0.1, 0.1, 0.1, 0.1, 0.1, 0.1, 0.05, 0.05, 0.05, 0.05, 0.2, 0.2, 1.8910375704386897, 19.24755172361291, 19.55825816088871, 13.546526405822704, 9.733121095805501, 8.816765222074407, 19.12602358698663, 6.398680009330134, 4.024417031728468, 0.3122110483187944, 0.7273137593766847, 1.3428281023250235, 0.6559391864267199, 2.9423224003715918, 2.7127810732535904, -1.0]
[20160906173117] Location: x = -0.398907836123 y = -0.0546671570147 z = 0.185656558037
[20160906173117] Current fitness = -1.0
[20160906173117] Pbest = -1.0
[20160906173117] Gbest = 0.328277737504
[20160906173117] ---------------------------
[20160906173117] Executing iteration number: 5 Individual number: 3
[20160906173139] Robot fall detected
[20160906173139] Individual: [20.0, 9.587585304004119, 5.636227426158893, 17.69584389257725, 9.423671178112993, 15.693865981824446, 3.480241143082353, 18.641246479740165, 20.0, 1.048729459083636, 0.75, 1.3917623598537272, 0.75, 7.23028783782466, 2.2696548477326366, 1.9942298617752758, 0.1, 0.1, 0.1, 0.1, 0.1, 0.1, 0.1, 1.908285258219406, 0.05, 0.053701947312091755, 0.05, 0.05, 0.2, 0.2, 20.0, 8.164447352887624, 3.9810476684833676, 14.814259143292931, 7.565155706772337, 12.527906888708255, 2.144158499086036, 16.07914839643713, 20.0, 0.8297677010892582, 0.75, 1.0038786298166247, 0.516327499356022, 5.782615476187044, 1.4458365435108034, 0.3282777375038044]
[20160906173139] Location: x = 0.311321151106 y = -0.240593729512 z = 0.141974090716
[20160906173139] Current fitness = 0.311321151106
[20160906173139] Pbest = 0.328277737504
[20160906173139] Gbest = 0.328277737504
[20160906173139] ---------------------------
[20160906173139] Executing iteration number: 5 Individual number: 4
[20160906173159] Robot fall detected
[20160906173159] Individual: [19.822838444905432, 12.479118146834637, 5.031422368113181, 17.148214103655242, 13.593189364436226, 16.89436089426788, 6.524223433569043, 16.864985874339045, 20.0, 1.1456284721433028, 0.75, 1.4592211488926978, 0.7206457190793523, 7.611968057533695, 3.0, 0.1, 0.1, 0.1, 0.1, 0.1, 0.1, 0.1, 0.1, 2.7725280000000003, 0.05, 0.06421812731411142, 0.05, 0.05, 0.2, 0.2, 11.722838444905431, 12.179118146834638, 4.276131192377004, 16.848214103655238, 10.019324477839808, 13.184131930388729, 6.224223433569044, 16.56498587433904, 20.0, 0.9956284721433027, 0.75, 1.09947132560459, 0.5679903941201655, 7.011968057533695, 2.814266066987135, 0.2701033340017237]
[20160906173159] Location: x = 0.259168029385 y = 0.201226413294 z = 0.16768888566
[20160906173159] Current fitness = 0.259168029385
[20160906173159] Pbest = 0.270103334002
[20160906173159] Gbest = 0.328277737504
[20160906173159] ---------------------------
[20160906173159] Executing iteration number: 5 Individual number: 5
[20160906173216] Robot fall detected
[20160906173216] Individual: [20.0, 9.167369112114288, 13.811410194363747, 16.619545391221024, 15.844389551785822, 13.91046359765552, 18.724354347441242, 17.460210704386416, 18.905824062767888, 1.049198744203409, 0.75, 1.3891867835747225, 0.75, 6.637482419133165, 3.0, 0.1, 0.1, 0.1, 0.1, 0.1, 0.1, 0.1, 0.1, 0.1, 0.05, 0.05, 0.05, 0.05, 0.2, 0.2, 17.015170024271136, 0.86736911211429, 13.311410194363749, 10.947192319213245, 15.344389551785824, 9.467243952413648, 18.224354347441235, 13.61857474538559, 6.818348469176119, 0.7820442090642077, 0.31854777282418933, 1.1391867835747223, 0.33017872713169866, 5.637482419133164, 2.5686924094040364, -1.0]
[20160906173216] Location: x = -0.397075900171 y = -0.0469686587748 z = 0.18944111668
[20160906173216] Current fitness = -1.0
[20160906173216] Pbest = -1.0
[20160906173216] Gbest = 0.328277737504
[20160906173216] ---------------------------
[20160906173216] Executing iteration number: 5 Individual number: 6
[20160906173237] Robot fall detected
[20160906173237] Individual: [20.0, 16.80538354703146, 4.6460303167727535, 19.403045607456466, 9.242801357133574, 14.345834014641971, 11.528996077949985, 13.270704941841137, 20.0, 1.1467941891394302, 0.75, 1.5, 0.75, 6.4282243618439825, 3.0, 3.332422941521974, 0.1, 1.280931793797389, 0.1, 4.0, 0.1, 0.1, 4.0, 4.0, 0.05, 0.15000000000000002, 0.05, 0.05, 1.6, 0.2, 18.324799834418332, 16.70538354703146, 3.3650985229753645, 19.303045607456465, 5.242801357133574, 14.245834014641972, 11.428996077949986, 9.270704941841137, 16.254023366041103, 1.0967941891394302, 0.6107474513221893, 1.5, 0.75, 4.828224361843982, 3.0, 0.19959280062813212]
[20160906173237] Location: x = -0.388036722856 y = 0.0557048717896 z = 0.199343717302
[20160906173237] Current fitness = -1.0
[20160906173237] Pbest = 0.199592800628
[20160906173237] Gbest = 0.328277737504
[20160906173237] ---------------------------
[20160906173237] Executing iteration number: 5 Individual number: 7
[20160906173256] Robot fall detected
[20160906173256] Individual: [20.0, 9.31210703746152, 17.342502846822164, 14.920262796796123, 16.442072625864892, 14.059064059378276, 2.498822356373293, 14.801758941304806, 14.192988998074929, 1.0999109000597893, 0.75, 1.1801419128246293, 0.75, 6.748097222434654, 3.0, 0.1, 0.1, 0.1, 0.1, 0.1, 0.1, 0.1, 0.1, 0.1, 0.05, 0.05, 0.05, 0.05, 0.2, 0.2, 16.74989004910897, 8.812107037461521, 16.842502846822157, 8.758557463710476, 15.942072625864887, 8.472104156620627, 1.998822356373293, 8.08214959440025, 1.9929889980749302, 0.8499109000597891, 0.34691901680149073, 0.7269327764399967, 0.5820962337145705, 5.748097222434653, 2.8626767311015002, -1.0]
[20160906173256] Location: x = -0.404597121468 y = -0.0444916405859 z = 0.18789402255
[20160906173256] Current fitness = -1.0
[20160906173256] Pbest = -1.0
[20160906173256] Gbest = 0.328277737504
[20160906173256] ---------------------------
[20160906173256] Executing iteration number: 5 Individual number: 8
[20160906173317] Robot fall detected
[20160906173317] Individual: [20.0, 11.278548834226545, 6.71322721407793, 16.963809095750413, 11.323873635913083, 16.102597368621517, 19.742955987104995, 17.751817991467526, 20.0, 1.231439481353803, 0.75, 1.3070017479689735, 0.75, 7.278004279807611, 2.226095609893329, 2.63273727928458, 0.1, 0.1, 0.1, 0.1, 0.1, 0.1, 0.1, 1.4568024473653516, 0.05, 0.11682000000000003, 0.05, 0.05, 0.2, 0.2, 20.0, 11.078548834226545, 6.513227214077931, 16.76380909575041, 11.123873635913084, 12.715029210348195, 19.542955987104992, 17.551817991467523, 20.0, 1.131439481353803, 0.75, 1.2070017479689734, 0.75, 6.878004279807611, 1.8260956098933288, 0.25939296151504027]
[20160906173317] Location: x = 0.240257980504 y = 0.178337059125 z = 0.198891183067
[20160906173317] Current fitness = 0.240257980504
[20160906173317] Pbest = 0.259392961515
[20160906173317] Gbest = 0.328277737504
[20160906173317] ---------------------------
[20160906173317] Executing iteration number: 5 Individual number: 9
