Created log file at 20161011171819

Constants and Parameters: 
###########################################
WEIGHT_BOUNDS = [0.5, 7.5]
Tr1_BOUNDS = [0.25, 1.5]
Tr2_BOUNDS = [0.25, 0.75]
Ta1_BOUNDS = [0.25, 1.5]
Ta2_BOUNDS = [0.25, 0.75]
b_BOUNDS = [1.0, 8.0]
s_BOUNDS = [1.0, 3.0]
TRIAL_DURATION = 30
STEP_DURATION = 0.2
POPULATION_SIZE = 30
MAX_ITERS = 100
VEL_BOUND_PCT = 0.2
C1 = 2.0
C2 = 2.0
INERTIAL_WEIGHT_BOUNDS = [0.4, 0.9]
###########################################

[20161011171819] ===========================
[20161011171819] ---------------------------
[20161011171819] Executing iteration number: 0 Individual number: 0
[20161011171845] Robot fall detected
[20161011171845] Individual: [6.025731725540249, 5.788177329828908, 3.399904861573171, 1.5278169512155755, 3.068007862593096, 7.298649539875637, 4.705074795669406, 3.917757848625858, 2.1904413847952173, 0.7278252997813591, 0.2505326522585454, 0.48651477360237694, 0.44535836566691206, 6.592985658321412, 2.1551503488337804, 0.7238709915715492, 1.3585818076093785, 1.245738861728213, 1.1225151041588692, 0.7179991056348993, 1.0665960316231342, 0.41876584742874, 0.56808150088575, 0.588872213029068, 0.13075094861632022, 0.13133339074772724, 0.1176015733316077, 0.12038284327423499, 0.5199757250313857, 0.23498796262418759, 6.025731725540249, 5.788177329828908, 3.399904861573171, 1.5278169512155755, 3.068007862593096, 7.298649539875637, 4.705074795669406, 3.917757848625858, 2.1904413847952173, 0.7278252997813591, 0.2505326522585454, 0.48651477360237694, 0.44535836566691206, 6.592985658321412, 2.1551503488337804, -1000.0]
[20161011171845] Location: x = 0.286146230982 y = 0.158343718344 z = 0.194167975012
[20161011171845] Current fitness = 0.286146230982
[20161011171845] Pbest = 0.286146230982
[20161011171845] Gbest = 0.286146230982
[20161011171845] ---------------------------
[20161011171845] Executing iteration number: 0 Individual number: 1
[20161011171906] Robot fall detected
[20161011171906] Individual: [5.967039097083024, 4.170959323156764, 2.7259472069381028, 1.5460379836413871, 5.47998884667104, 3.5741925338071443, 4.157346121662406, 2.981269645601092, 7.484065379910808, 1.2394952067588274, 0.6818933784294631, 0.5425486167491724, 0.47849547898476147, 6.373143794152483, 2.73594430126437, 0.41249209152936617, 0.36009500104546277, 0.25446467999108446, 0.7334051216611995, 1.1378101540862622, 0.4797415819314307, 1.00354054450766, 0.9562143794859189, 0.4951031736472362, 0.2997801774402619, 0.05597879101608869, 0.2329559763595888, 0.12149995507364347, 1.4407221309797218, 0.32751066747103164, 5.967039097083024, 4.170959323156764, 2.7259472069381028, 1.5460379836413871, 5.47998884667104, 3.5741925338071443, 4.157346121662406, 2.981269645601092, 7.484065379910808, 1.2394952067588274, 0.6818933784294631, 0.5425486167491724, 0.47849547898476147, 6.373143794152483, 2.73594430126437, -1000.0]
[20161011171906] Location: x = -0.356208721988 y = -0.0605461723595 z = 0.19313709316
[20161011171906] Current fitness = -1.0
[20161011171906] Pbest = -1.0
[20161011171906] Gbest = 0.286146230982
[20161011171906] ---------------------------
[20161011171906] Executing iteration number: 0 Individual number: 2
[20161011171927] Robot fall detected
[20161011171927] Individual: [3.004832899057681, 5.698283130245701, 1.8589313360520514, 4.729831323365329, 1.0958486411978485, 3.617077005696188, 5.7869647973891905, 7.37874807461273, 1.371800095442909, 1.0841464578638673, 0.5563506336124225, 0.6703956213881259, 0.2995398254200011, 5.2821043063153175, 2.3958677254631153, 1.443960637218889, 1.4835452403857772, 0.4380864096102546, 0.12589751375968258, 1.1637924430251956, 0.8634171342403325, 0.4661349398126179, 0.642315894141093, 0.9834754905692777, 0.24944348305302466, 0.12718459290957446, 0.07049522870086204, 0.0761462160115248, 1.3601592918680983, 0.4307762281385452, 3.004832899057681, 5.698283130245701, 1.8589313360520514, 4.729831323365329, 1.0958486411978485, 3.617077005696188, 5.7869647973891905, 7.37874807461273, 1.371800095442909, 1.0841464578638673, 0.5563506336124225, 0.6703956213881259, 0.2995398254200011, 5.2821043063153175, 2.3958677254631153, -1000.0]
[20161011171927] Location: x = 0.145229723632 y = 0.205600656984 z = 0.18626433291
[20161011171927] Current fitness = 0.145229723632
[20161011171927] Pbest = 0.145229723632
[20161011171927] Gbest = 0.286146230982
[20161011171927] ---------------------------
[20161011171927] Executing iteration number: 0 Individual number: 3
[20161011171948] Robot fall detected
[20161011171948] Individual: [3.0784496508799912, 2.0473616403334836, 0.6988285196357722, 2.591691357877372, 3.5528718855287043, 3.646919032762994, 0.5235248697143854, 1.7267382522324786, 4.963734742983052, 1.0822694125263266, 0.7276435846983067, 0.7197336104526039, 0.5232330892356805, 5.224091151233306, 1.050997052048952, 1.4120431316694584, 1.102344678973606, 1.2685296190187425, 0.38228605306474883, 1.0042758898078934, 0.3162499116540664, 0.5322352649643888, 1.4301877966928633, 0.25111741922498676, 0.06773396332894731, 0.13655812292546543, 0.06933643986282813, 0.11989990463747892, 1.5408311788545077, 0.31295217177248824, 3.0784496508799912, 2.0473616403334836, 0.6988285196357722, 2.591691357877372, 3.5528718855287043, 3.646919032762994, 0.5235248697143854, 1.7267382522324786, 4.963734742983052, 1.0822694125263266, 0.7276435846983067, 0.7197336104526039, 0.5232330892356805, 5.224091151233306, 1.050997052048952, -1000.0]
[20161011171948] Location: x = -0.363034571213 y = -0.156407159178 z = 0.184490271206
[20161011171948] Current fitness = -1.0
[20161011171948] Pbest = -1.0
[20161011171948] Gbest = 0.286146230982
[20161011171948] ---------------------------
[20161011171948] Executing iteration number: 0 Individual number: 4
[20161011172006] Robot fall detected
[20161011172006] Individual: [7.050914911686168, 2.1775266796766255, 6.712786128009124, 0.9377054313775266, 3.1452541256027757, 4.295261474735959, 2.365129729413781, 5.649076868318488, 4.840918910456563, 0.7006821970532365, 0.3154469365729007, 0.4922301527527331, 0.32413324768547985, 1.6216825953473721, 2.075527978450209, 0.35424387857844397, 0.14124732884318797, 0.5048964315912837, 0.38338218461920515, 1.1447310504834773, 0.5092888376641167, 0.5366297619790447, 0.626920577924757, 1.4695730082379124, 0.25741094762825917, 0.06904799697724981, 0.09115718884783403, 0.06394722927664694, 0.9453197850712869, 0.5465766067028728, 7.050914911686168, 2.1775266796766255, 6.712786128009124, 0.9377054313775266, 3.1452541256027757, 4.295261474735959, 2.365129729413781, 5.649076868318488, 4.840918910456563, 0.7006821970532365, 0.3154469365729007, 0.4922301527527331, 0.32413324768547985, 1.6216825953473721, 2.075527978450209, -1000.0]
[20161011172006] Location: x = -0.337427449473 y = -0.115333000093 z = 0.19373373453
[20161011172006] Current fitness = -1.0
[20161011172006] Pbest = -1.0
[20161011172006] Gbest = 0.286146230982
[20161011172006] ---------------------------
[20161011172006] Executing iteration number: 0 Individual number: 5
[20161011172025] Robot fall detected
[20161011172025] Individual: [3.8364264003062, 0.5357806788804509, 3.050724530052933, 5.370112994862129, 6.559496397385933, 7.418694127063945, 4.807056943218359, 6.608832007154629, 6.775872566181316, 0.8794707021027859, 0.5394242395896427, 0.8001464742372117, 0.4541206248653446, 3.628906212348491, 2.4638231899271226, 0.5901648734958315, 0.2317914967477178, 1.2520865177663587, 1.4931111619318183, 0.6424354276813213, 0.8924471437504361, 0.451046340298634, 0.5106893064800463, 1.107304440034248, 0.11056387073290916, 0.12787146984882236, 0.19431896984836972, 0.12741687591828563, 0.9520226048974987, 0.3153345578716964, 3.8364264003062, 0.5357806788804509, 3.050724530052933, 5.370112994862129, 6.559496397385933, 7.418694127063945, 4.807056943218359, 6.608832007154629, 6.775872566181316, 0.8794707021027859, 0.5394242395896427, 0.8001464742372117, 0.4541206248653446, 3.628906212348491, 2.4638231899271226, -1000.0]
[20161011172025] Location: x = -0.3338334173 y = -0.0920900076079 z = 0.179078007477
[20161011172025] Current fitness = -1.0
[20161011172025] Pbest = -1.0
[20161011172025] Gbest = 0.286146230982
[20161011172025] ---------------------------
[20161011172025] Executing iteration number: 0 Individual number: 6
[20161011172042] Robot fall detected
[20161011172042] Individual: [6.816769255397533, 2.7403448432149933, 3.164141316215404, 4.110114821944024, 2.673348863574044, 0.8831412297902843, 1.7510711157428622, 5.863939827009421, 4.120869808327338, 1.3377772508271155, 0.7170846804376781, 0.9849078950139192, 0.551275299204681, 5.278272211893908, 2.9771541800332386, 0.6534578156952731, 0.4391890937162065, 1.1674359323226606, 1.2550939051796135, 0.5485134475575372, 0.11590400871398161, 1.236058345135688, 0.8846213728770028, 1.0195331442978786, 0.23740498104491986, 0.13046575724820147, 0.26486785059191464, 0.08079545638705757, 0.4831031824929704, 0.5899993457353225, 6.816769255397533, 2.7403448432149933, 3.164141316215404, 4.110114821944024, 2.673348863574044, 0.8831412297902843, 1.7510711157428622, 5.863939827009421, 4.120869808327338, 1.3377772508271155, 0.7170846804376781, 0.9849078950139192, 0.551275299204681, 5.278272211893908, 2.9771541800332386, -1000.0]
[20161011172042] Location: x = -0.366949089084 y = -0.0977287977577 z = 0.178871998687
[20161011172042] Current fitness = -1.0
[20161011172042] Pbest = -1.0
[20161011172042] Gbest = 0.286146230982
[20161011172042] ---------------------------
[20161011172042] Executing iteration number: 0 Individual number: 7
[20161011172103] Robot fall detected
[20161011172103] Individual: [7.409801858294016, 3.2086242145831307, 1.1139880187454674, 3.912582945721956, 7.299548174032424, 2.25574106533393, 6.253700902456415, 5.687965641124347, 0.5043782341245402, 1.4284729874788344, 0.27077113396768476, 1.4552055919345772, 0.6290673868774093, 3.020975651349516, 1.000971818260231, 0.5895109402650326, 0.1930701618144281, 0.5370846940650512, 0.3131195139940003, 0.7148234868690154, 0.584405879955498, 0.9042482110029134, 1.418672514182309, 1.219736509482364, 0.23590937397824163, 0.11368516965249814, 0.22097193368232076, 0.12370322948834321, 1.3591231972151563, 0.32205572484939515, 7.409801858294016, 3.2086242145831307, 1.1139880187454674, 3.912582945721956, 7.299548174032424, 2.25574106533393, 6.253700902456415, 5.687965641124347, 0.5043782341245402, 1.4284729874788344, 0.27077113396768476, 1.4552055919345772, 0.6290673868774093, 3.020975651349516, 1.000971818260231, -1000.0]
[20161011172103] Location: x = 0.222149937771 y = 0.17522298731 z = 0.192347233281
[20161011172103] Current fitness = 0.222149937771
[20161011172103] Pbest = 0.222149937771
[20161011172103] Gbest = 0.286146230982
[20161011172103] ---------------------------
[20161011172103] Executing iteration number: 0 Individual number: 8
[20161011172122] Robot fall detected
[20161011172122] Individual: [3.082539915141872, 4.90667955563651, 0.8144200494909353, 4.6839794907833365, 4.471758263444249, 5.639965895541713, 5.224215396363618, 7.162772456140135, 3.53678897755587, 0.4106633867140651, 0.3275027789764215, 0.6270547394035919, 0.5319077638901663, 5.2335193587801445, 1.3098881467392642, 0.45867627691703683, 0.8761569354459553, 0.4176219957562004, 0.7820920782184214, 0.5889198249962547, 0.265097645392569, 0.6960117898460008, 1.2949431818633759, 0.728118641897328, 0.10162681339043911, 0.10764009690571363, 0.2530895073947471, 0.05411608139021277, 0.7072877772880661, 0.40362517234166506, 3.082539915141872, 4.90667955563651, 0.8144200494909353, 4.6839794907833365, 4.471758263444249, 5.639965895541713, 5.224215396363618, 7.162772456140135, 3.53678897755587, 0.4106633867140651, 0.3275027789764215, 0.6270547394035919, 0.5319077638901663, 5.2335193587801445, 1.3098881467392642, -1000.0]
[20161011172122] Location: x = 0.246139060867 y = 0.154328088942 z = 0.189816266162
[20161011172122] Current fitness = 0.246139060867
[20161011172122] Pbest = 0.246139060867
[20161011172122] Gbest = 0.286146230982
[20161011172122] ---------------------------
[20161011172122] Executing iteration number: 0 Individual number: 9
[20161011172138] Robot fall detected
[20161011172138] Individual: [7.327230753318279, 4.523316954981229, 4.298450928223301, 0.8888419059233645, 6.304707308530832, 0.6417222325439601, 6.7143111117024965, 0.6757261436133682, 4.093563197844173, 1.2934210985532075, 0.6848372935683493, 1.368286951975095, 0.3526433017976374, 1.6371495702011862, 1.710640270575141, 0.902644377824775, 1.313856804685163, 1.4683727208445136, 0.42292466262324424, 0.2958667592589669, 0.2945987845699091, 1.3506248001526147, 1.3981356084206373, 0.6553767486435734, 0.08509479613694731, 0.08520267450807172, 0.13807136560418873, 0.09954260927129474, 0.7124367361253692, 0.20756798320361397, 7.327230753318279, 4.523316954981229, 4.298450928223301, 0.8888419059233645, 6.304707308530832, 0.6417222325439601, 6.7143111117024965, 0.6757261436133682, 4.093563197844173, 1.2934210985532075, 0.6848372935683493, 1.368286951975095, 0.3526433017976374, 1.6371495702011862, 1.710640270575141, -1000.0]
[20161011172138] Location: x = -0.340179660503 y = -0.0934285909601 z = 0.187145161293
[20161011172138] Current fitness = -1.0
[20161011172138] Pbest = -1.0
[20161011172138] Gbest = 0.286146230982
[20161011172138] ---------------------------
[20161011172138] Executing iteration number: 0 Individual number: 10
[20161011172159] Robot fall detected
[20161011172159] Individual: [6.239513830461755, 3.443695327458246, 1.3927508798878436, 7.123884997183466, 3.4708042971324753, 6.157211320926362, 2.8638176031650646, 6.55820535869805, 0.6349042181630582, 1.134837192321203, 0.3758189763564392, 1.258004985050352, 0.3579600692233171, 3.5498588389021077, 1.8901363860529976, 0.5800136988026892, 0.8024828536867157, 1.4183585516009056, 0.4043071926032775, 0.8325677563778667, 1.002514136176436, 0.5677647722690767, 0.9225884360336666, 0.34155147296758537, 0.2371967367171493, 0.1189105004555945, 0.06408658855758691, 0.07765563433512576, 0.5908218264464319, 0.41045931593149965, 6.239513830461755, 3.443695327458246, 1.3927508798878436, 7.123884997183466, 3.4708042971324753, 6.157211320926362, 2.8638176031650646, 6.55820535869805, 0.6349042181630582, 1.134837192321203, 0.3758189763564392, 1.258004985050352, 0.3579600692233171, 3.5498588389021077, 1.8901363860529976, -1000.0]
[20161011172159] Location: x = 0.0620670189474 y = 0.22032837621 z = 0.199165953588
[20161011172159] Current fitness = -1.0
[20161011172159] Pbest = -1.0
[20161011172159] Gbest = 0.286146230982
[20161011172159] ---------------------------
[20161011172159] Executing iteration number: 0 Individual number: 11
[20161011172216] Robot fall detected
[20161011172216] Individual: [6.50886772810498, 6.741766673476786, 6.208331169048227, 2.4372021766402825, 0.7731806008902588, 4.217635723976013, 1.2784013997473642, 3.5146363784357497, 4.689071133965969, 0.8868803343712494, 0.7133067173891945, 1.221170245487869, 0.6968636013581554, 3.64792353452032, 1.4677323478895614, 1.4302613266663338, 0.17772501134977373, 1.4325145560189754, 1.022139290944333, 1.0152581733463002, 0.6108619305631736, 0.7511198492824205, 0.44846279930369837, 0.5847679066632845, 0.15171734213735222, 0.09482780075927295, 0.27274766267310296, 0.10518593469457643, 1.4386349351039565, 0.24320910200766205, 6.50886772810498, 6.741766673476786, 6.208331169048227, 2.4372021766402825, 0.7731806008902588, 4.217635723976013, 1.2784013997473642, 3.5146363784357497, 4.689071133965969, 0.8868803343712494, 0.7133067173891945, 1.221170245487869, 0.6968636013581554, 3.64792353452032, 1.4677323478895614, -1000.0]
[20161011172216] Location: x = -0.343606109892 y = -0.198088868262 z = 0.190228483872
[20161011172216] Current fitness = -1.0
[20161011172216] Pbest = -1.0
[20161011172216] Gbest = 0.286146230982
[20161011172216] ---------------------------
[20161011172216] Executing iteration number: 0 Individual number: 12
[20161011172238] Robot fall detected
[20161011172238] Individual: [6.989111159762018, 6.701361286905525, 6.9795306643519135, 4.04985079525824, 7.037852432868295, 0.8570820114885822, 3.788187184521532, 6.923049921730591, 3.639433367070963, 0.6649586348889538, 0.5172871680056383, 1.0545133730927194, 0.2594023083709768, 6.780263161558885, 1.453599763252244, 1.1091109084655817, 1.208133675525494, 0.643775305140534, 1.1411772892134544, 0.20154890169161513, 1.2599715644060643, 0.5735102192542304, 1.4360397694891938, 0.43687744974983744, 0.1208062433608667, 0.06748908180283827, 0.2253081301911562, 0.10939600948378449, 0.41997656100962377, 0.476165828061657, 6.989111159762018, 6.701361286905525, 6.9795306643519135, 4.04985079525824, 7.037852432868295, 0.8570820114885822, 3.788187184521532, 6.923049921730591, 3.639433367070963, 0.6649586348889538, 0.5172871680056383, 1.0545133730927194, 0.2594023083709768, 6.780263161558885, 1.453599763252244, -1000.0]
[20161011172238] Location: x = 0.239737264344 y = 0.164879024649 z = 0.193577824769
[20161011172238] Current fitness = 0.239737264344
[20161011172238] Pbest = 0.239737264344
[20161011172238] Gbest = 0.286146230982
[20161011172238] ---------------------------
[20161011172238] Executing iteration number: 0 Individual number: 13
[20161011172258] Robot fall detected
[20161011172258] Individual: [6.6533801862848865, 1.8819519205003146, 4.495477883833608, 5.386472342078469, 1.6193827718536968, 2.873463448564615, 1.8838815669901008, 7.486062561774361, 4.603675477217546, 0.536928466808869, 0.6345702043942334, 1.0569053424108317, 0.6038850080070802, 3.3015178448506988, 2.4446801867322616, 0.8577351178897238, 0.36173825562901984, 0.3670156724520387, 1.4820742476075364, 1.3380493522055328, 1.1278286826438408, 1.0060965412528906, 0.9468431398350131, 1.1441875441812142, 0.1971893063828895, 0.09297320554841312, 0.2703302028999638, 0.13105328946789943, 0.713342184981705, 0.3108580632677981, 6.6533801862848865, 1.8819519205003146, 4.495477883833608, 5.386472342078469, 1.6193827718536968, 2.873463448564615, 1.8838815669901008, 7.486062561774361, 4.603675477217546, 0.536928466808869, 0.6345702043942334, 1.0569053424108317, 0.6038850080070802, 3.3015178448506988, 2.4446801867322616, -1000.0]
[20161011172258] Location: x = -0.387386263429 y = -0.0966036195618 z = 0.191519663369
[20161011172258] Current fitness = -1.0
[20161011172258] Pbest = -1.0
[20161011172258] Gbest = 0.286146230982
[20161011172258] ---------------------------
[20161011172258] Executing iteration number: 0 Individual number: 14
[20161011172318] Robot fall detected
[20161011172318] Individual: [1.7243537573741838, 4.96550981851874, 3.504159418850814, 1.7592808054905944, 0.8927608389868201, 5.193409922512953, 3.3380988847695257, 3.574510584547868, 0.5757262660929038, 1.4399738311106525, 0.4425566721202206, 0.46310096951037916, 0.7169754904600667, 1.195805966138547, 2.988863359213085, 1.143746817740777, 1.1502457771905281, 1.0619012812841715, 0.37882694707391107, 0.9617819302688211, 0.11449461390944322, 0.5700088260087882, 1.1649441707512493, 0.5489883536134633, 0.15066668380810977, 0.14067080981122354, 0.2945948797814069, 0.0519941081899524, 1.5713519694308713, 0.4288681537824388, 1.7243537573741838, 4.96550981851874, 3.504159418850814, 1.7592808054905944, 0.8927608389868201, 5.193409922512953, 3.3380988847695257, 3.574510584547868, 0.5757262660929038, 1.4399738311106525, 0.4425566721202206, 0.46310096951037916, 0.7169754904600667, 1.195805966138547, 2.988863359213085, -1000.0]
[20161011172318] Location: x = -0.285987117303 y = -0.174276901499 z = 0.183968866292
[20161011172318] Current fitness = -1.0
[20161011172318] Pbest = -1.0
[20161011172318] Gbest = 0.286146230982
[20161011172318] ---------------------------
[20161011172318] Executing iteration number: 0 Individual number: 15
[20161011172342] Robot fall detected
[20161011172342] Individual: [5.799991673205287, 1.8222906334044353, 3.8146760111419358, 5.444209542474736, 5.587355546649093, 3.294938577727092, 4.3592158651112065, 2.4533646408416447, 5.441587554226762, 0.7187817654819554, 0.5711179390273804, 0.6396620309255007, 0.5556124225991266, 5.678724688385652, 1.959207935173307, 1.4482440206382774, 0.20321144332985913, 0.7259743295725841, 0.5424737756462842, 1.4341989783487719, 0.9000617302035965, 1.1104021479188406, 1.4693960523945528, 0.5836728034802655, 0.21921700971339736, 0.12299519306875889, 0.27016347135370494, 0.06398058211666574, 0.6959494529847803, 0.2371497406743073, 5.799991673205287, 1.8222906334044353, 3.8146760111419358, 5.444209542474736, 5.587355546649093, 3.294938577727092, 4.3592158651112065, 2.4533646408416447, 5.441587554226762, 0.7187817654819554, 0.5711179390273804, 0.6396620309255007, 0.5556124225991266, 5.678724688385652, 1.959207935173307, -1000.0]
[20161011172342] Location: x = 0.351129719126 y = -0.118532837238 z = 0.199504041358
[20161011172342] Current fitness = 0.351129719126
[20161011172342] Pbest = 0.351129719126
[20161011172342] Gbest = 0.351129719126
[20161011172342] ---------------------------
[20161011172342] Executing iteration number: 0 Individual number: 16
[20161011172408] Robot fall detected
[20161011172408] Individual: [2.270953515299388, 5.6693293322608405, 1.8109951495972232, 1.06455401136235, 7.155147410697046, 3.3785238578353116, 3.052924043714987, 6.643740734685174, 6.387675006030935, 0.5222903183747609, 0.6086342305928015, 1.4720455555974883, 0.5642047129681076, 7.542762914318445, 1.205126199520707, 1.2622940064347112, 0.14413334335622702, 0.13775580482982458, 0.6971849072157758, 0.4605273103581162, 0.4815931215891326, 1.3875711394874597, 0.6230725834291571, 0.16116498774229276, 0.12911915072607189, 0.14881873726064182, 0.20647454225349948, 0.13300217314591956, 0.2876816265162041, 0.40318738565830925, 2.270953515299388, 5.6693293322608405, 1.8109951495972232, 1.06455401136235, 7.155147410697046, 3.3785238578353116, 3.052924043714987, 6.643740734685174, 6.387675006030935, 0.5222903183747609, 0.6086342305928015, 1.4720455555974883, 0.5642047129681076, 7.542762914318445, 1.205126199520707, -1000.0]
[20161011172408] Location: x = -0.249006045723 y = 0.186282864323 z = 0.191671856352
[20161011172408] Current fitness = -1.0
[20161011172408] Pbest = -1.0
[20161011172408] Gbest = 0.351129719126
[20161011172408] ---------------------------
[20161011172408] Executing iteration number: 0 Individual number: 17
[20161011172428] Robot fall detected
[20161011172428] Individual: [5.839142665864918, 6.318859703868725, 2.4677797437562226, 4.576203538101021, 1.1991636899289624, 1.5008865134267624, 4.4230515245949, 2.34440627573548, 7.135896580865428, 1.171380803789233, 0.7376261210709539, 1.2136090027850797, 0.4688476209429329, 1.9112070523740634, 2.416568292322273, 1.1080579049094692, 1.3437287192771732, 0.812654480151504, 0.21940487782753243, 0.7354928200659818, 0.852087183552085, 1.0411779661923033, 1.2411627175793074, 0.7517693525192595, 0.070335479564845, 0.1034603627565044, 0.09037755058229224, 0.1121749415466656, 0.6589216949185726, 0.49031036961208985, 5.839142665864918, 6.318859703868725, 2.4677797437562226, 4.576203538101021, 1.1991636899289624, 1.5008865134267624, 4.4230515245949, 2.34440627573548, 7.135896580865428, 1.171380803789233, 0.7376261210709539, 1.2136090027850797, 0.4688476209429329, 1.9112070523740634, 2.416568292322273, -1000.0]
[20161011172428] Location: x = -0.386552305847 y = -0.14469413349 z = 0.178661659854
[20161011172428] Current fitness = -1.0
[20161011172428] Pbest = -1.0
[20161011172428] Gbest = 0.351129719126
[20161011172428] ---------------------------
[20161011172428] Executing iteration number: 0 Individual number: 18
[20161011172450] Robot fall detected
[20161011172450] Individual: [4.466205242180518, 1.8288998580560432, 1.7115104958548364, 0.6716799953945455, 2.8049705907319438, 2.6452393413531814, 0.8056048882784718, 3.4334171949256618, 4.284903311686097, 1.465293148216804, 0.6127867010573971, 1.2689572803508395, 0.6449892522915566, 4.956370961608836, 2.247924473656446, 1.074903476699427, 0.3415299610019568, 0.9744121285828744, 0.8419967801521439, 1.3705519907693366, 0.15041641791520716, 0.6156701592496531, 0.16853735573667347, 0.9401250388892018, 0.10538530471994526, 0.08352399129611741, 0.19901665350307995, 0.08025793957726995, 1.191578293725305, 0.4322024325727629, 4.466205242180518, 1.8288998580560432, 1.7115104958548364, 0.6716799953945455, 2.8049705907319438, 2.6452393413531814, 0.8056048882784718, 3.4334171949256618, 4.284903311686097, 1.465293148216804, 0.6127867010573971, 1.2689572803508395, 0.6449892522915566, 4.956370961608836, 2.247924473656446, -1000.0]
[20161011172450] Location: x = -0.451006807192 y = 0.00465325040861 z = 0.189413644348
[20161011172450] Current fitness = -1.0
[20161011172450] Pbest = -1.0
[20161011172450] Gbest = 0.351129719126
[20161011172450] ---------------------------
[20161011172450] Executing iteration number: 0 Individual number: 19
[20161011172506] Robot fall detected
[20161011172506] Individual: [6.139154295480597, 1.6808042055201047, 3.3378170481935916, 4.356505162518465, 2.665167875601623, 5.7028513488915875, 7.1763592318740885, 4.006508460027906, 6.757918079796048, 0.7214602318336157, 0.3564725966531294, 0.7929880899804103, 0.7050560065850839, 5.010505386460063, 2.2620153025231984, 0.6201047096890336, 1.4265206801595565, 0.4124613463019734, 0.3490260735893249, 1.4533616700745013, 0.3577635775620721, 0.15026390544315485, 0.6978684011310595, 0.5983674486212986, 0.16611394065244195, 0.13372124432508095, 0.20814587187259126, 0.1478976179955871, 1.4505364576866722, 0.3976957431693564, 6.139154295480597, 1.6808042055201047, 3.3378170481935916, 4.356505162518465, 2.665167875601623, 5.7028513488915875, 7.1763592318740885, 4.006508460027906, 6.757918079796048, 0.7214602318336157, 0.3564725966531294, 0.7929880899804103, 0.7050560065850839, 5.010505386460063, 2.2620153025231984, -1000.0]
[20161011172506] Location: x = -0.334147474685 y = -0.0759973313589 z = 0.199970081724
[20161011172506] Current fitness = -1.0
[20161011172506] Pbest = -1.0
[20161011172506] Gbest = 0.351129719126
[20161011172506] ---------------------------
[20161011172506] Executing iteration number: 0 Individual number: 20
[20161011172525] Robot fall detected
[20161011172525] Individual: [7.354461585848664, 6.431114709133714, 3.7425888452919494, 5.4668449631779685, 6.374337870234409, 0.9504640320119617, 4.994727366354158, 1.5367890092287, 2.904026975787362, 0.4305298889105754, 0.5205337837059102, 0.25136669309695014, 0.7174487409851991, 7.978999980215271, 2.9464816525268587, 0.8826909327986445, 1.201020006559744, 0.11745456112361659, 0.7469740378288409, 0.7417057904113967, 0.913438526120626, 1.4657385686617033, 0.7245143335570038, 1.1145323191382845, 0.19771782001998583, 0.09043933293487175, 0.09864460314193035, 0.1257559363243934, 0.3465259802545356, 0.44006639914777046, 7.354461585848664, 6.431114709133714, 3.7425888452919494, 5.4668449631779685, 6.374337870234409, 0.9504640320119617, 4.994727366354158, 1.5367890092287, 2.904026975787362, 0.4305298889105754, 0.5205337837059102, 0.25136669309695014, 0.7174487409851991, 7.978999980215271, 2.9464816525268587, -1000.0]
[20161011172525] Location: x = -0.267078090108 y = 0.201522178512 z = 0.17570271787
[20161011172525] Current fitness = -1.0
[20161011172525] Pbest = -1.0
[20161011172525] Gbest = 0.351129719126
[20161011172525] ---------------------------
[20161011172525] Executing iteration number: 0 Individual number: 21
[20161011172547] Robot fall detected
[20161011172547] Individual: [3.7488292773106204, 5.982193106127657, 1.698012394879441, 7.448362424566745, 6.336049935923729, 3.895285769136089, 0.5038877016359672, 4.23207591251156, 4.827834710925691, 0.944725993213972, 0.2917474311642781, 1.486287729374059, 0.5849198361538082, 1.3825148364838804, 1.360446056134993, 1.176987655270794, 0.476410771213282, 1.2889465910353652, 0.402419903978223, 0.960552863045779, 0.37287618290036784, 0.4336323523391734, 0.6115980239839949, 1.0480859333536154, 0.12447450921891878, 0.07968302321141343, 0.2483209022457072, 0.10734005803670046, 0.2263160631751692, 0.22524597840732327, 3.7488292773106204, 5.982193106127657, 1.698012394879441, 7.448362424566745, 6.336049935923729, 3.895285769136089, 0.5038877016359672, 4.23207591251156, 4.827834710925691, 0.944725993213972, 0.2917474311642781, 1.486287729374059, 0.5849198361538082, 1.3825148364838804, 1.360446056134993, -1000.0]
[20161011172547] Location: x = -0.393073684413 y = -0.0880179757502 z = 0.190253223867
[20161011172547] Current fitness = -1.0
[20161011172547] Pbest = -1.0
[20161011172547] Gbest = 0.351129719126
[20161011172547] ---------------------------
[20161011172547] Executing iteration number: 0 Individual number: 22
[20161011172607] Robot fall detected
[20161011172607] Individual: [1.1763221029987692, 4.603751054608619, 4.272195379721072, 4.462079242474923, 1.8235519799965143, 2.271685794570441, 7.426922186633481, 4.39933334600977, 7.321905169745571, 1.400432831379799, 0.47498075088968034, 0.9892689020709944, 0.7154258521455343, 1.18811469009783, 2.2931202096916787, 1.053796227150157, 0.47017120628489906, 1.485325579026797, 0.1906294497739192, 0.43779885932888574, 0.4714728956620382, 0.6580218971521894, 0.5069217486899594, 0.6817993356526298, 0.17645128567275853, 0.052063136564326665, 0.25437032413776955, 0.0787007431368879, 1.1247849620098431, 0.4365458189724763, 1.1763221029987692, 4.603751054608619, 4.272195379721072, 4.462079242474923, 1.8235519799965143, 2.271685794570441, 7.426922186633481, 4.39933334600977, 7.321905169745571, 1.400432831379799, 0.47498075088968034, 0.9892689020709944, 0.7154258521455343, 1.18811469009783, 2.2931202096916787, -1000.0]
[20161011172607] Location: x = -0.361156070494 y = -0.119716379243 z = 0.197611533224
[20161011172607] Current fitness = -1.0
[20161011172607] Pbest = -1.0
[20161011172607] Gbest = 0.351129719126
[20161011172607] ---------------------------
[20161011172607] Executing iteration number: 0 Individual number: 23
[20161011172628] Robot fall detected
[20161011172628] Individual: [1.414762848824953, 2.572254126851613, 7.028949582288432, 7.260521271135927, 5.596303618965749, 6.047251920680712, 4.845173775305546, 2.951787272011178, 4.913770839364963, 0.6232420396940537, 0.2698056869178747, 0.8882126447694907, 0.3519070750043012, 6.823807693648761, 1.1468692319648919, 1.433564034627773, 0.4901222463962783, 1.454529904134007, 1.291126277220881, 1.2243513731565123, 1.0044690031247445, 1.0396651851432595, 1.330382402618235, 0.924067672722874, 0.05302393544042387, 0.12983906816249274, 0.22289617447625437, 0.08361165386967137, 0.39902984232505057, 0.2819493965441382, 1.414762848824953, 2.572254126851613, 7.028949582288432, 7.260521271135927, 5.596303618965749, 6.047251920680712, 4.845173775305546, 2.951787272011178, 4.913770839364963, 0.6232420396940537, 0.2698056869178747, 0.8882126447694907, 0.3519070750043012, 6.823807693648761, 1.1468692319648919, -1000.0]
[20161011172628] Location: x = -0.24185848929 y = -0.0622722004964 z = 0.170713886059
[20161011172628] Current fitness = -1.0
[20161011172628] Pbest = -1.0
[20161011172628] Gbest = 0.351129719126
[20161011172628] ---------------------------
[20161011172628] Executing iteration number: 0 Individual number: 24
[20161011172653] Robot fall detected
[20161011172653] Individual: [5.03948763186117, 2.210848797738061, 5.01068496151249, 6.309424757770442, 6.90972413759733, 1.8481565162194755, 6.721120613608321, 1.1030540818996801, 6.136513829338819, 1.052754577793997, 0.6596257207869398, 0.6605732695078834, 0.720691762448476, 4.751481852629647, 1.4506689352258806, 1.4077807472562303, 0.6001236516638894, 0.6188428583482745, 0.45099524406519964, 0.5089880275592329, 0.833837867356981, 1.0015462899917102, 1.090254883340761, 0.29947934428856404, 0.19152143310204167, 0.14870418046453432, 0.19343976849616284, 0.10074970586590015, 1.1015605892771447, 0.4765950166457471, 5.03948763186117, 2.210848797738061, 5.01068496151249, 6.309424757770442, 6.90972413759733, 1.8481565162194755, 6.721120613608321, 1.1030540818996801, 6.136513829338819, 1.052754577793997, 0.6596257207869398, 0.6605732695078834, 0.720691762448476, 4.751481852629647, 1.4506689352258806, -1000.0]
[20161011172653] Location: x = 0.292206103669 y = 0.0700821923217 z = 0.186449734714
[20161011172653] Current fitness = 0.292206103669
[20161011172653] Pbest = 0.292206103669
[20161011172653] Gbest = 0.351129719126
[20161011172653] ---------------------------
[20161011172653] Executing iteration number: 0 Individual number: 25
[20161011172713] Robot fall detected
[20161011172713] Individual: [2.2602727141874968, 4.807222525836901, 3.0282710733513913, 1.6280914277903233, 2.008984672181974, 4.241885187719937, 3.3609283607605587, 4.1799438715131405, 5.2443280402562165, 1.0551512701067638, 0.5000101152121326, 1.0520740777058746, 0.43388353820268977, 5.157992749537063, 1.0336997899696823, 1.0497046405254111, 0.31476473087579965, 0.8397307310099645, 0.48496636648843217, 1.268596529710619, 0.7788581255821229, 0.4617493580163291, 0.8785755114036135, 0.17700814295280137, 0.053147485200185765, 0.052760013403549015, 0.11509734510245731, 0.10793359850386325, 0.339622549973514, 0.5067146505232589, 2.2602727141874968, 4.807222525836901, 3.0282710733513913, 1.6280914277903233, 2.008984672181974, 4.241885187719937, 3.3609283607605587, 4.1799438715131405, 5.2443280402562165, 1.0551512701067638, 0.5000101152121326, 1.0520740777058746, 0.43388353820268977, 5.157992749537063, 1.0336997899696823, -1000.0]
[20161011172713] Location: x = 0.317380958192 y = 0.102615266491 z = 0.174286463082
[20161011172713] Current fitness = 0.317380958192
[20161011172713] Pbest = 0.317380958192
[20161011172713] Gbest = 0.351129719126
[20161011172713] ---------------------------
[20161011172713] Executing iteration number: 0 Individual number: 26
[20161011172729] Robot fall detected
[20161011172729] Individual: [2.8959294687830632, 4.953571886806963, 6.421801453736704, 0.6498417146945522, 5.337013555160548, 6.0479714985777075, 4.877874810836507, 2.1447601545164696, 3.7627806455942885, 1.1723931235774914, 0.7234726472988919, 1.3109527622636226, 0.7064647503539296, 2.761219015090119, 2.2409547426767347, 0.6060612927466218, 1.2818345085719711, 0.5356131616385357, 1.0944580497088339, 0.2012663539129647, 1.2388415688209258, 1.0719699823293065, 1.404486410890292, 0.3911973502223849, 0.26755741453700754, 0.13224630389152653, 0.15788401973667693, 0.11572193123778667, 0.32803249651986116, 0.4217052109764181, 2.8959294687830632, 4.953571886806963, 6.421801453736704, 0.6498417146945522, 5.337013555160548, 6.0479714985777075, 4.877874810836507, 2.1447601545164696, 3.7627806455942885, 1.1723931235774914, 0.7234726472988919, 1.3109527622636226, 0.7064647503539296, 2.761219015090119, 2.2409547426767347, -1000.0]
[20161011172729] Location: x = -0.350106963697 y = -0.0736658357585 z = 0.195167597887
[20161011172729] Current fitness = -1.0
[20161011172729] Pbest = -1.0
[20161011172729] Gbest = 0.351129719126
[20161011172729] ---------------------------
[20161011172729] Executing iteration number: 0 Individual number: 27
[20161011172747] Robot fall detected
[20161011172747] Individual: [3.614668014202662, 4.619970886900714, 1.1122053409528019, 2.559520001269317, 7.302020857597119, 6.564149682175548, 1.05586901405598, 2.7703332369539266, 3.4057791082501874, 0.8820910305337236, 0.28168112145360175, 1.0811464780667808, 0.37194682202933527, 2.759132861394896, 2.1615006939665644, 0.6314642947509004, 1.4305335234916214, 1.4773759291249413, 0.9397272096695427, 1.494721317392553, 1.1732745618232496, 0.5864692931498956, 1.3361456530075437, 1.279617687430326, 0.16844295875816273, 0.05763739269547015, 0.2375072057153635, 0.0625230279445448, 0.35082399829756405, 0.4396094903128479, 3.614668014202662, 4.619970886900714, 1.1122053409528019, 2.559520001269317, 7.302020857597119, 6.564149682175548, 1.05586901405598, 2.7703332369539266, 3.4057791082501874, 0.8820910305337236, 0.28168112145360175, 1.0811464780667808, 0.37194682202933527, 2.759132861394896, 2.1615006939665644, -1000.0]
[20161011172747] Location: x = -0.369663151533 y = -0.054679495614 z = 0.199909472839
[20161011172747] Current fitness = -1.0
[20161011172747] Pbest = -1.0
[20161011172747] Gbest = 0.351129719126
[20161011172747] ---------------------------
[20161011172747] Executing iteration number: 0 Individual number: 28
[20161011172807] Robot fall detected
[20161011172807] Individual: [5.831115024308325, 4.470739743754074, 5.770430072361636, 0.6619860221443629, 6.477169884665968, 3.871853304734329, 4.239923059596878, 3.2129497470024733, 7.2940181908319675, 1.2979341927527435, 0.5835632714651815, 0.5703940586576344, 0.6185216144204859, 1.3997484705188854, 1.6749227501929809, 0.9178458229720744, 0.698924334062941, 0.2591587856450538, 0.9538867018616677, 0.946600551365727, 1.228032982779709, 0.22325432580321647, 1.1174063252007618, 0.9549357552397681, 0.27673769163345163, 0.08847197526885858, 0.2530556192793115, 0.12974644157160353, 0.8156739049487514, 0.21396472825836163, 5.831115024308325, 4.470739743754074, 5.770430072361636, 0.6619860221443629, 6.477169884665968, 3.871853304734329, 4.239923059596878, 3.2129497470024733, 7.2940181908319675, 1.2979341927527435, 0.5835632714651815, 0.5703940586576344, 0.6185216144204859, 1.3997484705188854, 1.6749227501929809, -1000.0]
[20161011172807] Location: x = -0.340275202699 y = -0.0907363098788 z = 0.196559932644
[20161011172807] Current fitness = -1.0
[20161011172807] Pbest = -1.0
[20161011172807] Gbest = 0.351129719126
[20161011172807] ---------------------------
[20161011172807] Executing iteration number: 0 Individual number: 29
[20161011172828] Robot fall detected
[20161011172828] Individual: [1.5312667107662608, 3.8931466201700466, 2.2160225554192308, 3.300606367190673, 3.054350798642402, 5.288522428975049, 4.737229871510493, 5.197441295496689, 6.6280690655166685, 1.2910409355209027, 0.623398779523769, 0.3974025473158744, 0.5595585441534422, 4.495544073438063, 2.212308728150758, 0.7387141580469794, 1.0185354164552043, 0.6412359775217346, 0.2072292640928525, 0.3226826541340667, 1.3103610931843375, 1.3064019649295773, 0.794908414137335, 0.5578777298671221, 0.260876308817649, 0.12761148906877187, 0.20061116453753208, 0.08727452865535881, 0.7951036528999311, 0.27584652763986006, 1.5312667107662608, 3.8931466201700466, 2.2160225554192308, 3.300606367190673, 3.054350798642402, 5.288522428975049, 4.737229871510493, 5.197441295496689, 6.6280690655166685, 1.2910409355209027, 0.623398779523769, 0.3974025473158744, 0.5595585441534422, 4.495544073438063, 2.212308728150758, -1000.0]
[20161011172828] Location: x = -0.32697793696 y = 0.0594948163873 z = 0.195639700261
[20161011172828] Current fitness = -1.0
[20161011172828] Pbest = -1.0
[20161011172828] Gbest = 0.351129719126

Results of this iteration: GBest Fitness: 0.351129719126 GBest position: [5.799991673205287, 1.8222906334044353, 3.8146760111419358, 5.444209542474736, 5.587355546649093, 3.294938577727092, 4.3592158651112065, 2.4533646408416447, 5.441587554226762, 0.7187817654819554, 0.5711179390273804, 0.6396620309255007, 0.5556124225991266, 5.678724688385652, 1.959207935173307]

[20161011172828] ===========================
[20161011172828] ---------------------------
[20161011172828] Executing iteration number: 1 Individual number: 0
[20161011172853] Robot fall detected
[20161011172853] Individual: [6.448807477025231, 5.888177329828908, 4.899904861573171, 3.0278169512155753, 4.568007862593096, 7.3986495398756364, 4.805074795669405, 4.017757848625858, 3.6904413847952173, 0.8363507310239928, 0.4005326522585454, 0.7473135397555416, 0.5953583656669121, 6.792985658321412, 2.3551503488337806, 0.4230757514849828, 0.1, 1.5, 1.5, 1.5, 0.1, 0.1, 0.1, 1.5, 0.10852543124263375, 0.15000000000000002, 0.26079876615316466, 0.15000000000000002, 0.2, 0.2, 6.025731725540249, 5.788177329828908, 3.399904861573171, 1.5278169512155755, 3.068007862593096, 7.298649539875637, 4.705074795669406, 3.917757848625858, 2.1904413847952173, 0.7278252997813591, 0.2505326522585454, 0.48651477360237694, 0.44535836566691206, 6.592985658321412, 2.1551503488337804, 0.28614623098168823]
[20161011172853] Location: x = 0.332608525203 y = 0.135953559306 z = 0.196653358806
[20161011172853] Current fitness = 0.332608525203
[20161011172853] Pbest = 0.332608525203
[20161011172853] Gbest = 0.351129719126
[20161011172853] ---------------------------
[20161011172853] Executing iteration number: 1 Individual number: 1
[20161011172914] Robot fall detected
[20161011172914] Individual: [6.285241863375745, 4.270959323156764, 3.300653492521163, 3.046037983641387, 6.538108557344138, 3.9172925485935797, 5.124629347710568, 3.6742446611409183, 7.5, 1.3439628720309722, 0.7318933784294631, 0.7830439921559459, 0.6123312495044644, 7.449305008134344, 2.93594430126437, 0.31820276629272143, 0.1, 0.57470628558306, 1.5, 1.0581197106730988, 0.3431000147864353, 0.9672832260481622, 0.6929750155398264, 0.1, 0.10446766527214468, 0.05, 0.24049537540677343, 0.13383577051970286, 1.0761612139818608, 0.2, 5.967039097083024, 4.170959323156764, 2.7259472069381028, 1.5460379836413871, 5.47998884667104, 3.5741925338071443, 4.157346121662406, 2.981269645601092, 7.484065379910808, 1.2394952067588274, 0.6818933784294631, 0.5425486167491724, 0.47849547898476147, 6.373143794152483, 2.73594430126437, -1.0]
[20161011172914] Location: x = 0.208535151228 y = 0.20725309232 z = 0.180355606963
[20161011172914] Current fitness = 0.208251261919
[20161011172914] Pbest = 0.208251261919
[20161011172914] Gbest = 0.351129719126
[20161011172914] ---------------------------
[20161011172914] Executing iteration number: 1 Individual number: 2
[20161011172935] Robot fall detected
[20161011172935] Individual: [4.504832899057681, 5.798283130245701, 3.358931336052051, 5.981666785897716, 2.5958486411978487, 3.8807499826608307, 5.88696479738919, 7.47874807461273, 2.871800095442909, 1.1341464578638674, 0.6943519000524814, 0.720395621388126, 0.44953982542000115, 6.882104306315318, 2.5958677254631155, 1.5, 0.1, 1.5, 1.251835462532387, 1.5, 0.26367297696464287, 0.1, 0.1, 1.5, 0.05, 0.1380012664400589, 0.05, 0.15000000000000002, 1.6, 0.2, 3.004832899057681, 5.698283130245701, 1.8589313360520514, 4.729831323365329, 1.0958486411978485, 3.617077005696188, 5.7869647973891905, 7.37874807461273, 1.371800095442909, 1.0841464578638673, 0.5563506336124225, 0.6703956213881259, 0.2995398254200011, 5.2821043063153175, 2.3958677254631153, 0.1452297236319509]
[20161011172935] Location: x = -0.337144496731 y = 0.0143644994365 z = 0.199348449987
[20161011172935] Current fitness = -1.0
[20161011172935] Pbest = 0.145229723632
[20161011172935] Gbest = 0.351129719126
[20161011172935] ---------------------------
[20161011172935] Executing iteration number: 1 Individual number: 3
[20161011172956] Robot fall detected
[20161011172956] Individual: [4.578449650879991, 2.776286820620992, 2.1988285196357724, 4.091691357877372, 5.052871885528704, 3.746919032762994, 2.0235248697143855, 3.2267382522324786, 5.748513887182174, 1.1322694125263266, 0.75, 0.7697336104526039, 0.6690055249507301, 6.824091151233306, 1.650997052048952, 1.5, 0.7289251802875082, 1.5, 1.5, 1.5, 0.1, 1.5, 1.5, 0.7847791441991223, 0.05, 0.05, 0.05, 0.1457724357150496, 1.6, 0.6000000000000001, 3.0784496508799912, 2.0473616403334836, 0.6988285196357722, 2.591691357877372, 3.5528718855287043, 3.646919032762994, 0.5235248697143854, 1.7267382522324786, 4.963734742983052, 1.0822694125263266, 0.7276435846983067, 0.7197336104526039, 0.5232330892356805, 5.224091151233306, 1.050997052048952, -1.0]
[20161011172956] Location: x = -0.378333073546 y = -0.067258757985 z = 0.187198552542
[20161011172956] Current fitness = -1.0
[20161011172956] Pbest = -1.0
[20161011172956] Gbest = 0.351129719126
[20161011172956] ---------------------------
[20161011172956] Executing iteration number: 1 Individual number: 4
[20161011173015] Robot fall detected
[20161011173015] Individual: [7.294165623827522, 2.2831893224598625, 6.9921169125885, 1.5549891328454537, 4.323040405213889, 4.693191517999328, 2.9685600648524217, 6.020251120776872, 6.199821253488462, 0.9334454521650225, 0.3930353224773323, 0.5831780420822431, 0.3956695045769805, 2.717557954995769, 2.560419983640769, 0.24325071214135363, 0.10566264278323698, 0.27933078457937666, 0.6172837014679271, 1.1777862796111134, 0.3979300432633698, 0.6034303354386408, 0.371174252458384, 1.358902343031899, 0.23276325511178594, 0.0775883859044316, 0.09094788932951003, 0.07153625689150066, 1.0958753596483966, 0.4848920051905597, 7.050914911686168, 2.1775266796766255, 6.712786128009124, 0.9377054313775266, 3.1452541256027757, 4.295261474735959, 2.365129729413781, 5.649076868318488, 4.840918910456563, 0.7006821970532365, 0.3154469365729007, 0.4922301527527331, 0.32413324768547985, 1.6216825953473721, 2.075527978450209, -1.0]
[20161011173015] Location: x = -0.345434235403 y = -0.0814555190948 z = 0.195086671664
[20161011173015] Current fitness = -1.0
[20161011173015] Pbest = -1.0
[20161011173015] Gbest = 0.351129719126
[20161011173015] ---------------------------
[20161011173015] Executing iteration number: 1 Individual number: 5
[20161011173036] Robot fall detected
[20161011173036] Individual: [5.285397525187765, 1.3457420649533007, 4.53469367806496, 6.748547741671958, 6.6832837405329055, 7.5, 5.003665794348778, 6.708832007154629, 7.148766188135494, 0.9294707021027859, 0.6693230422267201, 0.9000188412909942, 0.6041206248653446, 5.228906212348491, 2.6638231899271227, 1.4489711248815644, 0.8099613860728498, 1.4839691480120265, 1.378434746809829, 0.12378734314697198, 0.1, 0.19660885113041876, 0.1, 0.3728936219541784, 0.05, 0.12989880263707743, 0.09987236705378238, 0.15000000000000002, 1.6, 0.2, 3.8364264003062, 0.5357806788804509, 3.050724530052933, 5.370112994862129, 6.559496397385933, 7.418694127063945, 4.807056943218359, 6.608832007154629, 6.775872566181316, 0.8794707021027859, 0.5394242395896427, 0.8001464742372117, 0.4541206248653446, 3.628906212348491, 2.4638231899271226, -1.0]
[20161011173036] Location: x = 0.0820094360418 y = 0.193340485531 z = 0.178383644591
[20161011173036] Current fitness = -1.0
[20161011173036] Pbest = -1.0
[20161011173036] Gbest = 0.351129719126
[20161011173036] ---------------------------
[20161011173036] Executing iteration number: 1 Individual number: 6
[20161011173054] Robot fall detected
[20161011173054] Individual: [6.916769255397533, 2.8403448432149934, 4.664141316215404, 5.610114821944024, 4.173348863574044, 2.3831412297902843, 3.251071115742862, 5.963939827009421, 5.620869808327338, 1.3877772508271156, 0.75, 1.0349078950139192, 0.6305978793153313, 6.323067805338874, 3.0, 0.1, 0.1, 1.5, 1.5, 1.5, 1.5, 1.5, 0.1, 1.5, 0.05, 0.05, 0.05, 0.07932258011065035, 1.0447955934449655, 0.2, 6.816769255397533, 2.7403448432149933, 3.164141316215404, 4.110114821944024, 2.673348863574044, 0.8831412297902843, 1.7510711157428622, 5.863939827009421, 4.120869808327338, 1.3377772508271155, 0.7170846804376781, 0.9849078950139192, 0.551275299204681, 5.278272211893908, 2.9771541800332386, -1.0]
[20161011173054] Location: x = -0.267131868949 y = -0.0210377238285 z = 0.197163119834
[20161011173054] Current fitness = -1.0
[20161011173054] Pbest = -1.0
[20161011173054] Gbest = 0.351129719126
[20161011173054] ---------------------------
[20161011173054] Executing iteration number: 1 Individual number: 7
[20161011173114] Robot fall detected
[20161011173114] Individual: [7.5, 3.308624214583131, 2.6139880187454674, 5.060456107729555, 7.399548174032423, 3.369325571002631, 6.353700902456414, 5.787965641124346, 2.00437823412454, 1.4784729874788345, 0.4207711339676848, 1.5, 0.6988648318348288, 4.620975651349516, 1.600971818260231, 0.1, 0.1, 1.5, 1.147873162007599, 0.1, 1.1135845056687008, 0.1, 0.1, 1.5, 0.05, 0.15000000000000002, 0.05, 0.06979744495741957, 1.6, 0.6000000000000001, 7.409801858294016, 3.2086242145831307, 1.1139880187454674, 3.912582945721956, 7.299548174032424, 2.25574106533393, 6.253700902456415, 5.687965641124347, 0.5043782341245402, 1.4284729874788344, 0.27077113396768476, 1.4552055919345772, 0.6290673868774093, 3.020975651349516, 1.000971818260231, 0.2221499377705255]
[20161011173114] Location: x = 0.217165832961 y = 0.140398145179 z = 0.196493457682
[20161011173114] Current fitness = 0.217165832961
[20161011173114] Pbest = 0.222149937771
[20161011173114] Gbest = 0.351129719126
[20161011173114] ---------------------------
[20161011173114] Executing iteration number: 1 Individual number: 8
[20161011173133] Robot fall detected
[20161011173133] Individual: [4.582539915141872, 5.006679555636509, 2.314420049490935, 6.1839794907833365, 5.971758263444249, 5.7399658955417125, 5.324215396363618, 7.262772456140135, 5.0367889775558705, 0.7106633867140651, 0.4775027789764215, 0.8721956562378891, 0.6132537773479336, 6.4831303260948765, 1.9098881467392643, 1.5, 0.1, 1.5, 1.5, 1.5, 0.1, 0.1, 0.1, 1.5, 0.30000000000000004, 0.15000000000000002, 0.24514091683429717, 0.08134601345776735, 1.2496109673147324, 0.6000000000000001, 3.082539915141872, 4.90667955563651, 0.8144200494909353, 4.6839794907833365, 4.471758263444249, 5.639965895541713, 5.224215396363618, 7.162772456140135, 3.53678897755587, 0.4106633867140651, 0.3275027789764215, 0.6270547394035919, 0.5319077638901663, 5.2335193587801445, 1.3098881467392642, 0.24613906086736742]
[20161011173133] Location: x = -0.35837175562 y = 0.0186492710306 z = 0.196061389431
[20161011173133] Current fitness = -1.0
[20161011173133] Pbest = 0.246139060867
[20161011173133] Gbest = 0.351129719126
[20161011173133] ---------------------------
[20161011173133] Executing iteration number: 1 Individual number: 9
[20161011173152] Robot fall detected
[20161011173152] Individual: [7.427230753318279, 4.623316954981228, 5.236386392717747, 2.3888419059233645, 6.404707308530831, 2.14172223254396, 6.814311111702496, 2.1757261436133684, 5.593563197844173, 1.3434210985532076, 0.7348372935683494, 1.4182869519750951, 0.5026433017976375, 3.2371495702011863, 2.094548388065093, 0.1, 0.1, 0.9379354644944463, 1.5, 0.1, 1.5, 0.1, 1.5, 1.5, 0.05, 0.05, 0.05, 0.15000000000000002, 1.6, 0.383908117489952, 7.327230753318279, 4.523316954981229, 4.298450928223301, 0.8888419059233645, 6.304707308530832, 0.6417222325439601, 6.7143111117024965, 0.6757261436133682, 4.093563197844173, 1.2934210985532075, 0.6848372935683493, 1.368286951975095, 0.3526433017976374, 1.6371495702011862, 1.710640270575141, -1.0]
[20161011173152] Location: x = -0.36897664253 y = -0.0763930022486 z = 0.180537091242
[20161011173152] Current fitness = -1.0
[20161011173152] Pbest = -1.0
[20161011173152] Gbest = 0.351129719126
[20161011173152] ---------------------------
[20161011173152] Executing iteration number: 1 Individual number: 10
[20161011173212] Robot fall detected
[20161011173212] Individual: [6.339513830461755, 3.543695327458246, 2.892750879887844, 7.2238849971834656, 4.970804297132475, 6.257211320926362, 4.363817603165065, 6.65820535869805, 2.134904218163058, 1.184837192321203, 0.5258189763564391, 1.3080049850503521, 0.507960069223317, 5.149858838902108, 2.3376276817941957, 0.1, 0.1, 1.5, 0.1, 1.5, 0.1, 1.5, 0.1, 1.5, 0.05, 0.15000000000000002, 0.05, 0.15000000000000002, 1.6, 0.4474912957411983, 6.239513830461755, 3.443695327458246, 1.3927508798878436, 7.123884997183466, 3.4708042971324753, 6.157211320926362, 2.8638176031650646, 6.55820535869805, 0.6349042181630582, 1.134837192321203, 0.3758189763564392, 1.258004985050352, 0.3579600692233171, 3.5498588389021077, 1.8901363860529976, -1.0]
[20161011173212] Location: x = 0.175293040753 y = 0.209161492301 z = 0.181404706781
[20161011173212] Current fitness = 0.175293040753
[20161011173212] Pbest = 0.175293040753
[20161011173212] Gbest = 0.351129719126
[20161011173212] ---------------------------
[20161011173212] Executing iteration number: 1 Individual number: 11
[20161011173230] Robot fall detected
[20161011173230] Individual: [6.886066602490673, 6.841766673476785, 6.308331169048227, 3.9372021766402825, 2.273180600890259, 4.317635723976013, 2.778401399747364, 3.61463637843575, 6.181422915730714, 0.9368803343712494, 0.75, 1.271170245487869, 0.7468636013581554, 5.24792353452032, 2.0677323478895615, 0.37719887438569255, 0.1, 0.1, 1.5, 1.5, 0.1, 1.5, 0.1, 1.4923517817647443, 0.05, 0.05, 0.05, 0.05, 1.6, 0.6000000000000001, 6.50886772810498, 6.741766673476786, 6.208331169048227, 2.4372021766402825, 0.7731806008902588, 4.217635723976013, 1.2784013997473642, 3.5146363784357497, 4.689071133965969, 0.8868803343712494, 0.7133067173891945, 1.221170245487869, 0.6968636013581554, 3.64792353452032, 1.4677323478895614, -1.0]
[20161011173230] Location: x = -0.402578796503 y = -0.0539260901974 z = 0.197884871951
[20161011173230] Current fitness = -1.0
[20161011173230] Pbest = -1.0
[20161011173230] Gbest = 0.351129719126
[20161011173230] ---------------------------
[20161011173230] Executing iteration number: 1 Individual number: 12
[20161011173250] Robot fall detected
[20161011173250] Individual: [7.089111159762018, 6.801361286905524, 7.079530664351913, 5.54985079525824, 7.137852432868295, 2.357082011488582, 4.743597260012615, 7.023049921730591, 5.139433367070962, 0.8150864779736618, 0.619435442914866, 1.1045133730927195, 0.4094023083709768, 6.980263161558885, 2.053599763252244, 0.1, 0.1, 0.1, 1.5, 0.1, 1.5, 0.9554100754910828, 0.1, 1.5, 0.15012784308470808, 0.1021482749092276, 0.05, 0.15000000000000002, 0.2, 0.6000000000000001, 6.989111159762018, 6.701361286905525, 6.9795306643519135, 4.04985079525824, 7.037852432868295, 0.8570820114885822, 3.788187184521532, 6.923049921730591, 3.639433367070963, 0.6649586348889538, 0.5172871680056383, 1.0545133730927194, 0.2594023083709768, 6.780263161558885, 1.453599763252244, 0.2397372643441148]
[20161011173250] Location: x = -0.324139402774 y = 0.0161449861901 z = 0.192187744525
[20161011173250] Current fitness = -1.0
[20161011173250] Pbest = 0.239737264344
[20161011173250] Gbest = 0.351129719126
[20161011173250] ---------------------------
[20161011173250] Executing iteration number: 1 Individual number: 13
[20161011173309] Robot fall detected
[20161011173309] Individual: [6.753380186284886, 2.1519747960833557, 4.595477883833608, 6.774089494789172, 3.119382771853697, 4.280880681482515, 3.383881566990101, 7.5, 6.103675477217546, 0.836928466808869, 0.6845702043942334, 1.1069053424108317, 0.6768937028337356, 4.901517844850699, 2.644680186732262, 0.1, 0.2700228755830412, 0.1, 1.3876171527107033, 1.5, 1.4074172329179002, 1.5, 0.1, 1.5, 0.30000000000000004, 0.05, 0.05, 0.07300869482665534, 1.6, 0.2, 6.6533801862848865, 1.8819519205003146, 4.495477883833608, 5.386472342078469, 1.6193827718536968, 2.873463448564615, 1.8838815669901008, 7.486062561774361, 4.603675477217546, 0.536928466808869, 0.6345702043942334, 1.0569053424108317, 0.6038850080070802, 3.3015178448506988, 2.4446801867322616, -1.0]
[20161011173309] Location: x = 0.21146434635 y = 0.1941842373 z = 0.190783937016
[20161011173309] Current fitness = 0.21146434635
[20161011173309] Pbest = 0.21146434635
[20161011173309] Gbest = 0.351129719126
[20161011173309] ---------------------------
[20161011173309] Executing iteration number: 1 Individual number: 14
[20161011173326] Robot fall detected
[20161011173326] Individual: [3.2243537573741836, 5.0655098185187395, 5.004159418850814, 3.2592808054905946, 2.39276083898682, 5.293409922512953, 4.838098884769526, 3.674510584547868, 2.0757262660929037, 1.4899738311106525, 0.5925566721202207, 0.7631009695103792, 0.75, 2.795805966138547, 3.0, 1.5, 0.1, 1.5, 1.5, 1.5, 0.1, 1.5, 0.1, 1.5, 0.05, 0.15000000000000002, 0.30000000000000004, 0.05, 1.6, 0.2, 1.7243537573741838, 4.96550981851874, 3.504159418850814, 1.7592808054905944, 0.8927608389868201, 5.193409922512953, 3.3380988847695257, 3.574510584547868, 0.5757262660929038, 1.4399738311106525, 0.4425566721202206, 0.46310096951037916, 0.7169754904600667, 1.195805966138547, 2.988863359213085, -1.0]
[20161011173326] Location: x = -0.322338976772 y = -0.140524578104 z = 0.188472863508
[20161011173326] Current fitness = -1.0
[20161011173326] Pbest = -1.0
[20161011173326] Gbest = 0.351129719126
[20161011173326] ---------------------------
[20161011173326] Executing iteration number: 1 Individual number: 15
[20161011173346] Robot fall detected
[20161011173346] Individual: [7.103411291779738, 2.0051809324013083, 4.4680529077572615, 5.932435940556392, 6.8781346271629875, 4.104994134910329, 5.358577798238163, 3.7758210879967424, 5.966893077359002, 0.916077074224013, 0.6818136127892634, 0.8828091551438351, 0.6131949465041258, 6.305079196071954, 2.1726427017801835, 1.3034196185744498, 0.18289029899687323, 0.6533768966153257, 0.4882263980816558, 1.2907790805138948, 0.8100555571832369, 0.9993619331269565, 1.3224564471550977, 0.525305523132239, 0.19729530874205764, 0.11069567376188301, 0.24314712421833445, 0.05758252390499917, 0.6263545076863023, 0.21343476660687657, 5.799991673205287, 1.8222906334044353, 3.8146760111419358, 5.444209542474736, 5.587355546649093, 3.294938577727092, 4.3592158651112065, 2.4533646408416447, 5.441587554226762, 0.7187817654819554, 0.5711179390273804, 0.6396620309255007, 0.5556124225991266, 5.678724688385652, 1.959207935173307, 0.35112971912630564]
[20161011173346] Location: x = -0.374152312969 y = -0.0825093250993 z = 0.179043607054
[20161011173346] Current fitness = -1.0
[20161011173346] Pbest = 0.351129719126
[20161011173346] Gbest = 0.351129719126
[20161011173346] ---------------------------
[20161011173346] Executing iteration number: 1 Individual number: 16
[20161011173406] Robot fall detected
[20161011173406] Individual: [3.770953515299388, 5.76932933226084, 3.0299381783414945, 2.56455401136235, 7.255147410697045, 3.7662803468547934, 4.552924043714987, 6.743740734685174, 6.487675006030934, 0.7458753456186165, 0.7220693542488059, 1.5, 0.6792111913213685, 7.742762914318445, 1.805126199520707, 1.5, 0.1, 1.2189430287442713, 1.5, 0.1, 0.38775648901948173, 1.5, 0.1, 0.1, 0.22358502724385548, 0.11343512365600444, 0.05, 0.1150064783532609, 0.2, 0.6000000000000001, 2.270953515299388, 5.6693293322608405, 1.8109951495972232, 1.06455401136235, 7.155147410697046, 3.3785238578353116, 3.052924043714987, 6.643740734685174, 6.387675006030935, 0.5222903183747609, 0.6086342305928015, 1.4720455555974883, 0.5642047129681076, 7.542762914318445, 1.205126199520707, -1.0]
[20161011173406] Location: x = -0.174698205228 y = -0.353644269077 z = 0.166686027885
[20161011173406] Current fitness = -1.0
[20161011173406] Pbest = -1.0
[20161011173406] Gbest = 0.351129719126
[20161011173406] ---------------------------
[20161011173406] Executing iteration number: 1 Individual number: 17
[20161011173428] Robot fall detected
[20161011173428] Individual: [6.776656029298249, 6.4188597038687245, 3.9677797437562226, 6.076203538101021, 2.6991636899289624, 3.0008865134267624, 5.262707712638687, 3.6277074241494267, 7.235896580865428, 1.221380803789233, 0.75, 1.2636090027850797, 0.618847620942933, 3.5112070523740635, 2.616568292322273, 0.9375133634333311, 0.1, 1.5, 1.5, 1.5, 1.5, 0.8396561880437875, 1.2833011484139465, 0.1, 0.05, 0.05, 0.05, 0.15000000000000002, 1.6, 0.2, 5.839142665864918, 6.318859703868725, 2.4677797437562226, 4.576203538101021, 1.1991636899289624, 1.5008865134267624, 4.4230515245949, 2.34440627573548, 7.135896580865428, 1.171380803789233, 0.7376261210709539, 1.2136090027850797, 0.4688476209429329, 1.9112070523740634, 2.416568292322273, -1.0]
[20161011173428] Location: x = -0.0312189573576 y = 0.23753437927 z = 0.192156619386
[20161011173428] Current fitness = -1.0
[20161011173428] Pbest = -1.0
[20161011173428] Gbest = 0.351129719126
[20161011173428] ---------------------------
[20161011173428] Executing iteration number: 1 Individual number: 18
[20161011173445] Robot fall detected
[20161011173445] Individual: [5.966205242180518, 2.128304119653435, 3.2115104958548364, 2.1716799953945456, 4.304970590731944, 3.56434587448778, 2.305604888278472, 3.533417194925662, 5.784903311686097, 1.5, 0.6627867010573971, 1.3189572803508396, 0.6949892522915566, 6.556370961608836, 2.447924473656446, 1.5, 0.2994042615973919, 1.5, 1.5, 1.5, 0.9191065331345986, 1.5, 0.1, 1.5, 0.05, 0.05, 0.05, 0.05, 1.6, 0.2, 4.466205242180518, 1.8288998580560432, 1.7115104958548364, 0.6716799953945455, 2.8049705907319438, 2.6452393413531814, 0.8056048882784718, 3.4334171949256618, 4.284903311686097, 1.465293148216804, 0.6127867010573971, 1.2689572803508395, 0.6449892522915566, 4.956370961608836, 2.247924473656446, -1.0]
[20161011173445] Location: x = -0.428438927369 y = -0.080498189049 z = 0.178597282877
[20161011173445] Current fitness = -1.0
[20161011173445] Pbest = -1.0
[20161011173445] Gbest = 0.351129719126
[20161011173445] ---------------------------
[20161011173445] Executing iteration number: 1 Individual number: 19
[20161011173505] Robot fall detected
[20161011173505] Individual: [6.649012050269928, 2.9847953410693915, 3.7768522323293268, 4.8253244336498815, 4.1651678756016235, 5.802851348891587, 7.276359231874088, 4.413698354464789, 7.109237245272254, 0.8705818408096336, 0.5064725966531294, 0.9585129918333456, 0.75, 6.411023875963494, 2.5768755149582745, 0.5098577547893306, 1.303991135549287, 0.43903518413573506, 0.46881927113141697, 1.5, 0.1, 0.1, 0.40718989443688375, 0.35131916547620645, 0.1491216089760179, 0.15000000000000002, 0.16552490185293534, 0.11185364784859951, 1.4005184895034308, 0.3148602124350761, 6.139154295480597, 1.6808042055201047, 3.3378170481935916, 4.356505162518465, 2.665167875601623, 5.7028513488915875, 7.1763592318740885, 4.006508460027906, 6.757918079796048, 0.7214602318336157, 0.3564725966531294, 0.7929880899804103, 0.7050560065850839, 5.010505386460063, 2.2620153025231984, -1.0]
[20161011173505] Location: x = -0.411238076041 y = 0.054485896552 z = 0.183913247833
[20161011173505] Current fitness = -1.0
[20161011173505] Pbest = -1.0
[20161011173505] Gbest = 0.351129719126
[20161011173505] ---------------------------
[20161011173505] Executing iteration number: 1 Individual number: 20
[20161011173525] Robot fall detected
[20161011173525] Individual: [7.454461585848664, 6.531114709133714, 3.919649124566739, 6.116717278395721, 6.474337870234408, 2.4504640320119617, 5.684868987326167, 3.0367890092287, 4.404026975787362, 0.7305298889105755, 0.6519968873381379, 0.5513666930969502, 0.75, 8.0, 3.0, 0.1, 0.1, 0.17706027927478968, 0.6498723152177522, 0.1, 1.5, 0.6901416209720095, 1.5, 1.5, 0.30000000000000004, 0.13146310363222763, 0.30000000000000004, 0.05, 0.2, 0.2, 7.354461585848664, 6.431114709133714, 3.7425888452919494, 5.4668449631779685, 6.374337870234409, 0.9504640320119617, 4.994727366354158, 1.5367890092287, 2.904026975787362, 0.4305298889105754, 0.5205337837059102, 0.25136669309695014, 0.7174487409851991, 7.978999980215271, 2.9464816525268587, -1.0]
[20161011173525] Location: x = 0.31326229867 y = 0.211569668314 z = 0.196443381069
[20161011173525] Current fitness = 0.31326229867
[20161011173525] Pbest = 0.31326229867
[20161011173525] Gbest = 0.351129719126
[20161011173525] ---------------------------
[20161011173525] Executing iteration number: 1 Individual number: 21
[20161011173543] Robot fall detected
[20161011173543] Individual: [5.24882927731062, 6.082193106127657, 3.198012394879441, 7.5, 7.005354674194031, 4.074357236733464, 1.8992831536595478, 4.332075912511559, 5.931124148429526, 0.9978469133337704, 0.43629710740620875, 1.5, 0.6738851242487219, 2.706268319732666, 1.7192712253928406, 1.5, 0.1, 1.5, 0.1, 0.6693047382703026, 0.17907146759737522, 1.3953954520235807, 0.1, 1.1032894375038351, 0.053120920119798375, 0.14454967624193069, 0.05, 0.08896528809491377, 1.3237534832487852, 0.3588251692578477, 3.7488292773106204, 5.982193106127657, 1.698012394879441, 7.448362424566745, 6.336049935923729, 3.895285769136089, 0.5038877016359672, 4.23207591251156, 4.827834710925691, 0.944725993213972, 0.2917474311642781, 1.486287729374059, 0.5849198361538082, 1.3825148364838804, 1.360446056134993, -1.0]
[20161011173543] Location: x = 0.155088507429 y = 0.213157437939 z = 0.191905143708
[20161011173543] Current fitness = 0.155088507429
[20161011173543] Pbest = 0.155088507429
[20161011173543] Gbest = 0.351129719126
[20161011173543] ---------------------------
[20161011173543] Executing iteration number: 1 Individual number: 22
[20161011173601] Robot fall detected
[20161011173601] Individual: [2.6763221029987694, 4.7037510546086185, 5.511660580238215, 4.842573736370392, 3.0182426265343505, 2.913687350919368, 7.5, 4.499333346009769, 7.5, 1.450432831379799, 0.542288780114333, 1.1438305339820125, 0.75, 2.78811469009783, 2.6149784890722, 1.5, 0.1, 1.2394652005171423, 0.38049449389546874, 1.1946906465378364, 0.642001556348927, 0.1, 0.1, 0.21362056458308065, 0.05, 0.06730802922465269, 0.15456163191101807, 0.05, 1.6, 0.32185827938052114, 1.1763221029987692, 4.603751054608619, 4.272195379721072, 4.462079242474923, 1.8235519799965143, 2.271685794570441, 7.426922186633481, 4.39933334600977, 7.321905169745571, 1.400432831379799, 0.47498075088968034, 0.9892689020709944, 0.7154258521455343, 1.18811469009783, 2.2931202096916787, -1.0]
[20161011173601] Location: x = -0.381839374757 y = -0.113539018826 z = 0.19008319604
[20161011173601] Current fitness = -1.0
[20161011173601] Pbest = -1.0
[20161011173601] Gbest = 0.351129719126
[20161011173601] ---------------------------
[20161011173601] Executing iteration number: 1 Individual number: 23
[20161011173621] Robot fall detected
[20161011173621] Individual: [2.914762848824953, 2.672254126851613, 7.128949582288431, 7.3605212711359265, 6.686063136462187, 6.147251920680712, 5.1206572321757955, 3.471981839550887, 6.413770839364963, 0.800762436137574, 0.41980568691787473, 0.9382126447694907, 0.5019070750043012, 7.023807693648761, 1.746869231964892, 1.5, 0.1, 0.1, 0.1, 1.0897595174964385, 0.1, 0.2754834568702498, 0.5201945675397088, 1.5, 0.1775203964435204, 0.15000000000000002, 0.05, 0.15000000000000002, 0.2, 0.6000000000000001, 1.414762848824953, 2.572254126851613, 7.028949582288432, 7.260521271135927, 5.596303618965749, 6.047251920680712, 4.845173775305546, 2.951787272011178, 4.913770839364963, 0.6232420396940537, 0.2698056869178747, 0.8882126447694907, 0.3519070750043012, 6.823807693648761, 1.1468692319648919, -1.0]
[20161011173621] Location: x = -0.159820408253 y = 0.391350377375 z = 0.154846833574
[20161011173621] Current fitness = -1.0
[20161011173621] Pbest = -1.0
[20161011173621] Gbest = 0.351129719126
[20161011173621] ---------------------------
[20161011173621] Executing iteration number: 1 Individual number: 24
[20161011173638] Robot fall detected
[20161011173638] Individual: [6.53948763186117, 2.310848797738061, 5.11068496151249, 6.4094247577704415, 7.009724137597329, 3.3481565162194755, 6.82112061360832, 2.60305408189968, 6.2365138293388185, 1.102754577793997, 0.7096257207869399, 0.799896529863817, 0.75, 6.351481852629647, 2.0506689352258807, 1.5, 0.1, 0.1, 0.1, 0.1, 1.5, 0.1, 1.5, 0.1, 0.05, 0.05, 0.13932326035593362, 0.05, 1.6, 0.6000000000000001, 5.03948763186117, 2.210848797738061, 5.01068496151249, 6.309424757770442, 6.90972413759733, 1.8481565162194755, 6.721120613608321, 1.1030540818996801, 6.136513829338819, 1.052754577793997, 0.6596257207869398, 0.6605732695078834, 0.720691762448476, 4.751481852629647, 1.4506689352258806, 0.29220610366890626]
[20161011173638] Location: x = -0.373006285454 y = -0.048413237982 z = 0.199465849454
[20161011173638] Current fitness = -1.0
[20161011173638] Pbest = 0.292206103669
[20161011173638] Gbest = 0.351129719126
[20161011173638] ---------------------------
[20161011173638] Executing iteration number: 1 Individual number: 25
[20161011173700] Robot fall detected
[20161011173700] Individual: [3.7602727141874968, 4.9072225258369, 3.953876512967058, 2.8887665578794843, 3.508984672181974, 4.738335919847059, 3.992112973058566, 4.597755154595127, 5.446239489587968, 1.1051512701067638, 0.5628519989730084, 1.1020740777058746, 0.5573147880017156, 5.57612075729966, 1.6336997899696823, 1.5, 0.1, 0.9256054396156664, 1.260675130089161, 1.5, 0.49645073212712204, 0.631184612298007, 0.417811283081987, 0.20191144933175126, 0.05, 0.06284188376087586, 0.05, 0.12343124979902587, 0.4181280077625974, 0.6000000000000001, 2.2602727141874968, 4.807222525836901, 3.0282710733513913, 1.6280914277903233, 2.008984672181974, 4.241885187719937, 3.3609283607605587, 4.1799438715131405, 5.2443280402562165, 1.0551512701067638, 0.5000101152121326, 1.0520740777058746, 0.43388353820268977, 5.157992749537063, 1.0336997899696823, 0.3173809581922915]
[20161011173700] Location: x = -0.3585421447 y = 0.0542133111584 z = 0.188270264427
[20161011173700] Current fitness = -1.0
[20161011173700] Pbest = 0.317380958192
[20161011173700] Gbest = 0.351129719126
[20161011173700] ---------------------------
[20161011173700] Executing iteration number: 1 Individual number: 26
[20161011173719] Robot fall detected
[20161011173719] Individual: [4.395929468783063, 5.053571886806963, 6.521801453736703, 2.1498417146945523, 5.637857902825054, 6.147971498577707, 5.594643549298754, 3.5563616045765487, 4.917603965601531, 1.2223931235774914, 0.75, 1.3609527622636226, 0.75, 4.3612190150901196, 2.485768138281875, 1.5, 0.1, 0.1, 1.5, 0.3008443476645056, 0.1, 0.7167687384622466, 1.4116014500600793, 1.1548233200072422, 0.05, 0.05, 0.05, 0.05, 1.6, 0.24481339560514057, 2.8959294687830632, 4.953571886806963, 6.421801453736704, 0.6498417146945522, 5.337013555160548, 6.0479714985777075, 4.877874810836507, 2.1447601545164696, 3.7627806455942885, 1.1723931235774914, 0.7234726472988919, 1.3109527622636226, 0.7064647503539296, 2.761219015090119, 2.2409547426767347, -1.0]
[20161011173719] Location: x = -0.367458715066 y = -0.0411550754501 z = 0.179611410352
[20161011173719] Current fitness = -1.0
[20161011173719] Pbest = -1.0
[20161011173719] Gbest = 0.351129719126
[20161011173719] ---------------------------
[20161011173719] Executing iteration number: 1 Individual number: 27
[20161011173739] Robot fall detected
[20161011173739] Individual: [5.114668014202662, 4.719970886900714, 2.612205340952802, 4.059520001269317, 7.487495263628663, 6.664149682175547, 2.55586901405598, 3.7584713574991606, 4.905779108250187, 0.9320910305337237, 0.43168112145360177, 1.1311464780667808, 0.5219468220293353, 4.359132861394896, 2.4203213433846065, 1.5, 0.1, 1.5, 1.5, 0.1854744060315432, 0.1, 1.5, 0.9881381205452339, 1.5, 0.05, 0.15000000000000002, 0.05, 0.15000000000000002, 1.6, 0.2588206494180423, 3.614668014202662, 4.619970886900714, 1.1122053409528019, 2.559520001269317, 7.302020857597119, 6.564149682175548, 1.05586901405598, 2.7703332369539266, 3.4057791082501874, 0.8820910305337236, 0.28168112145360175, 1.0811464780667808, 0.37194682202933527, 2.759132861394896, 2.1615006939665644, -1.0]
[20161011173739] Location: x = -0.390991594323 y = -0.0619289460215 z = 0.186177497195
[20161011173739] Current fitness = -1.0
[20161011173739] Pbest = -1.0
[20161011173739] Gbest = 0.351129719126
[20161011173739] ---------------------------
[20161011173739] Executing iteration number: 1 Individual number: 28
[20161011173803] Robot fall detected
[20161011173803] Individual: [6.6323279095707806, 4.570739743754074, 5.870430072361636, 2.161986022144363, 6.618697711998907, 4.516484060416637, 4.5360933045543685, 3.6121755797409434, 7.394018190831967, 1.3479341927527435, 0.6532519069641066, 0.8534464897126296, 0.6850677805425411, 2.9997484705188855, 2.0944594734967192, 0.8012128852624558, 0.1, 0.1, 1.5, 0.1415278273329389, 0.6446307556823084, 0.29617024495749034, 0.39922583273847, 0.1, 0.05, 0.06968863549892511, 0.2830524310549952, 0.06654616612205522, 1.6, 0.41953672330373837, 5.831115024308325, 4.470739743754074, 5.770430072361636, 0.6619860221443629, 6.477169884665968, 3.871853304734329, 4.239923059596878, 3.2129497470024733, 7.2940181908319675, 1.2979341927527435, 0.5835632714651815, 0.5703940586576344, 0.6185216144204859, 1.3997484705188854, 1.6749227501929809, -1.0]
[20161011173803] Location: x = -0.352146294383 y = -0.0628339271847 z = 0.185684375106
[20161011173803] Current fitness = -1.0
[20161011173803] Pbest = -1.0
[20161011173803] Gbest = 0.351129719126
[20161011173803] ---------------------------
[20161011173803] Executing iteration number: 1 Individual number: 29
[20161011173823] Robot fall detected
[20161011173823] Individual: [2.3527294142277144, 4.733848574232528, 2.8517896961399694, 3.565761727506623, 3.437701394050436, 6.39470261475323, 5.899122266880563, 5.812178411405629, 7.086626892798522, 1.5, 0.736330930230241, 0.5868411209574669, 0.6379608363345198, 5.2545483804177024, 2.4512843087046807, 0.8214627034614534, 0.8407019540624818, 0.6357671407207386, 0.2651553603159499, 0.38335059540803407, 1.1061801857781814, 1.16189239537007, 0.6147371159089404, 0.45855782728185324, 0.2137924296867102, 0.11293215070647201, 0.1894385736415925, 0.07840229218107764, 0.7590043069796392, 0.2389755805539226, 1.5312667107662608, 3.8931466201700466, 2.2160225554192308, 3.300606367190673, 3.054350798642402, 5.288522428975049, 4.737229871510493, 5.197441295496689, 6.6280690655166685, 1.2910409355209027, 0.623398779523769, 0.3974025473158744, 0.5595585441534422, 4.495544073438063, 2.212308728150758, -1.0]
[20161011173823] Location: x = -0.359285821768 y = -0.0379847307093 z = 0.177487281714
[20161011173823] Current fitness = -1.0
[20161011173823] Pbest = -1.0
[20161011173823] Gbest = 0.351129719126

Results of this iteration: GBest Fitness: 0.351129719126 GBest position: [5.799991673205287, 1.8222906334044353, 3.8146760111419358, 5.444209542474736, 5.587355546649093, 3.294938577727092, 4.3592158651112065, 2.4533646408416447, 5.441587554226762, 0.7187817654819554, 0.5711179390273804, 0.6396620309255007, 0.5556124225991266, 5.678724688385652, 1.959207935173307]

[20161011173823] ===========================
[20161011173823] ---------------------------
[20161011173823] Executing iteration number: 2 Individual number: 0
[20161011173834] Service call failed: service [/gazebo/get_model_state] returned no response
